---------------------------------------------
Log D:\DayZServers\TheCommunity_enochTest\TheEnochTestServer\crash_2020-03-29_14-37-17.log started at 29.03. 15:06:10



------------------------------------
R16RK4U17-3, 29.03 2020 15:06:10
NULL pointer to instance
Class:      'PermissionManager'
Function: 'HasPermission'
Stack trace:
JM/COT/Scripts/4_World/communityonlinetools\permissions-framework\permissionmanager.c:114
JM/COT/Scripts/5_Mission/communityonlinetools\modules\esp\espmodule.c:484
JM/CF/Scripts/3_Game/communityframework\rpc\rpcmanager.c:244
scripts/3_Game/dayzgame.c:2374

Runtime mode
CLI params: port 2442 mod @CF;@Community-Online-Tools;@BuildAnywhere;@BaseBuildingLogs;@Trader;@BaseBuildingPlus;@Durable_Suppressors;@VanillaPlusPlusMap;@Ear-Plugs;@Catch_Rain;@DayZ-Expansion-Notifications;@DayZ-Expansion-Chat;@No_Shoe_Damage;@Airdrop-Upgraded;@Ammo_Making;@Banking;@Unlimited_Stamina;@BuilderItems;@Camosplus;@CannabisPlus;@CheckIdentity;@Code_Lock;@Dayz_Navigation;@FIDOv_PACK_4; config D:\DayZServers\TheCommunity_enochTest\TheCommunityDZTest.cfg profiles TheEnochTestServer BEPath D:\DayZServers\TheCommunity_enochTest\battleye filePatching  adminlog  netlog  freezecheck  scrAllowFileWrite  


------------------------------------
R16RK4U17-3, 29.03 2020 15:06:10
NULL pointer to instance
Class:      'PermissionManager'
Function: 'HasPermission'
Stack trace:
JM/COT/Scripts/4_World/communityonlinetools\permissions-framework\permissionmanager.c:114
JM/COT/Scripts/5_Mission/communityonlinetools\modules\esp\espmodule.c:484
JM/CF/Scripts/3_Game/communityframework\rpc\rpcmanager.c:244
scripts/3_Game/dayzgame.c:2374

Runtime mode
CLI params: port 2442 mod @CF;@Community-Online-Tools;@BuildAnywhere;@BaseBuildingLogs;@Trader;@BaseBuildingPlus;@Durable_Suppressors;@VanillaPlusPlusMap;@Ear-Plugs;@Catch_Rain;@DayZ-Expansion-Notifications;@DayZ-Expansion-Chat;@No_Shoe_Damage;@Airdrop-Upgraded;@Ammo_Making;@Banking;@Unlimited_Stamina;@BuilderItems;@Camosplus;@CannabisPlus;@CheckIdentity;@Code_Lock;@Dayz_Navigation;@FIDOv_PACK_4; config D:\DayZServers\TheCommunity_enochTest\TheCommunityDZTest.cfg profiles TheEnochTestServer BEPath D:\DayZServers\TheCommunity_enochTest\battleye filePatching  adminlog  netlog  freezecheck  scrAllowFileWrite  


------------------------------------
R16RK4U17-3, 29.03 2020 15:06:10
NULL pointer to instance
Class:      'PermissionManager'
Function: 'HasPermission'
Stack trace:
JM/COT/Scripts/4_World/communityonlinetools\permissions-framework\permissionmanager.c:114
JM/COT/Scripts/5_Mission/communityonlinetools\modules\esp\espmodule.c:484
JM/CF/Scripts/3_Game/communityframework\rpc\rpcmanager.c:244
scripts/3_Game/dayzgame.c:2374

Runtime mode
CLI params: port 2442 mod @CF;@Community-Online-Tools;@BuildAnywhere;@BaseBuildingLogs;@Trader;@BaseBuildingPlus;@Durable_Suppressors;@VanillaPlusPlusMap;@Ear-Plugs;@Catch_Rain;@DayZ-Expansion-Notifications;@DayZ-Expansion-Chat;@No_Shoe_Damage;@Airdrop-Upgraded;@Ammo_Making;@Banking;@Unlimited_Stamina;@BuilderItems;@Camosplus;@CannabisPlus;@CheckIdentity;@Code_Lock;@Dayz_Navigation;@FIDOv_PACK_4; config D:\DayZServers\TheCommunity_enochTest\TheCommunityDZTest.cfg profiles TheEnochTestServer BEPath D:\DayZServers\TheCommunity_enochTest\battleye filePatching  adminlog  netlog  freezecheck  scrAllowFileWrite  


------------------------------------
R16RK4U17-3, 29.03 2020 15:06:10
NULL pointer to instance
Class:      'PermissionManager'
Function: 'HasPermission'
Stack trace:
JM/COT/Scripts/4_World/communityonlinetools\permissions-framework\permissionmanager.c:114
JM/COT/Scripts/5_Mission/communityonlinetools\permissionsframework.c:246
JM/CF/Scripts/3_Game/communityframework\rpc\rpcmanager.c:244
scripts/3_Game/dayzgame.c:2374

Runtime mode
CLI params: port 2442 mod @CF;@Community-Online-Tools;@BuildAnywhere;@BaseBuildingLogs;@Trader;@BaseBuildingPlus;@Durable_Suppressors;@VanillaPlusPlusMap;@Ear-Plugs;@Catch_Rain;@DayZ-Expansion-Notifications;@DayZ-Expansion-Chat;@No_Shoe_Damage;@Airdrop-Upgraded;@Ammo_Making;@Banking;@Unlimited_Stamina;@BuilderItems;@Camosplus;@CannabisPlus;@CheckIdentity;@Code_Lock;@Dayz_Navigation;@FIDOv_PACK_4; config D:\DayZServers\TheCommunity_enochTest\TheCommunityDZTest.cfg profiles TheEnochTestServer BEPath D:\DayZServers\TheCommunity_enochTest\battleye filePatching  adminlog  netlog  freezecheck  scrAllowFileWrite  
---------------------------------------------
Log D:\DayZServers\TheCommunity_enochTest\TheEnochTestServer\crash_2020-03-29_15-13-05.log started at 29.03. 15:28:20



------------------------------------
R16RK4U17-3, 29.03 2020 15:28:20
NULL pointer to instance
Class:      'PermissionManager'
Function: 'HasPermission'
Stack trace:
JM/COT/Scripts/4_World/communityonlinetools\permissions-framework\permissionmanager.c:114
JM/COT/Scripts/5_Mission/communityonlinetools\modules\esp\espmodule.c:484
JM/CF/Scripts/3_Game/communityframework\rpc\rpcmanager.c:244
scripts/3_Game/dayzgame.c:2374

Runtime mode
CLI params: port 2442 mod @CF;@Community-Online-Tools;@BuildAnywhere;@BaseBuildingLogs;@Trader;@BaseBuildingPlus;@Durable_Suppressors;@VanillaPlusPlusMap;@Ear-Plugs;@Catch_Rain;@DayZ-Expansion-Notifications;@DayZ-Expansion-Chat;@No_Shoe_Damage;@Airdrop-Upgraded;@Ammo_Making;@Banking;@Unlimited_Stamina;@BuilderItems;@Camosplus;@CannabisPlus;@CheckIdentity;@Code_Lock;@Dayz_Navigation;@FIDOv_PACK_4; config D:\DayZServers\TheCommunity_enochTest\TheCommunityDZTest.cfg profiles TheEnochTestServer BEPath D:\DayZServers\TheCommunity_enochTest\battleye filePatching  adminlog  netlog  freezecheck  scrAllowFileWrite  


------------------------------------
R16RK4U17-3, 29.03 2020 15:28:20
NULL pointer to instance
Class:      'PermissionManager'
Function: 'HasPermission'
Stack trace:
JM/COT/Scripts/4_World/communityonlinetools\permissions-framework\permissionmanager.c:114
JM/COT/Scripts/5_Mission/communityonlinetools\permissionsframework.c:246
JM/CF/Scripts/3_Game/communityframework\rpc\rpcmanager.c:244
scripts/3_Game/dayzgame.c:2374

Runtime mode
CLI params: port 2442 mod @CF;@Community-Online-Tools;@BuildAnywhere;@BaseBuildingLogs;@Trader;@BaseBuildingPlus;@Durable_Suppressors;@VanillaPlusPlusMap;@Ear-Plugs;@Catch_Rain;@DayZ-Expansion-Notifications;@DayZ-Expansion-Chat;@No_Shoe_Damage;@Airdrop-Upgraded;@Ammo_Making;@Banking;@Unlimited_Stamina;@BuilderItems;@Camosplus;@CannabisPlus;@CheckIdentity;@Code_Lock;@Dayz_Navigation;@FIDOv_PACK_4; config D:\DayZServers\TheCommunity_enochTest\TheCommunityDZTest.cfg profiles TheEnochTestServer BEPath D:\DayZServers\TheCommunity_enochTest\battleye filePatching  adminlog  netlog  freezecheck  scrAllowFileWrite  
---------------------------------------------
Log D:\DayZServers\TheCommunity_enochTest\TheEnochTestServer\crash_2020-04-01_20-22-40.log started at 01.04. 20:23:25



------------------------------------
R16RK4U17-3, 01.04 2020 20:23:25

JSON ERROR:
Text only contains white space(s)
Function: 'Error'
Stack trace:
scripts/1_Core/proto\endebug.c:44
scripts/3_Game/tools\jsonfileloader.c:29
CodeLock\scripts\4_world/pluginmanager\pluginbase\permissions\codelockpermissionmanager.c:36
CodeLock\scripts\4_world/pluginmanager\pluginbase\permissions\codelockpermissionmanager.c:20
scripts/4_World/plugins\pluginmanager.c:109
scripts/4_World/plugins\pluginmanager.c:274
scripts/5_Mission/mission\missionbase.c:17
$CurrentDir:mpmissions\TheCommunity.enoch\init.c:91

Runtime mode
CLI params: port 2442 mod @CF;@Community-Online-Tools;@BuildAnywhere;@BaseBuildingLogs;@Trader;@BaseBuildingPlus;@Durable_Suppressors;@VanillaPlusPlusMap;@Ear-Plugs;@Catch_Rain;@DayZ-Expansion-Notifications;@DayZ-Expansion-Chat;@No_Shoe_Damage;@Airdrop-Upgraded;@Ammo_Making;@Banking;@Unlimited_Stamina;@BuilderItems;@Camosplus;@CannabisPlus;@CheckIdentity;@Code_Lock;@Dayz_Navigation;@FIDOv_PACK_4; config D:\DayZServers\TheCommunity_enochTest\TheCommunityDZTest.cfg profiles TheEnochTestServer BEPath D:\DayZServers\TheCommunity_enochTest\battleye filePatching  adminlog  netlog  freezecheck  scrAllowFileWrite  
