 2:03:28 BattlEye Server: Initialized (v1.217)
 2:03:29 SUCCESS: SteamGameServer_Init(0,8766,2442,28056,3,1.07.153006)
 2:03:29 Roles assigned.
 2:03:29 Reading mission ...
 2:04:13 [CE][Hive] :: Initializing OFFLINE
 2:04:13 [CE][Hive] :: Loading core data ... 
 2:04:13 [CE][CoreData] :: 7 root classes, 19 defaults, 0 updaters...
 2:04:17 [CE][TypeSetup] :: 408 classes setuped...
 2:04:17 [CE][RegisterBind] :: 0 classes binded...
 2:04:17 [CE][RegisterConfig] :: 3115 config classes registered, 1 sub-counters...
 2:04:17 [CE][Hive] :: Loading map data ... 
 2:04:17 !!! [CE] :: Unknown category: 'vehicleparts'.
 2:04:17 !!! [CE] :: Unknown category: 'vehicleparts'.
 2:04:17 !!! [CE] :: Unknown category: 'vehicleparts'.
 2:04:17 !!! [CE] :: Unknown category: 'vehicleparts'.
 2:04:17 !!! [CE] :: Unknown category: 'vehicleparts'.
 2:04:17 !!! [CE] :: Unknown category: 'vehicleparts'.
 2:04:17 !!! [CE] :: Unknown category: 'vehicleparts'.
 2:04:17 !!! [CE] :: Unknown category: 'vehicleparts'.
 2:04:17 !!! [CE] :: Unknown category: 'vehicleparts'.
 2:04:17 !!! [CE] :: Unknown category: 'vehicleparts'.
 2:04:17 !!! [CE] :: Unknown category: 'vehicleparts'.
 2:04:17 !!! [CE] :: Unknown category: 'vehicleparts'.
 2:04:17 !!! [CE] :: Unknown category: 'vehicleparts'.
 2:04:17 !!! [CE] :: Unknown category: 'vehicleparts'.
 2:04:17 !!! [CE] :: Unknown category: 'vehicleparts'.
 2:04:17 !!! [CE] :: Unknown category: 'vehicleparts'.
 2:04:17 !!! [CE] :: Unknown category: 'vehicleparts'.
 2:04:17 !!! [CE] :: Unknown category: 'vehicleparts'.
 2:04:17 !!! [CE] :: Unknown category: 'vehicleparts'.
 2:04:17 !!! [CE] :: Unknown category: 'vehicleparts'.
 2:04:17 !!! [CE] :: Unknown category: 'vehicleparts'.
 2:04:17 !!! [CE] :: Unknown category: 'vehicleparts'.
 2:04:17 !!! [CE] :: Unknown category: 'vehicleparts'.
 2:04:17 !!! [CE] :: Unknown category: 'vehicleparts'.
 2:04:17 [CE][LoadPrototype] :: loaded 330 prototypes
 2:04:17   702 containers, 9116 points
 2:04:17   24 dispatches, 90 proxies
 2:04:17 !!! [CE][LoadPrototype] 12 groups have no points...
 2:04:17 !!![CE][LoadPrototype]  3 groups have wrong points...
 2:04:17 [CE][LoadPrototype] :: last group name: Land_Lunapark_Autodrome...
 2:04:17 [CE][LoadPrototype] :: loaded 0 prototypes
 2:04:17   0 containers, 0 points
 2:04:17   0 dispatches, 0 proxies
 2:04:17 [CE][LoadPrototype] :: last group name: PathD_7100...
 2:04:18 [CE][LoadMap] "Group" :: loaded 5086 groups, largest group range: 26.9
 2:04:18 [CE][LoadMap] "Dirt" :: loaded 0 groups, largest group range: 26.9
 2:04:18 [CE][LoadClusters] "Cluster" :: Loading files...
 2:04:18 [CE][LoadClusters] :: file: "mapgroupcluster.xml", 4 types, 50000 instances
 2:04:18 [CE][LoadClusters] :: file: "mapgroupcluster01", 4 types, 50000 instances
 2:04:19 [CE][LoadClusters] :: file: "mapgroupcluster02", 4 types, 50000 instances
 2:04:19 [CE][LoadClusters] :: file: "mapgroupcluster03", 4 types, 50000 instances
 2:04:19 [CE][LoadClusters] :: file: "mapgroupcluster04", 4 types, 21297 instances
 2:04:19 [CE][Storage] ver:21 stamp:679, valid:yes, name:"mpmissions\TheCommunity.enoch\storage_666\data\types.bin"
 2:04:19 [CE][Storage] ver:21 stamp:678, valid:yes, name:"mpmissions\TheCommunity.enoch\storage_666\data\types.001"
 2:04:19 [CE][Storage] ver:21 stamp:676, valid:yes, name:"mpmissions\TheCommunity.enoch\storage_666\data\types.002"
 2:04:19 [CE][Storage] Restoring file "mpmissions\TheCommunity.enoch\storage_666\data\types.bin".
 2:04:19 [CE][offlineDB] :: Loaded 32 dynamic events 211 total types 0 total positions.
 2:04:19 [CE][Storage] ver:21 stamp:679, valid:yes, name:"mpmissions\TheCommunity.enoch\storage_666\data\events.bin"
 2:04:19 [CE][Storage] ver:21 stamp:678, valid:yes, name:"mpmissions\TheCommunity.enoch\storage_666\data\events.001"
 2:04:19 [CE][Storage] ver:21 stamp:676, valid:yes, name:"mpmissions\TheCommunity.enoch\storage_666\data\events.002"
 2:04:19 [CE][Storage] Restoring file "mpmissions\TheCommunity.enoch\storage_666\data\events.bin".
 2:04:19 [CE][DynamicEvent] Load  Events:[32] Primary spawners: 32 Secondary spawners: 1
 2:04:19 [CE][Storage] ver:24 stamp:679, valid:yes, name:"mpmissions\TheCommunity.enoch\storage_666\data\vehicles.bin"
 2:04:19 [CE][Storage] ver:24 stamp:678, valid:yes, name:"mpmissions\TheCommunity.enoch\storage_666\data\vehicles.001"
 2:04:19 [CE][Storage] ver:24 stamp:679, valid:yes, name:"mpmissions\TheCommunity.enoch\storage_666\data\vehicles.002"
 2:04:19 [CE][Storage] Restoring file "mpmissions\TheCommunity.enoch\storage_666\data\vehicles.bin" 78 items.
 2:04:19   78 items loaded.
 2:04:19 [CE][Storage] ver:0 stamp:0, valid:NO, name:"mpmissions\TheCommunity.enoch\storage_666\data\dynamic_000.bin"
 2:04:19 [CE][Storage] ver:24 stamp:678, valid:yes, name:"mpmissions\TheCommunity.enoch\storage_666\data\dynamic_000.001"
 2:04:19 [CE][Storage] ver:24 stamp:679, valid:yes, name:"mpmissions\TheCommunity.enoch\storage_666\data\dynamic_000.002"
 2:04:19 [CE][Storage] Restoring file "mpmissions\TheCommunity.enoch\storage_666\data\dynamic_000.002" 240 items.
 2:04:19   240 items loaded.
 2:04:19 [CE][Storage] ver:0 stamp:0, valid:NO, name:"mpmissions\TheCommunity.enoch\storage_666\data\dynamic_001.bin"
 2:04:19 [CE][Storage] ver:24 stamp:678, valid:yes, name:"mpmissions\TheCommunity.enoch\storage_666\data\dynamic_001.001"
 2:04:19 [CE][Storage] ver:24 stamp:679, valid:yes, name:"mpmissions\TheCommunity.enoch\storage_666\data\dynamic_001.002"
 2:04:19 [CE][Storage] Restoring file "mpmissions\TheCommunity.enoch\storage_666\data\dynamic_001.002" 1528 items.
 2:04:20   1528 items loaded.
 2:04:20 [CE][Storage] ver:0 stamp:0, valid:NO, name:"mpmissions\TheCommunity.enoch\storage_666\data\dynamic_002.bin"
 2:04:20 [CE][Storage] ver:24 stamp:678, valid:yes, name:"mpmissions\TheCommunity.enoch\storage_666\data\dynamic_002.001"
 2:04:20 [CE][Storage] ver:24 stamp:679, valid:yes, name:"mpmissions\TheCommunity.enoch\storage_666\data\dynamic_002.002"
 2:04:20 [CE][Storage] Restoring file "mpmissions\TheCommunity.enoch\storage_666\data\dynamic_002.002" 410 items.
 2:04:20   410 items loaded.
 2:04:20 [CE][Storage] ver:0 stamp:0, valid:NO, name:"mpmissions\TheCommunity.enoch\storage_666\data\dynamic_003.bin"
 2:04:20 [CE][Storage] ver:24 stamp:678, valid:yes, name:"mpmissions\TheCommunity.enoch\storage_666\data\dynamic_003.001"
 2:04:20 [CE][Storage] ver:24 stamp:679, valid:yes, name:"mpmissions\TheCommunity.enoch\storage_666\data\dynamic_003.002"
 2:04:20 [CE][Storage] Restoring file "mpmissions\TheCommunity.enoch\storage_666\data\dynamic_003.002" 812 items.
 2:04:20   812 items loaded.
 2:04:20 [CE][Storage] ver:0 stamp:0, valid:NO, name:"mpmissions\TheCommunity.enoch\storage_666\data\dynamic_004.bin"
 2:04:20 [CE][Storage] ver:24 stamp:678, valid:yes, name:"mpmissions\TheCommunity.enoch\storage_666\data\dynamic_004.001"
 2:04:20 [CE][Storage] ver:24 stamp:679, valid:yes, name:"mpmissions\TheCommunity.enoch\storage_666\data\dynamic_004.002"
 2:04:20 [CE][Storage] Restoring file "mpmissions\TheCommunity.enoch\storage_666\data\dynamic_004.002" 938 items.
 2:04:20   938 items loaded.
 2:04:20 [CE][Storage] ver:0 stamp:0, valid:NO, name:"mpmissions\TheCommunity.enoch\storage_666\data\dynamic_005.bin"
 2:04:20 [CE][Storage] ver:24 stamp:678, valid:yes, name:"mpmissions\TheCommunity.enoch\storage_666\data\dynamic_005.001"
 2:04:20 [CE][Storage] ver:24 stamp:679, valid:yes, name:"mpmissions\TheCommunity.enoch\storage_666\data\dynamic_005.002"
 2:04:20 [CE][Storage] Restoring file "mpmissions\TheCommunity.enoch\storage_666\data\dynamic_005.002" 1166 items.
 2:04:20   1166 items loaded.
 2:04:20 [CE][Storage] ver:0 stamp:0, valid:NO, name:"mpmissions\TheCommunity.enoch\storage_666\data\dynamic_006.bin"
 2:04:20 [CE][Storage] ver:24 stamp:678, valid:yes, name:"mpmissions\TheCommunity.enoch\storage_666\data\dynamic_006.001"
 2:04:20 [CE][Storage] ver:24 stamp:679, valid:yes, name:"mpmissions\TheCommunity.enoch\storage_666\data\dynamic_006.002"
 2:04:20 [CE][Storage] Restoring file "mpmissions\TheCommunity.enoch\storage_666\data\dynamic_006.002" 624 items.
 2:04:21   624 items loaded.
 2:04:21 [CE][Storage] ver:0 stamp:0, valid:NO, name:"mpmissions\TheCommunity.enoch\storage_666\data\dynamic_007.bin"
 2:04:21 [CE][Storage] ver:24 stamp:678, valid:yes, name:"mpmissions\TheCommunity.enoch\storage_666\data\dynamic_007.001"
 2:04:21 [CE][Storage] ver:24 stamp:679, valid:yes, name:"mpmissions\TheCommunity.enoch\storage_666\data\dynamic_007.002"
 2:04:21 [CE][Storage] Restoring file "mpmissions\TheCommunity.enoch\storage_666\data\dynamic_007.002" 719 items.
 2:04:21   719 items loaded.
 2:04:21 [CE][Storage] ver:0 stamp:0, valid:NO, name:"mpmissions\TheCommunity.enoch\storage_666\data\dynamic_008.bin"
 2:04:21 [CE][Storage] ver:24 stamp:678, valid:yes, name:"mpmissions\TheCommunity.enoch\storage_666\data\dynamic_008.001"
 2:04:21 [CE][Storage] ver:24 stamp:679, valid:yes, name:"mpmissions\TheCommunity.enoch\storage_666\data\dynamic_008.002"
 2:04:21 [CE][Storage] Restoring file "mpmissions\TheCommunity.enoch\storage_666\data\dynamic_008.002" 660 items.
 2:04:21   660 items loaded.
 2:04:21 [CE][Storage] ver:0 stamp:0, valid:NO, name:"mpmissions\TheCommunity.enoch\storage_666\data\dynamic_009.bin"
 2:04:21 [CE][Storage] ver:24 stamp:678, valid:yes, name:"mpmissions\TheCommunity.enoch\storage_666\data\dynamic_009.001"
 2:04:21 [CE][Storage] ver:24 stamp:679, valid:yes, name:"mpmissions\TheCommunity.enoch\storage_666\data\dynamic_009.002"
 2:04:21 [CE][Storage] Restoring file "mpmissions\TheCommunity.enoch\storage_666\data\dynamic_009.002" 588 items.
 2:04:21   588 items loaded.
 2:04:21 [CE][Storage] ver:0 stamp:0, valid:NO, name:"mpmissions\TheCommunity.enoch\storage_666\data\dynamic_010.bin"
 2:04:21 [CE][Storage] ver:24 stamp:678, valid:yes, name:"mpmissions\TheCommunity.enoch\storage_666\data\dynamic_010.001"
 2:04:21 [CE][Storage] ver:24 stamp:679, valid:yes, name:"mpmissions\TheCommunity.enoch\storage_666\data\dynamic_010.002"
 2:04:21 [CE][Storage] Restoring file "mpmissions\TheCommunity.enoch\storage_666\data\dynamic_010.002" 1661 items.
 2:04:21   1661 items loaded.
 2:04:21 [CE][Storage] ver:0 stamp:0, valid:NO, name:"mpmissions\TheCommunity.enoch\storage_666\data\dynamic_011.bin"
 2:04:21 [CE][Storage] ver:24 stamp:678, valid:yes, name:"mpmissions\TheCommunity.enoch\storage_666\data\dynamic_011.001"
 2:04:21 [CE][Storage] ver:24 stamp:679, valid:yes, name:"mpmissions\TheCommunity.enoch\storage_666\data\dynamic_011.002"
 2:04:21 [CE][Storage] Restoring file "mpmissions\TheCommunity.enoch\storage_666\data\dynamic_011.002" 222 items.
 2:04:21   222 items loaded.
 2:04:21 [CE][Hive] :: Storage load took:2.50 seconds, recovery stamp:679
 2:04:21   entity: 10379, building: 0
 2:04:21   no lifetime: 40
 2:04:21 [CE][Hive] :: Initializing ... 
 2:04:21 [CE][InitializeMap] :: initialized: 0
 2:04:21 [CE][Hive] :: Initializing spawners ... 
 2:04:23 [CE][LootRespawner] (PRIDummy) :: Item [0] causing search overtime: "CivSedanHood_Wine"
 2:04:23 [CE][LootRespawner] (PRIDummy) :: Item [1] causing search overtime: "CivSedanHood_Wine"
 2:04:23 [CE][LootRespawner] (PRIDummy) :: Item [2] causing search overtime: "CivSedanHood_Wine"
 2:04:23 [CE][LootRespawner] (PRIDummy) :: Item [3] causing search overtime: "CivSedanHood_Wine"
 2:04:23 [CE][LootRespawner] (PRIDummy) :: Item [4] causing search overtime: "CivSedanHood_Wine"
 2:04:23 [CE][LootRespawner] (PRIDummy) :: Item [5] causing search overtime: "CivSedanHood_Wine"
 2:04:23 [CE][LootRespawner] (PRIDummy) :: Item [6] causing search overtime: "CivSedanHood_Wine"
 2:04:23 [CE][LootRespawner] (PRIDummy) :: Item [7] causing search overtime: "CivSedanHood_Wine"
 2:04:23 [CE][LootRespawner] (PRIDummy) :: Item [8] causing search overtime: "CivSedanHood_Wine"
 2:04:23 [CE][LootRespawner] (PRIDummy) :: Item [9] causing search overtime: "CivSedanHood_Wine"
 2:04:23 [CE][LootRespawner] (PRIDummy) :: Item [10] causing search overtime: "Sedan_02_Trunk_Grey"
 2:04:23 [CE][LootRespawner] (PRIDummy) :: Item [11] causing search overtime: "Sedan_02_Trunk_Grey"
 2:04:23 [CE][LootRespawner] (PRIDummy) :: Item [12] causing search overtime: "Sedan_02_Trunk_Grey"
 2:04:23 [CE][LootRespawner] (PRIDummy) :: Item [13] causing search overtime: "Sedan_02_Trunk_Grey"
 2:04:23 [CE][LootRespawner] (PRIDummy) :: Item [14] causing search overtime: "Sedan_02_Trunk_Grey"
 2:04:23 [CE][LootRespawner] (PRIDummy) :: Item [15] causing search overtime: "Sedan_02_Trunk_Grey"
 2:04:23 [CE][LootRespawner] (PRIDummy) :: Item [16] causing search overtime: "Sedan_02_Trunk_Grey"
 2:04:23 [CE][LootRespawner] (PRIDummy) :: Item [17] causing search overtime: "Sedan_02_Trunk_Grey"
 2:04:23 [CE][LootRespawner] (PRIDummy) :: Item [18] causing search overtime: "Sedan_02_Trunk_Grey"
 2:04:23 [CE][LootRespawner] (PRIDummy) :: Item [19] causing search overtime: "Sedan_02_Trunk_Grey"
 2:04:24 [CE][LootRespawner] (PRIDummy) :: Initially (re)spawned:164, Nominal:12429, Total in Map: 9829 at 0 (sec)
 2:04:24   tests:164, repeats:0 fails:0, overtime:498
 2:04:24 [CE][DynEvent] :: 32 types
 2:04:24 [00] AmbientHen
 2:04:24   Primary Spawner: "Ambient", active: yes, repeat: 1
 2:04:24 [01] AnimalBear
 2:04:24   Primary Spawner: "Animal", active: yes, repeat: 1
 2:04:24 [02] AnimalCow
 2:04:24   Primary Spawner: "Animal", active: yes, repeat: 1
 2:04:24 [03] AnimalDeer
 2:04:24   Primary Spawner: "Animal", active: yes, repeat: 1
 2:04:24 [04] AnimalGoat
 2:04:24   Primary Spawner: "Animal", active: yes, repeat: 1
 2:04:24 [05] AnimalPig
 2:04:24   Primary Spawner: "Animal", active: yes, repeat: 1
 2:04:24 [06] AnimalRoeDeer
 2:04:24   Primary Spawner: "Animal", active: yes, repeat: 1
 2:04:24 [07] AnimalSheep
 2:04:24   Primary Spawner: "Animal", active: yes, repeat: 1
 2:04:24 [08] AnimalWildBoar
 2:04:24   Primary Spawner: "Animal", active: yes, repeat: 1
 2:04:24 [09] AnimalWolf
 2:04:24   Primary Spawner: "Animal", active: yes, repeat: 1
 2:04:24 [10] InfectedArmy
 2:04:24   Primary Spawner: "Infected", active: yes, repeat: 1
 2:04:24 [11] InfectedCity
 2:04:24   Primary Spawner: "Infected", active: yes, repeat: 1
 2:04:24 [12] InfectedFirefighter
 2:04:24   Primary Spawner: "Infected", active: yes, repeat: 1
 2:04:24 [13] InfectedIndustrial
 2:04:24   Primary Spawner: "Infected", active: yes, repeat: 1
 2:04:24 [14] InfectedMedic
 2:04:24   Primary Spawner: "Infected", active: yes, repeat: 1
 2:04:24 [15] InfectedPolice
 2:04:24   Primary Spawner: "Infected", active: yes, repeat: 1
 2:04:24 [16] InfectedPrisoner
 2:04:24   Primary Spawner: "Infected", active: yes, repeat: 1
 2:04:24 [17] InfectedReligious
 2:04:24   Primary Spawner: "Infected", active: yes, repeat: 1
 2:04:24 [18] InfectedSolitude
 2:04:24   Primary Spawner: "Infected", active: yes, repeat: 1
 2:04:24 [19] InfectedVillage
 2:04:24   Primary Spawner: "Infected", active: yes, repeat: 1
 2:04:24 [20] ItemPlanks
 2:04:24   Primary Spawner: "Item", active: yes, repeat: 1
 2:04:24 [21] Loot
 2:04:24   Primary Spawner: "Loot", active: yes, repeat: 2
 2:04:24 [22] StaticHeliCrash
 2:04:24   Primary Spawner: "Vehicle", active: yes, repeat: 1
 2:04:24   Secondary Spawner: "Infected", active: yes, repeat: 1
 2:04:24 [23] StaticPoliceCar
 2:04:24   Primary Spawner: "Vehicle", active: yes, repeat: 1
 2:04:24 [24] TrajectoryConiferous
 2:04:24   Primary Spawner: "Trajectory", active: yes, repeat: 1
 2:04:24 [25] TrajectoryDeciduous
 2:04:24   Primary Spawner: "Trajectory", active: yes, repeat: 1
 2:04:24 [26] TrajectoryHumus
 2:04:24   Primary Spawner: "Trajectory", active: yes, repeat: 1
 2:04:24 [27] TrajectoryStones
 2:04:24   Primary Spawner: "Trajectory", active: yes, repeat: 1
 2:04:24 [28] VehicleCivilianSedan
 2:04:24   Primary Spawner: "Vehicle", active: yes, repeat: 1
 2:04:24 [29] VehicleHatchback02
 2:04:24   Primary Spawner: "Vehicle", active: yes, repeat: 1
 2:04:24 [30] VehicleOffroadHatchback
 2:04:24   Primary Spawner: "Vehicle", active: yes, repeat: 1
 2:04:24 [31] VehicleSedan02
 2:04:24   Primary Spawner: "Vehicle", active: yes, repeat: 1
 2:04:24 [CE][Hive] :: Initializing of spawners done.
 2:04:24 [CE][Hive] :: Init sequence finished.
 2:04:46 BattlEye Server: RCon admin #0 (127.0.0.1:58551) logged in
 2:04:54 Average server FPS: 7082.77 (measured interval: 30 s)
 2:04:54 Used memory: 1266736 KB
 2:04:54 Players: 0 in total
 2:05:15 [CE][SpawnRandomLoot] (StaticPoliceCar) :: ChildType: Land_Wreck_Volha_Police, lootmin: 3, lootmax: 5, wanted: 3
 2:05:15 [CE][SpawnRandomLoot] (StaticPoliceCar) :: ChildType: Land_Wreck_Volha_Police, lootmin: 3, lootmax: 5, wanted: 4
 2:05:15 [CE][SpawnRandomLoot] (StaticPoliceCar) :: ChildType: Land_Wreck_Volha_Police, lootmin: 3, lootmax: 5, wanted: 4
 2:05:15 [CE][SpawnRandomLoot] (StaticPoliceCar) :: ChildType: Land_Wreck_Volha_Police, lootmin: 3, lootmax: 5, wanted: 3
 2:05:15 [CE][SpawnRandomLoot] (StaticPoliceCar) :: ChildType: Land_Wreck_Volha_Police, lootmin: 3, lootmax: 5, wanted: 4
 2:05:15 [CE][SpawnRandomLoot] (StaticPoliceCar) :: ChildType: Land_Wreck_Volha_Police, lootmin: 3, lootmax: 5, wanted: 3
 2:05:15 [CE][SpawnRandomLoot] (StaticPoliceCar) :: ChildType: Land_Wreck_Volha_Police, lootmin: 3, lootmax: 5, wanted: 3
 2:05:15 [CE][SpawnRandomLoot] (StaticPoliceCar) :: ChildType: Land_Wreck_Volha_Police, lootmin: 3, lootmax: 5, wanted: 3
 2:05:15 [CE][SpawnRandomLoot] (StaticPoliceCar) :: ChildType: Land_Wreck_Volha_Police, lootmin: 3, lootmax: 5, wanted: 4
 2:05:24 Average server FPS: 7674.77 (measured interval: 30 s)
 2:05:24 Used memory: 1281248 KB
 2:05:24 Players: 0 in total
 2:05:46 BattlEye Server: RCon admin #0: (Global) Welcome to The Community Test Server! This server restarts every 30 Minutes
 2:05:51 BattlEye Server: RCon admin #0: (Global) Discord at https://discord.me/eXpoch -- I Still have TS3.donkeypunch.info
 2:05:54 Average server FPS: 7197.30 (measured interval: 30 s)
 2:05:54 Used memory: 1298932 KB
 2:05:54 Players: 0 in total
 2:06:01 BattlEye Server: RCon admin #0: (Global) Interesting new message here, inquire within battleye-BEC!
 2:06:13 [CE][SpawnRandomLoot] (StaticHeliCrash) :: ChildType: Wreck_UH1Y, lootmin: 10, lootmax: 20, wanted: 13
 2:06:13 [CE][SpawnRandomLoot] (StaticHeliCrash) :: ChildType: Wreck_Mi8, lootmin: 10, lootmax: 20, wanted: 11
 2:06:13 [CE][SpawnRandomLoot] (StaticHeliCrash) :: ChildType: Wreck_UH1Y, lootmin: 10, lootmax: 20, wanted: 15
 2:06:13 [CE][SpawnRandomLoot] (StaticPoliceCar) :: ChildType: Land_Wreck_Volha_Police, lootmin: 3, lootmax: 5, wanted: 3
 2:06:24 Average server FPS: 8056.20 (measured interval: 30 s)
 2:06:24 Used memory: 1314602 KB
 2:06:24 Players: 0 in total
 2:06:54 Average server FPS: 7954.87 (measured interval: 30 s)
 2:06:54 Used memory: 1330211 KB
 2:06:54 Players: 0 in total
 2:07:24 Average server FPS: 8323.47 (measured interval: 30 s)
 2:07:24 Used memory: 1333897 KB
 2:07:24 Players: 0 in total
 2:07:54 Average server FPS: 9192.47 (measured interval: 30 s)
 2:07:54 Used memory: 1333724 KB
 2:07:54 Players: 0 in total
 2:08:24 Average server FPS: 9507.17 (measured interval: 30 s)
 2:08:24 Used memory: 1333641 KB
 2:08:24 Players: 0 in total
 2:08:54 Average server FPS: 9597.33 (measured interval: 30 s)
 2:08:54 Used memory: 1333473 KB
 2:08:54 Players: 0 in total
 2:09:23 [CE][LootRespawner] (PRIDummy) :: Item [0] is hard to place, performance drops: "SKS"
 2:09:23 [CE][LootRespawner] (PRIDummy) :: Item [1] is hard to place, performance drops: "SKS"
 2:09:23 [CE][LootRespawner] (PRIDummy) :: Item [2] is hard to place, performance drops: "SKS"
 2:09:24 Average server FPS: 9136.00 (measured interval: 30 s)
 2:09:24 Used memory: 1333810 KB
 2:09:24 Players: 0 in total
 2:09:46 BattlEye Server: RCon admin #0: (Global) The Community TEST SERVER will reboot in 25 minutes.
 2:09:54 Average server FPS: 9448.17 (measured interval: 30 s)
 2:09:54 Used memory: 1333783 KB
 2:09:54 Players: 0 in total
 2:10:24 Average server FPS: 9459.23 (measured interval: 30 s)
 2:10:24 Used memory: 1333560 KB
 2:10:24 Players: 0 in total
 2:10:54 Average server FPS: 9210.73 (measured interval: 30 s)
 2:10:54 Used memory: 1333115 KB
 2:10:54 Players: 0 in total
 2:11:24 Average server FPS: 9247.37 (measured interval: 30 s)
 2:11:24 Used memory: 1333630 KB
 2:11:24 Players: 0 in total
 2:11:54 Average server FPS: 9105.67 (measured interval: 30 s)
 2:11:54 Used memory: 1333706 KB
 2:11:54 Players: 0 in total
 2:12:24 Average server FPS: 9615.17 (measured interval: 30 s)
 2:12:24 Used memory: 1333588 KB
 2:12:24 Players: 0 in total
 2:12:54 Average server FPS: 9512.27 (measured interval: 30 s)
 2:12:54 Used memory: 1333370 KB
 2:12:54 Players: 0 in total
 2:13:24 Average server FPS: 9114.77 (measured interval: 30 s)
 2:13:24 Used memory: 1333639 KB
 2:13:24 Players: 0 in total
 2:13:25 [CE][LootRespawner] (PRIDummy) :: Item [3] is hard to place, performance drops: "Fal_OeBttstck"
 2:13:54 Average server FPS: 9339.20 (measured interval: 30 s)
 2:13:54 Used memory: 1333391 KB
 2:13:54 Players: 0 in total
 2:14:24 Average server FPS: 9039.43 (measured interval: 30 s)
 2:14:24 Used memory: 1333334 KB
 2:14:24 Players: 0 in total
 2:14:54 Average server FPS: 8669.73 (measured interval: 30 s)
 2:14:54 Used memory: 1333237 KB
 2:14:54 Players: 0 in total
 2:15:24 Average server FPS: 8916.77 (measured interval: 30 s)
 2:15:24 Used memory: 1333204 KB
 2:15:24 Players: 0 in total
 2:15:46 BattlEye Server: RCon admin #0: (Global) Welcome to The Community Test Server! This server restarts every 30 Minutes
 2:15:51 BattlEye Server: RCon admin #0: (Global) Discord at https://discord.me/eXpoch -- I Still have TS3.donkeypunch.info
 2:15:54 Average server FPS: 9133.63 (measured interval: 30 s)
 2:15:54 Used memory: 1333062 KB
 2:15:54 Players: 0 in total
 2:16:01 BattlEye Server: RCon admin #0: (Global) Interesting new message here, inquire within battleye-BEC!
 2:16:24 Average server FPS: 8868.10 (measured interval: 30 s)
 2:16:24 Used memory: 1332934 KB
 2:16:24 Players: 0 in total
 2:16:54 Average server FPS: 8877.73 (measured interval: 30 s)
 2:16:54 Used memory: 1332772 KB
 2:16:54 Players: 0 in total
 2:17:24 Average server FPS: 8948.07 (measured interval: 30 s)
 2:17:24 Used memory: 1332995 KB
 2:17:24 Players: 0 in total
 2:17:54 Average server FPS: 8951.77 (measured interval: 30 s)
 2:17:54 Used memory: 1333124 KB
 2:17:54 Players: 0 in total
 2:18:24 Average server FPS: 8988.17 (measured interval: 30 s)
 2:18:24 Used memory: 1333017 KB
 2:18:24 Players: 0 in total
 2:18:54 Average server FPS: 8843.80 (measured interval: 30 s)
 2:18:54 Used memory: 1333156 KB
 2:18:54 Players: 0 in total
 2:19:24 Average server FPS: 8637.37 (measured interval: 30 s)
 2:19:24 Used memory: 1333248 KB
 2:19:24 Players: 0 in total
 2:19:46 BattlEye Server: RCon admin #0: (Global) The Community TEST SERVER will reboot in 15 minutes.
 2:19:54 Average server FPS: 9000.90 (measured interval: 30 s)
 2:19:54 Used memory: 1332971 KB
 2:19:54 Players: 0 in total
 2:20:24 Average server FPS: 8913.53 (measured interval: 30 s)
 2:20:24 Used memory: 1332790 KB
 2:20:24 Players: 0 in total
 2:20:54 Average server FPS: 9042.43 (measured interval: 30 s)
 2:20:54 Used memory: 1332726 KB
 2:20:54 Players: 0 in total
 2:21:24 Average server FPS: 8937.10 (measured interval: 30 s)
 2:21:24 Used memory: 1332742 KB
 2:21:24 Players: 0 in total
 2:21:54 Average server FPS: 8727.40 (measured interval: 30 s)
 2:21:54 Used memory: 1332729 KB
 2:21:54 Players: 0 in total
 2:22:24 Average server FPS: 8976.30 (measured interval: 30 s)
 2:22:24 Used memory: 1332602 KB
 2:22:24 Players: 0 in total
 2:22:54 Average server FPS: 9036.93 (measured interval: 30 s)
 2:22:54 Used memory: 1332498 KB
 2:22:54 Players: 0 in total
 2:23:24 Average server FPS: 8802.73 (measured interval: 30 s)
 2:23:24 Used memory: 1333347 KB
 2:23:24 Players: 0 in total
 2:23:54 Average server FPS: 8988.43 (measured interval: 30 s)
 2:23:54 Used memory: 1333114 KB
 2:23:54 Players: 0 in total
 2:24:24 Average server FPS: 9022.90 (measured interval: 30 s)
 2:24:24 Used memory: 1333011 KB
 2:24:24 Players: 0 in total
 2:24:54 Average server FPS: 8583.33 (measured interval: 30 s)
 2:24:54 Used memory: 1332737 KB
 2:24:54 Players: 0 in total
 2:25:24 Average server FPS: 8581.73 (measured interval: 30 s)
 2:25:24 Used memory: 1332792 KB
 2:25:24 Players: 0 in total
 2:25:46 BattlEye Server: RCon admin #0: (Global) Welcome to The Community Test Server! This server restarts every 30 Minutes
 2:25:51 BattlEye Server: RCon admin #0: (Global) Discord at https://discord.me/eXpoch -- I Still have TS3.donkeypunch.info
 2:25:54 Average server FPS: 9001.80 (measured interval: 30 s)
 2:25:54 Used memory: 1333058 KB
 2:25:54 Players: 0 in total
 2:26:01 BattlEye Server: RCon admin #0: (Global) Interesting new message here, inquire within battleye-BEC!
 2:26:24 Average server FPS: 8999.07 (measured interval: 30 s)
 2:26:24 Used memory: 1332989 KB
 2:26:24 Players: 0 in total
 2:26:54 Average server FPS: 8576.50 (measured interval: 30 s)
 2:26:54 Used memory: 1333059 KB
 2:26:54 Players: 0 in total
 2:27:24 Average server FPS: 8545.10 (measured interval: 30 s)
 2:27:24 Used memory: 1333089 KB
 2:27:24 Players: 0 in total
 2:27:46 [CE][LootRespawner] (PRIDummy) :: Item [4] is hard to place, performance drops: "Morphine"
 2:27:54 Average server FPS: 8733.13 (measured interval: 30 s)
 2:27:54 Used memory: 1333251 KB
 2:27:54 Players: 0 in total
 2:28:24 Average server FPS: 8769.77 (measured interval: 30 s)
 2:28:24 Used memory: 1332920 KB
 2:28:24 Players: 0 in total
 2:28:54 Average server FPS: 8874.20 (measured interval: 30 s)
 2:28:54 Used memory: 1332817 KB
 2:28:54 Players: 0 in total
 2:29:24 Average server FPS: 8790.13 (measured interval: 30 s)
 2:29:24 Used memory: 1332759 KB
 2:29:24 Players: 0 in total
 2:29:46 BattlEye Server: RCon admin #0: (Global) The Community TEST SERVER will reboot in 5 minutes. Wrap it up, getting close
 2:29:54 Average server FPS: 8892.13 (measured interval: 30 s)
 2:29:54 Used memory: 1332736 KB
 2:29:54 Players: 0 in total
 2:30:24 Average server FPS: 8736.20 (measured interval: 30 s)
 2:30:24 Used memory: 1332891 KB
 2:30:24 Players: 0 in total
 2:30:54 Average server FPS: 8871.20 (measured interval: 30 s)
 2:30:54 Used memory: 1333171 KB
 2:30:54 Players: 0 in total
 2:31:24 Average server FPS: 8790.67 (measured interval: 30 s)
 2:31:24 Used memory: 1333240 KB
 2:31:24 Players: 0 in total
 2:31:54 Average server FPS: 8703.53 (measured interval: 30 s)
 2:31:54 Used memory: 1333218 KB
 2:31:54 Players: 0 in total
 2:32:24 Average server FPS: 8703.27 (measured interval: 30 s)
 2:32:24 Used memory: 1333096 KB
 2:32:24 Players: 0 in total
 2:32:46 BattlEye Server: RCon admin #0: (Global) The Community TEST SERVER will reboot in 2 minutes. LOG OUT NOW!
 2:32:54 Average server FPS: 8825.43 (measured interval: 30 s)
 2:32:54 Used memory: 1332972 KB
 2:32:54 Players: 0 in total
 2:33:24 Average server FPS: 8716.26 (measured interval: 30 s)
 2:33:24 Used memory: 1332940 KB
 2:33:24 Players: 0 in total
