21:08:17 BattlEye Server: Initialized (v1.217)
21:08:17 SUCCESS: SteamGameServer_Init(0,8766,2442,28056,3,1.07.153006)
21:08:17 Roles assigned.
21:08:17 Reading mission ...
21:08:33 [CE][Hive] :: Initializing OFFLINE
21:08:33 [CE][Hive] :: Loading core data ... 
21:08:33 [CE][CoreData] :: 7 root classes, 19 defaults, 0 updaters...
21:08:37 [CE][TypeSetup] :: 408 classes setuped...
21:08:37 [CE][RegisterBind] :: 0 classes binded...
21:08:37 [CE][RegisterConfig] :: 3115 config classes registered, 1 sub-counters...
21:08:37 [CE][Hive] :: Loading map data ... 
21:08:38 !!! [CE] :: Unknown category: 'vehicleparts'.
21:08:38 !!! [CE] :: Unknown category: 'vehicleparts'.
21:08:38 !!! [CE] :: Unknown category: 'vehicleparts'.
21:08:38 !!! [CE] :: Unknown category: 'vehicleparts'.
21:08:38 !!! [CE] :: Unknown category: 'vehicleparts'.
21:08:38 !!! [CE] :: Unknown category: 'vehicleparts'.
21:08:38 !!! [CE] :: Unknown category: 'vehicleparts'.
21:08:38 !!! [CE] :: Unknown category: 'vehicleparts'.
21:08:38 !!! [CE] :: Unknown category: 'vehicleparts'.
21:08:38 !!! [CE] :: Unknown category: 'vehicleparts'.
21:08:38 !!! [CE] :: Unknown category: 'vehicleparts'.
21:08:38 !!! [CE] :: Unknown category: 'vehicleparts'.
21:08:38 !!! [CE] :: Unknown category: 'vehicleparts'.
21:08:38 !!! [CE] :: Unknown category: 'vehicleparts'.
21:08:38 !!! [CE] :: Unknown category: 'vehicleparts'.
21:08:38 !!! [CE] :: Unknown category: 'vehicleparts'.
21:08:38 !!! [CE] :: Unknown category: 'vehicleparts'.
21:08:38 !!! [CE] :: Unknown category: 'vehicleparts'.
21:08:38 !!! [CE] :: Unknown category: 'vehicleparts'.
21:08:38 !!! [CE] :: Unknown category: 'vehicleparts'.
21:08:38 !!! [CE] :: Unknown category: 'vehicleparts'.
21:08:38 !!! [CE] :: Unknown category: 'vehicleparts'.
21:08:38 !!! [CE] :: Unknown category: 'vehicleparts'.
21:08:38 !!! [CE] :: Unknown category: 'vehicleparts'.
21:08:38 [CE][LoadPrototype] :: loaded 330 prototypes
21:08:38   702 containers, 9116 points
21:08:38   24 dispatches, 90 proxies
21:08:38 !!! [CE][LoadPrototype] 12 groups have no points...
21:08:38 !!![CE][LoadPrototype]  3 groups have wrong points...
21:08:38 [CE][LoadPrototype] :: last group name: Land_Lunapark_Autodrome...
21:08:38 [CE][LoadPrototype] :: loaded 0 prototypes
21:08:38   0 containers, 0 points
21:08:38   0 dispatches, 0 proxies
21:08:38 [CE][LoadPrototype] :: last group name: PathD_7100...
21:08:38 [CE][LoadMap] "Group" :: loaded 5086 groups, largest group range: 26.9
21:08:38 [CE][LoadMap] "Dirt" :: loaded 0 groups, largest group range: 26.9
21:08:38 [CE][LoadClusters] "Cluster" :: Loading files...
21:08:39 [CE][LoadClusters] :: file: "mapgroupcluster.xml", 4 types, 50000 instances
21:08:39 [CE][LoadClusters] :: file: "mapgroupcluster01", 4 types, 50000 instances
21:08:40 [CE][LoadClusters] :: file: "mapgroupcluster02", 4 types, 50000 instances
21:08:40 [CE][LoadClusters] :: file: "mapgroupcluster03", 4 types, 50000 instances
21:08:40 [CE][LoadClusters] :: file: "mapgroupcluster04", 4 types, 21297 instances
21:08:40 [CE][Storage] ver:21 stamp:74, valid:yes, name:"mpmissions\TheCommunity.enoch\storage_666\data\types.bin"
21:08:40 [CE][Storage] ver:21 stamp:72, valid:yes, name:"mpmissions\TheCommunity.enoch\storage_666\data\types.001"
21:08:40 [CE][Storage] ver:21 stamp:73, valid:yes, name:"mpmissions\TheCommunity.enoch\storage_666\data\types.002"
21:08:40 [CE][Storage] Restoring file "mpmissions\TheCommunity.enoch\storage_666\data\types.bin".
21:08:40 [CE][offlineDB] :: Loaded 32 dynamic events 211 total types 0 total positions.
21:08:40 [CE][Storage] ver:21 stamp:74, valid:yes, name:"mpmissions\TheCommunity.enoch\storage_666\data\events.bin"
21:08:40 [CE][Storage] ver:21 stamp:72, valid:yes, name:"mpmissions\TheCommunity.enoch\storage_666\data\events.001"
21:08:40 [CE][Storage] ver:21 stamp:73, valid:yes, name:"mpmissions\TheCommunity.enoch\storage_666\data\events.002"
21:08:40 [CE][Storage] Restoring file "mpmissions\TheCommunity.enoch\storage_666\data\events.bin".
21:08:40 [CE][DynamicEvent] Load  Events:[32] Primary spawners: 32 Secondary spawners: 1
21:08:40 [CE][Storage] ver:24 stamp:74, valid:yes, name:"mpmissions\TheCommunity.enoch\storage_666\data\vehicles.bin"
21:08:40 [CE][Storage] ver:24 stamp:72, valid:yes, name:"mpmissions\TheCommunity.enoch\storage_666\data\vehicles.001"
21:08:40 [CE][Storage] ver:24 stamp:73, valid:yes, name:"mpmissions\TheCommunity.enoch\storage_666\data\vehicles.002"
21:08:40 [CE][Storage] Restoring file "mpmissions\TheCommunity.enoch\storage_666\data\vehicles.bin" 105 items.
21:08:41   105 items loaded.
21:08:41 [CE][Storage] ver:0 stamp:0, valid:NO, name:"mpmissions\TheCommunity.enoch\storage_666\data\dynamic_000.bin"
21:08:41 [CE][Storage] ver:24 stamp:72, valid:yes, name:"mpmissions\TheCommunity.enoch\storage_666\data\dynamic_000.001"
21:08:41 [CE][Storage] ver:24 stamp:73, valid:yes, name:"mpmissions\TheCommunity.enoch\storage_666\data\dynamic_000.002"
21:08:41 [CE][Storage] Restoring file "mpmissions\TheCommunity.enoch\storage_666\data\dynamic_000.002" 306 items.
21:08:41   306 items loaded.
21:08:41 [CE][Storage] ver:0 stamp:0, valid:NO, name:"mpmissions\TheCommunity.enoch\storage_666\data\dynamic_001.bin"
21:08:41 [CE][Storage] ver:24 stamp:72, valid:yes, name:"mpmissions\TheCommunity.enoch\storage_666\data\dynamic_001.001"
21:08:41 [CE][Storage] ver:24 stamp:73, valid:yes, name:"mpmissions\TheCommunity.enoch\storage_666\data\dynamic_001.002"
21:08:41 [CE][Storage] Restoring file "mpmissions\TheCommunity.enoch\storage_666\data\dynamic_001.002" 1916 items.
21:08:42   1916 items loaded.
21:08:42 [CE][Storage] ver:0 stamp:0, valid:NO, name:"mpmissions\TheCommunity.enoch\storage_666\data\dynamic_002.bin"
21:08:42 [CE][Storage] ver:24 stamp:72, valid:yes, name:"mpmissions\TheCommunity.enoch\storage_666\data\dynamic_002.001"
21:08:42 [CE][Storage] ver:24 stamp:73, valid:yes, name:"mpmissions\TheCommunity.enoch\storage_666\data\dynamic_002.002"
21:08:42 [CE][Storage] Restoring file "mpmissions\TheCommunity.enoch\storage_666\data\dynamic_002.002" 513 items.
21:08:42   513 items loaded.
21:08:42 [CE][Storage] ver:0 stamp:0, valid:NO, name:"mpmissions\TheCommunity.enoch\storage_666\data\dynamic_003.bin"
21:08:42 [CE][Storage] ver:24 stamp:72, valid:yes, name:"mpmissions\TheCommunity.enoch\storage_666\data\dynamic_003.001"
21:08:42 [CE][Storage] ver:24 stamp:73, valid:yes, name:"mpmissions\TheCommunity.enoch\storage_666\data\dynamic_003.002"
21:08:42 [CE][Storage] Restoring file "mpmissions\TheCommunity.enoch\storage_666\data\dynamic_003.002" 971 items.
21:08:42   971 items loaded.
21:08:42 [CE][Storage] ver:0 stamp:0, valid:NO, name:"mpmissions\TheCommunity.enoch\storage_666\data\dynamic_004.bin"
21:08:42 [CE][Storage] ver:24 stamp:72, valid:yes, name:"mpmissions\TheCommunity.enoch\storage_666\data\dynamic_004.001"
21:08:42 [CE][Storage] ver:24 stamp:73, valid:yes, name:"mpmissions\TheCommunity.enoch\storage_666\data\dynamic_004.002"
21:08:42 [CE][Storage] Restoring file "mpmissions\TheCommunity.enoch\storage_666\data\dynamic_004.002" 1151 items.
21:08:43   1151 items loaded.
21:08:43 [CE][Storage] ver:0 stamp:0, valid:NO, name:"mpmissions\TheCommunity.enoch\storage_666\data\dynamic_005.bin"
21:08:43 [CE][Storage] ver:24 stamp:72, valid:yes, name:"mpmissions\TheCommunity.enoch\storage_666\data\dynamic_005.001"
21:08:43 [CE][Storage] ver:24 stamp:73, valid:yes, name:"mpmissions\TheCommunity.enoch\storage_666\data\dynamic_005.002"
21:08:43 [CE][Storage] Restoring file "mpmissions\TheCommunity.enoch\storage_666\data\dynamic_005.002" 1462 items.
21:08:43   1462 items loaded.
21:08:43 [CE][Storage] ver:0 stamp:0, valid:NO, name:"mpmissions\TheCommunity.enoch\storage_666\data\dynamic_006.bin"
21:08:43 [CE][Storage] ver:24 stamp:72, valid:yes, name:"mpmissions\TheCommunity.enoch\storage_666\data\dynamic_006.001"
21:08:43 [CE][Storage] ver:24 stamp:73, valid:yes, name:"mpmissions\TheCommunity.enoch\storage_666\data\dynamic_006.002"
21:08:43 [CE][Storage] Restoring file "mpmissions\TheCommunity.enoch\storage_666\data\dynamic_006.002" 808 items.
21:08:44   808 items loaded.
21:08:44 [CE][Storage] ver:0 stamp:0, valid:NO, name:"mpmissions\TheCommunity.enoch\storage_666\data\dynamic_007.bin"
21:08:44 [CE][Storage] ver:24 stamp:72, valid:yes, name:"mpmissions\TheCommunity.enoch\storage_666\data\dynamic_007.001"
21:08:44 [CE][Storage] ver:24 stamp:73, valid:yes, name:"mpmissions\TheCommunity.enoch\storage_666\data\dynamic_007.002"
21:08:44 [CE][Storage] Restoring file "mpmissions\TheCommunity.enoch\storage_666\data\dynamic_007.002" 918 items.
21:08:44   918 items loaded.
21:08:44 [CE][Storage] ver:0 stamp:0, valid:NO, name:"mpmissions\TheCommunity.enoch\storage_666\data\dynamic_008.bin"
21:08:44 [CE][Storage] ver:24 stamp:72, valid:yes, name:"mpmissions\TheCommunity.enoch\storage_666\data\dynamic_008.001"
21:08:44 [CE][Storage] ver:24 stamp:73, valid:yes, name:"mpmissions\TheCommunity.enoch\storage_666\data\dynamic_008.002"
21:08:44 [CE][Storage] Restoring file "mpmissions\TheCommunity.enoch\storage_666\data\dynamic_008.002" 824 items.
21:08:44   824 items loaded.
21:08:44 [CE][Storage] ver:0 stamp:0, valid:NO, name:"mpmissions\TheCommunity.enoch\storage_666\data\dynamic_009.bin"
21:08:44 [CE][Storage] ver:24 stamp:72, valid:yes, name:"mpmissions\TheCommunity.enoch\storage_666\data\dynamic_009.001"
21:08:44 [CE][Storage] ver:24 stamp:73, valid:yes, name:"mpmissions\TheCommunity.enoch\storage_666\data\dynamic_009.002"
21:08:44 [CE][Storage] Restoring file "mpmissions\TheCommunity.enoch\storage_666\data\dynamic_009.002" 751 items.
21:08:44   751 items loaded.
21:08:44 [CE][Storage] ver:0 stamp:0, valid:NO, name:"mpmissions\TheCommunity.enoch\storage_666\data\dynamic_010.bin"
21:08:44 [CE][Storage] ver:24 stamp:72, valid:yes, name:"mpmissions\TheCommunity.enoch\storage_666\data\dynamic_010.001"
21:08:44 [CE][Storage] ver:24 stamp:73, valid:yes, name:"mpmissions\TheCommunity.enoch\storage_666\data\dynamic_010.002"
21:08:44 [CE][Storage] Restoring file "mpmissions\TheCommunity.enoch\storage_666\data\dynamic_010.002" 2024 items.
21:08:45   2024 items loaded.
21:08:45 [CE][Storage] ver:0 stamp:0, valid:NO, name:"mpmissions\TheCommunity.enoch\storage_666\data\dynamic_011.bin"
21:08:45 [CE][Storage] ver:24 stamp:72, valid:yes, name:"mpmissions\TheCommunity.enoch\storage_666\data\dynamic_011.001"
21:08:45 [CE][Storage] ver:24 stamp:73, valid:yes, name:"mpmissions\TheCommunity.enoch\storage_666\data\dynamic_011.002"
21:08:45 [CE][Storage] Restoring file "mpmissions\TheCommunity.enoch\storage_666\data\dynamic_011.002" 273 items.
21:08:45   273 items loaded.
21:08:45 [CE][Hive] :: Storage load took:4.94 seconds, recovery stamp:74
21:08:45   entity: 12857, building: 0
21:08:45   no lifetime: 40
21:08:45 [CE][Hive] :: Initializing ... 
21:08:45 [CE][InitializeMap] :: initialized: 0
21:08:45 [CE][Hive] :: Initializing spawners ... 
21:08:47 [CE][LootRespawner] (PRIDummy) :: Item [0] causing search overtime: "CivSedanHood_Wine"
21:08:47 [CE][LootRespawner] (PRIDummy) :: Item [1] causing search overtime: "CivSedanHood_Wine"
21:08:47 [CE][LootRespawner] (PRIDummy) :: Item [2] causing search overtime: "CivSedanHood_Wine"
21:08:47 [CE][LootRespawner] (PRIDummy) :: Item [3] causing search overtime: "CivSedanHood_Wine"
21:08:47 [CE][LootRespawner] (PRIDummy) :: Item [4] causing search overtime: "CivSedanHood_Wine"
21:08:47 [CE][LootRespawner] (PRIDummy) :: Item [5] causing search overtime: "CivSedanHood_Wine"
21:08:47 [CE][LootRespawner] (PRIDummy) :: Item [6] causing search overtime: "CivSedanHood_Wine"
21:08:47 [CE][LootRespawner] (PRIDummy) :: Item [7] causing search overtime: "CivSedanHood_Wine"
21:08:47 [CE][LootRespawner] (PRIDummy) :: Item [8] causing search overtime: "CivSedanHood_Wine"
21:08:47 [CE][LootRespawner] (PRIDummy) :: Item [9] causing search overtime: "CivSedanHood_Wine"
21:08:47 [CE][LootRespawner] (PRIDummy) :: Item [10] causing search overtime: "Sedan_02_Trunk_Grey"
21:08:47 [CE][LootRespawner] (PRIDummy) :: Item [11] causing search overtime: "Sedan_02_Trunk_Grey"
21:08:47 [CE][LootRespawner] (PRIDummy) :: Item [12] causing search overtime: "Sedan_02_Trunk_Grey"
21:08:47 [CE][LootRespawner] (PRIDummy) :: Item [13] causing search overtime: "Sedan_02_Trunk_Grey"
21:08:47 [CE][LootRespawner] (PRIDummy) :: Item [14] causing search overtime: "Sedan_02_Trunk_Grey"
21:08:47 [CE][LootRespawner] (PRIDummy) :: Item [15] causing search overtime: "Sedan_02_Trunk_Grey"
21:08:47 [CE][LootRespawner] (PRIDummy) :: Item [16] causing search overtime: "Sedan_02_Trunk_Grey"
21:08:47 [CE][LootRespawner] (PRIDummy) :: Item [17] causing search overtime: "Sedan_02_Trunk_Grey"
21:08:47 [CE][LootRespawner] (PRIDummy) :: Item [18] causing search overtime: "Sedan_02_Trunk_Grey"
21:08:47 [CE][LootRespawner] (PRIDummy) :: Item [19] causing search overtime: "Sedan_02_Trunk_Grey"
21:08:47 [CE][LootRespawner] (PRIDummy) :: Initially (re)spawned:0, Nominal:12429, Total in Map: 12061 at 0 (sec)
21:08:47   tests:0, repeats:0 fails:0, overtime:498
21:08:47 [CE][DynEvent] :: 32 types
21:08:47 [00] AmbientHen
21:08:47   Primary Spawner: "Ambient", active: yes, repeat: 1
21:08:47 [01] AnimalBear
21:08:47   Primary Spawner: "Animal", active: yes, repeat: 1
21:08:47 [02] AnimalCow
21:08:47   Primary Spawner: "Animal", active: yes, repeat: 1
21:08:47 [03] AnimalDeer
21:08:47   Primary Spawner: "Animal", active: yes, repeat: 1
21:08:47 [04] AnimalGoat
21:08:47   Primary Spawner: "Animal", active: yes, repeat: 1
21:08:47 [05] AnimalPig
21:08:47   Primary Spawner: "Animal", active: yes, repeat: 1
21:08:47 [06] AnimalRoeDeer
21:08:47   Primary Spawner: "Animal", active: yes, repeat: 1
21:08:47 [07] AnimalSheep
21:08:47   Primary Spawner: "Animal", active: yes, repeat: 1
21:08:47 [08] AnimalWildBoar
21:08:47   Primary Spawner: "Animal", active: yes, repeat: 1
21:08:47 [09] AnimalWolf
21:08:47   Primary Spawner: "Animal", active: yes, repeat: 1
21:08:47 [10] InfectedArmy
21:08:47   Primary Spawner: "Infected", active: yes, repeat: 1
21:08:47 [11] InfectedCity
21:08:47   Primary Spawner: "Infected", active: yes, repeat: 1
21:08:47 [12] InfectedFirefighter
21:08:47   Primary Spawner: "Infected", active: yes, repeat: 1
21:08:47 [13] InfectedIndustrial
21:08:47   Primary Spawner: "Infected", active: yes, repeat: 1
21:08:47 [14] InfectedMedic
21:08:47   Primary Spawner: "Infected", active: yes, repeat: 1
21:08:47 [15] InfectedPolice
21:08:47   Primary Spawner: "Infected", active: yes, repeat: 1
21:08:47 [16] InfectedPrisoner
21:08:47   Primary Spawner: "Infected", active: yes, repeat: 1
21:08:47 [17] InfectedReligious
21:08:47   Primary Spawner: "Infected", active: yes, repeat: 1
21:08:47 [18] InfectedSolitude
21:08:47   Primary Spawner: "Infected", active: yes, repeat: 1
21:08:47 [19] InfectedVillage
21:08:47   Primary Spawner: "Infected", active: yes, repeat: 1
21:08:47 [20] ItemPlanks
21:08:47   Primary Spawner: "Item", active: yes, repeat: 1
21:08:47 [21] Loot
21:08:47   Primary Spawner: "Loot", active: yes, repeat: 2
21:08:47 [22] StaticHeliCrash
21:08:47   Primary Spawner: "Vehicle", active: yes, repeat: 1
21:08:47   Secondary Spawner: "Infected", active: yes, repeat: 1
21:08:47 [23] StaticPoliceCar
21:08:47   Primary Spawner: "Vehicle", active: yes, repeat: 1
21:08:47 [24] TrajectoryConiferous
21:08:47   Primary Spawner: "Trajectory", active: yes, repeat: 1
21:08:47 [25] TrajectoryDeciduous
21:08:47   Primary Spawner: "Trajectory", active: yes, repeat: 1
21:08:47 [26] TrajectoryHumus
21:08:47   Primary Spawner: "Trajectory", active: yes, repeat: 1
21:08:47 [27] TrajectoryStones
21:08:47   Primary Spawner: "Trajectory", active: yes, repeat: 1
21:08:47 [28] VehicleCivilianSedan
21:08:47   Primary Spawner: "Vehicle", active: yes, repeat: 1
21:08:47 [29] VehicleHatchback02
21:08:47   Primary Spawner: "Vehicle", active: yes, repeat: 1
21:08:47 [30] VehicleOffroadHatchback
21:08:47   Primary Spawner: "Vehicle", active: yes, repeat: 1
21:08:47 [31] VehicleSedan02
21:08:47   Primary Spawner: "Vehicle", active: yes, repeat: 1
21:08:47 [CE][Hive] :: Initializing of spawners done.
21:08:47 [CE][Hive] :: Init sequence finished.
21:09:17 Average server FPS: 5826.27 (measured interval: 30 s)
21:09:17 Used memory: 1289152 KB
21:09:17 Players: 0 in total
21:09:33 BattlEye Server: RCon admin #0 (127.0.0.1:60763) logged in
21:09:47 Average server FPS: 6693.37 (measured interval: 30 s)
21:09:47 Used memory: 1304207 KB
21:09:47 Players: 0 in total
21:10:17 Average server FPS: 6970.43 (measured interval: 30 s)
21:10:17 Used memory: 1321553 KB
21:10:17 Players: 0 in total
21:10:33 BattlEye Server: RCon admin #0: (Global) Welcome to The Community Test Server! This server restarts every 30 Minutes
21:10:38 BattlEye Server: RCon admin #0: (Global) Discord at https://discord.me/eXpoch -- I Still have TS3.donkeypunch.info
21:10:47 Average server FPS: 6644.87 (measured interval: 30 s)
21:10:47 Used memory: 1337118 KB
21:10:47 Players: 0 in total
21:10:48 BattlEye Server: RCon admin #0: (Global) Interesting new message here, inquire within battleye-BEC!
21:11:17 Average server FPS: 6197.93 (measured interval: 30 s)
21:11:17 Used memory: 1349564 KB
21:11:17 Players: 0 in total
21:11:47 Average server FPS: 6991.43 (measured interval: 30 s)
21:11:47 Used memory: 1357379 KB
21:11:47 Players: 0 in total
21:12:17 Average server FPS: 6107.40 (measured interval: 30 s)
21:12:17 Used memory: 1357354 KB
21:12:17 Players: 0 in total
