22:52:44 BattlEye Server: Initialized (v1.217)
22:52:44 SUCCESS: SteamGameServer_Init(0,8766,2442,28056,3,1.07.153006)
22:52:44 Roles assigned.
22:52:44 Reading mission ...
22:53:28 [CE][Hive] :: Initializing OFFLINE
22:53:28 [CE][Hive] :: Loading core data ... 
22:53:28 [CE][CoreData] :: 7 root classes, 19 defaults, 0 updaters...
22:53:32 [CE][TypeSetup] :: 408 classes setuped...
22:53:32 [CE][RegisterBind] :: 0 classes binded...
22:53:32 [CE][RegisterConfig] :: 3115 config classes registered, 1 sub-counters...
22:53:32 [CE][Hive] :: Loading map data ... 
22:53:32 !!! [CE] :: Unknown category: 'vehicleparts'.
22:53:32 !!! [CE] :: Unknown category: 'vehicleparts'.
22:53:32 !!! [CE] :: Unknown category: 'vehicleparts'.
22:53:32 !!! [CE] :: Unknown category: 'vehicleparts'.
22:53:32 !!! [CE] :: Unknown category: 'vehicleparts'.
22:53:32 !!! [CE] :: Unknown category: 'vehicleparts'.
22:53:32 !!! [CE] :: Unknown category: 'vehicleparts'.
22:53:32 !!! [CE] :: Unknown category: 'vehicleparts'.
22:53:32 !!! [CE] :: Unknown category: 'vehicleparts'.
22:53:32 !!! [CE] :: Unknown category: 'vehicleparts'.
22:53:32 !!! [CE] :: Unknown category: 'vehicleparts'.
22:53:32 !!! [CE] :: Unknown category: 'vehicleparts'.
22:53:32 !!! [CE] :: Unknown category: 'vehicleparts'.
22:53:32 !!! [CE] :: Unknown category: 'vehicleparts'.
22:53:32 !!! [CE] :: Unknown category: 'vehicleparts'.
22:53:32 !!! [CE] :: Unknown category: 'vehicleparts'.
22:53:32 !!! [CE] :: Unknown category: 'vehicleparts'.
22:53:32 !!! [CE] :: Unknown category: 'vehicleparts'.
22:53:32 !!! [CE] :: Unknown category: 'vehicleparts'.
22:53:32 !!! [CE] :: Unknown category: 'vehicleparts'.
22:53:32 !!! [CE] :: Unknown category: 'vehicleparts'.
22:53:32 !!! [CE] :: Unknown category: 'vehicleparts'.
22:53:32 !!! [CE] :: Unknown category: 'vehicleparts'.
22:53:32 !!! [CE] :: Unknown category: 'vehicleparts'.
22:53:32 [CE][LoadPrototype] :: loaded 330 prototypes
22:53:32   702 containers, 9116 points
22:53:32   24 dispatches, 90 proxies
22:53:32 !!! [CE][LoadPrototype] 12 groups have no points...
22:53:32 !!![CE][LoadPrototype]  3 groups have wrong points...
22:53:32 [CE][LoadPrototype] :: last group name: Land_Lunapark_Autodrome...
22:53:32 [CE][LoadPrototype] :: loaded 0 prototypes
22:53:32   0 containers, 0 points
22:53:32   0 dispatches, 0 proxies
22:53:32 [CE][LoadPrototype] :: last group name: PathD_7100...
22:53:33 [CE][LoadMap] "Group" :: loaded 5086 groups, largest group range: 26.9
22:53:33 [CE][LoadMap] "Dirt" :: loaded 0 groups, largest group range: 26.9
22:53:33 [CE][LoadClusters] "Cluster" :: Loading files...
22:53:33 [CE][LoadClusters] :: file: "mapgroupcluster.xml", 4 types, 50000 instances
22:53:34 [CE][LoadClusters] :: file: "mapgroupcluster01", 4 types, 50000 instances
22:53:34 [CE][LoadClusters] :: file: "mapgroupcluster02", 4 types, 50000 instances
22:53:34 [CE][LoadClusters] :: file: "mapgroupcluster03", 4 types, 50000 instances
22:53:34 [CE][LoadClusters] :: file: "mapgroupcluster04", 4 types, 21297 instances
22:53:34 [CE][Storage] ver:21 stamp:285, valid:yes, name:"mpmissions\TheCommunity.enoch\storage_666\data\types.bin"
22:53:34 [CE][Storage] ver:21 stamp:283, valid:yes, name:"mpmissions\TheCommunity.enoch\storage_666\data\types.001"
22:53:34 [CE][Storage] ver:21 stamp:284, valid:yes, name:"mpmissions\TheCommunity.enoch\storage_666\data\types.002"
22:53:34 [CE][Storage] Restoring file "mpmissions\TheCommunity.enoch\storage_666\data\types.bin".
22:53:34 [CE][offlineDB] :: Loaded 32 dynamic events 211 total types 0 total positions.
22:53:34 [CE][Storage] ver:21 stamp:285, valid:yes, name:"mpmissions\TheCommunity.enoch\storage_666\data\events.bin"
22:53:34 [CE][Storage] ver:21 stamp:283, valid:yes, name:"mpmissions\TheCommunity.enoch\storage_666\data\events.001"
22:53:34 [CE][Storage] ver:21 stamp:284, valid:yes, name:"mpmissions\TheCommunity.enoch\storage_666\data\events.002"
22:53:34 [CE][Storage] Restoring file "mpmissions\TheCommunity.enoch\storage_666\data\events.bin".
22:53:34 [CE][DynamicEvent] Load  Events:[32] Primary spawners: 32 Secondary spawners: 1
22:53:34 [CE][Storage] ver:24 stamp:285, valid:yes, name:"mpmissions\TheCommunity.enoch\storage_666\data\vehicles.bin"
22:53:34 [CE][Storage] ver:24 stamp:283, valid:yes, name:"mpmissions\TheCommunity.enoch\storage_666\data\vehicles.001"
22:53:34 [CE][Storage] ver:24 stamp:284, valid:yes, name:"mpmissions\TheCommunity.enoch\storage_666\data\vehicles.002"
22:53:34 [CE][Storage] Restoring file "mpmissions\TheCommunity.enoch\storage_666\data\vehicles.bin" 100 items.
22:53:34   100 items loaded.
22:53:34 [CE][Storage] ver:0 stamp:0, valid:NO, name:"mpmissions\TheCommunity.enoch\storage_666\data\dynamic_000.bin"
22:53:34 [CE][Storage] ver:24 stamp:283, valid:yes, name:"mpmissions\TheCommunity.enoch\storage_666\data\dynamic_000.001"
22:53:34 [CE][Storage] ver:24 stamp:284, valid:yes, name:"mpmissions\TheCommunity.enoch\storage_666\data\dynamic_000.002"
22:53:34 [CE][Storage] Restoring file "mpmissions\TheCommunity.enoch\storage_666\data\dynamic_000.002" 286 items.
22:53:35   286 items loaded.
22:53:35 [CE][Storage] ver:0 stamp:0, valid:NO, name:"mpmissions\TheCommunity.enoch\storage_666\data\dynamic_001.bin"
22:53:35 [CE][Storage] ver:24 stamp:283, valid:yes, name:"mpmissions\TheCommunity.enoch\storage_666\data\dynamic_001.001"
22:53:35 [CE][Storage] ver:24 stamp:284, valid:yes, name:"mpmissions\TheCommunity.enoch\storage_666\data\dynamic_001.002"
22:53:35 [CE][Storage] Restoring file "mpmissions\TheCommunity.enoch\storage_666\data\dynamic_001.002" 1795 items.
22:53:35   1795 items loaded.
22:53:35 [CE][Storage] ver:0 stamp:0, valid:NO, name:"mpmissions\TheCommunity.enoch\storage_666\data\dynamic_002.bin"
22:53:35 [CE][Storage] ver:24 stamp:283, valid:yes, name:"mpmissions\TheCommunity.enoch\storage_666\data\dynamic_002.001"
22:53:35 [CE][Storage] ver:24 stamp:284, valid:yes, name:"mpmissions\TheCommunity.enoch\storage_666\data\dynamic_002.002"
22:53:35 [CE][Storage] Restoring file "mpmissions\TheCommunity.enoch\storage_666\data\dynamic_002.002" 473 items.
22:53:35   473 items loaded.
22:53:35 [CE][Storage] ver:0 stamp:0, valid:NO, name:"mpmissions\TheCommunity.enoch\storage_666\data\dynamic_003.bin"
22:53:35 [CE][Storage] ver:24 stamp:283, valid:yes, name:"mpmissions\TheCommunity.enoch\storage_666\data\dynamic_003.001"
22:53:35 [CE][Storage] ver:24 stamp:284, valid:yes, name:"mpmissions\TheCommunity.enoch\storage_666\data\dynamic_003.002"
22:53:35 [CE][Storage] Restoring file "mpmissions\TheCommunity.enoch\storage_666\data\dynamic_003.002" 916 items.
22:53:36   916 items loaded.
22:53:36 [CE][Storage] ver:0 stamp:0, valid:NO, name:"mpmissions\TheCommunity.enoch\storage_666\data\dynamic_004.bin"
22:53:36 [CE][Storage] ver:24 stamp:283, valid:yes, name:"mpmissions\TheCommunity.enoch\storage_666\data\dynamic_004.001"
22:53:36 [CE][Storage] ver:24 stamp:284, valid:yes, name:"mpmissions\TheCommunity.enoch\storage_666\data\dynamic_004.002"
22:53:36 [CE][Storage] Restoring file "mpmissions\TheCommunity.enoch\storage_666\data\dynamic_004.002" 1084 items.
22:53:36   1084 items loaded.
22:53:36 [CE][Storage] ver:0 stamp:0, valid:NO, name:"mpmissions\TheCommunity.enoch\storage_666\data\dynamic_005.bin"
22:53:36 [CE][Storage] ver:24 stamp:283, valid:yes, name:"mpmissions\TheCommunity.enoch\storage_666\data\dynamic_005.001"
22:53:36 [CE][Storage] ver:24 stamp:284, valid:yes, name:"mpmissions\TheCommunity.enoch\storage_666\data\dynamic_005.002"
22:53:36 [CE][Storage] Restoring file "mpmissions\TheCommunity.enoch\storage_666\data\dynamic_005.002" 1385 items.
22:53:36   1385 items loaded.
22:53:36 [CE][Storage] ver:0 stamp:0, valid:NO, name:"mpmissions\TheCommunity.enoch\storage_666\data\dynamic_006.bin"
22:53:36 [CE][Storage] ver:24 stamp:283, valid:yes, name:"mpmissions\TheCommunity.enoch\storage_666\data\dynamic_006.001"
22:53:36 [CE][Storage] ver:24 stamp:284, valid:yes, name:"mpmissions\TheCommunity.enoch\storage_666\data\dynamic_006.002"
22:53:36 [CE][Storage] Restoring file "mpmissions\TheCommunity.enoch\storage_666\data\dynamic_006.002" 757 items.
22:53:36   757 items loaded.
22:53:36 [CE][Storage] ver:0 stamp:0, valid:NO, name:"mpmissions\TheCommunity.enoch\storage_666\data\dynamic_007.bin"
22:53:36 [CE][Storage] ver:24 stamp:283, valid:yes, name:"mpmissions\TheCommunity.enoch\storage_666\data\dynamic_007.001"
22:53:36 [CE][Storage] ver:24 stamp:284, valid:yes, name:"mpmissions\TheCommunity.enoch\storage_666\data\dynamic_007.002"
22:53:36 [CE][Storage] Restoring file "mpmissions\TheCommunity.enoch\storage_666\data\dynamic_007.002" 857 items.
22:53:37   857 items loaded.
22:53:37 [CE][Storage] ver:0 stamp:0, valid:NO, name:"mpmissions\TheCommunity.enoch\storage_666\data\dynamic_008.bin"
22:53:37 [CE][Storage] ver:24 stamp:283, valid:yes, name:"mpmissions\TheCommunity.enoch\storage_666\data\dynamic_008.001"
22:53:37 [CE][Storage] ver:24 stamp:284, valid:yes, name:"mpmissions\TheCommunity.enoch\storage_666\data\dynamic_008.002"
22:53:37 [CE][Storage] Restoring file "mpmissions\TheCommunity.enoch\storage_666\data\dynamic_008.002" 781 items.
22:53:37   781 items loaded.
22:53:37 [CE][Storage] ver:0 stamp:0, valid:NO, name:"mpmissions\TheCommunity.enoch\storage_666\data\dynamic_009.bin"
22:53:37 [CE][Storage] ver:24 stamp:283, valid:yes, name:"mpmissions\TheCommunity.enoch\storage_666\data\dynamic_009.001"
22:53:37 [CE][Storage] ver:24 stamp:284, valid:yes, name:"mpmissions\TheCommunity.enoch\storage_666\data\dynamic_009.002"
22:53:37 [CE][Storage] Restoring file "mpmissions\TheCommunity.enoch\storage_666\data\dynamic_009.002" 703 items.
22:53:37   703 items loaded.
22:53:37 [CE][Storage] ver:0 stamp:0, valid:NO, name:"mpmissions\TheCommunity.enoch\storage_666\data\dynamic_010.bin"
22:53:37 [CE][Storage] ver:24 stamp:283, valid:yes, name:"mpmissions\TheCommunity.enoch\storage_666\data\dynamic_010.001"
22:53:37 [CE][Storage] ver:24 stamp:284, valid:yes, name:"mpmissions\TheCommunity.enoch\storage_666\data\dynamic_010.002"
22:53:37 [CE][Storage] Restoring file "mpmissions\TheCommunity.enoch\storage_666\data\dynamic_010.002" 1897 items.
22:53:37   1897 items loaded.
22:53:37 [CE][Storage] ver:0 stamp:0, valid:NO, name:"mpmissions\TheCommunity.enoch\storage_666\data\dynamic_011.bin"
22:53:37 [CE][Storage] ver:24 stamp:283, valid:yes, name:"mpmissions\TheCommunity.enoch\storage_666\data\dynamic_011.001"
22:53:37 [CE][Storage] ver:24 stamp:284, valid:yes, name:"mpmissions\TheCommunity.enoch\storage_666\data\dynamic_011.002"
22:53:37 [CE][Storage] Restoring file "mpmissions\TheCommunity.enoch\storage_666\data\dynamic_011.002" 271 items.
22:53:37   271 items loaded.
22:53:37 [CE][Hive] :: Storage load took:3.20 seconds, recovery stamp:285
22:53:37   entity: 12122, building: 0
22:53:37   no lifetime: 40
22:53:37 [CE][Hive] :: Initializing ... 
22:53:37 [CE][InitializeMap] :: initialized: 0
22:53:37 [CE][Hive] :: Initializing spawners ... 
22:53:39 [CE][LootRespawner] (PRIDummy) :: Item [0] causing search overtime: "CivSedanHood_Wine"
22:53:39 [CE][LootRespawner] (PRIDummy) :: Item [1] causing search overtime: "CivSedanHood_Wine"
22:53:39 [CE][LootRespawner] (PRIDummy) :: Item [2] causing search overtime: "CivSedanHood_Wine"
22:53:39 [CE][LootRespawner] (PRIDummy) :: Item [3] causing search overtime: "CivSedanHood_Wine"
22:53:39 [CE][LootRespawner] (PRIDummy) :: Item [4] causing search overtime: "CivSedanHood_Wine"
22:53:39 [CE][LootRespawner] (PRIDummy) :: Item [5] causing search overtime: "CivSedanHood_Wine"
22:53:39 [CE][LootRespawner] (PRIDummy) :: Item [6] causing search overtime: "CivSedanHood_Wine"
22:53:39 [CE][LootRespawner] (PRIDummy) :: Item [7] causing search overtime: "CivSedanHood_Wine"
22:53:39 [CE][LootRespawner] (PRIDummy) :: Item [8] causing search overtime: "CivSedanHood_Wine"
22:53:39 [CE][LootRespawner] (PRIDummy) :: Item [9] causing search overtime: "CivSedanHood_Wine"
22:53:39 [CE][LootRespawner] (PRIDummy) :: Item [10] causing search overtime: "Sedan_02_Trunk_Grey"
22:53:39 [CE][LootRespawner] (PRIDummy) :: Item [11] causing search overtime: "Sedan_02_Trunk_Grey"
22:53:39 [CE][LootRespawner] (PRIDummy) :: Item [12] causing search overtime: "Sedan_02_Trunk_Grey"
22:53:39 [CE][LootRespawner] (PRIDummy) :: Item [13] causing search overtime: "Sedan_02_Trunk_Grey"
22:53:39 [CE][LootRespawner] (PRIDummy) :: Item [14] causing search overtime: "Sedan_02_Trunk_Grey"
22:53:39 [CE][LootRespawner] (PRIDummy) :: Item [15] causing search overtime: "Sedan_02_Trunk_Grey"
22:53:39 [CE][LootRespawner] (PRIDummy) :: Item [16] causing search overtime: "Sedan_02_Trunk_Grey"
22:53:39 [CE][LootRespawner] (PRIDummy) :: Item [17] causing search overtime: "Sedan_02_Trunk_Grey"
22:53:39 [CE][LootRespawner] (PRIDummy) :: Item [18] causing search overtime: "Sedan_02_Trunk_Grey"
22:53:39 [CE][LootRespawner] (PRIDummy) :: Item [19] causing search overtime: "Sedan_02_Trunk_Grey"
22:53:39 [CE][LootRespawner] (PRIDummy) :: Initially (re)spawned:13, Nominal:12429, Total in Map: 11357 at 0 (sec)
22:53:39   tests:13, repeats:0 fails:0, overtime:480
22:53:39 [CE][DynEvent] :: 32 types
22:53:39 [00] AmbientHen
22:53:39   Primary Spawner: "Ambient", active: yes, repeat: 1
22:53:39 [01] AnimalBear
22:53:39   Primary Spawner: "Animal", active: yes, repeat: 1
22:53:39 [02] AnimalCow
22:53:39   Primary Spawner: "Animal", active: yes, repeat: 1
22:53:39 [03] AnimalDeer
22:53:39   Primary Spawner: "Animal", active: yes, repeat: 1
22:53:39 [04] AnimalGoat
22:53:39   Primary Spawner: "Animal", active: yes, repeat: 1
22:53:39 [05] AnimalPig
22:53:39   Primary Spawner: "Animal", active: yes, repeat: 1
22:53:39 [06] AnimalRoeDeer
22:53:39   Primary Spawner: "Animal", active: yes, repeat: 1
22:53:39 [07] AnimalSheep
22:53:39   Primary Spawner: "Animal", active: yes, repeat: 1
22:53:39 [08] AnimalWildBoar
22:53:39   Primary Spawner: "Animal", active: yes, repeat: 1
22:53:39 [09] AnimalWolf
22:53:39   Primary Spawner: "Animal", active: yes, repeat: 1
22:53:39 [10] InfectedArmy
22:53:39   Primary Spawner: "Infected", active: yes, repeat: 1
22:53:39 [11] InfectedCity
22:53:39   Primary Spawner: "Infected", active: yes, repeat: 1
22:53:39 [12] InfectedFirefighter
22:53:39   Primary Spawner: "Infected", active: yes, repeat: 1
22:53:39 [13] InfectedIndustrial
22:53:39   Primary Spawner: "Infected", active: yes, repeat: 1
22:53:39 [14] InfectedMedic
22:53:39   Primary Spawner: "Infected", active: yes, repeat: 1
22:53:39 [15] InfectedPolice
22:53:39   Primary Spawner: "Infected", active: yes, repeat: 1
22:53:39 [16] InfectedPrisoner
22:53:39   Primary Spawner: "Infected", active: yes, repeat: 1
22:53:39 [17] InfectedReligious
22:53:39   Primary Spawner: "Infected", active: yes, repeat: 1
22:53:39 [18] InfectedSolitude
22:53:39   Primary Spawner: "Infected", active: yes, repeat: 1
22:53:39 [19] InfectedVillage
22:53:39   Primary Spawner: "Infected", active: yes, repeat: 1
22:53:39 [20] ItemPlanks
22:53:39   Primary Spawner: "Item", active: yes, repeat: 1
22:53:39 [21] Loot
22:53:39   Primary Spawner: "Loot", active: yes, repeat: 2
22:53:39 [22] StaticHeliCrash
22:53:39   Primary Spawner: "Vehicle", active: yes, repeat: 1
22:53:39   Secondary Spawner: "Infected", active: yes, repeat: 1
22:53:39 [23] StaticPoliceCar
22:53:39   Primary Spawner: "Vehicle", active: yes, repeat: 1
22:53:39 [24] TrajectoryConiferous
22:53:39   Primary Spawner: "Trajectory", active: yes, repeat: 1
22:53:39 [25] TrajectoryDeciduous
22:53:39   Primary Spawner: "Trajectory", active: yes, repeat: 1
22:53:39 [26] TrajectoryHumus
22:53:39   Primary Spawner: "Trajectory", active: yes, repeat: 1
22:53:39 [27] TrajectoryStones
22:53:39   Primary Spawner: "Trajectory", active: yes, repeat: 1
22:53:39 [28] VehicleCivilianSedan
22:53:39   Primary Spawner: "Vehicle", active: yes, repeat: 1
22:53:39 [29] VehicleHatchback02
22:53:39   Primary Spawner: "Vehicle", active: yes, repeat: 1
22:53:39 [30] VehicleOffroadHatchback
22:53:39   Primary Spawner: "Vehicle", active: yes, repeat: 1
22:53:39 [31] VehicleSedan02
22:53:39   Primary Spawner: "Vehicle", active: yes, repeat: 1
22:53:39 [CE][Hive] :: Initializing of spawners done.
22:53:39 [CE][Hive] :: Init sequence finished.
22:54:02 BattlEye Server: RCon admin #0 (127.0.0.1:62742) logged in
22:54:10 Average server FPS: 5404.67 (measured interval: 30 s)
22:54:10 Used memory: 1278640 KB
22:54:10 Players: 0 in total
22:54:40 Average server FPS: 7365.87 (measured interval: 30 s)
22:54:40 Used memory: 1293539 KB
22:54:40 Players: 0 in total
22:55:02 BattlEye Server: RCon admin #0: (Global) Welcome to The Community Test Server! This server restarts every 30 Minutes
22:55:07 BattlEye Server: RCon admin #0: (Global) Discord at https://discord.me/eXpoch -- I Still have TS3.donkeypunch.info
22:55:10 Average server FPS: 7296.87 (measured interval: 30 s)
22:55:10 Used memory: 1308720 KB
22:55:10 Players: 0 in total
22:55:17 BattlEye Server: RCon admin #0: (Global) Interesting new message here, inquire within battleye-BEC!
22:55:40 Average server FPS: 7765.77 (measured interval: 30 s)
22:55:40 Used memory: 1326285 KB
22:55:40 Players: 0 in total
22:56:10 Average server FPS: 8022.70 (measured interval: 30 s)
22:56:10 Used memory: 1340833 KB
22:56:10 Players: 0 in total
22:56:40 Average server FPS: 8375.47 (measured interval: 30 s)
22:56:40 Used memory: 1346715 KB
22:56:40 Players: 0 in total
22:57:10 Average server FPS: 9056.63 (measured interval: 30 s)
22:57:10 Used memory: 1346615 KB
22:57:10 Players: 0 in total
22:57:40 Average server FPS: 9366.70 (measured interval: 30 s)
22:57:40 Used memory: 1346484 KB
22:57:40 Players: 0 in total
22:58:10 Average server FPS: 9248.83 (measured interval: 30 s)
22:58:10 Used memory: 1345770 KB
22:58:10 Players: 0 in total
22:58:14 [CE][SpawnRandomLoot] (StaticHeliCrash) :: ChildType: Wreck_Mi8, lootmin: 10, lootmax: 20, wanted: 19
22:58:14 [CE][SpawnRandomLoot] (StaticHeliCrash) :: ChildType: Wreck_Mi8, lootmin: 10, lootmax: 20, wanted: 19
22:58:15 [CE][SpawnRandomLoot] (StaticPoliceCar) :: ChildType: Land_Wreck_Volha_Police, lootmin: 3, lootmax: 5, wanted: 4
22:58:15 [CE][SpawnRandomLoot] (StaticPoliceCar) :: ChildType: Land_Wreck_Volha_Police, lootmin: 3, lootmax: 5, wanted: 3
22:58:15 [CE][SpawnRandomLoot] (StaticPoliceCar) :: ChildType: Land_Wreck_Volha_Police, lootmin: 3, lootmax: 5, wanted: 3
22:58:15 [CE][SpawnRandomLoot] (StaticPoliceCar) :: ChildType: Land_Wreck_Volha_Police, lootmin: 3, lootmax: 5, wanted: 4
22:58:15 [CE][SpawnRandomLoot] (StaticPoliceCar) :: ChildType: Land_Wreck_Volha_Police, lootmin: 3, lootmax: 5, wanted: 3
22:58:15 [CE][SpawnRandomLoot] (StaticPoliceCar) :: ChildType: Land_Wreck_Volha_Police, lootmin: 3, lootmax: 5, wanted: 4
22:58:15 [CE][SpawnRandomLoot] (StaticPoliceCar) :: ChildType: Land_Wreck_Volha_Police, lootmin: 3, lootmax: 5, wanted: 3
22:58:15 [CE][SpawnRandomLoot] (StaticPoliceCar) :: ChildType: Land_Wreck_Volha_Police, lootmin: 3, lootmax: 5, wanted: 4
22:58:15 [CE][SpawnRandomLoot] (StaticPoliceCar) :: ChildType: Land_Wreck_Volha_Police, lootmin: 3, lootmax: 5, wanted: 4
22:58:40 Average server FPS: 8199.27 (measured interval: 30 s)
22:58:40 Used memory: 1346560 KB
22:58:40 Players: 0 in total
22:59:02 BattlEye Server: RCon admin #0: (Global) The Community TEST SERVER will reboot in 25 minutes.
22:59:10 Average server FPS: 9354.33 (measured interval: 30 s)
22:59:10 Used memory: 1346529 KB
22:59:10 Players: 0 in total
22:59:11 [CE][SpawnRandomLoot] (StaticHeliCrash) :: ChildType: Wreck_Mi8, lootmin: 10, lootmax: 20, wanted: 14
22:59:12 [CE][SpawnRandomLoot] (StaticPoliceCar) :: ChildType: Land_Wreck_Volha_Police, lootmin: 3, lootmax: 5, wanted: 3
22:59:40 Average server FPS: 9141.20 (measured interval: 30 s)
22:59:40 Used memory: 1346665 KB
22:59:40 Players: 0 in total
23:00:10 Average server FPS: 9425.23 (measured interval: 30 s)
23:00:10 Used memory: 1346664 KB
23:00:10 Players: 0 in total
23:00:40 Average server FPS: 8917.67 (measured interval: 30 s)
23:00:40 Used memory: 1346563 KB
23:00:40 Players: 0 in total
23:01:10 Average server FPS: 9111.67 (measured interval: 30 s)
23:01:10 Used memory: 1346449 KB
23:01:10 Players: 0 in total
23:01:40 Average server FPS: 9378.73 (measured interval: 30 s)
23:01:40 Used memory: 1346491 KB
23:01:40 Players: 0 in total
23:02:10 Average server FPS: 9163.60 (measured interval: 30 s)
23:02:10 Used memory: 1346499 KB
23:02:10 Players: 0 in total
23:02:40 Average server FPS: 9242.30 (measured interval: 30 s)
23:02:40 Used memory: 1346454 KB
23:02:40 Players: 0 in total
23:03:10 Average server FPS: 9102.83 (measured interval: 30 s)
23:03:10 Used memory: 1346358 KB
23:03:10 Players: 0 in total
23:03:40 Average server FPS: 9138.60 (measured interval: 30 s)
23:03:40 Used memory: 1346522 KB
23:03:40 Players: 0 in total
23:04:10 Average server FPS: 9372.93 (measured interval: 30 s)
23:04:10 Used memory: 1346438 KB
23:04:10 Players: 0 in total
23:04:40 Average server FPS: 9101.90 (measured interval: 30 s)
23:04:40 Used memory: 1346451 KB
23:04:40 Players: 0 in total
23:05:02 BattlEye Server: RCon admin #0: (Global) Welcome to The Community Test Server! This server restarts every 30 Minutes
23:05:07 BattlEye Server: RCon admin #0: (Global) Discord at https://discord.me/eXpoch -- I Still have TS3.donkeypunch.info
23:05:10 Average server FPS: 9223.80 (measured interval: 30 s)
23:05:10 Used memory: 1346279 KB
23:05:10 Players: 0 in total
23:05:17 BattlEye Server: RCon admin #0: (Global) Interesting new message here, inquire within battleye-BEC!
23:05:40 Average server FPS: 9228.00 (measured interval: 30 s)
23:05:40 Used memory: 1346080 KB
23:05:40 Players: 0 in total
23:06:10 Average server FPS: 9178.93 (measured interval: 30 s)
23:06:10 Used memory: 1346066 KB
23:06:10 Players: 0 in total
23:06:40 Average server FPS: 9227.80 (measured interval: 30 s)
23:06:40 Used memory: 1345924 KB
23:06:40 Players: 0 in total
23:07:10 Average server FPS: 9166.40 (measured interval: 30 s)
23:07:10 Used memory: 1345855 KB
23:07:10 Players: 0 in total
23:07:40 Average server FPS: 9042.43 (measured interval: 30 s)
23:07:40 Used memory: 1345741 KB
23:07:40 Players: 0 in total
23:08:10 Average server FPS: 9355.77 (measured interval: 30 s)
23:08:10 Used memory: 1345638 KB
23:08:10 Players: 0 in total
23:08:40 Average server FPS: 9315.83 (measured interval: 30 s)
23:08:40 Used memory: 1345602 KB
23:08:40 Players: 0 in total
23:09:02 BattlEye Server: RCon admin #0: (Global) The Community TEST SERVER will reboot in 15 minutes.
23:09:10 Average server FPS: 9361.20 (measured interval: 30 s)
23:09:10 Used memory: 1345488 KB
23:09:10 Players: 0 in total
23:09:40 Average server FPS: 9054.67 (measured interval: 30 s)
23:09:40 Used memory: 1345295 KB
23:09:40 Players: 0 in total
23:10:10 Average server FPS: 8616.17 (measured interval: 30 s)
23:10:10 Used memory: 1345179 KB
23:10:10 Players: 0 in total
23:10:40 Average server FPS: 8999.70 (measured interval: 30 s)
23:10:40 Used memory: 1345071 KB
23:10:40 Players: 0 in total
23:11:10 Average server FPS: 8985.40 (measured interval: 30 s)
23:11:10 Used memory: 1344869 KB
23:11:10 Players: 0 in total
23:11:40 Average server FPS: 8892.10 (measured interval: 30 s)
23:11:40 Used memory: 1344749 KB
23:11:40 Players: 0 in total
23:12:10 Average server FPS: 8869.00 (measured interval: 30 s)
23:12:10 Used memory: 1344604 KB
23:12:10 Players: 0 in total
23:12:40 Average server FPS: 8898.40 (measured interval: 30 s)
23:12:40 Used memory: 1344685 KB
23:12:40 Players: 0 in total
23:13:10 Average server FPS: 9012.70 (measured interval: 30 s)
23:13:10 Used memory: 1344370 KB
23:13:10 Players: 0 in total
23:13:40 Average server FPS: 8650.87 (measured interval: 30 s)
23:13:40 Used memory: 1344162 KB
23:13:40 Players: 0 in total
23:14:10 Average server FPS: 8772.67 (measured interval: 30 s)
23:14:10 Used memory: 1344005 KB
23:14:10 Players: 0 in total
23:14:40 Average server FPS: 8841.50 (measured interval: 30 s)
23:14:40 Used memory: 1343960 KB
23:14:40 Players: 0 in total
23:15:02 BattlEye Server: RCon admin #0: (Global) Welcome to The Community Test Server! This server restarts every 30 Minutes
23:15:07 BattlEye Server: RCon admin #0: (Global) Discord at https://discord.me/eXpoch -- I Still have TS3.donkeypunch.info
23:15:10 Average server FPS: 8787.57 (measured interval: 30 s)
23:15:10 Used memory: 1343809 KB
23:15:10 Players: 0 in total
23:15:17 BattlEye Server: RCon admin #0: (Global) Interesting new message here, inquire within battleye-BEC!
23:15:40 Average server FPS: 8714.07 (measured interval: 30 s)
23:15:40 Used memory: 1343669 KB
23:15:40 Players: 0 in total
23:16:10 Average server FPS: 8623.20 (measured interval: 30 s)
23:16:10 Used memory: 1343515 KB
23:16:10 Players: 0 in total
23:16:40 Average server FPS: 8802.63 (measured interval: 30 s)
23:16:40 Used memory: 1343621 KB
23:16:40 Players: 0 in total
23:17:10 Average server FPS: 8964.87 (measured interval: 30 s)
23:17:10 Used memory: 1343406 KB
23:17:10 Players: 0 in total
23:17:40 Average server FPS: 8646.20 (measured interval: 30 s)
23:17:40 Used memory: 1343273 KB
23:17:40 Players: 0 in total
23:18:00 [CE][LootRespawner] (PRIDummy) :: Item [0] is hard to place, performance drops: "ParamedicJacket_Blue"
23:18:10 Average server FPS: 9009.30 (measured interval: 30 s)
23:18:10 Used memory: 1343372 KB
23:18:10 Players: 0 in total
23:18:40 Average server FPS: 8782.60 (measured interval: 30 s)
23:18:40 Used memory: 1343092 KB
23:18:40 Players: 0 in total
23:19:02 BattlEye Server: RCon admin #0: (Global) The Community TEST SERVER will reboot in 5 minutes. Wrap it up, getting close
23:19:10 Average server FPS: 3957.17 (measured interval: 30 s)
23:19:10 Used memory: 1342953 KB
23:19:10 Players: 0 in total
23:19:40 Average server FPS: 8825.73 (measured interval: 30 s)
23:19:40 Used memory: 1343010 KB
23:19:40 Players: 0 in total
23:20:10 Average server FPS: 8788.97 (measured interval: 30 s)
23:20:10 Used memory: 1342844 KB
23:20:10 Players: 0 in total
23:20:40 Average server FPS: 8813.13 (measured interval: 30 s)
23:20:40 Used memory: 1342668 KB
23:20:40 Players: 0 in total
23:21:10 Average server FPS: 8758.77 (measured interval: 30 s)
23:21:10 Used memory: 1342754 KB
23:21:10 Players: 0 in total
23:21:40 Average server FPS: 8826.60 (measured interval: 30 s)
23:21:40 Used memory: 1342524 KB
23:21:40 Players: 0 in total
23:22:02 BattlEye Server: RCon admin #0: (Global) The Community TEST SERVER will reboot in 2 minutes. LOG OUT NOW!
23:22:10 Average server FPS: 8940.71 (measured interval: 30 s)
23:22:10 Used memory: 1342653 KB
23:22:10 Players: 0 in total
23:22:40 Average server FPS: 5422.72 (measured interval: 30 s)
23:22:40 Used memory: 1342262 KB
23:22:40 Players: 0 in total
