 9:00:08 BattlEye Server: Initialized (v1.217)
 9:00:09 SUCCESS: SteamGameServer_Init(0,8766,2442,28056,3,1.07.153006)
 9:00:09 Roles assigned.
 9:00:09 Reading mission ...
 9:00:56 [CE][Hive] :: Initializing OFFLINE
 9:00:56 [CE][Hive] :: Loading core data ... 
 9:00:56 [CE][CoreData] :: 7 root classes, 19 defaults, 0 updaters...
 9:01:04 [CE][RegisterBind] :: 0 classes binded...
 9:01:04 [CE][RegisterConfig] :: 7403 config classes registered, 0 sub-counters...
 9:01:04 [CE][Hive] :: Loading map data ... 
 9:01:04 !!! [CE] :: Unknown category: 'vehicleparts'.
 9:01:04 [CE][LoadPrototype] :: loaded 330 prototypes
 9:01:04   702 containers, 9116 points
 9:01:04   24 dispatches, 90 proxies
 9:01:04 !!! [CE][LoadPrototype] 12 groups have no points...
 9:01:04 !!![CE][LoadPrototype]  3 groups have wrong points...
 9:01:04 [CE][LoadPrototype] :: last group name: Land_Lunapark_Autodrome...
 9:01:04 [CE][LoadPrototype] :: loaded 0 prototypes
 9:01:04   0 containers, 0 points
 9:01:04   0 dispatches, 0 proxies
 9:01:04 [CE][LoadPrototype] :: last group name: PathD_7100...
 9:01:04 [CE][LoadMap] "Group" :: loaded 5086 groups, largest group range: 26.9
 9:01:04 [CE][LoadMap] "Dirt" :: loaded 0 groups, largest group range: 26.9
 9:01:05 [CE][LoadClusters] "Cluster" :: Loading files...
 9:01:05 [CE][LoadClusters] :: file: "mapgroupcluster.xml", 4 types, 50000 instances
 9:01:05 [CE][LoadClusters] :: file: "mapgroupcluster01", 4 types, 50000 instances
 9:01:05 [CE][LoadClusters] :: file: "mapgroupcluster02", 4 types, 50000 instances
 9:01:06 [CE][LoadClusters] :: file: "mapgroupcluster03", 4 types, 50000 instances
 9:01:06 [CE][LoadClusters] :: file: "mapgroupcluster04", 4 types, 21297 instances
 9:01:06 [CE][Storage] ver:21 stamp:1730, valid:yes, name:"mpmissions\TheCommunity.enoch\storage_666\data\types.bin"
 9:01:06 [CE][Storage] ver:21 stamp:1729, valid:yes, name:"mpmissions\TheCommunity.enoch\storage_666\data\types.001"
 9:01:06 [CE][Storage] ver:21 stamp:1727, valid:yes, name:"mpmissions\TheCommunity.enoch\storage_666\data\types.002"
 9:01:06 [CE][Storage] Restoring file "mpmissions\TheCommunity.enoch\storage_666\data\types.bin".
 9:01:06 [CE][offlineDB] :: Loaded 33 dynamic events 215 total types 0 total positions.
 9:01:06 [CE][Storage] ver:21 stamp:1730, valid:yes, name:"mpmissions\TheCommunity.enoch\storage_666\data\events.bin"
 9:01:06 [CE][Storage] ver:21 stamp:1729, valid:yes, name:"mpmissions\TheCommunity.enoch\storage_666\data\events.001"
 9:01:06 [CE][Storage] ver:21 stamp:1727, valid:yes, name:"mpmissions\TheCommunity.enoch\storage_666\data\events.002"
 9:01:06 [CE][Storage] Restoring file "mpmissions\TheCommunity.enoch\storage_666\data\events.bin".
 9:01:06 [CE][DynamicEvent] Load  Events:[33] Primary spawners: 33 Secondary spawners: 1
 9:01:06 [CE][Storage] ver:24 stamp:1730, valid:yes, name:"mpmissions\TheCommunity.enoch\storage_666\data\vehicles.bin"
 9:01:06 [CE][Storage] ver:24 stamp:1729, valid:yes, name:"mpmissions\TheCommunity.enoch\storage_666\data\vehicles.001"
 9:01:06 [CE][Storage] ver:24 stamp:1727, valid:yes, name:"mpmissions\TheCommunity.enoch\storage_666\data\vehicles.002"
 9:01:06 [CE][Storage] Restoring file "mpmissions\TheCommunity.enoch\storage_666\data\vehicles.bin" 97 items.
 9:01:06   97 items loaded.
 9:01:06 [CE][Storage] ver:0 stamp:0, valid:NO, name:"mpmissions\TheCommunity.enoch\storage_666\data\dynamic_000.bin"
 9:01:06 [CE][Storage] ver:24 stamp:1729, valid:yes, name:"mpmissions\TheCommunity.enoch\storage_666\data\dynamic_000.001"
 9:01:06 [CE][Storage] ver:24 stamp:1727, valid:yes, name:"mpmissions\TheCommunity.enoch\storage_666\data\dynamic_000.002"
 9:01:06 [CE][Storage] Restoring file "mpmissions\TheCommunity.enoch\storage_666\data\dynamic_000.001" 287 items.
 9:01:06   287 items loaded.
 9:01:06 [CE][Storage] ver:0 stamp:0, valid:NO, name:"mpmissions\TheCommunity.enoch\storage_666\data\dynamic_001.bin"
 9:01:06 [CE][Storage] ver:24 stamp:1729, valid:yes, name:"mpmissions\TheCommunity.enoch\storage_666\data\dynamic_001.001"
 9:01:06 [CE][Storage] ver:24 stamp:1727, valid:yes, name:"mpmissions\TheCommunity.enoch\storage_666\data\dynamic_001.002"
 9:01:06 [CE][Storage] Restoring file "mpmissions\TheCommunity.enoch\storage_666\data\dynamic_001.001" 1870 items.
 9:01:07   1870 items loaded.
 9:01:07 [CE][Storage] ver:0 stamp:0, valid:NO, name:"mpmissions\TheCommunity.enoch\storage_666\data\dynamic_002.bin"
 9:01:07 [CE][Storage] ver:24 stamp:1729, valid:yes, name:"mpmissions\TheCommunity.enoch\storage_666\data\dynamic_002.001"
 9:01:07 [CE][Storage] ver:24 stamp:1727, valid:yes, name:"mpmissions\TheCommunity.enoch\storage_666\data\dynamic_002.002"
 9:01:07 [CE][Storage] Restoring file "mpmissions\TheCommunity.enoch\storage_666\data\dynamic_002.001" 505 items.
 9:01:07   505 items loaded.
 9:01:07 [CE][Storage] ver:0 stamp:0, valid:NO, name:"mpmissions\TheCommunity.enoch\storage_666\data\dynamic_003.bin"
 9:01:07 [CE][Storage] ver:24 stamp:1729, valid:yes, name:"mpmissions\TheCommunity.enoch\storage_666\data\dynamic_003.001"
 9:01:07 [CE][Storage] ver:24 stamp:1727, valid:yes, name:"mpmissions\TheCommunity.enoch\storage_666\data\dynamic_003.002"
 9:01:07 [CE][Storage] Restoring file "mpmissions\TheCommunity.enoch\storage_666\data\dynamic_003.001" 1067 items.
 9:01:07   1067 items loaded.
 9:01:07 [CE][Storage] ver:0 stamp:0, valid:NO, name:"mpmissions\TheCommunity.enoch\storage_666\data\dynamic_004.bin"
 9:01:07 [CE][Storage] ver:24 stamp:1729, valid:yes, name:"mpmissions\TheCommunity.enoch\storage_666\data\dynamic_004.001"
 9:01:07 [CE][Storage] ver:24 stamp:1727, valid:yes, name:"mpmissions\TheCommunity.enoch\storage_666\data\dynamic_004.002"
 9:01:07 [CE][Storage] Restoring file "mpmissions\TheCommunity.enoch\storage_666\data\dynamic_004.001" 1461 items.
 9:01:07   1461 items loaded.
 9:01:07 [CE][Storage] ver:0 stamp:0, valid:NO, name:"mpmissions\TheCommunity.enoch\storage_666\data\dynamic_005.bin"
 9:01:07 [CE][Storage] ver:24 stamp:1729, valid:yes, name:"mpmissions\TheCommunity.enoch\storage_666\data\dynamic_005.001"
 9:01:07 [CE][Storage] ver:24 stamp:1727, valid:yes, name:"mpmissions\TheCommunity.enoch\storage_666\data\dynamic_005.002"
 9:01:07 [CE][Storage] Restoring file "mpmissions\TheCommunity.enoch\storage_666\data\dynamic_005.001" 1733 items.
 9:01:08   1733 items loaded.
 9:01:08 [CE][Storage] ver:0 stamp:0, valid:NO, name:"mpmissions\TheCommunity.enoch\storage_666\data\dynamic_006.bin"
 9:01:08 [CE][Storage] ver:24 stamp:1729, valid:yes, name:"mpmissions\TheCommunity.enoch\storage_666\data\dynamic_006.001"
 9:01:08 [CE][Storage] ver:24 stamp:1727, valid:yes, name:"mpmissions\TheCommunity.enoch\storage_666\data\dynamic_006.002"
 9:01:08 [CE][Storage] Restoring file "mpmissions\TheCommunity.enoch\storage_666\data\dynamic_006.001" 910 items.
 9:01:08   910 items loaded.
 9:01:08 [CE][Storage] ver:0 stamp:0, valid:NO, name:"mpmissions\TheCommunity.enoch\storage_666\data\dynamic_007.bin"
 9:01:08 [CE][Storage] ver:24 stamp:1729, valid:yes, name:"mpmissions\TheCommunity.enoch\storage_666\data\dynamic_007.001"
 9:01:08 [CE][Storage] ver:24 stamp:1727, valid:yes, name:"mpmissions\TheCommunity.enoch\storage_666\data\dynamic_007.002"
 9:01:08 [CE][Storage] Restoring file "mpmissions\TheCommunity.enoch\storage_666\data\dynamic_007.001" 1292 items.
 9:01:09   1292 items loaded.
 9:01:09 [CE][Storage] ver:0 stamp:0, valid:NO, name:"mpmissions\TheCommunity.enoch\storage_666\data\dynamic_008.bin"
 9:01:09 [CE][Storage] ver:24 stamp:1729, valid:yes, name:"mpmissions\TheCommunity.enoch\storage_666\data\dynamic_008.001"
 9:01:09 [CE][Storage] ver:24 stamp:1727, valid:yes, name:"mpmissions\TheCommunity.enoch\storage_666\data\dynamic_008.002"
 9:01:09 [CE][Storage] Restoring file "mpmissions\TheCommunity.enoch\storage_666\data\dynamic_008.001" 966 items.
 9:01:09   966 items loaded.
 9:01:09 [CE][Storage] ver:0 stamp:0, valid:NO, name:"mpmissions\TheCommunity.enoch\storage_666\data\dynamic_009.bin"
 9:01:09 [CE][Storage] ver:24 stamp:1729, valid:yes, name:"mpmissions\TheCommunity.enoch\storage_666\data\dynamic_009.001"
 9:01:09 [CE][Storage] ver:24 stamp:1727, valid:yes, name:"mpmissions\TheCommunity.enoch\storage_666\data\dynamic_009.002"
 9:01:09 [CE][Storage] Restoring file "mpmissions\TheCommunity.enoch\storage_666\data\dynamic_009.001" 995 items.
 9:01:09   995 items loaded.
 9:01:09 [CE][Storage] ver:0 stamp:0, valid:NO, name:"mpmissions\TheCommunity.enoch\storage_666\data\dynamic_010.bin"
 9:01:09 [CE][Storage] ver:24 stamp:1729, valid:yes, name:"mpmissions\TheCommunity.enoch\storage_666\data\dynamic_010.001"
 9:01:09 [CE][Storage] ver:24 stamp:1727, valid:yes, name:"mpmissions\TheCommunity.enoch\storage_666\data\dynamic_010.002"
 9:01:09 [CE][Storage] Restoring file "mpmissions\TheCommunity.enoch\storage_666\data\dynamic_010.001" 2171 items.
 9:01:10   2171 items loaded.
 9:01:10 [CE][Storage] ver:0 stamp:0, valid:NO, name:"mpmissions\TheCommunity.enoch\storage_666\data\dynamic_011.bin"
 9:01:10 [CE][Storage] ver:24 stamp:1729, valid:yes, name:"mpmissions\TheCommunity.enoch\storage_666\data\dynamic_011.001"
 9:01:10 [CE][Storage] ver:24 stamp:1727, valid:yes, name:"mpmissions\TheCommunity.enoch\storage_666\data\dynamic_011.002"
 9:01:10 [CE][Storage] Restoring file "mpmissions\TheCommunity.enoch\storage_666\data\dynamic_011.001" 284 items.
 9:01:10   284 items loaded.
 9:01:10 [CE][Hive] :: Storage load took:3.99 seconds, recovery stamp:1730
 9:01:10   entity: 13638, building: 0
 9:01:10   no lifetime: 40
 9:01:10 [CE][Hive] :: Initializing ... 
 9:01:10 [CE][InitializeMap] :: initialized: 0
 9:01:10 [CE][Hive] :: Initializing spawners ... 
 9:01:12 [CE][LootRespawner] (PRIDummy) :: Item [0] causing search overtime: "Mag_Nailgun_50n"
 9:01:12 [CE][LootRespawner] (PRIDummy) :: Item [1] causing search overtime: "Mag_Nailgun_50n"
 9:01:12 [CE][LootRespawner] (PRIDummy) :: Item [2] causing search overtime: "Mag_Nailgun_50n"
 9:01:12 [CE][LootRespawner] (PRIDummy) :: Item [3] causing search overtime: "Mag_Nailgun_50n"
 9:01:12 [CE][LootRespawner] (PRIDummy) :: Item [4] causing search overtime: "Mag_Nailgun_50n"
 9:01:12 [CE][LootRespawner] (PRIDummy) :: Item [5] causing search overtime: "Mag_Nailgun_50n"
 9:01:12 [CE][LootRespawner] (PRIDummy) :: Item [6] causing search overtime: "Mag_Nailgun_50n"
 9:01:12 [CE][LootRespawner] (PRIDummy) :: Item [7] causing search overtime: "Mag_Nailgun_50n"
 9:01:12 [CE][LootRespawner] (PRIDummy) :: Item [8] causing search overtime: "Mag_Nailgun_50n"
 9:01:12 [CE][LootRespawner] (PRIDummy) :: Item [9] causing search overtime: "Mag_Nailgun_50n"
 9:01:12 [CE][LootRespawner] (PRIDummy) :: Item [10] causing search overtime: "Mag_Nailgun_50n"
 9:01:12 [CE][LootRespawner] (PRIDummy) :: Item [11] causing search overtime: "Mag_Nailgun_50n"
 9:01:12 [CE][LootRespawner] (PRIDummy) :: Item [12] causing search overtime: "Mag_Nailgun_50n"
 9:01:12 [CE][LootRespawner] (PRIDummy) :: Item [13] causing search overtime: "Mag_Nailgun_50n"
 9:01:12 [CE][LootRespawner] (PRIDummy) :: Item [14] causing search overtime: "Mag_Nailgun_50n"
 9:01:12 [CE][LootRespawner] (PRIDummy) :: Item [15] causing search overtime: "Mag_Nailgun_50n"
 9:01:12 [CE][LootRespawner] (PRIDummy) :: Item [16] causing search overtime: "Mag_Nailgun_50n"
 9:01:12 [CE][LootRespawner] (PRIDummy) :: Item [17] causing search overtime: "Mag_Nailgun_50n"
 9:01:12 [CE][LootRespawner] (PRIDummy) :: Item [18] causing search overtime: "AmmoBox_762x25_25Rnd"
 9:01:12 [CE][LootRespawner] (PRIDummy) :: Item [19] causing search overtime: "AmmoBox_762x25_25Rnd"
 9:01:12 [CE][LootRespawner] (PRIDummy) :: Item [0] is hard to place, performance drops: "UMP45"
 9:01:12 [CE][LootRespawner] (PRIDummy) :: Item [1] is hard to place, performance drops: "Breeches_Blackcheck"
 9:01:12 [CE][LootRespawner] (PRIDummy) :: Item [2] is hard to place, performance drops: "UKAssVest_Camo"
 9:01:13 [CE][LootRespawner] (PRIDummy) :: Item [3] is hard to place, performance drops: "TTSKOPants"
 9:01:13 [CE][LootRespawner] (PRIDummy) :: Item [4] is hard to place, performance drops: "TTSKOPants"
 9:01:13 [CE][LootRespawner] (PRIDummy) :: Item [5] is hard to place, performance drops: "TTSKOPants"
 9:01:13 [CE][LootRespawner] (PRIDummy) :: Item [6] is hard to place, performance drops: "TTSKOPants"
 9:01:13 [CE][LootRespawner] (PRIDummy) :: Item [7] is hard to place, performance drops: "TTSKOPants"
 9:01:13 [CE][LootRespawner] (PRIDummy) :: Item [8] is hard to place, performance drops: "Snipe_Mask_Orange"
 9:01:13 [CE][LootRespawner] (PRIDummy) :: Item [9] is hard to place, performance drops: "Bandana_PolkaPattern"
 9:01:13 [CE][LootRespawner] (PRIDummy) :: Item [10] is hard to place, performance drops: "NBCJacketGray"
 9:01:13 [CE][LootRespawner] (PRIDummy) :: Item [11] is hard to place, performance drops: "NBCJacketGray"
 9:01:13 [CE][LootRespawner] (PRIDummy) :: Initially (re)spawned:220, Nominal:22572, Total in Map: 13898 at 0 (sec)
 9:01:13   tests:237, repeats:5 fails:12, overtime:5594
 9:01:13 [CE][DynEvent] :: 33 types
 9:01:13 [00] AmbientHen
 9:01:13   Primary Spawner: "Ambient", active: yes, repeat: 1
 9:01:13 [01] AnimalBear
 9:01:13   Primary Spawner: "Animal", active: yes, repeat: 1
 9:01:13 [02] AnimalCow
 9:01:13   Primary Spawner: "Animal", active: yes, repeat: 1
 9:01:13 [03] AnimalDeer
 9:01:13   Primary Spawner: "Animal", active: yes, repeat: 1
 9:01:13 [04] AnimalGoat
 9:01:13   Primary Spawner: "Animal", active: yes, repeat: 1
 9:01:13 [05] AnimalPig
 9:01:13   Primary Spawner: "Animal", active: yes, repeat: 1
 9:01:13 [06] AnimalRoeDeer
 9:01:13   Primary Spawner: "Animal", active: yes, repeat: 1
 9:01:13 [07] AnimalSheep
 9:01:13   Primary Spawner: "Animal", active: yes, repeat: 1
 9:01:13 [08] AnimalWildBoar
 9:01:13   Primary Spawner: "Animal", active: yes, repeat: 1
 9:01:13 [09] AnimalWolf
 9:01:13   Primary Spawner: "Animal", active: yes, repeat: 1
 9:01:13 [10] InfectedArmy
 9:01:13   Primary Spawner: "Infected", active: yes, repeat: 1
 9:01:13 [11] InfectedCity
 9:01:13   Primary Spawner: "Infected", active: yes, repeat: 1
 9:01:13 [12] InfectedFirefighter
 9:01:13   Primary Spawner: "Infected", active: yes, repeat: 1
 9:01:13 [13] InfectedIndustrial
 9:01:13   Primary Spawner: "Infected", active: yes, repeat: 1
 9:01:13 [14] InfectedMedic
 9:01:13   Primary Spawner: "Infected", active: yes, repeat: 1
 9:01:13 [15] InfectedPolice
 9:01:13   Primary Spawner: "Infected", active: yes, repeat: 1
 9:01:13 [16] InfectedPrisoner
 9:01:13   Primary Spawner: "Infected", active: yes, repeat: 1
 9:01:13 [17] InfectedReligious
 9:01:13   Primary Spawner: "Infected", active: yes, repeat: 1
 9:01:13 [18] InfectedSolitude
 9:01:13   Primary Spawner: "Infected", active: yes, repeat: 1
 9:01:13 [19] InfectedVillage
 9:01:13   Primary Spawner: "Infected", active: yes, repeat: 1
 9:01:13 [20] ItemPlanks
 9:01:13   Primary Spawner: "Item", active: yes, repeat: 1
 9:01:13 [21] Loot
 9:01:13   Primary Spawner: "Loot", active: yes, repeat: 2
 9:01:13 [22] StaticHeliCrash
 9:01:13   Primary Spawner: "Vehicle", active: yes, repeat: 1
 9:01:13   Secondary Spawner: "Infected", active: yes, repeat: 1
 9:01:13 [23] StaticPoliceCar
 9:01:13   Primary Spawner: "Vehicle", active: yes, repeat: 1
 9:01:13 [24] TrajectoryConiferous
 9:01:13   Primary Spawner: "Trajectory", active: yes, repeat: 1
 9:01:13 [25] TrajectoryDeciduous
 9:01:13   Primary Spawner: "Trajectory", active: yes, repeat: 1
 9:01:13 [26] TrajectoryHumus
 9:01:13   Primary Spawner: "Trajectory", active: yes, repeat: 1
 9:01:13 [27] TrajectoryStones
 9:01:13   Primary Spawner: "Trajectory", active: yes, repeat: 1
 9:01:13 [28] VehicleCivilianSedan
 9:01:13   Primary Spawner: "Vehicle", active: yes, repeat: 1
 9:01:13 [29] VehicleHatchback02
 9:01:13   Primary Spawner: "Vehicle", active: yes, repeat: 1
 9:01:13 [30] VehicleOffroadHatchback
 9:01:13   Primary Spawner: "Vehicle", active: yes, repeat: 1
 9:01:13 [31] VehicleSedan02
 9:01:13   Primary Spawner: "Vehicle", active: yes, repeat: 1
 9:01:13 [32] VehicleCrSk_Land_Rover_Defender_110
 9:01:13   Primary Spawner: "Vehicle", active: yes, repeat: 1
 9:01:13 [CE][Hive] :: Initializing of spawners done.
 9:01:13 [CE][Hive] :: Init sequence finished.
 9:01:15 BattlEye Server: RCon admin #0 (127.0.0.1:65280) logged in
 9:01:43 Average server FPS: 2626.57 (measured interval: 30 s)
 9:01: