17:56:37 BattlEye Server: Initialized (v1.217)
17:56:37 SUCCESS: SteamGameServer_Init(0,8766,2442,28056,3,1.07.153006)
17:56:37 Roles assigned.
17:56:37 Reading mission ...
17:56:53 [CE][Hive] :: Initializing OFFLINE
17:56:53 [CE][Hive] :: Loading core data ... 
17:56:53 [CE][CoreData] :: 7 root classes, 19 defaults, 0 updaters...
17:56:57 [CE][TypeSetup] :: 408 classes setuped...
17:56:57 [CE][RegisterBind] :: 0 classes binded...
17:56:57 [CE][RegisterConfig] :: 3115 config classes registered, 1 sub-counters...
17:56:57 [CE][Hive] :: Loading map data ... 
17:56:57 !!! [CE] :: Unknown category: 'vehicleparts'.
17:56:57 !!! [CE] :: Unknown category: 'vehicleparts'.
17:56:57 !!! [CE] :: Unknown category: 'vehicleparts'.
17:56:57 !!! [CE] :: Unknown category: 'vehicleparts'.
17:56:57 !!! [CE] :: Unknown category: 'vehicleparts'.
17:56:57 !!! [CE] :: Unknown category: 'vehicleparts'.
17:56:57 !!! [CE] :: Unknown category: 'vehicleparts'.
17:56:57 !!! [CE] :: Unknown category: 'vehicleparts'.
17:56:57 !!! [CE] :: Unknown category: 'vehicleparts'.
17:56:57 !!! [CE] :: Unknown category: 'vehicleparts'.
17:56:57 !!! [CE] :: Unknown category: 'vehicleparts'.
17:56:57 !!! [CE] :: Unknown category: 'vehicleparts'.
17:56:57 !!! [CE] :: Unknown category: 'vehicleparts'.
17:56:57 !!! [CE] :: Unknown category: 'vehicleparts'.
17:56:57 !!! [CE] :: Unknown category: 'vehicleparts'.
17:56:57 !!! [CE] :: Unknown category: 'vehicleparts'.
17:56:57 !!! [CE] :: Unknown category: 'vehicleparts'.
17:56:57 !!! [CE] :: Unknown category: 'vehicleparts'.
17:56:57 !!! [CE] :: Unknown category: 'vehicleparts'.
17:56:57 !!! [CE] :: Unknown category: 'vehicleparts'.
17:56:57 !!! [CE] :: Unknown category: 'vehicleparts'.
17:56:57 !!! [CE] :: Unknown category: 'vehicleparts'.
17:56:57 !!! [CE] :: Unknown category: 'vehicleparts'.
17:56:57 !!! [CE] :: Unknown category: 'vehicleparts'.
17:56:57 [CE][LoadPrototype] :: loaded 330 prototypes
17:56:57   702 containers, 9116 points
17:56:57   24 dispatches, 90 proxies
17:56:57 !!! [CE][LoadPrototype] 12 groups have no points...
17:56:57 !!![CE][LoadPrototype]  3 groups have wrong points...
17:56:57 [CE][LoadPrototype] :: last group name: Land_Lunapark_Autodrome...
17:56:57 [CE][LoadPrototype] :: loaded 0 prototypes
17:56:57   0 containers, 0 points
17:56:57   0 dispatches, 0 proxies
17:56:57 [CE][LoadPrototype] :: last group name: PathD_7100...
17:56:58 [CE][LoadMap] "Group" :: loaded 5086 groups, largest group range: 26.9
17:56:58 [CE][LoadMap] "Dirt" :: loaded 0 groups, largest group range: 26.9
17:56:58 [CE][LoadClusters] "Cluster" :: Loading files...
17:56:58 [CE][LoadClusters] :: file: "mapgroupcluster.xml", 4 types, 50000 instances
17:56:58 [CE][LoadClusters] :: file: "mapgroupcluster01", 4 types, 50000 instances
17:56:59 [CE][LoadClusters] :: file: "mapgroupcluster02", 4 types, 50000 instances
17:56:59 [CE][LoadClusters] :: file: "mapgroupcluster03", 4 types, 50000 instances
17:56:59 [CE][LoadClusters] :: file: "mapgroupcluster04", 4 types, 21297 instances
17:56:59 [CE][Storage] ver:21 stamp:88, valid:yes, name:"mpmissions\TheCommunity.enoch\storage_666\data\types.bin"
17:56:59 [CE][Storage] ver:21 stamp:86, valid:yes, name:"mpmissions\TheCommunity.enoch\storage_666\data\types.001"
17:56:59 [CE][Storage] ver:21 stamp:87, valid:yes, name:"mpmissions\TheCommunity.enoch\storage_666\data\types.002"
17:56:59 [CE][Storage] Restoring file "mpmissions\TheCommunity.enoch\storage_666\data\types.bin".
17:56:59 [CE][offlineDB] :: Loaded 32 dynamic events 211 total types 0 total positions.
17:56:59 [CE][Storage] ver:21 stamp:88, valid:yes, name:"mpmissions\TheCommunity.enoch\storage_666\data\events.bin"
17:56:59 [CE][Storage] ver:21 stamp:86, valid:yes, name:"mpmissions\TheCommunity.enoch\storage_666\data\events.001"
17:56:59 [CE][Storage] ver:21 stamp:87, valid:yes, name:"mpmissions\TheCommunity.enoch\storage_666\data\events.002"
17:56:59 [CE][Storage] Restoring file "mpmissions\TheCommunity.enoch\storage_666\data\events.bin".
17:56:59 [CE][DynamicEvent] Load  Events:[32] Primary spawners: 32 Secondary spawners: 1
17:56:59 [CE][Storage] ver:24 stamp:88, valid:yes, name:"mpmissions\TheCommunity.enoch\storage_666\data\vehicles.bin"
17:56:59 [CE][Storage] ver:24 stamp:86, valid:yes, name:"mpmissions\TheCommunity.enoch\storage_666\data\vehicles.001"
17:56:59 [CE][Storage] ver:24 stamp:87, valid:yes, name:"mpmissions\TheCommunity.enoch\storage_666\data\vehicles.002"
17:56:59 [CE][Storage] Restoring file "mpmissions\TheCommunity.enoch\storage_666\data\vehicles.bin" 104 items.
17:56:59   104 items loaded.
17:56:59 [CE][Storage] ver:0 stamp:0, valid:NO, name:"mpmissions\TheCommunity.enoch\storage_666\data\dynamic_000.bin"
17:56:59 [CE][Storage] ver:24 stamp:86, valid:yes, name:"mpmissions\TheCommunity.enoch\storage_666\data\dynamic_000.001"
17:56:59 [CE][Storage] ver:24 stamp:87, valid:yes, name:"mpmissions\TheCommunity.enoch\storage_666\data\dynamic_000.002"
17:56:59 [CE][Storage] Restoring file "mpmissions\TheCommunity.enoch\storage_666\data\dynamic_000.002" 319 items.
17:56:59   319 items loaded.
17:56:59 [CE][Storage] ver:0 stamp:0, valid:NO, name:"mpmissions\TheCommunity.enoch\storage_666\data\dynamic_001.bin"
17:56:59 [CE][Storage] ver:24 stamp:86, valid:yes, name:"mpmissions\TheCommunity.enoch\storage_666\data\dynamic_001.001"
17:56:59 [CE][Storage] ver:24 stamp:87, valid:yes, name:"mpmissions\TheCommunity.enoch\storage_666\data\dynamic_001.002"
17:56:59 [CE][Storage] Restoring file "mpmissions\TheCommunity.enoch\storage_666\data\dynamic_001.002" 1915 items.
17:57:00   1915 items loaded.
17:57:00 [CE][Storage] ver:0 stamp:0, valid:NO, name:"mpmissions\TheCommunity.enoch\storage_666\data\dynamic_002.bin"
17:57:00 [CE][Storage] ver:24 stamp:86, valid:yes, name:"mpmissions\TheCommunity.enoch\storage_666\data\dynamic_002.001"
17:57:00 [CE][Storage] ver:24 stamp:87, valid:yes, name:"mpmissions\TheCommunity.enoch\storage_666\data\dynamic_002.002"
17:57:00 [CE][Storage] Restoring file "mpmissions\TheCommunity.enoch\storage_666\data\dynamic_002.002" 496 items.
17:57:00   496 items loaded.
17:57:00 [CE][Storage] ver:0 stamp:0, valid:NO, name:"mpmissions\TheCommunity.enoch\storage_666\data\dynamic_003.bin"
17:57:00 [CE][Storage] ver:24 stamp:86, valid:yes, name:"mpmissions\TheCommunity.enoch\storage_666\data\dynamic_003.001"
17:57:00 [CE][Storage] ver:24 stamp:87, valid:yes, name:"mpmissions\TheCommunity.enoch\storage_666\data\dynamic_003.002"
17:57:00 [CE][Storage] Restoring file "mpmissions\TheCommunity.enoch\storage_666\data\dynamic_003.002" 988 items.
17:57:00   988 items loaded.
17:57:00 [CE][Storage] ver:0 stamp:0, valid:NO, name:"mpmissions\TheCommunity.enoch\storage_666\data\dynamic_004.bin"
17:57:00 [CE][Storage] ver:24 stamp:86, valid:yes, name:"mpmissions\TheCommunity.enoch\storage_666\data\dynamic_004.001"
17:57:00 [CE][Storage] ver:24 stamp:87, valid:yes, name:"mpmissions\TheCommunity.enoch\storage_666\data\dynamic_004.002"
17:57:00 [CE][Storage] Restoring file "mpmissions\TheCommunity.enoch\storage_666\data\dynamic_004.002" 1157 items.
17:57:00   1157 items loaded.
17:57:00 [CE][Storage] ver:0 stamp:0, valid:NO, name:"mpmissions\TheCommunity.enoch\storage_666\data\dynamic_005.bin"
17:57:00 [CE][Storage] ver:24 stamp:86, valid:yes, name:"mpmissions\TheCommunity.enoch\storage_666\data\dynamic_005.001"
17:57:00 [CE][Storage] ver:24 stamp:87, valid:yes, name:"mpmissions\TheCommunity.enoch\storage_666\data\dynamic_005.002"
17:57:00 [CE][Storage] Restoring file "mpmissions\TheCommunity.enoch\storage_666\data\dynamic_005.002" 1433 items.
17:57:00   1433 items loaded.
17:57:00 [CE][Storage] ver:0 stamp:0, valid:NO, name:"mpmissions\TheCommunity.enoch\storage_666\data\dynamic_006.bin"
17:57:00 [CE][Storage] ver:24 stamp:86, valid:yes, name:"mpmissions\TheCommunity.enoch\storage_666\data\dynamic_006.001"
17:57:00 [CE][Storage] ver:24 stamp:87, valid:yes, name:"mpmissions\TheCommunity.enoch\storage_666\data\dynamic_006.002"
17:57:00 [CE][Storage] Restoring file "mpmissions\TheCommunity.enoch\storage_666\data\dynamic_006.002" 784 items.
17:57:01   784 items loaded.
17:57:01 [CE][Storage] ver:0 stamp:0, valid:NO, name:"mpmissions\TheCommunity.enoch\storage_666\data\dynamic_007.bin"
17:57:01 [CE][Storage] ver:24 stamp:86, valid:yes, name:"mpmissions\TheCommunity.enoch\storage_666\data\dynamic_007.001"
17:57:01 [CE][Storage] ver:24 stamp:87, valid:yes, name:"mpmissions\TheCommunity.enoch\storage_666\data\dynamic_007.002"
17:57:01 [CE][Storage] Restoring file "mpmissions\TheCommunity.enoch\storage_666\data\dynamic_007.002" 932 items.
17:57:01   932 items loaded.
17:57:01 [CE][Storage] ver:0 stamp:0, valid:NO, name:"mpmissions\TheCommunity.enoch\storage_666\data\dynamic_008.bin"
17:57:01 [CE][Storage] ver:24 stamp:86, valid:yes, name:"mpmissions\TheCommunity.enoch\storage_666\data\dynamic_008.001"
17:57:01 [CE][Storage] ver:24 stamp:87, valid:yes, name:"mpmissions\TheCommunity.enoch\storage_666\data\dynamic_008.002"
17:57:01 [CE][Storage] Restoring file "mpmissions\TheCommunity.enoch\storage_666\data\dynamic_008.002" 812 items.
17:57:01   812 items loaded.
17:57:01 [CE][Storage] ver:0 stamp:0, valid:NO, name:"mpmissions\TheCommunity.enoch\storage_666\data\dynamic_009.bin"
17:57:01 [CE][Storage] ver:24 stamp:86, valid:yes, name:"mpmissions\TheCommunity.enoch\storage_666\data\dynamic_009.001"
17:57:01 [CE][Storage] ver:24 stamp:87, valid:yes, name:"mpmissions\TheCommunity.enoch\storage_666\data\dynamic_009.002"
17:57:01 [CE][Storage] Restoring file "mpmissions\TheCommunity.enoch\storage_666\data\dynamic_009.002" 734 items.
17:57:01   734 items loaded.
17:57:01 [CE][Storage] ver:0 stamp:0, valid:NO, name:"mpmissions\TheCommunity.enoch\storage_666\data\dynamic_010.bin"
17:57:01 [CE][Storage] ver:24 stamp:86, valid:yes, name:"mpmissions\TheCommunity.enoch\storage_666\data\dynamic_010.001"
17:57:01 [CE][Storage] ver:24 stamp:87, valid:yes, name:"mpmissions\TheCommunity.enoch\storage_666\data\dynamic_010.002"
17:57:01 [CE][Storage] Restoring file "mpmissions\TheCommunity.enoch\storage_666\data\dynamic_010.002" 2045 items.
17:57:01   2045 items loaded.
17:57:01 [CE][Storage] ver:0 stamp:0, valid:NO, name:"mpmissions\TheCommunity.enoch\storage_666\data\dynamic_011.bin"
17:57:01 [CE][Storage] ver:24 stamp:86, valid:yes, name:"mpmissions\TheCommunity.enoch\storage_666\data\dynamic_011.001"
17:57:01 [CE][Storage] ver:24 stamp:87, valid:yes, name:"mpmissions\TheCommunity.enoch\storage_666\data\dynamic_011.002"
17:57:02 [CE][Storage] Restoring file "mpmissions\TheCommunity.enoch\storage_666\data\dynamic_011.002" 273 items.
17:57:02   273 items loaded.
17:57:02 [CE][Hive] :: Storage load took:2.74 seconds, recovery stamp:88
17:57:02   entity: 12811, building: 0
17:57:02   no lifetime: 40
17:57:02 [CE][Hive] :: Initializing ... 
17:57:02 [CE][InitializeMap] :: initialized: 0
17:57:02 [CE][Hive] :: Initializing spawners ... 
17:57:04 [CE][LootRespawner] (PRIDummy) :: Item [0] causing search overtime: "CivSedanHood_Wine"
17:57:04 [CE][LootRespawner] (PRIDummy) :: Item [1] causing search overtime: "CivSedanHood_Wine"
17:57:04 [CE][LootRespawner] (PRIDummy) :: Item [2] causing search overtime: "CivSedanHood_Wine"
17:57:04 [CE][LootRespawner] (PRIDummy) :: Item [3] causing search overtime: "CivSedanHood_Wine"
17:57:04 [CE][LootRespawner] (PRIDummy) :: Item [4] causing search overtime: "CivSedanHood_Wine"
17:57:04 [CE][LootRespawner] (PRIDummy) :: Item [5] causing search overtime: "CivSedanHood_Wine"
17:57:04 [CE][LootRespawner] (PRIDummy) :: Item [6] causing search overtime: "CivSedanHood_Wine"
17:57:04 [CE][LootRespawner] (PRIDummy) :: Item [7] causing search overtime: "CivSedanHood_Wine"
17:57:04 [CE][LootRespawner] (PRIDummy) :: Item [8] causing search overtime: "CivSedanHood_Wine"
17:57:04 [CE][LootRespawner] (PRIDummy) :: Item [9] causing search overtime: "CivSedanHood_Wine"
17:57:04 [CE][LootRespawner] (PRIDummy) :: Item [10] causing search overtime: "Sedan_02_Trunk_Grey"
17:57:04 [CE][LootRespawner] (PRIDummy) :: Item [11] causing search overtime: "Sedan_02_Trunk_Grey"
17:57:04 [CE][LootRespawner] (PRIDummy) :: Item [12] causing search overtime: "Sedan_02_Trunk_Grey"
17:57:04 [CE][LootRespawner] (PRIDummy) :: Item [13] causing search overtime: "Sedan_02_Trunk_Grey"
17:57:04 [CE][LootRespawner] (PRIDummy) :: Item [14] causing search overtime: "Sedan_02_Trunk_Grey"
17:57:04 [CE][LootRespawner] (PRIDummy) :: Item [15] causing search overtime: "Sedan_02_Trunk_Grey"
17:57:04 [CE][LootRespawner] (PRIDummy) :: Item [16] causing search overtime: "Sedan_02_Trunk_Grey"
17:57:04 [CE][LootRespawner] (PRIDummy) :: Item [17] causing search overtime: "Sedan_02_Trunk_Grey"
17:57:04 [CE][LootRespawner] (PRIDummy) :: Item [18] causing search overtime: "Sedan_02_Trunk_Grey"
17:57:04 [CE][LootRespawner] (PRIDummy) :: Item [19] causing search overtime: "Sedan_02_Trunk_Grey"
17:57:04 [CE][LootRespawner] (PRIDummy) :: Initially (re)spawned:10, Nominal:12429, Total in Map: 12031 at 0 (sec)
17:57:04   tests:10, repeats:0 fails:0, overtime:502
17:57:04 [CE][DynEvent] :: 32 types
17:57:04 [00] AmbientHen
17:57:04   Primary Spawner: "Ambient", active: yes, repeat: 1
17:57:04 [01] AnimalBear
17:57:04   Primary Spawner: "Animal", active: yes, repeat: 1
17:57:04 [02] AnimalCow
17:57:04   Primary Spawner: "Animal", active: yes, repeat: 1
17:57:04 [03] AnimalDeer
17:57:04   Primary Spawner: "Animal", active: yes, repeat: 1
17:57:04 [04] AnimalGoat
17:57:04   Primary Spawner: "Animal", active: yes, repeat: 1
17:57:04 [05] AnimalPig
17:57:04   Primary Spawner: "Animal", active: yes, repeat: 1
17:57:04 [06] AnimalRoeDeer
17:57:04   Primary Spawner: "Animal", active: yes, repeat: 1
17:57:04 [07] AnimalSheep
17:57:04   Primary Spawner: "Animal", active: yes, repeat: 1
17:57:04 [08] AnimalWildBoar
17:57:04   Primary Spawner: "Animal", active: yes, repeat: 1
17:57:04 [09] AnimalWolf
17:57:04   Primary Spawner: "Animal", active: yes, repeat: 1
17:57:04 [10] InfectedArmy
17:57:04   Primary Spawner: "Infected", active: yes, repeat: 1
17:57:04 [11] InfectedCity
17:57:04   Primary Spawner: "Infected", active: yes, repeat: 1
17:57:04 [12] InfectedFirefighter
17:57:04   Primary Spawner: "Infected", active: yes, repeat: 1
17:57:04 [13] InfectedIndustrial
17:57:04   Primary Spawner: "Infected", active: yes, repeat: 1
17:57:04 [14] InfectedMedic
17:57:04   Primary Spawner: "Infected", active: yes, repeat: 1
17:57:04 [15] InfectedPolice
17:57:04   Primary Spawner: "Infected", active: yes, repeat: 1
17:57:04 [16] InfectedPrisoner
17:57:04   Primary Spawner: "Infected", active: yes, repeat: 1
17:57:04 [17] InfectedReligious
17:57:04   Primary Spawner: "Infected", active: yes, repeat: 1
17:57:04 [18] InfectedSolitude
17:57:04   Primary Spawner: "Infected", active: yes, repeat: 1
17:57:04 [19] InfectedVillage
17:57:04   Primary Spawner: "Infected", active: yes, repeat: 1
17:57:04 [20] ItemPlanks
17:57:04   Primary Spawner: "Item", active: yes, repeat: 1
17:57:04 [21] Loot
17:57:04   Primary Spawner: "Loot", active: yes, repeat: 2
17:57:04 [22] StaticHeliCrash
17:57:04   Primary Spawner: "Vehicle", active: yes, repeat: 1
17:57:04   Secondary Spawner: "Infected", active: yes, repeat: 1
17:57:04 [23] StaticPoliceCar
17:57:04   Primary Spawner: "Vehicle", active: yes, repeat: 1
17:57:04 [24] TrajectoryConiferous
17:57:04   Primary Spawner: "Trajectory", active: yes, repeat: 1
17:57:04 [25] TrajectoryDeciduous
17:57:04   Primary Spawner: "Trajectory", active: yes, repeat: 1
17:57:04 [26] TrajectoryHumus
17:57:04   Primary Spawner: "Trajectory", active: yes, repeat: 1
17:57:04 [27] TrajectoryStones
17:57:04   Primary Spawner: "Trajectory", active: yes, repeat: 1
17:57:04 [28] VehicleCivilianSedan
17:57:04   Primary Spawner: "Vehicle", active: yes, repeat: 1
17:57:04 [29] VehicleHatchback02
17:57:04   Primary Spawner: "Vehicle", active: yes, repeat: 1
17:57:04 [30] VehicleOffroadHatchback
17:57:04   Primary Spawner: "Vehicle", active: yes, repeat: 1
17:57:04 [31] VehicleSedan02
17:57:04   Primary Spawner: "Vehicle", active: yes, repeat: 1
17:57:04 [CE][Hive] :: Initializing of spawners done.
17:57:04 [CE][Hive] :: Init sequence finished.
17:57:07 Average server FPS: 0.76 (measured interval: 30 s)
17:57:07 Used memory: 1243042 KB
17:57:07 Players: 0 in total
17:57:37 Average server FPS: 6085.86 (measured interval: 30 s)
17:57:37 Used memory: 1299263