10:58:07 BattlEye Server: Initialized (v1.217)
10:58:08 SUCCESS: SteamGameServer_Init(0,8766,2442,28056,3,1.07.153006)
10:58:08 Roles assigned.
10:58:08 Reading mission ...
10:59:00 [CE][Hive] :: Initializing OFFLINE
10:59:00 [CE][Hive] :: Loading core data ... 
10:59:00 [CE][CoreData] :: 7 root classes, 19 defaults, 0 updaters...
10:59:12 [CE][RegisterBind] :: 0 classes binded...
10:59:12 [CE][RegisterConfig] :: 7390 config classes registered, 0 sub-counters...
10:59:12 [CE][Hive] :: Loading map data ... 
10:59:12 !!! [CE] :: Unknown category: 'vehicleparts'.
10:59:12 !!! [CE] :: Unknown category: 'vehicleparts'.
10:59:12 !!! [CE] :: Unknown category: 'vehicleparts'.
10:59:12 !!! [CE] :: Unknown category: 'vehicleparts'.
10:59:12 !!! [CE] :: Unknown category: 'vehicleparts'.
10:59:12 !!! [CE] :: Unknown category: 'vehicleparts'.
10:59:12 !!! [CE] :: Unknown category: 'vehicleparts'.
10:59:12 !!! [CE] :: Unknown category: 'vehicleparts'.
10:59:12 !!! [CE] :: Unknown category: 'vehicleparts'.
10:59:12 !!! [CE] :: Unknown category: 'vehicleparts'.
10:59:12 !!! [CE] :: Unknown category: 'vehicleparts'.
10:59:12 !!! [CE] :: Unknown category: 'vehicleparts'.
10:59:12 !!! [CE] :: Unknown category: 'vehicleparts'.
10:59:12 !!! [CE] :: Unknown category: 'vehicleparts'.
10:59:12 !!! [CE] :: Unknown category: 'vehicleparts'.
10:59:12 !!! [CE] :: Unknown category: 'vehicleparts'.
10:59:12 !!! [CE] :: Unknown category: 'vehicleparts'.
10:59:12 !!! [CE] :: Unknown category: 'vehicleparts'.
10:59:12 !!! [CE] :: Unknown category: 'vehicleparts'.
10:59:12 !!! [CE] :: Unknown category: 'vehicleparts'.
10:59:12 !!! [CE] :: Unknown category: 'vehicleparts'.
10:59:12 !!! [CE] :: Unknown category: 'vehicleparts'.
10:59:12 !!! [CE] :: Unknown category: 'vehicleparts'.
10:59:12 !!! [CE] :: Unknown category: 'vehicleparts'.
10:59:12 [CE][LoadPrototype] :: loaded 330 prototypes
10:59:12   702 containers, 9116 points
10:59:12   24 dispatches, 90 proxies
10:59:12 !!! [CE][LoadPrototype] 12 groups have no points...
10:59:12 !!![CE][LoadPrototype]  3 groups have wrong points...
10:59:12 [CE][LoadPrototype] :: last group name: Land_Lunapark_Autodrome...
10:59:12 [CE][LoadPrototype] :: loaded 0 prototypes
10:59:12   0 containers, 0 points
10:59:12   0 dispatches, 0 proxies
10:59:12 [CE][LoadPrototype] :: last group name: PathD_7100...
10:59:12 [CE][LoadMap] "Group" :: loaded 5086 groups, largest group range: 26.9
10:59:12 [CE][LoadMap] "Dirt" :: loaded 0 groups, largest group range: 26.9
10:59:12 [CE][LoadClusters] "Cluster" :: Loading files...
10:59:13 [CE][LoadClusters] :: file: "mapgroupcluster.xml", 4 types, 50000 instances
10:59:13 [CE][LoadClusters] :: file: "mapgroupcluster01", 4 types, 50000 instances
10:59:13 [CE][LoadClusters] :: file: "mapgroupcluster02", 4 types, 50000 instances
10:59:13 [CE][LoadClusters] :: file: "mapgroupcluster03", 4 types, 50000 instances
10:59:13 [CE][LoadClusters] :: file: "mapgroupcluster04", 4 types, 21297 instances
10:59:13 [CE][Storage] ver:21 stamp:30627, valid:yes, name:"mpmissions\TheCommunity.enoch\storage_666\data\types.bin"
10:59:13 [CE][Storage] ver:21 stamp:30624, valid:yes, name:"mpmissions\TheCommunity.enoch\storage_666\data\types.001"
10:59:13 [CE][Storage] ver:21 stamp:30625, valid:yes, name:"mpmissions\TheCommunity.enoch\storage_666\data\types.002"
10:59:13 [CE][Storage] Restoring file "mpmissions\TheCommunity.enoch\storage_666\data\types.bin".
10:59:13 [CE][offlineDB] :: Loaded 33 dynamic events 215 total types 0 total positions.
10:59:14 !!! [CE][offlineDB] :: Failed to read 'db/types.xml' file.
10:59:14 [CE][Storage] ver:21 stamp:30627, valid:yes, name:"mpmissions\TheCommunity.enoch\storage_666\data\events.bin"
10:59:14 [CE][Storage] ver:21 stamp:30624, valid:yes, name:"mpmissions\TheCommunity.enoch\storage_666\data\events.001"
10:59:14 [CE][Storage] ver:21 stamp:30625, valid:yes, name:"mpmissions\TheCommunity.enoch\storage_666\data\events.002"
10:59:14 [CE][Storage] Restoring file "mpmissions\TheCommunity.enoch\storage_666\data\events.bin".
10:59:14 [CE][DynamicEvent] Load  Events:[33] Primary spawners: 33 Secondary spawners: 1
10:59:14 [CE][Storage] ver:24 stamp:30627, valid:yes, name:"mpmissions\TheCommunity.enoch\storage_666\data\vehicles.bin"
10:59:14 [CE][Storage] ver:24 stamp:30624, valid:yes, name:"mpmissions\TheCommunity.enoch\storage_666\data\vehicles.001"
10:59:14 [CE][Storage] ver:24 stamp:30625, valid:yes, name:"mpmissions\TheCommunity.enoch\storage_666\data\vehicles.002"
10:59:14 [CE][Storage] Restoring file "mpmissions\TheCommunity.enoch\storage_666\data\vehicles.bin" 26 items.
10:59:14   26 items loaded.
10:59:14 [CE][Storage] ver:0 stamp:0, valid:NO, name:"mpmissions\TheCommunity.enoch\storage_666\data\dynamic_000.bin"
10:59:14 [CE][Storage] ver:24 stamp:30624, valid:yes, name:"mpmissions\TheCommunity.enoch\storage_666\data\dynamic_000.001"
10:59:14 [CE][Storage] ver:24 stamp:30625, valid:yes, name:"mpmissions\TheCommunity.enoch\storage_666\data\dynamic_000.002"
10:59:14 [CE][Storage] Restoring file "mpmissions\TheCommunity.enoch\storage_666\data\dynamic_000.002" 10 items.
10:59:14   10 items loaded.
10:59:14 [CE][Storage] ver:0 stamp:0, valid:NO, name:"mpmissions\TheCommunity.enoch\storage_666\data\dynamic_001.bin"
10:59:14 [CE][Storage] ver:24 stamp:30624, valid:yes, name:"mpmissions\TheCommunity.enoch\storage_666\data\dynamic_001.001"
10:59:14 [CE][Storage] ver:24 stamp:30625, valid:yes, name:"mpmissions\TheCommunity.enoch\storage_666\data\dynamic_001.002"
10:59:14 [CE][Storage] Restoring file "mpmissions\TheCommunity.enoch\storage_666\data\dynamic_001.002" 91 items.
10:59:14   91 items loaded.
10:59:14 [CE][Storage] ver:0 stamp:0, valid:NO, name:"mpmissions\TheCommunity.enoch\storage_666\data\dynamic_002.bin"
10:59:14 [CE][Storage] ver:24 stamp:30624, valid:yes, name:"mpmissions\TheCommunity.enoch\storage_666\data\dynamic_002.001"
10:59:14 [CE][Storage] ver:24 stamp:30625, valid:yes, name:"mpmissions\TheCommunity.enoch\storage_666\data\dynamic_002.002"
10:59:14 [CE][Storage] Restoring file "mpmissions\TheCommunity.enoch\storage_666\data\dynamic_002.002" 24 items.
10:59:14   24 items loaded.
10:59:14 [CE][Storage] ver:0 stamp:0, valid:NO, name:"mpmissions\TheCommunity.enoch\storage_666\data\dynamic_003.bin"
10:59:14 [CE][Storage] ver:24 stamp:30624, valid:yes, name:"mpmissions\TheCommunity.enoch\storage_666\data\dynamic_003.001"
10:59:14 [CE][Storage] ver:24 stamp:30625, valid:yes, name:"mpmissions\TheCommunity.enoch\storage_666\data\dynamic_003.002"
10:59:14 [CE][Storage] Restoring file "mpmissions\TheCommunity.enoch\storage_666\data\dynamic_003.002" 54 items.
10:59:14   54 items loaded.
10:59:14 [CE][Storage] ver:0 stamp:0, valid:NO, name:"mpmissions\TheCommunity.enoch\storage_666\data\dynamic_004.bin"
10:59:14 [CE][Storage] ver:24 stamp:30624, valid:yes, name:"mpmissions\TheCommunity.enoch\storage_666\data\dynamic_004.001"
10:59:14 [CE][Storage] ver:24 stamp:30625, valid:yes, name:"mpmissions\TheCommunity.enoch\storage_666\data\dynamic_004.002"
10:59:14 [CE][Storage] Restoring file "mpmissions\TheCommunity.enoch\storage_666\data\dynamic_004.002" 48 items.
10:59:14   48 items loaded.
10:59:14 [CE][Storage] ver:0 stamp:0, valid:NO, name:"mpmissions\TheCommunity.enoch\storage_666\data\dynamic_005.bin"
10:59:14 [CE][Storage] ver:24 stamp:30624, valid:yes, name:"mpmissions\TheCommunity.enoch\storage_666\data\dynamic_005.001"
10:59:14 [CE][Storage] ver:24 stamp:30625, valid:yes, name:"mpmissions\TheCommunity.enoch\storage_666\data\dynamic_005.002"
10:59:14 [CE][Storage] Restoring file "mpmissions\TheCommunity.enoch\storage_666\data\dynamic_005.002" 61 items.
10:59:14   61 items loaded.
10:59:14 [CE][Storage] ver:0 stamp:0, valid:NO, name:"mpmissions\TheCommunity.enoch\storage_666\data\dynamic_006.bin"
10:59:14 [CE][Storage] ver:24 stamp:30624, valid:yes, name:"mpmissions\TheCommunity.enoch\storage_666\data\dynamic_006.001"
10:59:14 [CE][Storage] ver:24 stamp:30625, valid:yes, name:"mpmissions\TheCommunity.enoch\storage_666\data\dynamic_006.002"
10:59:14 [CE][Storage] Restoring file "mpmissions\TheCommunity.enoch\storage_666\data\dynamic_006.002" 52 items.
10:59:14   52 items loaded.
10:59:14 [CE][Storage] ver:0 stamp:0, valid:NO, name:"mpmissions\TheCommunity.enoch\storage_666\data\dynamic_007.bin"
10:59:14 [CE][Storage] ver:24 stamp:30624, valid:yes, name:"mpmissions\TheCommunity.enoch\storage_666\data\dynamic_007.001"
10:59:14 [CE][Storage] ver:24 stamp:30625, valid:yes, name:"mpmissions\TheCommunity.enoch\storage_666\data\dynamic_007.002"
10:59:14 [CE][Storage] Restoring file "mpmissions\TheCommunity.enoch\storage_666\data\dynamic_007.002" 35 items.
10:59:14   35 items loaded.
10:59:14 [CE][Storage] ver:0 stamp:0, valid:NO, name:"mpmissions\TheCommunity.enoch\storage_666\data\dynamic_008.bin"
10:59:14 [CE][Storage] ver:24 stamp:30624, valid:yes, name:"mpmissions\TheCommunity.enoch\storage_666\data\dynamic_008.001"
10:59:14 [CE][Storage] ver:24 stamp:30625, valid:yes, name:"mpmissions\TheCommunity.enoch\storage_666\data\dynamic_008.002"
10:59:14 [CE][Storage] Restoring file "mpmissions\TheCommunity.enoch\storage_666\data\dynamic_008.002" 30 items.
10:59:14   30 items loaded.
10:59:14 [CE][Storage] ver:0 stamp:0, valid:NO, name:"mpmissions\TheCommunity.enoch\storage_666\data\dynamic_009.bin"
10:59:14 [CE][Storage] ver:24 stamp:30624, valid:yes, name:"mpmissions\TheCommunity.enoch\storage_666\data\dynamic_009.001"
10:59:14 [CE][Storage] ver:24 stamp:30625, valid:yes, name:"mpmissions\TheCommunity.enoch\storage_666\data\dynamic_009.002"
10:59:14 [CE][Storage] Restoring file "mpmissions\TheCommunity.enoch\storage_666\data\dynamic_009.002" 21 items.
10:59:14   21 items loaded.
10:59:14 [CE][Storage] ver:0 stamp:0, valid:NO, name:"mpmissions\TheCommunity.enoch\storage_666\data\dynamic_010.bin"
10:59:14 [CE][Storage] ver:24 stamp:30624, valid:yes, name:"mpmissions\TheCommunity.enoch\storage_666\data\dynamic_010.001"
10:59:14 [CE][Storage] ver:24 stamp:30625, valid:yes, name:"mpmissions\TheCommunity.enoch\storage_666\data\dynamic_010.002"
10:59:14 [CE][Storage] Restoring file "mpmissions\TheCommunity.enoch\storage_666\data\dynamic_010.002" 118 items.
10:59:14   118 items loaded.
10:59:14 [CE][Storage] ver:0 stamp:0, valid:NO, name:"mpmissions\TheCommunity.enoch\storage_666\data\dynamic_011.bin"
10:59:14 [CE][Storage] ver:24 stamp:30624, valid:yes, name:"mpmissions\TheCommunity.enoch\storage_666\data\dynamic_011.001"
10:59:14 [CE][Storage] ver:24 stamp:30625, valid:yes, name:"mpmissions\TheCommunity.enoch\storage_666\data\dynamic_011.002"
10:59:14 [CE][Storage] Restoring file "mpmissions\TheCommunity.enoch\storage_666\data\dynamic_011.002" 18 items.
10:59:14   18 items loaded.
10:59:14 [CE][Hive] :: Storage load took:0.30 seconds, recovery stamp:30627
10:59:14   entity: 783, building: 0
10:59:14   no lifetime: 26
10:59:14 [CE][Hive] :: Initializing ... 
10:59:14 [CE][InitializeMap] :: initialized: 0
10:59:14 [CE][Hive] :: Initializing spawners ... 
10:59:14 [CE][DynEvent] :: 33 types
10:59:14 [00] AmbientHen
10:59:14   Primary Spawner: "Ambient", active: yes, repeat: 1
10:59:14 [01] AnimalBear
10:59:14   Primary Spawner: "Animal", active: yes, repeat: 1
10:59:14 [02] AnimalCow
10:59:14   Primary Spawner: "Animal", active: yes, repeat: 1
10:59:14 [03] AnimalDeer
10:59:14   Primary Spawner: "Animal", active: yes, repeat: 1
10:59:14 [04] AnimalGoat
10:59:14   Primary Spawner: "Animal", active: yes, repeat: 1
10:59:14 [05] AnimalPig
10:59:14   Primary Spawner: "Animal", active: yes, repeat: 1
10:59:14 [06] AnimalRoeDeer
10:59:14   Primary Spawner: "Animal", active: yes, repeat: 1
10:59:14 [07] AnimalSheep
10:59:14   Primary Spawner: "Animal", active: yes, repeat: 1
10:59:14 [08] AnimalWildBoar
10:59:14   Primary Spawner: "Animal", active: yes, repeat: 1
10:59:14 [09] AnimalWolf
10:59:14   Primary Spawner: "Animal", active: yes, repeat: 1
10:59:14 [10] InfectedArmy
10:59:14   Primary Spawner: "Infected", active: yes, repeat: 1
10:59:14 [11] InfectedCity
10:59:14   Primary Spawner: "Infected", active: yes, repeat: 1
10:59:14 [12] InfectedFirefighter
10:59:14   Primary Spawner: "Infected", active: yes, repeat: 1
10:59:14 [13] InfectedIndustrial
10:59:14   Primary Spawner: "Infected", active: yes, repeat: 1
10:59:14 [14] I