19:47:43 BattlEye Server: Initialized (v1.217)
19:47:44 SUCCESS: SteamGameServer_Init(0,8766,2442,28056,3,1.07.153006)
19:47:44 Roles assigned.
19:47:44 Reading mission ...
19:48:29 [CE][Hive] :: Initializing OFFLINE
19:48:29 [CE][Hive] :: Loading core data ... 
19:48:29 [CE][CoreData] :: 7 root classes, 19 defaults, 0 updaters...
19:48:32 [CE][TypeSetup] :: 408 classes setuped...
19:48:32 [CE][RegisterBind] :: 0 classes binded...
19:48:32 [CE][RegisterConfig] :: 3115 config classes registered, 1 sub-counters...
19:48:32 [CE][Hive] :: Loading map data ... 
19:48:32 !!! [CE] :: Unknown category: 'vehicleparts'.
19:48:32 !!! [CE] :: Unknown category: 'vehicleparts'.
19:48:32 !!! [CE] :: Unknown category: 'vehicleparts'.
19:48:32 !!! [CE] :: Unknown category: 'vehicleparts'.
19:48:32 !!! [CE] :: Unknown category: 'vehicleparts'.
19:48:32 !!! [CE] :: Unknown category: 'vehicleparts'.
19:48:32 !!! [CE] :: Unknown category: 'vehicleparts'.
19:48:32 !!! [CE] :: Unknown category: 'vehicleparts'.
19:48:32 !!! [CE] :: Unknown category: 'vehicleparts'.
19:48:32 !!! [CE] :: Unknown category: 'vehicleparts'.
19:48:32 !!! [CE] :: Unknown category: 'vehicleparts'.
19:48:32 !!! [CE] :: Unknown category: 'vehicleparts'.
19:48:32 !!! [CE] :: Unknown category: 'vehicleparts'.
19:48:32 !!! [CE] :: Unknown category: 'vehicleparts'.
19:48:32 !!! [CE] :: Unknown category: 'vehicleparts'.
19:48:32 !!! [CE] :: Unknown category: 'vehicleparts'.
19:48:32 !!! [CE] :: Unknown category: 'vehicleparts'.
19:48:32 !!! [CE] :: Unknown category: 'vehicleparts'.
19:48:32 !!! [CE] :: Unknown category: 'vehicleparts'.
19:48:32 !!! [CE] :: Unknown category: 'vehicleparts'.
19:48:32 !!! [CE] :: Unknown category: 'vehicleparts'.
19:48:32 !!! [CE] :: Unknown category: 'vehicleparts'.
19:48:32 !!! [CE] :: Unknown category: 'vehicleparts'.
19:48:32 !!! [CE] :: Unknown category: 'vehicleparts'.
19:48:32 [CE][LoadPrototype] :: loaded 330 prototypes
19:48:32   702 containers, 9116 points
19:48:32   24 dispatches, 90 proxies
19:48:32 !!! [CE][LoadPrototype] 12 groups have no points...
19:48:32 !!![CE][LoadPrototype]  3 groups have wrong points...
19:48:32 [CE][LoadPrototype] :: last group name: Land_Lunapark_Autodrome...
19:48:32 [CE][LoadPrototype] :: loaded 0 prototypes
19:48:32   0 containers, 0 points
19:48:32   0 dispatches, 0 proxies
19:48:32 [CE][LoadPrototype] :: last group name: PathD_7100...
19:48:33 [CE][LoadMap] "Group" :: loaded 5086 groups, largest group range: 26.9
19:48:33 [CE][LoadMap] "Dirt" :: loaded 0 groups, largest group range: 26.9
19:48:33 [CE][LoadClusters] "Cluster" :: Loading files...
19:48:33 [CE][LoadClusters] :: file: "mapgroupcluster.xml", 4 types, 50000 instances
19:48:33 [CE][LoadClusters] :: file: "mapgroupcluster01", 4 types, 50000 instances
19:48:33 [CE][LoadClusters] :: file: "mapgroupcluster02", 4 types, 50000 instances
19:48:34 [CE][LoadClusters] :: file: "mapgroupcluster03", 4 types, 50000 instances
19:48:34 [CE][LoadClusters] :: file: "mapgroupcluster04", 4 types, 21297 instances
19:48:34 [CE][Storage] ver:21 stamp:2969, valid:yes, name:"mpmissions\TheCommunity.enoch\storage_666\data\types.bin"
19:48:34 [CE][Storage] ver:21 stamp:2968, valid:yes, name:"mpmissions\TheCommunity.enoch\storage_666\data\types.001"
19:48:34 [CE][Storage] ver:21 stamp:2966, valid:yes, name:"mpmissions\TheCommunity.enoch\storage_666\data\types.002"
19:48:34 [CE][Storage] Restoring file "mpmissions\TheCommunity.enoch\storage_666\data\types.bin".
19:48:34 [CE][offlineDB] :: Loaded 32 dynamic events 211 total types 0 total positions.
19:48:34 [CE][Storage] ver:21 stamp:2969, valid:yes, name:"mpmissions\TheCommunity.enoch\storage_666\data\events.bin"
19:48:34 [CE][Storage] ver:21 stamp:2968, valid:yes, name:"mpmissions\TheCommunity.enoch\storage_666\data\events.001"
19:48:34 [CE][Storage] ver:21 stamp:2966, valid:yes, name:"mpmissions\TheCommunity.enoch\storage_666\data\events.002"
19:48:34 [CE][Storage] Restoring file "mpmissions\TheCommunity.enoch\storage_666\data\events.bin".
19:48:34 [CE][DynamicEvent] Load  Events:[32] Primary spawners: 32 Secondary spawners: 1
19:48:34 [CE][Storage] ver:24 stamp:2969, valid:yes, name:"mpmissions\TheCommunity.enoch\storage_666\data\vehicles.bin"
19:48:34 [CE][Storage] ver:24 stamp:2968, valid:yes, name:"mpmissions\TheCommunity.enoch\storage_666\data\vehicles.001"
19:48:34 [CE][Storage] ver:24 stamp:2966, valid:yes, name:"mpmissions\TheCommunity.enoch\storage_666\data\vehicles.002"
19:48:34 [CE][Storage] Restoring file "mpmissions\TheCommunity.enoch\storage_666\data\vehicles.bin" 87 items.
19:48:34   87 items loaded.
19:48:34 [CE][Storage] ver:0 stamp:0, valid:NO, name:"mpmissions\TheCommunity.enoch\storage_666\data\dynamic_000.bin"
19:48:34 [CE][Storage] ver:24 stamp:2968, valid:yes, name:"mpmissions\TheCommunity.enoch\storage_666\data\dynamic_000.001"
19:48:34 [CE][Storage] ver:24 stamp:2966, valid:yes, name:"mpmissions\TheCommunity.enoch\storage_666\data\dynamic_000.002"
19:48:34 [CE][Storage] Restoring file "mpmissions\TheCommunity.enoch\storage_666\data\dynamic_000.001" 252 items.
19:48:34   252 items loaded.
19:48:34 [CE][Storage] ver:0 stamp:0, valid:NO, name:"mpmissions\TheCommunity.enoch\storage_666\data\dynamic_001.bin"
19:48:34 [CE][Storage] ver:24 stamp:2968, valid:yes, name:"mpmissions\TheCommunity.enoch\storage_666\data\dynamic_001.001"
19:48:34 [CE][Storage] ver:24 stamp:2966, valid:yes, name:"mpmissions\TheCommunity.enoch\storage_666\data\dynamic_001.002"
19:48:34 [CE][Storage] Restoring file "mpmissions\TheCommunity.enoch\storage_666\data\dynamic_001.001" 1527 items.
19:48:34   1527 items loaded.
19:48:34 [CE][Storage] ver:0 stamp:0, valid:NO, name:"mpmissions\TheCommunity.enoch\storage_666\data\dynamic_002.bin"
19:48:34 [CE][Storage] ver:24 stamp:2968, valid:yes, name:"mpmissions\TheCommunity.enoch\storage_666\data\dynamic_002.001"
19:48:34 [CE][Storage] ver:24 stamp:2966, valid:yes, name:"mpmissions\TheCommunity.enoch\storage_666\data\dynamic_002.002"
19:48:34 [CE][Storage] Restoring file "mpmissions\TheCommunity.enoch\storage_666\data\dynamic_002.001" 408 items.
19:48:34   408 items loaded.
19:48:34 [CE][Storage] ver:0 stamp:0, valid:NO, name:"mpmissions\TheCommunity.enoch\storage_666\data\dynamic_003.bin"
19:48:34 [CE][Storage] ver:24 stamp:2968, valid:yes, name:"mpmissions\TheCommunity.enoch\storage_666\data\dynamic_003.001"
19:48:34 [CE][Storage] ver:24 stamp:2966, valid:yes, name:"mpmissions\TheCommunity.enoch\storage_666\data\dynamic_003.002"
19:48:34 [CE][Storage] Restoring file "mpmissions\TheCommunity.enoch\storage_666\data\dynamic_003.001" 810 items.
19:48:35   810 items loaded.
19:48:35 [CE][Storage] ver:0 stamp:0, valid:NO, name:"mpmissions\TheCommunity.enoch\storage_666\data\dynamic_004.bin"
19:48:35 [CE][Storage] ver:24 stamp:2968, valid:yes, name:"mpmissions\TheCommunity.enoch\storage_666\data\dynamic_004.001"
19:48:35 [CE][Storage] ver:24 stamp:2966, valid:yes, name:"mpmissions\TheCommunity.enoch\storage_666\data\dynamic_004.002"
19:48:35 [CE][Storage] Restoring file "mpmissions\TheCommunity.enoch\storage_666\data\dynamic_004.001" 937 items.
19:48:35   937 items loaded.
19:48:35 [CE][Storage] ver:0 stamp:0, valid:NO, name:"mpmissions\TheCommunity.enoch\storage_666\data\dynamic_005.bin"
19:48:35 [CE][Storage] ver:24 stamp:2968, valid:yes, name:"mpmissions\TheCommunity.enoch\storage_666\data\dynamic_005.001"
19:48:35 [CE][Storage] ver:24 stamp:2966, valid:yes, name:"mpmissions\TheCommunity.enoch\storage_666\data\dynamic_005.002"
19:48:35 [CE][Storage] Restoring file "mpmissions\TheCommunity.enoch\storage_666\data\dynamic_005.001" 1185 items.
19:48:35   1185 items loaded.
19:48:35 [CE][Storage] ver:0 stamp:0, valid:NO, name:"mpmissions\TheCommunity.enoch\storage_666\data\dynamic_006.bin"
19:48:35 [CE][Storage] ver:24 stamp:2968, valid:yes, name:"mpmissions\TheCommunity.enoch\storage_666\data\dynamic_006.001"
19:48:35 [CE][Storage] ver:24 stamp:2966, valid:yes, name:"mpmissions\TheCommunity.enoch\storage_666\data\dynamic_006.002"
19:48:35 [CE][Storage] Restoring file "mpmissions\TheCommunity.enoch\storage_666\data\dynamic_006.001" 639 items.
19:48:35   639 items loaded.
19:48:35 [CE][Storage] ver:0 stamp:0, valid:NO, name:"mpmissions\TheCommunity.enoch\storage_666\data\dynamic_007.bin"
19:48:35 [CE][Storage] ver:24 stamp:2968, valid:yes, name:"mpmissions\TheCommunity.enoch\storage_666\data\dynamic_007.001"
19:48:35 [CE][Storage] ver:24 stamp:2966, valid:yes, name:"mpmissions\TheCommunity.enoch\storage_666\data\dynamic_007.002"
19:48:35 [CE][Storage] Restoring file "mpmissions\TheCommunity.enoch\storage_666\data\dynamic_007.001" 708 items.
19:48:35   708 items loaded.
19:48:35 [CE][Storage] ver:0 stamp:0, valid:NO, name:"mpmissions\TheCommunity.enoch\storage_666\data\dynamic_008.bin"
19:48:35 [CE][Storage] ver:24 stamp:2968, valid:yes, name:"mpmissions\TheCommunity.enoch\storage_666\data\dynamic_008.001"
19:48:35 [CE][Storage] ver:24 stamp:2966, valid:yes, name:"mpmissions\TheCommunity.enoch\storage_666\data\dynamic_008.002"
19:48:35 [CE][Storage] Restoring file "mpmissions\TheCommunity.enoch\storage_666\data\dynamic_008.001" 656 items.
19:48:35   656 items loaded.
19:48:35 [CE][Storage] ver:0 stamp:0, valid:NO, name:"mpmissions\TheCommunity.enoch\storage_666\data\dynamic_009.bin"
19:48:35 [CE][Storage] ver:24 stamp:2968, valid:yes, name:"mpmissions\TheCommunity.enoch\storage_666\data\dynamic_009.001"
19:48:35 [CE][Storage] ver:24 stamp:2966, valid:yes, name:"mpmissions\TheCommunity.enoch\storage_666\data\dynamic_009.002"
19:48:35 [CE][Storage] Restoring file "mpmissions\TheCommunity.enoch\storage_666\data\dynamic_009.001" 575 items.
19:48:36   575 items loaded.
19:48:36 [CE][Storage] ver:0 stamp:0, valid:NO, name:"mpmissions\TheCommunity.enoch\storage_666\data\dynamic_010.bin"
19:48:36 [CE][Storage] ver:24 stamp:2968, valid:yes, name:"mpmissions\TheCommunity.enoch\storage_666\data\dynamic_010.001"
19:48:36 !!! [CE][Storage] Failed to read [Storage] data file "mpmissions\TheCommunity.enoch\storage_666\data\dynamic_010.002".
19:48:36   File not closed...
19:48:36 [CE][Storage] ver:24 stamp:2969, valid:NO, name:"mpmissions\TheCommunity.enoch\storage_666\data\dynamic_010.002"
19:48:36 [CE][Storage] Restoring file "mpmissions\TheCommunity.enoch\storage_666\data\dynamic_010.001" 1692 items.
19:48:36   1692 items loaded.
19:48:36 [CE][Storage] ver:0 stamp:0, valid:NO, name:"mpmissions\TheCommunity.enoch\storage_666\data\dynamic_011.bin"
19:48:36 [CE][Storage] ver:24 stamp:2968, valid:yes, name:"mpmissions\TheCommunity.enoch\storage_666\data\dynamic_011.001"
19:48:36 [CE][Storage] ver:24 stamp:2969, valid:yes, name:"mpmissions\TheCommunity.enoch\storage_666\data\dynamic_011.002"
19:48:36 [CE][Storage] Restoring file "mpmissions\TheCommunity.enoch\storage_666\data\dynamic_011.002" 217 items.
19:48:36   217 items loaded.
19:48:36 [CE][Hive] :: Storage load took:2.31 seconds, recovery stamp:2969
19:48:36   entity: 10419, building: 0
19:48:36   no lifetime: 40
19:48:36 [CE][Hive] :: Initializing ... 
19:48:36 [CE][InitializeMap] :: initialized: 0
19:48:36 [CE][Hive] :: Initializing spawners ... 
19:48:38 [CE][LootRespawner] (PRIDummy) :: Item [0] causing search overtime: "CivSedanHood_Wine"
19:48:38 [CE][LootRespawner] (PRIDummy) :: Item [1] causing search overtime: "CivSedanHood_Wine"
19:48:38 [CE][LootRespawner] (PRIDummy) :: Item [2] causing search overtime: "CivSedanHood_Wine"
19:48:38 [CE][LootRespawner] (PRIDummy) :: Item [3] causing search overtime: "CivSedanHood_Wine"
19:48:38 [CE][LootRespawner] (PRIDummy) :: Item [4] causing search overtime: "CivSedanHood_Wine"
19:48:38 [CE][LootRespawner] (PRIDummy) :: Item [5] causing search overtime: "CivSedanHood_Wine"
19:48:38 [CE][LootRespawner] (PRIDummy) :: Item [6] causing search overtime: "CivSedanHood_Wine"
19:48:38 [CE][LootRespawner] (PRIDummy) :: Item [7] causing search overtime: "CivSedanHood_Wine"
19:48:38 [CE][LootRespawner] (PRIDummy) :: Item [8] causing search overtime: "CivSedanHood_Wine"
19:48:38 [CE][LootRespawner] (PRIDummy) :: Item [9] causing search overtime: "CivSedanHood_Wine"
19:48:38 [CE][LootRespawner] (PRIDummy) :: Item [10] causing search overtime: "Sedan_02_Trunk_Grey"
19:48:38 [CE][LootRespawner] (PRIDummy) :: Item [11] causing search overtime: "Sedan_02_Trunk_Grey"
19:48:38 [CE][LootRespawner] (PRIDummy) :: Item [12] causing search overtime: "Sedan_02_Trunk_Grey"
19:48:38 [CE][LootRespawner] (PRIDummy) :: Item [13] causing search overtime: "Sedan_02_Trunk_Grey"
19:48:38 [CE][LootRespawner] (PRIDummy) :: Item [14] causing search overtime: "Sedan_02_Trunk_Grey"
19:48:38 [CE][LootRespawner] (PRIDummy) :: Item [15] causing search overtime: "Sedan_02_Trunk_Grey"
19:48:38 [CE][LootRespawner] (PRIDummy) :: Item [16] causing search overtime: "Sedan_02_Trunk_Grey"
19:48:38 [CE][LootRespawner] (PRIDummy) :: Item [17] causing search overtime: "Sedan_02_Trunk_Grey"
19:48:38 [CE][LootRespawner] (PRIDummy) :: Item [18] causing search overtime: "Sedan_02_Trunk_Grey"
19:48:38 [CE][LootRespawner] (PRIDummy) :: Item [19] causing search overtime: "Sedan_02_Trunk_Grey"
19:48:38 [CE][LootRespawner] (PRIDummy) :: Initially (re)spawned:54, Nominal:12429, Total in Map: 9776 at 0 (sec)
19:48:38   tests:54, repeats:0 fails:0, overtime:489
19:48:38 [CE][DynEvent] :: 32 types
19:48:38 [00] AmbientHen
19:48:38   Primary Spawner: "Ambient", active: yes, repeat: 1
19:48:38 [01] AnimalBear
19:48:38   Primary Spawner: "Animal", active: yes, repeat: 1
19:48:38 [02] AnimalCow
19:48:38   Primary Spawner: "Animal", active: yes, repeat: 1
19:48:38 [03] AnimalDeer
19:48:38   Primary Spawner: "Animal", active: yes, repeat: 1
19:48:38 [04] AnimalGoat
19:48:38   Primary Spawner: "Animal", active: yes, repeat: 1
19:48:38 [05] AnimalPig
19:48:38   Primary Spawner: "Animal", active: yes, repeat: 1
19:48:38 [06] AnimalRoeDeer
19:48:38   Primary Spawner: "Animal", active: yes, repeat: 1
19:48:38 [07] AnimalSheep
19:48:38   Primary Spawner: "Animal", active: yes, repeat: 1
19:48:38 [08] AnimalWildBoar
19:48:38   Primary Spawner: "Animal", active: yes, repeat: 1
19:48:38 [09] AnimalWolf
19:48:38   Primary Spawner: "Animal", active: yes, repeat: 1
19:48:38 [10] InfectedArmy
19:48:38   Primary Spawner: "Infected", active: yes, repeat: 1
19:48:38 [11] InfectedCity
19:48:38   Primary Spawner: "Infected", active: yes, repeat: 1
19:48:38 [12] InfectedFirefighter
19:48:38   Primary Spawner: "Infected", active: yes, repeat: 1
19:48:38 [13] InfectedIndustrial
19:48:38   Primary Spawner: "Infected", active: yes, repeat: 1
19:48:38 [14] InfectedMedic
19:48:38   Primary Spawner: "Infected", active: yes, repeat: 1
19:48:38 [15] InfectedPolice
19:48:38   Primary Spawner: "Infected", active: yes, repeat: 1
19:48:38 [16] InfectedPrisoner
19:48:38   Primary Spawner: "Infected", active: yes, repeat: 1
19:48:38 [17] InfectedReligious
19:48:38   Primary Spawner: "Infected", active: yes, repeat: 1
19:48:38 [18] InfectedSolitude
19:48:38   Primary Spawner: "Infected", active: yes, repeat: 1
19:48:38 [19] InfectedVillage
19:48:38   Primary Spawner: "Infected", active: yes, repeat: 1
19:48:38 [20] ItemPlanks
19:48:38   Primary Spawner: "Item", active: yes, repeat: 1
19:48:38 [21] Loot
19:48:38   Primary Spawner: "Loot", active: yes, repeat: 2
19:48:38 [22] StaticHeliCrash
19:48:38   Primary Spawner: "Vehicle", active: yes, repeat: 1
19:48:38   Secondary Spawner: "Infected", active: yes, repeat: 1
19:48:38 [23] StaticPoliceCar
19:48:38   Primary Spawner: "Vehicle", active: yes, repeat: 1
19:48:38 [24] TrajectoryConiferous
19:48:38   Primary Spawner: "Trajectory", active: yes, repeat: 1
19:48:38 [25] TrajectoryDeciduous
19:48:38   Primary Spawner: "Trajectory", active: yes, repeat: 1
19:48:38 [26] TrajectoryHumus
19:48:38   Primary Spawner: "Trajectory", active: yes, repeat: 1
19:48:38 [27] TrajectoryStones
19:48:38   Primary Spawner: "Trajectory", active: yes, repeat: 1
19:48:38 [28] VehicleCivilianSedan
19:48:38   Primary Spawner: "Vehicle", active: yes, repeat: 1
19:48:38 [29] VehicleHatchback02
19:48:38   Primary Spawner: "Vehicle", active: yes, repeat: 1
19:48:38 [30] VehicleOffroadHatchback
19:48:38   Primary Spawner: "Vehicle", active: yes, repeat: 1
19:48:38 [31] VehicleSedan02
19:48:38   Primary Spawner: "Vehicle", active: yes, repeat: 1
19:48:38 [CE][Hive] :: Initializing of spawners done.
19:48:38 [CE][Hive] :: Init sequence finished.
19:49:02 BattlEye Server: RCon admin #0 (127.0.0.1:58570) logged in
19:49:09 Average server FPS: 2258.26 (measured interval: 30 s)
19:49:09 Used memory: 1283583 KB
19:49:09 Players: 0 in total
19:49:39 Average server FPS: 2937.07 (measured interval: 30 s)
19:49:39 Used memory: 1294781 KB
19:49:39 Players: 0 in total
19:50:02 BattlEye Server: RCon admin #0: (Global) Welcome to The Community Live Server! This server restarts every 4 hours
19:50:07 BattlEye Server: RCon admin #0: (Global) Discord at https://discord.me/eXpoch -- If you need help join the discord and chime an admin
19:50:09 Average server FPS: 2993.50 (measured interval: 30 s)
19:50:09 Used memory: 1301421 KB
19:50:09 Players: 0 in total
19:50:12 BattlEye Server: RCon admin #0: (Global) Glitching/Cheating/Hacking/Abusing/Exploiting are all BANNABLE offenses
19:50:17 BattlEye Server: RCon admin #0: (Global) FREE FREE FREE FREE FREE FREE FREE
19:50:39 Average server FPS: 2836.30 (measured interval: 30 s)
19:50:39 Used memory: 1307474 KB
19:50:39 Players: 0 in total
19:51:09 Average server FPS: 2851.11 (measured interval: 30 s)
19:51:09 Used memory: 1315755 KB
19:51:09 Players: 0 in total
19:51:39 Average server FPS: 2958.47 (measured interval: 30 s)
19:51:39 Used memory: 1323838 KB
19:51:39 Players: 0 in total
19:52:09 Average server FPS: 2789.40 (measured interval: 30 s)
19:52:09 Used memory: 1339979 KB
19:52:09 Players: 0 in total
19:52:39 Average server FPS: 3059.41 (measured interval: 30 s)
19:52:39 Used memory: 1347568 KB
19:52:39 Players: 0 in total
