 0:53:53 BattlEye Server: Initialized (v1.217)
 0:53:53 SUCCESS: SteamGameServer_Init(0,8766,2442,28056,3,1.07.153006)
 0:53:53 Roles assigned.
 0:53:53 Reading mission ...
 0:54:38 [CE][Hive] :: Initializing OFFLINE
 0:54:38 [CE][Hive] :: Loading core data ... 
 0:54:38 [CE][CoreData] :: 7 root classes, 19 defaults, 0 updaters...
 0:54:56 [CE][RegisterBind] :: 0 classes binded...
 0:54:56 [CE][RegisterConfig] :: 7390 config classes registered, 0 sub-counters...
 0:54:56 [CE][Hive] :: Loading map data ... 
 0:54:56 !!! [CE] :: Unknown category: 'vehicleparts'.
 0:54:56 !!! [CE] :: Unknown category: 'vehicleparts'.
 0:54:56 !!! [CE] :: Unknown category: 'vehicleparts'.
 0:54:56 !!! [CE] :: Unknown category: 'vehicleparts'.
 0:54:56 !!! [CE] :: Unknown category: 'vehicleparts'.
 0:54:56 !!! [CE] :: Unknown category: 'vehicleparts'.
 0:54:56 !!! [CE] :: Unknown category: 'vehicleparts'.
 0:54:56 !!! [CE] :: Unknown category: 'vehicleparts'.
 0:54:56 !!! [CE] :: Unknown category: 'vehicleparts'.
 0:54:56 !!! [CE] :: Unknown category: 'vehicleparts'.
 0:54:56 !!! [CE] :: Unknown category: 'vehicleparts'.
 0:54:56 !!! [CE] :: Unknown category: 'vehicleparts'.
 0:54:56 !!! [CE] :: Unknown category: 'vehicleparts'.
 0:54:56 !!! [CE] :: Unknown category: 'vehicleparts'.
 0:54:56 !!! [CE] :: Unknown category: 'vehicleparts'.
 0:54:56 !!! [CE] :: Unknown category: 'vehicleparts'.
 0:54:56 !!! [CE] :: Unknown category: 'vehicleparts'.
 0:54:56 !!! [CE] :: Unknown category: 'vehicleparts'.
 0:54:56 !!! [CE] :: Unknown category: 'vehicleparts'.
 0:54:56 !!! [CE] :: Unknown category: 'vehicleparts'.
 0:54:56 !!! [CE] :: Unknown category: 'vehicleparts'.
 0:54:56 !!! [CE] :: Unknown category: 'vehicleparts'.
 0:54:56 !!! [CE] :: Unknown category: 'vehicleparts'.
 0:54:56 !!! [CE] :: Unknown category: 'vehicleparts'.
 0:54:56 [CE][LoadPrototype] :: loaded 330 prototypes
 0:54:56   702 containers, 9116 points
 0:54:56   24 dispatches, 90 proxies
 0:54:56 !!! [CE][LoadPrototype] 12 groups have no points...
 0:54:56 !!![CE][LoadPrototype]  3 groups have wrong points...
 0:54:56 [CE][LoadPrototype] :: last group name: Land_Lunapark_Autodrome...
 0:54:56 [CE][LoadPrototype] :: loaded 0 prototypes
 0:54:56   0 containers, 0 points
 0:54:56   0 dispatches, 0 proxies
 0:54:56 [CE][LoadPrototype] :: last group name: PathD_7100...
 0:54:56 [CE][LoadMap] "Group" :: loaded 5086 groups, largest group range: 26.9
 0:54:56 [CE][LoadMap] "Dirt" :: loaded 0 groups, largest group range: 26.9
 0:54:56 [CE][LoadClusters] "Cluster" :: Loading files...
 0:54:57 [CE][LoadClusters] :: file: "mapgroupcluster.xml", 4 types, 50000 instances
 0:54:57 [CE][LoadClusters] :: file: "mapgroupcluster01", 4 types, 50000 instances
 0:54:57 [CE][LoadClusters] :: file: "mapgroupcluster02", 4 types, 50000 instances
 0:54:57 [CE][LoadClusters] :: file: "mapgroupcluster03", 4 types, 50000 instances
 0:54:57 [CE][LoadClusters] :: file: "mapgroupcluster04", 4 types, 21297 instances
 0:54:57 [CE][Storage] ver:21 stamp:29537, valid:yes, name:"mpmissions\TheCommunity.enoch\storage_666\data\types.bin"
 0:54:57 [CE][Storage] ver:21 stamp:29534, valid:yes, name:"mpmissions\TheCommunity.enoch\storage_666\data\types.001"
 0:54:57 [CE][Storage] ver:21 stamp:29535, valid:yes, name:"mpmissions\TheCommunity.enoch\storage_666\data\types.002"
 0:54:57 [CE][Storage] Restoring file "mpmissions\TheCommunity.enoch\storage_666\data\types.bin".
 0:54:57 [CE][offlineDB] :: Loaded 33 dynamic events 215 total types 0 total positions.
 0:54:57 !!! [CE][offlineDB] :: Failed to read 'db/types.xml' file.
 0:54:57 [CE][Storage] ver:21 stamp:29537, valid:yes, name:"mpmissions\TheCommunity.enoch\storage_666\data\events.bin"
 0:54:57 [CE][Storage] ver:21 stamp:29534, valid:yes, name:"mpmissions\TheCommunity.enoch\storage_666\data\events.001"
 0:54:57 [CE][Storage] ver:21 stamp:29535, valid:yes, name:"mpmissions\TheCommunity.enoch\storage_666\data\events.002"
 0:54:57 [CE][Storage] Restoring file "mpmissions\TheCommunity.enoch\storage_666\data\events.bin".
 0:54:57 [CE][DynamicEvent] Load  Events:[33] Primary spawners: 33 Secondary spawners: 1
 0:54:57 [CE][Storage] ver:24 stamp:29537, valid:yes, name:"mpmissions\TheCommunity.enoch\storage_666\data\vehicles.bin"
 0:54:57 [CE][Storage] ver:24 stamp:29534, valid:yes, name:"mpmissions\TheCommunity.enoch\storage_666\data\vehicles.001"
 0:54:57 [CE][Storage] ver:24 stamp:29535, valid:yes, name:"mpmissions\TheCommunity.enoch\storage_666\data\vehicles.002"
 0:54:57 [CE][Storage] Restoring file "mpmissions\TheCommunity.enoch\storage_666\data\vehicles.bin" 27 items.
 0:54:58   27 items loaded.
 0:54:58 [CE][Storage] ver:0 stamp:0, valid:NO, name:"mpmissions\TheCommunity.enoch\storage_666\data\dynamic_000.bin"
 0:54:58 [CE][Storage] ver:24 stamp:29534, valid:yes, name:"mpmissions\TheCommunity.enoch\storage_666\data\dynamic_000.001"
 0:54:58 [CE][Storage] ver:24 stamp:29535, valid:yes, name:"mpmissions\TheCommunity.enoch\storage_666\data\dynamic_000.002"
 0:54:58 [CE][Storage] Restoring file "mpmissions\TheCommunity.enoch\storage_666\data\dynamic_000.002" 10 items.
 0:54:58   10 items loaded.
 0:54:58 [CE][Storage] ver:0 stamp:0, valid:NO, name:"mpmissions\TheCommunity.enoch\storage_666\data\dynamic_001.bin"
 0:54:58 [CE][Storage] ver:24 stamp:29534, valid:yes, name:"mpmissions\TheCommunity.enoch\storage_666\data\dynamic_001.001"
 0:54:58 [CE][Storage] ver:24 stamp:29535, valid:yes, name:"mpmissions\TheCommunity.enoch\storage_666\data\dynamic_001.002"
 0:54:58 [CE][Storage] Restoring file "mpmissions\TheCommunity.enoch\storage_666\data\dynamic_001.002" 92 items.
 0:54:58   92 items loaded.
 0:54:58 [CE][Storage] ver:0 stamp:0, valid:NO, name:"mpmissions\TheCommunity.enoch\storage_666\data\dynamic_002.bin"
 0:54:58 [CE][Storage] ver:24 stamp:29534, valid:yes, name:"mpmissions\TheCommunity.enoch\storage_666\data\dynamic_002.001"
 0:54:58 [CE][Storage] ver:24 stamp:29535, valid:yes, name:"mpmissions\TheCommunity.enoch\storage_666\data\dynamic_002.002"
 0:54:58 [CE][Storage] Restoring file "mpmissions\TheCommunity.enoch\storage_666\data\dynamic_002.002" 24 items.
 0:54:58   24 items loaded.
 0:54:58 [CE][Storage] ver:0 stamp:0, valid:NO, name:"mpmissions\TheCommunity.enoch\storage_666\data\dynamic_003.bin"
 0:54:58 [CE][Storage] ver:24 stamp:29534, valid:yes, name:"mpmissions\TheCommunity.enoch\storage_666\data\dynamic_003.001"
 0:54:58 [CE][Storage] ver:24 stamp:29535, valid:yes, name:"mpmissions\TheCommunity.enoch\storage_666\data\dynamic_003.002"
 0:54:58 [CE][Storage] Restoring file "mpmissions\TheCommunity.enoch\storage_666\data\dynamic_003.002" 55 items.
 0:54:58   55 items loaded.
 0:54:58 [CE][Storage] ver:0 stamp:0, valid:NO, name:"mpmissions\TheCommunity.enoch\storage_666\data\dynamic_004.bin"
 0:54:58 [CE][Storage] ver:24 stamp:29534, valid:yes, name:"mpmissions\TheCommunity.enoch\storage_666\data\dynamic_004.001"
 0:54:58 [CE][Storage] ver:24 stamp:29535, valid:yes, name:"mpmissions\TheCommunity.enoch\storage_666\data\dynamic_004.002"
 0:54:58 [CE][Storage] Restoring file "mpmissions\TheCommunity.enoch\storage_666\data\dynamic_004.002" 50 items.
 0:54:58   50 items loaded.
 0:54:58 [CE][Storage] ver:0 stamp:0, valid:NO, name:"mpmissions\TheCommunity.enoch\storage_666\data\dynamic_005.bin"
 0:54:58 [CE][Storage] ver:24 stamp:29534, valid:yes, name:"mpmissions\TheCommunity.enoch\storage_666\data\dynamic_005.001"
 0:54:58 [CE][Storage] ver:24 stamp:29535, valid:yes, name:"mpmissions\TheCommunity.enoch\storage_666\data\dynamic_005.002"
 0:54:58 [CE][Storage] Restoring file "mpmissions\TheCommunity.enoch\storage_666\data\dynamic_005.002" 62 items.
 0:54:58   62 items loaded.
 0:54:58 [CE][Storage] ver:0 stamp:0, valid:NO, name:"mpmissions\TheCommunity.enoch\storage_666\data\dynamic_006.bin"
 0:54:58 [CE][Storage] ver:24 stamp:29534, valid:yes, name:"mpmissions\TheCommunity.enoch\storage_666\data\dynamic_006.001"
 0:54:58 [CE][Storage] ver:24 stamp:29535, valid:yes, name:"mpmissions\TheCommunity.enoch\storage_666\data\dynamic_006.002"
 0:54:58 [CE][Storage] Restoring file "mpmissions\TheCommunity.enoch\storage_666\data\dynamic_006.002" 52 items.
 0:54:58   52 items loaded.
 0:54:58 [CE][Storage] ver:0 stamp:0, valid:NO, name:"mpmissions\TheCommunity.enoch\storage_666\data\dynamic_007.bin"
 0:54:58 [CE][Storage] ver:24 stamp:29534, valid:yes, name:"mpmissions\TheCommunity.enoch\storage_666\data\dynamic_007.001"
 0:54:58 [CE][Storage] ver:24 stamp:29535, valid:yes, name:"mpmissions\TheCommunity.enoch\storage_666\data\dynamic_007.002"
 0:54:58 [CE][Storage] Restoring file "mpmissions\TheCommunity.enoch\storage_666\data\dynamic_007.002" 36 items.
 0:54:58   36 items loaded.
 0:54:58 [CE][Storage] ver:0 stamp:0, valid:NO, name:"mpmissions\TheCommunity.enoch\storage_666\data\dynamic_008.bin"
 0:54:58 [CE][Storage] ver:24 stamp:29534, valid:yes, name:"mpmissions\TheCommunity.enoch\storage_666\data\dynamic_008.001"
 0:54:58 [CE][Storage] ver:24 stamp:29535, valid:yes, name:"mpmissions\TheCommunity.enoch\storage_666\data\dynamic_008.002"
 0:54:58 [CE][Storage] Restoring file "mpmissions\TheCommunity.enoch\storage_666\data\dynamic_008.002" 31 items.
 0:54:58   31 items loaded.
 0:54:58 [CE][Storage] ver:0 stamp:0, valid:NO, name:"mpmissions\TheCommunity.enoch\storage_666\data\dynamic_009.bin"
 0:54:58 [CE][Storage] ver:24 stamp:29534, valid:yes, name:"mpmissions\TheCommunity.enoch\storage_666\data\dynamic_009.001"
 0:54:58 [CE][Storage] ver:24 stamp:29535, valid:yes, name:"mpmissions\TheCommunity.enoch\storage_666\data\dynamic_009.002"
 0:54:58 [CE][Storage] Restoring file "mpmissions\TheCommunity.enoch\storage_666\data\dynamic_009.002" 21 items.
 0:54:58   21 items loaded.
 0:54:58 [CE][Storage] ver:0 stamp:0, valid:NO, name:"mpmissions\TheCommunity.enoch\storage_666\data\dynamic_010.bin"
 0:54:58 [CE][Storage] ver:24 stamp:29534, valid:yes, name:"mpmissions\TheCommunity.enoch\storage_666\data\dynamic_010.001"
 0:54:58 [CE][Storage] ver:24 stamp:29535, valid:yes, name:"mpmissions\TheCommunity.enoch\storage_666\data\dynamic_010.002"
 0:54:58 [CE][Storage] Restoring file "mpmissions\TheCommunity.enoch\storage_666\data\dynamic_010.002" 120 items.
 0:54:58   120 items loaded.
 0:54:58 [CE][Storage] ver:0 stamp:0, valid:NO, name:"mpmissions\TheCommunity.enoch\storage_666\data\dynamic_011.bin"
 0:54:58 [CE][Storage] ver:24 stamp:29534, valid:yes, name:"mpmissions\TheCommunity.enoch\storage_666\data\dynamic_011.001"
 0:54:58 [CE][Storage] ver:24 stamp:29535, valid:yes, name:"mpmissions\TheCommunity.enoch\storage_666\data\dynamic_011.002"
 0:54:58 [CE][Storage] Restoring file "mpmissions\TheCommunity.enoch\storage_666\data\dynamic_011.002" 18 items.
 0:54:58   18 items loaded.
 0:54:58 [CE][Hive] :: Storage load took:0.30 seconds, recovery stamp:29537
 0:54:58   entity: 801, building: 0
 0:54:58   no lifetime: 27
 0:54:58 [CE][Hive] :: Initializing ... 
 0:54:58 [CE][InitializeMap] :: initialized: 0
 0:54:58 [CE][Hive] :: Initializing spawners ... 
 0:54:58 [CE][DynEvent] :: 33 types
 0:54:58 [00] AmbientHen
 0:54:58   Primary Spawner: "Ambient", active: yes, repeat: 1
 0:54:58 [01] AnimalBear
 0:54:58   Primary Spawner: "Animal", active: yes, repeat: 1
 0:54:58 [02] AnimalCow
 0:54:58   Primary Spawner: "Animal", active: yes, repeat: 1
 0:54:58 [03] AnimalDeer
 0:54:58   Primary Spawner: "Animal", active: yes, repeat: 1
 0:54:58 [04] AnimalGoat
 0:54:58   Primary Spawner: "Animal", active: yes, repeat: 1
 0:54:58 [05] AnimalPig
 0:54:58   Primary Spawner: "Animal", active: yes, repeat: 1
 0:54:58 [06] AnimalRoeDeer
 0:54:58   Primary Spawner: "Animal", active: yes, repeat: 1
 0:54:58 [07] AnimalSheep
 0:54:58   Primary Spawner: "Animal", active: yes, repeat: 1
 0:54:58 [08] AnimalWildBoar
 0:54:58   Primary Spawner: "Animal", active: yes, repeat: 1
 0:54:58 [09] AnimalWolf
 0:54:58   Primary Spawner: "Animal", active: yes, repeat: 1
 0:54:58 [10] InfectedArmy
 0:54:58   Primary Spawner: "Infected", active: yes, repeat: 1
 0:54:58 [11] InfectedCity
 0:54:58   Primary Spawner: "Infected", active: yes, repeat: 1
 0:54:58 [12] InfectedFirefighter
 0:54:58   Primary Spawner: "Infected", active: yes, repeat: 1
 0:54:58 [13] InfectedIndustrial
 0:54:58   Primary Spawner: "Infected", active: yes, repeat: 1
 0:54:58 [14] I