20:03:05 BattlEye Server: Initialized (v1.217)
20:03:05 SUCCESS: SteamGameServer_Init(0,8766,2442,28056,3,1.07.153006)
20:03:05 Roles assigned.
20:03:05 Reading mission ...
20:03:21 [CE][Hive] :: Initializing OFFLINE
20:03:21 [CE][Hive] :: Loading core data ... 
20:03:21 [CE][CoreData] :: 7 root classes, 19 defaults, 0 updaters...
20:03:21 [CE][offlineDB] :: Conversion of characters started.
20:03:21 [CE][offlineDB] :: Processing 0 players.
20:03:21 [CE][offlineDB] :: Conversion of characters successfully completed.
20:03:26 [CE][TypeSetup] :: 414 classes setuped...
20:03:26 [CE][RegisterBind] :: 0 classes binded...
20:03:26 [CE][RegisterConfig] :: 2909 config classes registered, 1 sub-counters...
20:03:26 [CE][Hive] :: Loading map data ... 
20:03:26 !!! [CE] :: Unknown category: 'vehicleparts'.
20:03:26 !!! [CE] :: Unknown category: 'vehicleparts'.
20:03:26 !!! [CE] :: Unknown category: 'vehicleparts'.
20:03:26 !!! [CE] :: Unknown category: 'vehicleparts'.
20:03:26 !!! [CE] :: Unknown category: 'vehicleparts'.
20:03:26 !!! [CE] :: Unknown category: 'vehicleparts'.
20:03:26 !!! [CE] :: Unknown category: 'vehicleparts'.
20:03:26 !!! [CE] :: Unknown category: 'vehicleparts'.
20:03:26 !!! [CE] :: Unknown category: 'vehicleparts'.
20:03:26 !!! [CE] :: Unknown category: 'vehicleparts'.
20:03:26 !!! [CE] :: Unknown category: 'vehicleparts'.
20:03:26 !!! [CE] :: Unknown category: 'vehicleparts'.
20:03:26 !!! [CE] :: Unknown category: 'vehicleparts'.
20:03:26 !!! [CE] :: Unknown category: 'vehicleparts'.
20:03:26 !!! [CE] :: Unknown category: 'vehicleparts'.
20:03:26 !!! [CE] :: Unknown category: 'vehicleparts'.
20:03:26 !!! [CE] :: Unknown category: 'vehicleparts'.
20:03:26 !!! [CE] :: Unknown category: 'vehicleparts'.
20:03:26 !!! [CE] :: Unknown category: 'vehicleparts'.
20:03:26 !!! [CE] :: Unknown category: 'vehicleparts'.
20:03:26 !!! [CE] :: Unknown category: 'vehicleparts'.
20:03:26 !!! [CE] :: Unknown category: 'vehicleparts'.
20:03:26 !!! [CE] :: Unknown category: 'vehicleparts'.
20:03:26 !!! [CE] :: Unknown category: 'vehicleparts'.
20:03:26 [CE][LoadPrototype] :: loaded 330 prototypes
20:03:26   702 containers, 9116 points
20:03:26   24 dispatches, 90 proxies
20:03:26 !!! [CE][LoadPrototype] 12 groups have no points...
20:03:26 !!![CE][LoadPrototype]  3 groups have wrong points...
20:03:26 [CE][LoadPrototype] :: last group name: Land_Lunapark_Autodrome...
20:03:26 [CE][LoadPrototype] :: loaded 0 prototypes
20:03:26   0 containers, 0 points
20:03:26   0 dispatches, 0 proxies
20:03:26 [CE][LoadPrototype] :: last group name: PathD_7100...
20:03:26 [CE][LoadMap] "Group" :: loaded 5086 groups, largest group range: 26.9
20:03:26 [CE][LoadMap] "Dirt" :: loaded 0 groups, largest group range: 26.9
20:03:27 [CE][LoadClusters] "Cluster" :: Loading files...
20:03:27 [CE][LoadClusters] :: file: "mapgroupcluster.xml", 4 types, 50000 instances
20:03:27 [CE][LoadClusters] :: file: "mapgroupcluster01", 4 types, 50000 instances
20:03:27 [CE][LoadClusters] :: file: "mapgroupcluster02", 4 types, 50000 instances
20:03:28 [CE][LoadClusters] :: file: "mapgroupcluster03", 4 types, 50000 instances
20:03:28 [CE][LoadClusters] :: file: "mapgroupcluster04", 4 types, 21297 instances
20:03:28 [CE][Storage] ver:0 stamp:0, valid:NO, name:"mpmissions\TheCommunity.enoch\storage_666\data\types.bin"
20:03:28 [CE][Storage] ver:0 stamp:0, valid:NO, name:"mpmissions\TheCommunity.enoch\storage_666\data\types.001"
20:03:28 [CE][Storage] ver:0 stamp:0, valid:NO, name:"mpmissions\TheCommunity.enoch\storage_666\data\types.002"
20:03:28 [CE][offlineDB] :: Loaded 32 dynamic events 211 total types 0 total positions.
20:03:28 [CE][Storage] ver:0 stamp:0, valid:NO, name:"mpmissions\TheCommunity.enoch\storage_666\data\events.bin"
20:03:28 [CE][Storage] ver:0 stamp:0, valid:NO, name:"mpmissions\TheCommunity.enoch\storage_666\data\events.001"
20:03:28 [CE][Storage] ver:0 stamp:0, valid:NO, name:"mpmissions\TheCommunity.enoch\storage_666\data\events.002"
20:03:28 [CE][Storage] ver:0 stamp:0, valid:NO, name:"mpmissions\TheCommunity.enoch\storage_666\data\vehicles.bin"
20:03:28 [CE][Storage] ver:0 stamp:0, valid:NO, name:"mpmissions\TheCommunity.enoch\storage_666\data\vehicles.001"
20:03:28 [CE][Storage] ver:0 stamp:0, valid:NO, name:"mpmissions\TheCommunity.enoch\storage_666\data\vehicles.002"
20:03:28 [CE][Storage] ver:0 stamp:0, valid:NO, name:"mpmissions\TheCommunity.enoch\storage_666\data\dynamic_000.bin"
20:03:28 [CE][Storage] ver:0 stamp:0, valid:NO, name:"mpmissions\TheCommunity.enoch\storage_666\data\dynamic_000.001"
20:03:28 [CE][Storage] ver:0 stamp:0, valid:NO, name:"mpmissions\TheCommunity.enoch\storage_666\data\dynamic_000.002"
20:03:28 [CE][Storage] ver:0 stamp:0, valid:NO, name:"mpmissions\TheCommunity.enoch\storage_666\data\dynamic_001.bin"
20:03:28 [CE][Storage] ver:0 stamp:0, valid:NO, name:"mpmissions\TheCommunity.enoch\storage_666\data\dynamic_001.001"
20:03:28 [CE][Storage] ver:0 stamp:0, valid:NO, name:"mpmissions\TheCommunity.enoch\storage_666\data\dynamic_001.002"
20:03:28 [CE][Storage] ver:0 stamp:0, valid:NO, name:"mpmissions\TheCommunity.enoch\storage_666\data\dynamic_002.bin"
20:03:28 [CE][Storage] ver:0 stamp:0, valid:NO, name:"mpmissions\TheCommunity.enoch\storage_666\data\dynamic_002.001"
20:03:28 [CE][Storage] ver:0 stamp:0, valid:NO, name:"mpmissions\TheCommunity.enoch\storage_666\data\dynamic_002.002"
20:03:28 [CE][Storage] ver:0 stamp:0, valid:NO, name:"mpmissions\TheCommunity.enoch\storage_666\data\dynamic_003.bin"
20:03:28 [CE][Storage] ver:0 stamp:0, valid:NO, name:"mpmissions\TheCommunity.enoch\storage_666\data\dynamic_003.001"
20:03:28 [CE][Storage] ver:0 stamp:0, valid:NO, name:"mpmissions\TheCommunity.enoch\storage_666\data\dynamic_003.002"
20:03:28 [CE][Storage] ver:0 stamp:0, valid:NO, name:"mpmissions\TheCommunity.enoch\storage_666\data\dynamic_004.bin"
20:03:28 [CE][Storage] ver:0 stamp:0, valid:NO, name:"mpmissions\TheCommunity.enoch\storage_666\data\dynamic_004.001"
20:03:28 [CE][Storage] ver:0 stamp:0, valid:NO, name:"mpmissions\TheCommunity.enoch\storage_666\data\dynamic_004.002"
20:03:28 [CE][Storage] ver:0 stamp:0, valid:NO, name:"mpmissions\TheCommunity.enoch\storage_666\data\dynamic_005.bin"
20:03:28 [CE][Storage] ver:0 stamp:0, valid:NO, name:"mpmissions\TheCommunity.enoch\storage_666\data\dynamic_005.001"
20:03:28 [CE][Storage] ver:0 stamp:0, valid:NO, name:"mpmissions\TheCommunity.enoch\storage_666\data\dynamic_005.002"
20:03:28 [CE][Storage] ver:0 stamp:0, valid:NO, name:"mpmissions\TheCommunity.enoch\storage_666\data\dynamic_006.bin"
20:03:28 [CE][Storage] ver:0 stamp:0, valid:NO, name:"mpmissions\TheCommunity.enoch\storage_666\data\dynamic_006.001"
20:03:28 [CE][Storage] ver:0 stamp:0, valid:NO, name:"mpmissions\TheCommunity.enoch\storage_666\data\dynamic_006.002"
20:03:28 [CE][Storage] ver:0 stamp:0, valid:NO, name:"mpmissions\TheCommunity.enoch\storage_666\data\dynamic_007.bin"
20:03:28 [CE][Storage] ver:0 stamp:0, valid:NO, name:"mpmissions\TheCommunity.enoch\storage_666\data\dynamic_007.001"
20:03:28 [CE][Storage] ver:0 stamp:0, valid:NO, name:"mpmissions\TheCommunity.enoch\storage_666\data\dynamic_007.002"
20:03:28 [CE][Storage] ver:0 stamp:0, valid:NO, name:"mpmissions\TheCommunity.enoch\storage_666\data\dynamic_008.bin"
20:03:28 [CE][Storage] ver:0 stamp:0, valid:NO, name:"mpmissions\TheCommunity.enoch\storage_666\data\dynamic_008.001"
20:03:28 [CE][Storage] ver:0 stamp:0, valid:NO, name:"mpmissions\TheCommunity.enoch\storage_666\data\dynamic_008.002"
20:03:28 [CE][Storage] ver:0 stamp:0, valid:NO, name:"mpmissions\TheCommunity.enoch\storage_666\data\dynamic_009.bin"
20:03:28 [CE][Storage] ver:0 stamp:0, valid:NO, name:"mpmissions\TheCommunity.enoch\storage_666\data\dynamic_009.001"
20:03:28 [CE][Storage] ver:0 stamp:0, valid:NO, name:"mpmissions\TheCommunity.enoch\storage_666\data\dynamic_009.002"
20:03:28 [CE][Storage] ver:0 stamp:0, valid:NO, name:"mpmissions\TheCommunity.enoch\storage_666\data\dynamic_010.bin"
20:03:28 [CE][Storage] ver:0 stamp:0, valid:NO, name:"mpmissions\TheCommunity.enoch\storage_666\data\dynamic_010.001"
20:03:28 [CE][Storage] ver:0 stamp:0, valid:NO, name:"mpmissions\TheCommunity.enoch\storage_666\data\dynamic_010.002"
20:03:28 [CE][Storage] ver:0 stamp:0, valid:NO, name:"mpmissions\TheCommunity.enoch\storage_666\data\dynamic_011.bin"
20:03:28 [CE][Storage] ver:0 stamp:0, valid:NO, name:"mpmissions\TheCommunity.enoch\storage_666\data\dynamic_011.001"
20:03:28 [CE][Storage] ver:0 stamp:0, valid:NO, name:"mpmissions\TheCommunity.enoch\storage_666\data\dynamic_011.002"
20:03:28 [CE][Hive] :: Empty storage folder, reinitializing ... 
20:03:28 [CE][Hive] :: Initializing ... 
20:03:28 [CE][InitializeMap] :: initialized: 0
20:03:28 [CE][Hive] :: Initializing spawners ... 
20:03:30 [CE][LootRespawner] (PRIDummy) :: Item [0] causing search overtime: "HatchbackHood_WhiteRust"
20:03:30 [CE][LootRespawner] (PRIDummy) :: Item [1] causing search overtime: "HatchbackHood_WhiteRust"
20:03:30 [CE][LootRespawner] (PRIDummy) :: Item [2] causing search overtime: "HatchbackHood_WhiteRust"
20:03:30 [CE][LootRespawner] (PRIDummy) :: Item [3] causing search overtime: "HatchbackHood_WhiteRust"
20:03:30 [CE][LootRespawner] (PRIDummy) :: Item [4] causing search overtime: "HatchbackHood_WhiteRust"
20:03:30 [CE][LootRespawner] (PRIDummy) :: Item [5] causing search overtime: "HatchbackHood_WhiteRust"
20:03:30 [CE][LootRespawner] (PRIDummy) :: Item [6] causing search overtime: "HatchbackHood_WhiteRust"
20:03:30 [CE][LootRespawner] (PRIDummy) :: Item [7] causing search overtime: "HatchbackHood_WhiteRust"
20:03:30 [CE][LootRespawner] (PRIDummy) :: Item [8] causing search overtime: "HatchbackHood_WhiteRust"
20:03:30 [CE][LootRespawner] (PRIDummy) :: Item [9] causing search overtime: "HatchbackHood_WhiteRust"
20:03:30 [CE][LootRespawner] (PRIDummy) :: Item [10] causing search overtime: "HatchbackHood_WhiteRust"
20:03:30 [CE][LootRespawner] (PRIDummy) :: Item [11] causing search overtime: "HatchbackHood_WhiteRust"
20:03:30 [CE][LootRespawner] (PRIDummy) :: Item [12] causing search overtime: "HatchbackHood_WhiteRust"
20:03:30 [CE][LootRespawner] (PRIDummy) :: Item [13] causing search overtime: "HatchbackHood_WhiteRust"
20:03:30 [CE][LootRespawner] (PRIDummy) :: Item [14] causing search overtime: "HatchbackHood_WhiteRust"
20:03:30 [CE][LootRespawner] (PRIDummy) :: Item [15] causing search overtime: "HatchbackHood_WhiteRust"
20:03:30 [CE][LootRespawner] (PRIDummy) :: Item [16] causing search overtime: "HatchbackHood_WhiteRust"
20:03:30 [CE][LootRespawner] (PRIDummy) :: Item [17] causing search overtime: "HatchbackHood_WhiteRust"
20:03:30 [CE][LootRespawner] (PRIDummy) :: Item [18] causing search overtime: "HatchbackHood_WhiteRust"
20:03:30 [CE][LootRespawner] (PRIDummy) :: Item [19] causing search overtime: "CivSedanTrunk_WineRust"
20:03:31 [CE][LootRespawner] (PRIDummy) :: Item [0] is hard to place, performance drops: "PrisonerCap"
20:03:31 [CE][LootRespawner] (PRIDummy) :: Item [1] is hard to place, performance drops: "PrisonerCap"
20:03:31 [CE][LootRespawner] (PRIDummy) :: Item [2] is hard to place, performance drops: "PrisonerCap"
20:03:31 [CE][LootRespawner] (PRIDummy) :: Item [3] is hard to place, performance drops: "PrisonerCap"
20:03:31 [CE][LootRespawner] (PRIDummy) :: Item [4] is hard to place, performance drops: "PrisonerCap"
20:03:31 [CE][LootRespawner] (PRIDummy) :: Item [5] is hard to place, performance drops: "PrisonerCap"
20:03:31 [CE][LootRespawner] (PRIDummy) :: Item [6] is hard to place, performance drops: "Mp133Shotgun"
20:03:31 [CE][LootRespawner] (PRIDummy) :: Item [7] is hard to place, performance drops: "PoliceJacketOrel"
20:03:31 [CE][LootRespawner] (PRIDummy) :: Item [8] is hard to place, performance drops: "PoliceJacket"
20:03:32 [CE][LootRespawner] (PRIDummy) :: Item [9] is hard to place, performance drops: "KazuarOptic"
20:03:32 [CE][LootRespawner] (PRIDummy) :: Item [10] is hard to place, performance drops: "SurgicalMask"
20:03:32 [CE][LootRespawner] (PRIDummy) :: Item [11] is hard to place, performance drops: "ParamedicJacket_Green"
20:03:32 [CE][LootRespawner] (PRIDummy) :: Item [12] is hard to place, performance drops: "ParamedicJacket_Green"
20:03:32 [CE][LootRespawner] (PRIDummy) :: Item [13] is hard to place, performance drops: "ParamedicJacket_Green"
20:03:32 [CE][LootRespawner] (PRIDummy) :: Item [14] is hard to place, performance drops: "ParamedicJacket_Green"
20:03:32 [CE][LootRespawner] (PRIDummy) :: Item [15] is hard to place, performance drops: "CZ527"
20:03:32 [CE][LootRespawner] (PRIDummy) :: Item [16] is hard to place, performance drops: "CZ527"
20:03:32 [CE][LootRespawner] (PRIDummy) :: Item [17] is hard to place, performance drops: "CZ527"
20:03:32 [CE][LootRespawner] (PRIDummy) :: Item [18] is hard to place, performance drops: "MP5K"
20:03:32 [CE][LootRespawner] (PRIDummy) :: Item [19] is hard to place, performance drops: "ParamedicPants_Crimson"
20:03:33 [CE][LootRespawner] (PRIDummy) :: Initially (re)spawned:11990, Nominal:12495, Total in Map: 10526 at 3 (sec)
20:03:33   tests:12089, repeats:28 fails:71, overtime:1943
20:03:33 [CE][SpawnRandomLoot] (StaticHeliCrash) :: ChildType: Wreck_UH1Y, lootmin: 10, lootmax: 20, wanted: 10
20:03:33 [CE][SpawnRandomLoot] (StaticHeliCrash) :: ChildType: Wreck_Mi8, lootmin: 10, lootmax: 20, wanted: 11
20:03:33 [CE][SpawnRandomLoot] (StaticHeliCrash) :: ChildType: Wreck_UH1Y, lootmin: 10, lootmax: 20, wanted: 19
20:03:33 [CE][SpawnRandomLoot] (StaticPoliceCar) :: ChildType: Land_Wreck_Volha_Police, lootmin: 3, lootmax: 5, wanted: 3
20:03:33 [CE][SpawnRandomLoot] (StaticPoliceCar) :: ChildType: Land_Wreck_Volha_Police, lootmin: 3, lootmax: 5, wanted: 4
20:03:33 [CE][SpawnRandomLoot] (StaticPoliceCar) :: ChildType: Land_Wreck_Volha_Police, lootmin: 3, lootmax: 5, wanted: 4
20:03:33 [CE][SpawnRandomLoot] (StaticPoliceCar) :: ChildType: Land_Wreck_Volha_Police, lootmin: 3, lootmax: 5, wanted: 3
20:03:33 [CE][SpawnRandomLoot] (StaticPoliceCar) :: ChildType: Land_Wreck_Volha_Police, lootmin: 3, lootmax: 5, wanted: 3
20:03:33 [CE][SpawnRandomLoot] (StaticPoliceCar) :: ChildType: Land_Wreck_Volha_Police, lootmin: 3, lootmax: 5, wanted: 3
20:03:33 [CE][SpawnRandomLoot] (StaticPoliceCar) :: ChildType: Land_Wreck_Volha_Police, lootmin: 3, lootmax: 5, wanted: 4
20:03:33 [CE][SpawnRandomLoot] (StaticPoliceCar) :: ChildType: Land_Wreck_Volha_Police, lootmin: 3, lootmax: 5, wanted: 4
20:03:33 [CE][DynEvent] :: 32 types
20:03:33 [00] AmbientHen
20:03:33   Primary Spawner: "Ambient", active: yes, repeat: 1
20:03:33 [01] AnimalBear
20:03:33   Primary Spawner: "Animal", active: yes, repeat: 1
20:03:33 [02] AnimalCow
20:03:33   Primary Spawner: "Animal", active: yes, repeat: 1
20:03:33 [03] AnimalDeer
20:03:33   Primary Spawner: "Animal", active: yes, repeat: 1
20:03:33 [04] AnimalGoat
20:03:33   Primary Spawner: "Animal", active: yes, repeat: 1
20:03:33 [05] AnimalPig
20:03:33   Primary Spawner: "Animal", active: yes, repeat: 1
20:03:33 [06] AnimalRoeDeer
20:03:33   Primary Spawner: "Animal", active: yes, repeat: 1
20:03:33 [07] AnimalSheep
20:03:33   Primary Spawner: "Animal", active: yes, repeat: 1
20:03:33 [08] AnimalWildBoar
20:03:33   Primary Spawner: "Animal", active: yes, repeat: 1
20:03:33 [09] AnimalWolf
20:03:33   Primary Spawner: "Animal", active: yes, repeat: 1
20:03:33 [10] InfectedArmy
20:03:33   Primary Spawner: "Infected", active: yes, repeat: 1
20:03:33 [11] InfectedCity
20:03:33   Primary Spawner: "Infected", active: yes, repeat: 1
20:03:33 [12] InfectedFirefighter
20:03:33   Primary Spawner: "Infected", active: yes, repeat: 1
20:03:33 [13] InfectedIndustrial
20:03:33   Primary Spawner: "Infected", active: yes, repeat: 1
20:03:33 [14] InfectedMedic
20:03:33   Primary Spawner: "Infected", active: yes, repeat: 1
20:03:33 [15] InfectedPolice
20:03:33   Primary Spawner: "Infected", active: yes, repeat: 1
20:03:33 [16] InfectedPrisoner
20:03:33   Primary Spawner: "Infected", active: yes, repeat: 1
20:03:33 [17] InfectedReligious
20:03:33   Primary Spawner: "Infected", active: yes, repeat: 1
20:03:33 [18] InfectedSolitude
20:03:33   Primary Spawner: "Infected", active: yes, repeat: 1
20:03:33 [19] InfectedVillage
20:03:33   Primary Spawner: "Infected", active: yes, repeat: 1
20:03:33 [20] ItemPlanks
20:03:33   Primary Spawner: "Item", active: yes, repeat: 1
20:03:33 [21] Loot
20:03: