20:21:41 BattlEye Server: Initialized (v1.217)
20:21:42 SUCCESS: SteamGameServer_Init(0,8766,2442,28056,3,1.07.153006)
20:21:42 Roles assigned.
20:21:42 Reading mission ...
20:22:26 [CE][Hive] :: Initializing OFFLINE
20:22:26 [CE][Hive] :: Loading core data ... 
20:22:26 [CE][CoreData] :: 7 root classes, 19 defaults, 0 updaters...
20:22:26 [CE][offlineDB] :: Conversion of characters started.
20:22:26 [CE][offlineDB] :: Processing 0 players.
20:22:26 [CE][offlineDB] :: Conversion of characters successfully completed.
20:22:29 [CE][TypeSetup] :: 408 classes setuped...
20:22:29 [CE][RegisterBind] :: 0 classes binded...
20:22:29 [CE][RegisterConfig] :: 3115 config classes registered, 1 sub-counters...
20:22:29 [CE][Hive] :: Loading map data ... 
20:22:29 !!! [CE] :: Unknown category: 'vehicleparts'.
20:22:29 !!! [CE] :: Unknown category: 'vehicleparts'.
20:22:29 !!! [CE] :: Unknown category: 'vehicleparts'.
20:22:29 !!! [CE] :: Unknown category: 'vehicleparts'.
20:22:29 !!! [CE] :: Unknown category: 'vehicleparts'.
20:22:29 !!! [CE] :: Unknown category: 'vehicleparts'.
20:22:29 !!! [CE] :: Unknown category: 'vehicleparts'.
20:22:29 !!! [CE] :: Unknown category: 'vehicleparts'.
20:22:29 !!! [CE] :: Unknown category: 'vehicleparts'.
20:22:29 !!! [CE] :: Unknown category: 'vehicleparts'.
20:22:29 !!! [CE] :: Unknown category: 'vehicleparts'.
20:22:29 !!! [CE] :: Unknown category: 'vehicleparts'.
20:22:29 !!! [CE] :: Unknown category: 'vehicleparts'.
20:22:29 !!! [CE] :: Unknown category: 'vehicleparts'.
20:22:29 !!! [CE] :: Unknown category: 'vehicleparts'.
20:22:29 !!! [CE] :: Unknown category: 'vehicleparts'.
20:22:29 !!! [CE] :: Unknown category: 'vehicleparts'.
20:22:29 !!! [CE] :: Unknown category: 'vehicleparts'.
20:22:29 !!! [CE] :: Unknown category: 'vehicleparts'.
20:22:29 !!! [CE] :: Unknown category: 'vehicleparts'.
20:22:29 !!! [CE] :: Unknown category: 'vehicleparts'.
20:22:29 !!! [CE] :: Unknown category: 'vehicleparts'.
20:22:29 !!! [CE] :: Unknown category: 'vehicleparts'.
20:22:29 !!! [CE] :: Unknown category: 'vehicleparts'.
20:22:29 [CE][LoadPrototype] :: loaded 330 prototypes
20:22:29   702 containers, 9116 points
20:22:29   24 dispatches, 90 proxies
20:22:29 !!! [CE][LoadPrototype] 12 groups have no points...
20:22:29 !!![CE][LoadPrototype]  3 groups have wrong points...
20:22:29 [CE][LoadPrototype] :: last group name: Land_Lunapark_Autodrome...
20:22:29 [CE][LoadPrototype] :: loaded 0 prototypes
20:22:29   0 containers, 0 points
20:22:29   0 dispatches, 0 proxies
20:22:29 [CE][LoadPrototype] :: last group name: PathD_7100...
20:22:30 [CE][LoadMap] "Group" :: loaded 5086 groups, largest group range: 26.9
20:22:30 [CE][LoadMap] "Dirt" :: loaded 0 groups, largest group range: 26.9
20:22:30 [CE][LoadClusters] "Cluster" :: Loading files...
20:22:30 [CE][LoadClusters] :: file: "mapgroupcluster.xml", 4 types, 50000 instances
20:22:30 [CE][LoadClusters] :: file: "mapgroupcluster01", 4 types, 50000 instances
20:22:30 [CE][LoadClusters] :: file: "mapgroupcluster02", 4 types, 50000 instances
20:22:31 [CE][LoadClusters] :: file: "mapgroupcluster03", 4 types, 50000 instances
20:22:31 [CE][LoadClusters] :: file: "mapgroupcluster04", 4 types, 21297 instances
20:22:31 [CE][Storage] ver:0 stamp:0, valid:NO, name:"mpmissions\TheCommunity.enoch\storage_666\data\types.bin"
20:22:31 [CE][Storage] ver:0 stamp:0, valid:NO, name:"mpmissions\TheCommunity.enoch\storage_666\data\types.001"
20:22:31 [CE][Storage] ver:0 stamp:0, valid:NO, name:"mpmissions\TheCommunity.enoch\storage_666\data\types.002"
20:22:31 [CE][offlineDB] :: Loaded 32 dynamic events 211 total types 0 total positions.
20:22:31 [CE][Storage] ver:0 stamp:0, valid:NO, name:"mpmissions\TheCommunity.enoch\storage_666\data\events.bin"
20:22:31 [CE][Storage] ver:0 stamp:0, valid:NO, name:"mpmissions\TheCommunity.enoch\storage_666\data\events.001"
20:22:31 [CE][Storage] ver:0 stamp:0, valid:NO, name:"mpmissions\TheCommunity.enoch\storage_666\data\events.002"
20:22:31 [CE][Storage] ver:0 stamp:0, valid:NO, name:"mpmissions\TheCommunity.enoch\storage_666\data\vehicles.bin"
20:22:31 [CE][Storage] ver:0 stamp:0, valid:NO, name:"mpmissions\TheCommunity.enoch\storage_666\data\vehicles.001"
20:22:31 [CE][Storage] ver:0 stamp:0, valid:NO, name:"mpmissions\TheCommunity.enoch\storage_666\data\vehicles.002"
20:22:31 [CE][Storage] ver:0 stamp:0, valid:NO, name:"mpmissions\TheCommunity.enoch\storage_666\data\dynamic_000.bin"
20:22:31 [CE][Storage] ver:0 stamp:0, valid:NO, name:"mpmissions\TheCommunity.enoch\storage_666\data\dynamic_000.001"
20:22:31 [CE][Storage] ver:0 stamp:0, valid:NO, name:"mpmissions\TheCommunity.enoch\storage_666\data\dynamic_000.002"
20:22:31 [CE][Storage] ver:0 stamp:0, valid:NO, name:"mpmissions\TheCommunity.enoch\storage_666\data\dynamic_001.bin"
20:22:31 [CE][Storage] ver:0 stamp:0, valid:NO, name:"mpmissions\TheCommunity.enoch\storage_666\data\dynamic_001.001"
20:22:31 [CE][Storage] ver:0 stamp:0, valid:NO, name:"mpmissions\TheCommunity.enoch\storage_666\data\dynamic_001.002"
20:22:31 [CE][Storage] ver:0 stamp:0, valid:NO, name:"mpmissions\TheCommunity.enoch\storage_666\data\dynamic_002.bin"
20:22:31 [CE][Storage] ver:0 stamp:0, valid:NO, name:"mpmissions\TheCommunity.enoch\storage_666\data\dynamic_002.001"
20:22:31 [CE][Storage] ver:0 stamp:0, valid:NO, name:"mpmissions\TheCommunity.enoch\storage_666\data\dynamic_002.002"
20:22:31 [CE][Storage] ver:0 stamp:0, valid:NO, name:"mpmissions\TheCommunity.enoch\storage_666\data\dynamic_003.bin"
20:22:31 [CE][Storage] ver:0 stamp:0, valid:NO, name:"mpmissions\TheCommunity.enoch\storage_666\data\dynamic_003.001"
20:22:31 [CE][Storage] ver:0 stamp:0, valid:NO, name:"mpmissions\TheCommunity.enoch\storage_666\data\dynamic_003.002"
20:22:31 [CE][Storage] ver:0 stamp:0, valid:NO, name:"mpmissions\TheCommunity.enoch\storage_666\data\dynamic_004.bin"
20:22:31 [CE][Storage] ver:0 stamp:0, valid:NO, name:"mpmissions\TheCommunity.enoch\storage_666\data\dynamic_004.001"
20:22:31 [CE][Storage] ver:0 stamp:0, valid:NO, name:"mpmissions\TheCommunity.enoch\storage_666\data\dynamic_004.002"
20:22:31 [CE][Storage] ver:0 stamp:0, valid:NO, name:"mpmissions\TheCommunity.enoch\storage_666\data\dynamic_005.bin"
20:22:31 [CE][Storage] ver:0 stamp:0, valid:NO, name:"mpmissions\TheCommunity.enoch\storage_666\data\dynamic_005.001"
20:22:31 [CE][Storage] ver:0 stamp:0, valid:NO, name:"mpmissions\TheCommunity.enoch\storage_666\data\dynamic_005.002"
20:22:31 [CE][Storage] ver:0 stamp:0, valid:NO, name:"mpmissions\TheCommunity.enoch\storage_666\data\dynamic_006.bin"
20:22:31 [CE][Storage] ver:0 stamp:0, valid:NO, name:"mpmissions\TheCommunity.enoch\storage_666\data\dynamic_006.001"
20:22:31 [CE][Storage] ver:0 stamp:0, valid:NO, name:"mpmissions\TheCommunity.enoch\storage_666\data\dynamic_006.002"
20:22:31 [CE][Storage] ver:0 stamp:0, valid:NO, name:"mpmissions\TheCommunity.enoch\storage_666\data\dynamic_007.bin"
20:22:31 [CE][Storage] ver:0 stamp:0, valid:NO, name:"mpmissions\TheCommunity.enoch\storage_666\data\dynamic_007.001"
20:22:31 [CE][Storage] ver:0 stamp:0, valid:NO, name:"mpmissions\TheCommunity.enoch\storage_666\data\dynamic_007.002"
20:22:31 [CE][Storage] ver:0 stamp:0, valid:NO, name:"mpmissions\TheCommunity.enoch\storage_666\data\dynamic_008.bin"
20:22:31 [CE][Storage] ver:0 stamp:0, valid:NO, name:"mpmissions\TheCommunity.enoch\storage_666\data\dynamic_008.001"
20:22:31 [CE][Storage] ver:0 stamp:0, valid:NO, name:"mpmissions\TheCommunity.enoch\storage_666\data\dynamic_008.002"
20:22:31 [CE][Storage] ver:0 stamp:0, valid:NO, name:"mpmissions\TheCommunity.enoch\storage_666\data\dynamic_009.bin"
20:22:31 [CE][Storage] ver:0 stamp:0, valid:NO, name:"mpmissions\TheCommunity.enoch\storage_666\data\dynamic_009.001"
20:22:31 [CE][Storage] ver:0 stamp:0, valid:NO, name:"mpmissions\TheCommunity.enoch\storage_666\data\dynamic_009.002"
20:22:31 [CE][Storage] ver:0 stamp:0, valid:NO, name:"mpmissions\TheCommunity.enoch\storage_666\data\dynamic_010.bin"
20:22:31 [CE][Storage] ver:0 stamp:0, valid:NO, name:"mpmissions\TheCommunity.enoch\storage_666\data\dynamic_010.001"
20:22:31 [CE][Storage] ver:0 stamp:0, valid:NO, name:"mpmissions\TheCommunity.enoch\storage_666\data\dynamic_010.002"
20:22:31 [CE][Storage] ver:0 stamp:0, valid:NO, name:"mpmissions\TheCommunity.enoch\storage_666\data\dynamic_011.bin"
20:22:31 [CE][Storage] ver:0 stamp:0, valid:NO, name:"mpmissions\TheCommunity.enoch\storage_666\data\dynamic_011.001"
20:22:31 [CE][Storage] ver:0 stamp:0, valid:NO, name:"mpmissions\TheCommunity.enoch\storage_666\data\dynamic_011.002"
20:22:31 [CE][Hive] :: Empty storage folder, reinitializing ... 
20:22:31 [CE][Hive] :: Initializing ... 
20:22:31 [CE][InitializeMap] :: initialized: 0
20:22:31 [CE][Hive] :: Initializing spawners ... 
20:22:33 [CE][LootRespawner] (PRIDummy) :: Item [0] causing search overtime: "HatchbackHood_WhiteRust"
20:22:33 [CE][LootRespawner] (PRIDummy) :: Item [1] causing search overtime: "HatchbackHood_WhiteRust"
20:22:33 [CE][LootRespawner] (PRIDummy) :: Item [2] causing search overtime: "HatchbackHood_WhiteRust"
20:22:33 [CE][LootRespawner] (PRIDummy) :: Item [3] causing search overtime: "HatchbackHood_WhiteRust"
20:22:33 [CE][LootRespawner] (PRIDummy) :: Item [4] causing search overtime: "HatchbackHood_WhiteRust"
20:22:33 [CE][LootRespawner] (PRIDummy) :: Item [5] causing search overtime: "HatchbackHood_WhiteRust"
20:22:33 [CE][LootRespawner] (PRIDummy) :: Item [6] causing search overtime: "HatchbackHood_WhiteRust"
20:22:33 [CE][LootRespawner] (PRIDummy) :: Item [7] causing search overtime: "HatchbackHood_WhiteRust"
20:22:33 [CE][LootRespawner] (PRIDummy) :: Item [8] causing search overtime: "HatchbackHood_WhiteRust"
20:22:33 [CE][LootRespawner] (PRIDummy) :: Item [9] causing search overtime: "HatchbackHood_WhiteRust"
20:22:33 [CE][LootRespawner] (PRIDummy) :: Item [10] causing search overtime: "HatchbackHood_WhiteRust"
20:22:33 [CE][LootRespawner] (PRIDummy) :: Item [11] causing search overtime: "HatchbackHood_WhiteRust"
20:22:33 [CE][LootRespawner] (PRIDummy) :: Item [12] causing search overtime: "HatchbackHood_WhiteRust"
20:22:33 [CE][LootRespawner] (PRIDummy) :: Item [13] causing search overtime: "HatchbackHood_WhiteRust"
20:22:33 [CE][LootRespawner] (PRIDummy) :: Item [14] causing search overtime: "HatchbackHood_WhiteRust"
20:22:33 [CE][LootRespawner] (PRIDummy) :: Item [15] causing search overtime: "HatchbackHood_WhiteRust"
20:22:33 [CE][LootRespawner] (PRIDummy) :: Item [16] causing search overtime: "HatchbackHood_WhiteRust"
20:22:33 [CE][LootRespawner] (PRIDummy) :: Item [17] causing search overtime: "HatchbackHood_WhiteRust"
20:22:33 [CE][LootRespawner] (PRIDummy) :: Item [18] causing search overtime: "HatchbackHood_WhiteRust"
20:22:33 [CE][LootRespawner] (PRIDummy) :: Item [19] causing search overtime: "CivSedanTrunk_WineRust"
20:22:34 !!! [CE][Point] Removing 6106.468750, 4327.012207 from Land_Shed_Closed_Small1
20:22:34 [CE][LootRespawner] (PRIDummy) :: Item [0] is hard to place, performance drops: "Mag_AKM_30Rnd"
20:22:34 [CE][LootRespawner] (PRIDummy) :: Item [1] is hard to place, performance drops: "PrisonerCap"
20:22:34 [CE][LootRespawner] (PRIDummy) :: Item [2] is hard to place, performance drops: "PrisonerCap"
20:22:35 [CE][LootRespawner] (PRIDummy) :: Item [3] is hard to place, performance drops: "ParamedicPants_Green"
20:22:35 [CE][LootRespawner] (PRIDummy) :: Item [4] is hard to place, performance drops: "ParamedicPants_Green"
20:22:35 [CE][LootRespawner] (PRIDummy) :: Item [5] is hard to place, performance drops: "ParamedicPants_Green"
20:22:35 [CE][LootRespawner] (PRIDummy) :: Item [6] is hard to place, performance drops: "M65Jacket_Olive"
20:22:35 [CE][LootRespawner] (PRIDummy) :: Item [7] is hard to place, performance drops: "CargoPants_Grey"
20:22:35 [CE][LootRespawner] (PRIDummy) :: Item [8] is hard to place, performance drops: "CargoPants_Grey"
20:22:35 [CE][LootRespawner] (PRIDummy) :: Item [9] is hard to place, performance drops: "CZ527"
20:22:35 [CE][LootRespawner] (PRIDummy) :: Item [10] is hard to place, performance drops: "CZ527"
20:22:35 [CE][LootRespawner] (PRIDummy) :: Item [11] is hard to place, performance drops: "CZ527"
20:22:35 [CE][LootRespawner] (PRIDummy) :: Item [12] is hard to place, performance drops: "CZ527"
20:22:35 [CE][LootRespawner] (PRIDummy) :: Item [13] is hard to place, performance drops: "CZ527"
20:22:35 [CE][LootRespawner] (PRIDummy) :: Item [14] is hard to place, performance drops: "CZ527"
20:22:35 [CE][LootRespawner] (PRIDummy) :: Item [15] is hard to place, performance drops: "Fal_FoldingBttstck"
20:22:35 [CE][LootRespawner] (PRIDummy) :: Item [16] is hard to place, performance drops: "MP5K"
20:22:35 [CE][LootRespawner] (PRIDummy) :: Item [17] is hard to place, performance drops: "MP5K"
20:22:36 [CE][LootRespawner] (PRIDummy) :: Item [18] is hard to place, performance drops: "FirefightersPants_Black"
20:22:36 [CE][LootRespawner] (PRIDummy) :: Item [19] is hard to place, performance drops: "ParamedicPants_Crimson"
20:22:36 [CE][LootRespawner] (PRIDummy) :: Initially (re)spawned:11921, Nominal:12429, Total in Map: 10480 at 3 (sec)
20:22:36   tests:12044, repeats:39 fails:84, overtime:1942
20:22:36 [CE][SpawnRandomLoot] (StaticHeliCrash) :: ChildType: Wreck_UH1Y, lootmin: 10, lootmax: 20, wanted: 15
20:22:36 [CE][SpawnRandomLoot] (StaticHeliCrash) :: ChildType: Wreck_Mi8, lootmin: 10, lootmax: 20, wanted: 18
20:22:36 [CE][SpawnRandomLoot] (StaticPoliceCar) :: ChildType: Land_Wreck_Volha_Police, lootmin: 3, lootmax: 5, wanted: 4
20:22:36 [CE][SpawnRandomLoot] (StaticPoliceCar) :: ChildType: Land_Wreck_Volha_Police, lootmin: 3, lootmax: 5, wanted: 4
20:22:36 [CE][SpawnRandomLoot] (StaticPoliceCar) :: ChildType: Land_Wreck_Volha_Police, lootmin: 3, lootmax: 5, wanted: 4
20:22:36 [CE][SpawnRandomLoot] (StaticPoliceCar) :: ChildType: Land_Wreck_Volha_Police, lootmin: 3, lootmax: 5, wanted: 3
20:22:36 [CE][SpawnRandomLoot] (StaticPoliceCar) :: ChildType: Land_Wreck_Volha_Police, lootmin: 3, lootmax: 5, wanted: 4
20:22:36 [CE][SpawnRandomLoot] (StaticPoliceCar) :: ChildType: Land_Wreck_Volha_Police, lootmin: 3, lootmax: 5, wanted: 4
20:22:37 [CE][SpawnRandomLoot] (StaticPoliceCar) :: ChildType: Land_Wreck_Volha_Police, lootmin: 3, lootmax: 5, wanted: 3
20:22:37 [CE][SpawnRandomLoot] (StaticPoliceCar) :: ChildType: Land_Wreck_Volha_Police, lootmin: 3, lootmax: 5, wanted: 3
20:22:37 [CE][SpawnRandomLoot] (StaticPoliceCar) :: ChildType: Land_Wreck_Volha_Police, lootmin: 3, lootmax: 5, wanted: 3
20:22:37 [CE][DynEvent] :: 32 types
20:22:37 [00] AmbientHen
20:22:37   Primary Spawner: "Ambient", active: yes, repeat: 1
20:22:37 [01] AnimalBear
20:22:37   Primary Spawner: "Animal", active: yes, repeat: 1
20:22:37 [02] AnimalCow
20:22:37   Primary Spawner: "Animal", active: yes, repeat: 1
20:22:37 [03] AnimalDeer
20:22:37   Primary Spawner: "Animal", active: yes, repeat: 1
20:22:37 [04] AnimalGoat
20:22:37   Primary Spawner: "Animal", active: yes, repeat: 1
20:22:37 [05] AnimalPig
20:22:37   Primary Spawner: "Animal", active: yes, repeat: 1
20:22:37 [06] AnimalRoeDeer
20:22:37   Primary Spawner: "Animal", active: yes, repeat: 1
20:22:37 [07] AnimalSheep
20:22:37   Primary Spawner: "Animal", active: yes, repeat: 1
20:22:37 [08] AnimalWildBoar
20:22:37   Primary Spawner: "Animal", active: yes, repeat: 1
20:22:37 [09] AnimalWolf
20:22:37   Primary Spawner: "Animal", active: yes, repeat: 1
20:22:37 [10] InfectedArmy
20:22:37   Primary Spawner: "Infected", active: yes, repeat: 1
20:22:37 [11] InfectedCity
20:22:37   Primary Spawner: "Infected", active: yes, repeat: 1
20:22:37 [12] InfectedFirefighter
20:22:37   Primary Spawner: "Infected", active: yes, repeat: 1
20:22:37 [13] InfectedIndustrial
20:22:37   Primary Spawner: "Infected", active: yes, repeat: 1
20:22:37 [14] InfectedMedic
20:22:37   Primary Spawner: "Infected", active: yes, repeat: 1
20:22:37 [15] InfectedPolice
20:22:37   Primary Spawner: "Infected", active: yes, repeat: 1
20:22:37 [16] InfectedPrisoner
20:22:37   Primary Spawner: "Infected", active: yes, repeat: 1
20:22:37 [17] InfectedReligious
20:22:37   Primary Spawner: "Infected", active: yes, repeat: 1
20:22:37 [18] InfectedSolitude
20:22:37   Primary Spawner: "Infected", active: yes, repeat: 1
20:22:37 [19] InfectedVillage
20:22:37   Primary Spawner: "Infected", active: yes, repeat: 1
20:22:37 [20] ItemPlanks
20:22:37   Primary Spawner: "Item", active: yes, repeat: 1
20:22:37 [21] Loot
20:22:37   Primary Spawner: "Loot", active: yes, repeat: 2
20:22:37 [22] StaticHeliCrash
20:22:37   Primary Spawner: "Vehicle", active: yes, repeat: 1
20:22:37   Secondary Spawner: "Infected", active: yes, repeat: 1
20:22:37 [23] StaticPoliceCar
20:22:37   Primary Spawner: "Vehicle", active: yes, repeat: 1
20:22:37 [24] TrajectoryConiferous
20:22:37   Primary Spawner: "Trajectory", active: yes, repeat: 1
20:22:37 [25] TrajectoryDeciduous
20:22:37   Primary Spawner: "Trajectory", active: yes, repeat: 1
20:22:37 [26] TrajectoryHumus
20:22:37   Primary Spawner: "Trajectory", active: yes, repeat: 1
20:22:37 [27] TrajectoryStones
20:22:37   Primary Spawner: "Trajectory", active: yes, repeat: 1
20:22:37 [28] VehicleCivilianSedan
20:22:37   Primary Spawner: "Vehicle", active: yes, repeat: 1
20:22:37 [29] VehicleHatchback02
20:22:37   Primary Spawner: "Vehicle", active: yes, repeat: 1
20:22:37 [30] VehicleOffroadHatchback
20:22:37   Primary Spawner: "Vehicle", active: yes, repeat: 1
20:22:37 [31] VehicleSedan02
20:22:37   Primary Spawner: "Vehicle", active: yes, repeat: 1
20:22:37 [CE][Hive] :: Initializing of spawners done.
20:22:37 [CE][Hive] :: Init sequence finished.
20:22:57 BattlEye Server: RCon admin #0 (127.0.0.1:51538) logged in
20:23:07 Average server FPS: 2866.17 (measured interval: 30 s)
20:23:07 Used memory: 1301322 KB
20:23:07 Players: 0 in total
20:23:37 Average server FPS: 3521.33 (measured interval: 30 s)
20:23:37 Used memory: 1306765 KB
20:23:37 Players: 0 in total
20:23:56 [CE][SpawnRandomLoot] (StaticHeliCrash) :: ChildType: Wreck_Mi8, lootmin: 10, lootmax: 20, wanted: 10
20:23:57 [CE][SpawnRandomLoot] (StaticPoliceCar) :: ChildType: Land_Wreck_Volha_Police, lootmin: 3, lootmax: 5, wanted: 3
20:23:57 BattlEye Server: RCon admin #0: (Global) Welcome to The Community Live Server! This server restarts every 4 hours
20:24:02 BattlEye Server: RCon admin #0: (Global) Discord at https://discord.me/eXpoch -- If you need help join the discord and chime an admin
20:24:07 Average server FPS: 3412.10 (measured interval: 30 s)
20:24:07 Used memory: 1318864 KB
20:24:07 Players: 0 in total
20:24:07 BattlEye Server: RCon admin #0: (Global) Glitching/Cheating/Hacking/Abusing/Exploiting are all BANNABLE offenses
20:24:12 BattlEye Server: RCon admin #0: (Global) FREE FREE FREE FREE FREE FREE FREE
20:24:37 Average server FPS: 2842.47 (measured interval: 30 s)
20:24:37 Used memory: 1327073 KB
20:24:37 Players: 0 in total
20:25:07 Average server FPS: 2870.33 (measured interval: 30 s)
20:25:07 Used memory: 1334692 KB
20:25:07 Players: 0 in total
20:25:37 Average server FPS: 2961.54 (measured interval: 30 s)
20:25:37 Used memory: 1339322 KB
20:25:37 Players: 0 in total
20:26:07 Average server FPS: 2928.63 (measured interval: 30 s)
20:26:07 Used memory: 1345326 KB
20:26:07 Players: 0 in total
20:26:37 Average server FPS: 3088.63 (measured interval: 30 s)
20:26:37 Used memory: 1350581 KB
20:26:37 Players: 0 in total
20:27:07 Average server FPS: 3026.10 (measured interval: 30 s)
20:27:07 Used memory: 1355159 KB
20:27:07 Players: 0 in total
20:27:37 Average server FPS: 3075.80 (measured interval: 30 s)
20:27:37 Used memory: 1359329 KB
20:27:37 Players: 0 in total
20:28:07 Average server FPS: 4499.10 (measured interval: 30 s)
20:28:07 Used memory: 1360718 KB
20:28:07 Players: 0 in total
20:28:37 Average server FPS: 6189.27 (measured interval: 30 s)
20:28:37 Used memory: 1360762 KB
20:28:37 Players: 0 in total
20:29:07 Average server FPS: 8906.03 (measured interval: 30 s)
20:29:07 Used memory: 1360159 KB
20:29:07 Players: 0 in total
20:29:37 Average server FPS: 9150.60 (measured interval: 30 s)
20:29:37 Used memory: 1360163 KB
20:29:37 Players: 0 in total
20:30:07 Average server FPS: 8448.00 (measured interval: 30 s)
20:30:07 Used memory: 1362016 KB
20:30:07 Players: 0 in total
20:30:37 Average server FPS: 9140.87 (measured interval: 30 s)
20:30:37 Used memory: 1362019 KB
20:30:37 Players: 0 in total
20:31:07 Average server FPS: 8958.40 (measured interval: 30 s)
20:31:07 Used memory: 1360998 KB
20:31:07 Players: 0 in total
20:31:37 Average server FPS: 8879.50 (measured interval: 30 s)
20:31:37 Used memory: 1361895 KB
20:31:37 Players: 0 in total
20:32:07 Average server FPS: 8629.53 (measured interval: 30 s)
20:32:07 Used memory: 1361865 KB
20:32:07 Players: 0 in total
20:32:37 Average server FPS: 9139.50 (measured interval: 30 s)
20:32:37 Used memory: 1361814 KB
20:32:37 Players: 0 in total
20:33:07 Average server FPS: 9016.37 (measured interval: 30 s)
20:33:07 Used memory: 1361481 KB
20:33:07 Players: 0 in total
20:33:37 Average server FPS: 8978.53 (measured interval: 30 s)
20:33:37 Used memory: 1362035 KB
20:33:37 Players: 0 in total
20:34:07 Average server FPS: 9139.63 (measured interval: 30 s)
20:34:07 Used memory: 1362002 KB
20:34:07 Players: 0 in total
20:34:37 Average server FPS: 9073.37 (measured interval: 30 s)
20:34:37 Used memory: 1361977 KB
20:34:37 Players: 0 in total
20:35:07 Average server FPS: 8932.20 (measured interval: 30 s)
20:35:07 Used memory: 1362007 KB
20:35:07 Players: 0 in total
20:35:37 Average server FPS: 9101.73 (measured interval: 30 s)
20:35:37 Used memory: 1361962 KB
20:35:37 Players: 0 in total
20:36:07 Average server FPS: 9097.37 (measured interval: 30 s)
20:36:07 Used memory: 1361935 KB
20:36:07 Players: 0 in total
20:36:37 Average server FPS: 9087.80 (measured interval: 30 s)
20:36:37 Used memory: 1361910 KB
20:36:37 Players: 0 in total
20:37:07 Average server FPS: 9090.97 (measured interval: 30 s)
20:37:07 Used memory: 1361870 KB
20:37:07 Players: 0 in total
20:37:37 Average server FPS: 9100.30 (measured interval: 30 s)
20:37:37 Used memory: 1361884 KB
20:37:37 Players: 0 in total
20:38:07 Average server FPS: 9092.17 (measured interval: 30 s)
20:38:07 Used memory: 1361910 KB
20:38:07 Players: 0 in total
20:38:37 Average server FPS: 9044.10 (measured interval: 30 s)
20:38:37 Used memory: 1361924 KB
20:38:37 Players: 0 in total
20:39:07 Average server FPS: 9080.77 (measured interval: 30 s)
20:39:07 Used memory: 1361932 KB
20:39:07 Players: 0 in total
20:39:37 Average server FPS: 9085.30 (measured interval: 30 s)
20:39:37 Used memory: 1361952 KB
20:39:37 Players: 0 in total
20:40:07 Average server FPS: 9078.20 (measured interval: 30 s)
20:40:07 Used memory: 1361971 KB
20:40:07 Players: 0 in total
20:40:37 Average server FPS: 9002.77 (measured interval: 30 s)
20:40:37 Used memory: 1361976 KB
20:40:37 Players: 0 in total
20:41:07 Average server FPS: 9114.80 (measured interval: 30 s)
20:41:07 Used memory: 1361996 KB
20:41:07 Players: 0 in total
20:41:37 Average server FPS: 9123.43 (measured interval: 30 s)
20:41:37 Used memory: 1361997 KB
20:41:37 Players: 0 in total
20:42:07 Average server FPS: 9111.03 (measured interval: 30 s)
20:42:07 Used memory: 1362017 KB
20:42:07 Players: 0 in total
20:42:37 Average server FPS: 9122.43 (measured interval: 30 s)
20:42:37 Used memory: 1362013 KB
20:42:37 Players: 0 in total
20:43:07 Average server FPS: 9161.43 (measured interval: 30 s)
20:43:07 Used memory: 1362033 KB
20:43:07 Players: 0 in total
20:43:37 Average server FPS: 9153.87 (measured interval: 30 s)
20:43:37 Used memory: 1362037 KB
20:43:37 Players: 0 in total
20:44:07 Average server FPS: 9145.20 (measured interval: 30 s)
20:44:07 Used memory: 1362059 KB
20:44:07 Players: 0 in total
20:44:37 Average server FPS: 9172.93 (measured interval: 30 s)
20:44:37 Used memory: 1362067 KB
20:44:37 Players: 0 in total
20:45:07 Average server FPS: 9150.60 (measured interval: 30 s)
20:45:07 Used memory: 1362065 KB
20:45:07 Players: 0 in total
20:45:37 Average server FPS: 9113.83 (measured interval: 30 s)
20:45:37 Used memory: 1362073 KB
20:45:37 Players: 0 in total
20:46:07 Average server FPS: 9125.73 (measured interval: 30 s)
20:46:07 Used memory: 1362076 KB
20:46:07 Players: 0 in total
20:46:37 Average server FPS: 9130.20 (measured interval: 30 s)
20:46:37 Used memory: 1362090 KB
20:46:37 Players: 0 in total
20:47:07 Average server FPS: 9122.13 (measured interval: 30 s)
20:47:07 Used memory: 1362091 KB
20:47:07 Players: 0 in total
20:47:37 Average server FPS: 9122.97 (measured interval: 30 s)
20:47:37 Used memory: 1362106 KB
20:47:37 Players: 0 in total
20:48:07 Average server FPS: 9088.30 (measured interval: 30 s)
20:48:07 Used memory: 1362104 KB
20:48:07 Players: 0 in total
20:48:37 Average server FPS: 9103.23 (measured interval: 30 s)
20:48:37 Used memory: 1362121 KB
20:48:37 Players: 0 in total
20:49:07 Average server FPS: 9077.60 (measured interval: 30 s)
20:49:07 Used memory: 1362139 KB
20:49:07 Players: 0 in total
20:49:37 Average server FPS: 9094.90 (measured interval: 30 s)
20:49:37 Used memory: 1362136 KB
20:49:37 Players: 0 in total
20:50:07 Average server FPS: 9080.03 (measured interval: 30 s)
20:50:07 Used memory: 1362134 KB
20:50:07 Players: 0 in total
20:50:37 Average server FPS: 9068.67 (measured interval: 30 s)
20:50:37 Used memory: 1362134 KB
20:50:37 Players: 0 in total
20:51:07 Average server FPS: 9079.60 (measured interval: 30 s)
20:51:07 Used memory: 1362152 KB
20:51:07 Players: 0 in total
20:51:37 Average server FPS: 9109.27 (measured interval: 30 s)
20:51:37 Used memory: 1362284 KB
20:51:37 Players: 0 in total
20:52:07 Average server FPS: 9081.90 (measured interval: 30 s)
20:52:07 Used memory: 1362297 KB
20:52:07 Players: 0 in total
20:52:37 Average server FPS: 9019.23 (measured interval: 30 s)
20:52:37 Used memory: 1362296 KB
20:52:37 Players: 0 in total
