21:13:31 BattlEye Server: Initialized (v1.217)
21:13:31 SUCCESS: SteamGameServer_Init(0,8766,2442,28056,3,1.07.153006)
21:13:31 Roles assigned.
21:13:31 Reading mission ...
21:13:49 [CE][Hive] :: Initializing OFFLINE
21:13:49 [CE][Hive] :: Loading core data ... 
21:13:49 [CE][CoreData] :: 7 root classes, 19 defaults, 0 updaters...
21:13:53 [CE][TypeSetup] :: 408 classes setuped...
21:13:53 [CE][RegisterBind] :: 0 classes binded...
21:13:53 [CE][RegisterConfig] :: 3115 config classes registered, 1 sub-counters...
21:13:53 [CE][Hive] :: Loading map data ... 
21:13:53 !!! [CE] :: Unknown category: 'vehicleparts'.
21:13:53 !!! [CE] :: Unknown category: 'vehicleparts'.
21:13:53 !!! [CE] :: Unknown category: 'vehicleparts'.
21:13:53 !!! [CE] :: Unknown category: 'vehicleparts'.
21:13:53 !!! [CE] :: Unknown category: 'vehicleparts'.
21:13:53 !!! [CE] :: Unknown category: 'vehicleparts'.
21:13:53 !!! [CE] :: Unknown category: 'vehicleparts'.
21:13:53 !!! [CE] :: Unknown category: 'vehicleparts'.
21:13:53 !!! [CE] :: Unknown category: 'vehicleparts'.
21:13:53 !!! [CE] :: Unknown category: 'vehicleparts'.
21:13:53 !!! [CE] :: Unknown category: 'vehicleparts'.
21:13:53 !!! [CE] :: Unknown category: 'vehicleparts'.
21:13:53 !!! [CE] :: Unknown category: 'vehicleparts'.
21:13:53 !!! [CE] :: Unknown category: 'vehicleparts'.
21:13:53 !!! [CE] :: Unknown category: 'vehicleparts'.
21:13:53 !!! [CE] :: Unknown category: 'vehicleparts'.
21:13:53 !!! [CE] :: Unknown category: 'vehicleparts'.
21:13:53 !!! [CE] :: Unknown category: 'vehicleparts'.
21:13:53 !!! [CE] :: Unknown category: 'vehicleparts'.
21:13:53 !!! [CE] :: Unknown category: 'vehicleparts'.
21:13:53 !!! [CE] :: Unknown category: 'vehicleparts'.
21:13:53 !!! [CE] :: Unknown category: 'vehicleparts'.
21:13:53 !!! [CE] :: Unknown category: 'vehicleparts'.
21:13:53 !!! [CE] :: Unknown category: 'vehicleparts'.
21:13:53 [CE][LoadPrototype] :: loaded 330 prototypes
21:13:53   702 containers, 9116 points
21:13:53   24 dispatches, 90 proxies
21:13:53 !!! [CE][LoadPrototype] 12 groups have no points...
21:13:53 !!![CE][LoadPrototype]  3 groups have wrong points...
21:13:53 [CE][LoadPrototype] :: last group name: Land_Lunapark_Autodrome...
21:13:53 [CE][LoadPrototype] :: loaded 0 prototypes
21:13:53   0 containers, 0 points
21:13:53   0 dispatches, 0 proxies
21:13:53 [CE][LoadPrototype] :: last group name: PathD_7100...
21:13:54 [CE][LoadMap] "Group" :: loaded 5086 groups, largest group range: 26.9
21:13:54 [CE][LoadMap] "Dirt" :: loaded 0 groups, largest group range: 26.9
21:13:54 [CE][LoadClusters] "Cluster" :: Loading files...
21:13:54 [CE][LoadClusters] :: file: "mapgroupcluster.xml", 4 types, 50000 instances
21:13:55 [CE][LoadClusters] :: file: "mapgroupcluster01", 4 types, 50000 instances
21:13:55 [CE][LoadClusters] :: file: "mapgroupcluster02", 4 types, 50000 instances
21:13:55 [CE][LoadClusters] :: file: "mapgroupcluster03", 4 types, 50000 instances
21:13:56 [CE][LoadClusters] :: file: "mapgroupcluster04", 4 types, 21297 instances
21:13:56 [CE][Storage] ver:21 stamp:83, valid:yes, name:"mpmissions\TheCommunity.enoch\storage_666\data\types.bin"
21:13:56 [CE][Storage] ver:21 stamp:81, valid:yes, name:"mpmissions\TheCommunity.enoch\storage_666\data\types.001"
21:13:56 [CE][Storage] ver:21 stamp:82, valid:yes, name:"mpmissions\TheCommunity.enoch\storage_666\data\types.002"
21:13:56 [CE][Storage] Restoring file "mpmissions\TheCommunity.enoch\storage_666\data\types.bin".
21:13:56 [CE][offlineDB] :: Loaded 32 dynamic events 211 total types 0 total positions.
21:13:56 [CE][Storage] ver:21 stamp:83, valid:yes, name:"mpmissions\TheCommunity.enoch\storage_666\data\events.bin"
21:13:56 [CE][Storage] ver:21 stamp:81, valid:yes, name:"mpmissions\TheCommunity.enoch\storage_666\data\events.001"
21:13:56 [CE][Storage] ver:21 stamp:82, valid:yes, name:"mpmissions\TheCommunity.enoch\storage_666\data\events.002"
21:13:56 [CE][Storage] Restoring file "mpmissions\TheCommunity.enoch\storage_666\data\events.bin".
21:13:56 [CE][DynamicEvent] Load  Events:[32] Primary spawners: 32 Secondary spawners: 1
21:13:56 [CE][Storage] ver:24 stamp:83, valid:yes, name:"mpmissions\TheCommunity.enoch\storage_666\data\vehicles.bin"
21:13:56 [CE][Storage] ver:24 stamp:81, valid:yes, name:"mpmissions\TheCommunity.enoch\storage_666\data\vehicles.001"
21:13:56 [CE][Storage] ver:24 stamp:82, valid:yes, name:"mpmissions\TheCommunity.enoch\storage_666\data\vehicles.002"
21:13:56 [CE][Storage] Restoring file "mpmissions\TheCommunity.enoch\storage_666\data\vehicles.bin" 105 items.
21:13:56   105 items loaded.
21:13:56 [CE][Storage] ver:0 stamp:0, valid:NO, name:"mpmissions\TheCommunity.enoch\storage_666\data\dynamic_000.bin"
21:13:56 [CE][Storage] ver:24 stamp:81, valid:yes, name:"mpmissions\TheCommunity.enoch\storage_666\data\dynamic_000.001"
21:13:56 [CE][Storage] ver:24 stamp:82, valid:yes, name:"mpmissions\TheCommunity.enoch\storage_666\data\dynamic_000.002"
21:13:56 [CE][Storage] Restoring file "mpmissions\TheCommunity.enoch\storage_666\data\dynamic_000.002" 304 items.
21:13:56   304 items loaded.
21:13:56 [CE][Storage] ver:0 stamp:0, valid:NO, name:"mpmissions\TheCommunity.enoch\storage_666\data\dynamic_001.bin"
21:13:56 [CE][Storage] ver:24 stamp:81, valid:yes, name:"mpmissions\TheCommunity.enoch\storage_666\data\dynamic_001.001"
21:13:56 [CE][Storage] ver:24 stamp:82, valid:yes, name:"mpmissions\TheCommunity.enoch\storage_666\data\dynamic_001.002"
21:13:56 [CE][Storage] Restoring file "mpmissions\TheCommunity.enoch\storage_666\data\dynamic_001.002" 1910 items.
21:13:57   1910 items loaded.
21:13:57 [CE][Storage] ver:0 stamp:0, valid:NO, name:"mpmissions\TheCommunity.enoch\storage_666\data\dynamic_002.bin"
21:13:57 [CE][Storage] ver:24 stamp:81, valid:yes, name:"mpmissions\TheCommunity.enoch\storage_666\data\dynamic_002.001"
21:13:57 [CE][Storage] ver:24 stamp:82, valid:yes, name:"mpmissions\TheCommunity.enoch\storage_666\data\dynamic_002.002"
21:13:57 [CE][Storage] Restoring file "mpmissions\TheCommunity.enoch\storage_666\data\dynamic_002.002" 510 items.
21:13:57   510 items loaded.
21:13:57 [CE][Storage] ver:0 stamp:0, valid:NO, name:"mpmissions\TheCommunity.enoch\storage_666\data\dynamic_003.bin"
21:13:57 [CE][Storage] ver:24 stamp:81, valid:yes, name:"mpmissions\TheCommunity.enoch\storage_666\data\dynamic_003.001"
21:13:57 [CE][Storage] ver:24 stamp:82, valid:yes, name:"mpmissions\TheCommunity.enoch\storage_666\data\dynamic_003.002"
21:13:57 [CE][Storage] Restoring file "mpmissions\TheCommunity.enoch\storage_666\data\dynamic_003.002" 964 items.
21:13:58   964 items loaded.
21:13:58 [CE][Storage] ver:0 stamp:0, valid:NO, name:"mpmissions\TheCommunity.enoch\storage_666\data\dynamic_004.bin"
21:13:58 [CE][Storage] ver:24 stamp:81, valid:yes, name:"mpmissions\TheCommunity.enoch\storage_666\data\dynamic_004.001"
21:13:58 [CE][Storage] ver:24 stamp:82, valid:yes, name:"mpmissions\TheCommunity.enoch\storage_666\data\dynamic_004.002"
21:13:58 [CE][Storage] Restoring file "mpmissions\TheCommunity.enoch\storage_666\data\dynamic_004.002" 1148 items.
21:13:58   1148 items loaded.
21:13:58 [CE][Storage] ver:0 stamp:0, valid:NO, name:"mpmissions\TheCommunity.enoch\storage_666\data\dynamic_005.bin"
21:13:58 [CE][Storage] ver:24 stamp:81, valid:yes, name:"mpmissions\TheCommunity.enoch\storage_666\data\dynamic_005.001"
21:13:58 [CE][Storage] ver:24 stamp:82, valid:yes, name:"mpmissions\TheCommunity.enoch\storage_666\data\dynamic_005.002"
21:13:58 [CE][Storage] Restoring file "mpmissions\TheCommunity.enoch\storage_666\data\dynamic_005.002" 1458 items.
21:13:59   1458 items loaded.
21:13:59 [CE][Storage] ver:0 stamp:0, valid:NO, name:"mpmissions\TheCommunity.enoch\storage_666\data\dynamic_006.bin"
21:13:59 [CE][Storage] ver:24 stamp:81, valid:yes, name:"mpmissions\TheCommunity.enoch\storage_666\data\dynamic_006.001"
21:13:59 [CE][Storage] ver:24 stamp:82, valid:yes, name:"mpmissions\TheCommunity.enoch\storage_666\data\dynamic_006.002"
21:13:59 [CE][Storage] Restoring file "mpmissions\TheCommunity.enoch\storage_666\data\dynamic_006.002" 806 items.
21:13:59   806 items loaded.
21:13:59 [CE][Storage] ver:0 stamp:0, valid:NO, name:"mpmissions\TheCommunity.enoch\storage_666\data\dynamic_007.bin"
21:13:59 [CE][Storage] ver:24 stamp:81, valid:yes, name:"mpmissions\TheCommunity.enoch\storage_666\data\dynamic_007.001"
21:13:59 [CE][Storage] ver:24 stamp:82, valid:yes, name:"mpmissions\TheCommunity.enoch\storage_666\data\dynamic_007.002"
21:13:59 [CE][Storage] Restoring file "mpmissions\TheCommunity.enoch\storage_666\data\dynamic_007.002" 918 items.
21:13:59   918 items loaded.
21:13:59 [CE][Storage] ver:0 stamp:0, valid:NO, name:"mpmissions\TheCommunity.enoch\storage_666\data\dynamic_008.bin"
21:13:59 [CE][Storage] ver:24 stamp:81, valid:yes, name:"mpmissions\TheCommunity.enoch\storage_666\data\dynamic_008.001"
21:13:59 [CE][Storage] ver:24 stamp:82, valid:yes, name:"mpmissions\TheCommunity.enoch\storage_666\data\dynamic_008.002"
21:13:59 [CE][Storage] Restoring file "mpmissions\TheCommunity.enoch\storage_666\data\dynamic_008.002" 823 items.
21:14:00   823 items loaded.
21:14:00 [CE][Storage] ver:0 stamp:0, valid:NO, name:"mpmissions\TheCommunity.enoch\storage_666\data\dynamic_009.bin"
21:14:00 [CE][Storage] ver:24 stamp:81, valid:yes, name:"mpmissions\TheCommunity.enoch\storage_666\data\dynamic_009.001"
21:14:00 [CE][Storage] ver:24 stamp:82, valid:yes, name:"mpmissions\TheCommunity.enoch\storage_666\data\dynamic_009.002"
21:14:00 [CE][Storage] Restoring file "mpmissions\TheCommunity.enoch\storage_666\data\dynamic_009.002" 751 items.
21:14:00   751 items loaded.
21:14:00 [CE][Storage] ver:0 stamp:0, valid:NO, name:"mpmissions\TheCommunity.enoch\storage_666\data\dynamic_010.bin"
21:14:00 [CE][Storage] ver:24 stamp:81, valid:yes, name:"mpmissions\TheCommunity.enoch\storage_666\data\dynamic_010.001"
21:14:00 [CE][Storage] ver:24 stamp:82, valid:yes, name:"mpmissions\TheCommunity.enoch\storage_666\data\dynamic_010.002"
21:14:00 [CE][Storage] Restoring file "mpmissions\TheCommunity.enoch\storage_666\data\dynamic_010.002" 2020 items.
21:14:01   2020 items loaded.
21:14:01 [CE][Storage] ver:0 stamp:0, valid:NO, name:"mpmissions\TheCommunity.enoch\storage_666\data\dynamic_011.bin"
21:14:01 [CE][Storage] ver:24 stamp:81, valid:yes, name:"mpmissions\TheCommunity.enoch\storage_666\data\dynamic_011.001"
21:14:01 [CE][Storage] ver:24 stamp:82, valid:yes, name:"mpmissions\TheCommunity.enoch\storage_666\data\dynamic_011.002"
21:14:01 [CE][Storage] Restoring file "mpmissions\TheCommunity.enoch\storage_666\data\dynamic_011.002" 271 items.
21:14:01   271 items loaded.
21:14:01 [CE][Hive] :: Storage load took:5.36 seconds, recovery stamp:83
21:14:01   entity: 12823, building: 0
21:14:01   no lifetime: 40
21:14:01 [CE][Hive] :: Initializing ... 
21:14:01 [CE][InitializeMap] :: initialized: 0
21:14:01 [CE][Hive] :: Initializing spawners ... 
21:14:03 [CE][LootRespawner] (PRIDummy) :: Item [0] causing search overtime: "CivSedanHood_Wine"
21:14:03 [CE][LootRespawner] (PRIDummy) :: Item [1] causing search overtime: "CivSedanHood_Wine"
21:14:03 [CE][LootRespawner] (PRIDummy) :: Item [2] causing search overtime: "CivSedanHood_Wine"
21:14:03 [CE][LootRespawner] (PRIDummy) :: Item [3] causing search overtime: "CivSedanHood_Wine"
21:14:03 [CE][LootRespawner] (PRIDummy) :: Item [4] causing search overtime: "CivSedanHood_Wine"
21:14:03 [CE][LootRespawner] (PRIDummy) :: Item [5] causing search overtime: "CivSedanHood_Wine"
21:14:03 [CE][LootRespawner] (PRIDummy) :: Item [6] causing search overtime: "CivSedanHood_Wine"
21:14:03 [CE][LootRespawner] (PRIDummy) :: Item [7] causing search overtime: "CivSedanHood_Wine"
21:14:03 [CE][LootRespawner] (PRIDummy) :: Item [8] causing search overtime: "CivSedanHood_Wine"
21:14:03 [CE][LootRespawner] (PRIDummy) :: Item [9] causing search overtime: "CivSedanHood_Wine"
21:14:03 [CE][LootRespawner] (PRIDummy) :: Item [10] causing search overtime: "Sedan_02_Trunk_Grey"
21:14:03 [CE][LootRespawner] (PRIDummy) :: Item [11] causing search overtime: "Sedan_02_Trunk_Grey"
21:14:03 [CE][LootRespawner] (PRIDummy) :: Item [12] causing search overtime: "Sedan_02_Trunk_Grey"
21:14:03 [CE][LootRespawner] (PRIDummy) :: Item [13] causing search overtime: "Sedan_02_Trunk_Grey"
21:14:03 [CE][LootRespawner] (PRIDummy) :: Item [14] causing search overtime: "Sedan_02_Trunk_Grey"
21:14:03 [CE][LootRespawner] (PRIDummy) :: Item [15] causing search overtime: "Sedan_02_Trunk_Grey"
21:14:03 [CE][LootRespawner] (PRIDummy) :: Item [16] causing search overtime: "Sedan_02_Trunk_Grey"
21:14:03 [CE][LootRespawner] (PRIDummy) :: Item [17] causing search overtime: "Sedan_02_Trunk_Grey"
21:14:03 [CE][LootRespawner] (PRIDummy) :: Item [18] causing search overtime: "Sedan_02_Trunk_Grey"
21:14:03 [CE][LootRespawner] (PRIDummy) :: Item [19] causing search overtime: "Sedan_02_Trunk_Grey"
21:14:03 [CE][LootRespawner] (PRIDummy) :: Initially (re)spawned:10, Nominal:12429, Total in Map: 12027 at 0 (sec)
21:14:03   tests:10, repeats:0 fails:0, overtime:507
21:14:03 [CE][DynEvent] :: 32 types
21:14:03 [00] AmbientHen
21:14:03   Primary Spawner: "Ambient", active: yes, repeat: 1
21:14:03 [01] AnimalBear
21:14:03   Primary Spawner: "Animal", active: yes, repeat: 1
21:14:03 [02] AnimalCow
21:14:03   Primary Spawner: "Animal", active: yes, repeat: 1
21:14:03 [03] AnimalDeer
21:14:03   Primary Spawner: "Animal", active: yes, repeat: 1
21:14:03 [04] AnimalGoat
21:14:03   Primary Spawner: "Animal", active: yes, repeat: 1
21:14:03 [05] AnimalPig
21:14:03   Primary Spawner: "Animal", active: yes, repeat: 1
21:14:03 [06] AnimalRoeDeer
21:14:03   Primary Spawner: "Animal", active: yes, repeat: 1
21:14:03 [07] AnimalSheep
21:14:03   Primary Spawner: "Animal", active: yes, repeat: 1
21:14:03 [08] AnimalWildBoar
21:14:03   Primary Spawner: "Animal", active: yes, repeat: 1
21:14:03 [09] AnimalWolf
21:14:03   Primary Spawner: "Animal", active: yes, repeat: 1
21:14:03 [10] InfectedArmy
21:14:03   Primary Spawner: "Infected", active: yes, repeat: 1
21:14:03 [11] InfectedCity
21:14:03   Primary Spawner: "Infected", active: yes, repeat: 1
21:14:03 [12] InfectedFirefighter
21:14:03   Primary Spawner: "Infected", active: yes, repeat: 1
21:14:03 [13] InfectedIndustrial
21:14:03   Primary Spawner: "Infected", active: yes, repeat: 1
21:14:03 [14] InfectedMedic
21:14:03   Primary Spawner: "Infected", active: yes, repeat: 1
21:14:03 [15] InfectedPolice
21:14:03   Primary Spawner: "Infected", active: yes, repeat: 1
21:14:03 [16] InfectedPrisoner
21:14:03   Primary Spawner: "Infected", active: yes, repeat: 1
21:14:03 [17] InfectedReligious
21:14:03   Primary Spawner: "Infected", active: yes, repeat: 1
21:14:03 [18] InfectedSolitude
21:14:03   Primary Spawner: "Infected", active: yes, repeat: 1
21:14:03 [19] InfectedVillage
21:14:03   Primary Spawner: "Infected", active: yes, repeat: 1
21:14:03 [20] ItemPlanks
21:14:03   Primary Spawner: "Item", active: yes, repeat: 1
21:14:03 [21] Loot
21:14:03   Primary Spawner: "Loot", active: yes, repeat: 2
21:14:03 [22] StaticHeliCrash
21:14:03   Primary Spawner: "Vehicle", active: yes, repeat: 1
21:14:03   Secondary Spawner: "Infected", active: yes, repeat: 1
21:14:03 [23] StaticPoliceCar
21:14:03   Primary Spawner: "Vehicle", active: yes, repeat: 1
21:14:03 [24] TrajectoryConiferous
21:14:03   Primary Spawner: "Trajectory", active: yes, repeat: 1
21:14:03 [25] TrajectoryDeciduous
21:14:03   Primary Spawner: "Trajectory", active: yes, repeat: 1
21:14:03 [26] TrajectoryHumus
21:14:03   Primary Spawner: "Trajectory", active: yes, repeat: 1
21:14:03 [27] TrajectoryStones
21:14:03   Primary Spawner: "Trajectory", active: yes, repeat: 1
21:14:03 [28] VehicleCivilianSedan
21:14:03   Primary Spawner: "Vehicle", active: yes, repeat: 1
21:14:03 [29] VehicleHatchback02
21:14:03   Primary Spawner: "Vehicle", active: yes, repeat: 1
21:14:03 [30] VehicleOffroadHatchback
21:14:03   Primary Spawner: "Vehicle", active: yes, repeat: 1
21:14:03 [31] VehicleSedan02
21:14:03   Primary Spawner: "Vehicle", active: yes, repeat: 1
21:14:03 [CE][Hive] :: Initializing of spawners done.
21:14:03 [CE][Hive] :: Init sequence finished.
21:14:33 Average server FPS: 7035.52 (measured interval: 30 s)
21:14:33 Used memory: 1286700 KB
21:14:33 Players: 0 in total
