21:02:55 BattlEye Server: Initialized (v1.217)
21:02:56 SUCCESS: SteamGameServer_Init(0,8766,2442,28056,3,1.07.153006)
21:02:56 Roles assigned.
21:02:56 Reading mission ...
21:03:41 [CE][Hive] :: Initializing OFFLINE
21:03:41 [CE][Hive] :: Loading core data ... 
21:03:41 [CE][CoreData] :: 7 root classes, 19 defaults, 0 updaters...
21:03:44 [CE][TypeSetup] :: 408 classes setuped...
21:03:44 [CE][RegisterBind] :: 0 classes binded...
21:03:44 [CE][RegisterConfig] :: 3115 config classes registered, 1 sub-counters...
21:03:44 [CE][Hive] :: Loading map data ... 
21:03:45 !!! [CE] :: Unknown category: 'vehicleparts'.
21:03:45 !!! [CE] :: Unknown category: 'vehicleparts'.
21:03:45 !!! [CE] :: Unknown category: 'vehicleparts'.
21:03:45 !!! [CE] :: Unknown category: 'vehicleparts'.
21:03:45 !!! [CE] :: Unknown category: 'vehicleparts'.
21:03:45 !!! [CE] :: Unknown category: 'vehicleparts'.
21:03:45 !!! [CE] :: Unknown category: 'vehicleparts'.
21:03:45 !!! [CE] :: Unknown category: 'vehicleparts'.
21:03:45 !!! [CE] :: Unknown category: 'vehicleparts'.
21:03:45 !!! [CE] :: Unknown category: 'vehicleparts'.
21:03:45 !!! [CE] :: Unknown category: 'vehicleparts'.
21:03:45 !!! [CE] :: Unknown category: 'vehicleparts'.
21:03:45 !!! [CE] :: Unknown category: 'vehicleparts'.
21:03:45 !!! [CE] :: Unknown category: 'vehicleparts'.
21:03:45 !!! [CE] :: Unknown category: 'vehicleparts'.
21:03:45 !!! [CE] :: Unknown category: 'vehicleparts'.
21:03:45 !!! [CE] :: Unknown category: 'vehicleparts'.
21:03:45 !!! [CE] :: Unknown category: 'vehicleparts'.
21:03:45 !!! [CE] :: Unknown category: 'vehicleparts'.
21:03:45 !!! [CE] :: Unknown category: 'vehicleparts'.
21:03:45 !!! [CE] :: Unknown category: 'vehicleparts'.
21:03:45 !!! [CE] :: Unknown category: 'vehicleparts'.
21:03:45 !!! [CE] :: Unknown category: 'vehicleparts'.
21:03:45 !!! [CE] :: Unknown category: 'vehicleparts'.
21:03:45 [CE][LoadPrototype] :: loaded 330 prototypes
21:03:45   702 containers, 9116 points
21:03:45   24 dispatches, 90 proxies
21:03:45 !!! [CE][LoadPrototype] 12 groups have no points...
21:03:45 !!![CE][LoadPrototype]  3 groups have wrong points...
21:03:45 [CE][LoadPrototype] :: last group name: Land_Lunapark_Autodrome...
21:03:45 [CE][LoadPrototype] :: loaded 0 prototypes
21:03:45   0 containers, 0 points
21:03:45   0 dispatches, 0 proxies
21:03:45 [CE][LoadPrototype] :: last group name: PathD_7100...
21:03:45 [CE][LoadMap] "Group" :: loaded 5086 groups, largest group range: 26.9
21:03:45 [CE][LoadMap] "Dirt" :: loaded 0 groups, largest group range: 26.9
21:03:45 [CE][LoadClusters] "Cluster" :: Loading files...
21:03:45 [CE][LoadClusters] :: file: "mapgroupcluster.xml", 4 types, 50000 instances
21:03:46 [CE][LoadClusters] :: file: "mapgroupcluster01", 4 types, 50000 instances
21:03:46 [CE][LoadClusters] :: file: "mapgroupcluster02", 4 types, 50000 instances
21:03:46 [CE][LoadClusters] :: file: "mapgroupcluster03", 4 types, 50000 instances
21:03:46 [CE][LoadClusters] :: file: "mapgroupcluster04", 4 types, 21297 instances
21:03:46 [CE][Storage] ver:21 stamp:71, valid:yes, name:"mpmissions\TheCommunity.enoch\storage_666\data\types.bin"
21:03:46 [CE][Storage] ver:21 stamp:70, valid:yes, name:"mpmissions\TheCommunity.enoch\storage_666\data\types.001"
21:03:46 [CE][Storage] ver:21 stamp:68, valid:yes, name:"mpmissions\TheCommunity.enoch\storage_666\data\types.002"
21:03:46 [CE][Storage] Restoring file "mpmissions\TheCommunity.enoch\storage_666\data\types.bin".
21:03:46 [CE][offlineDB] :: Loaded 32 dynamic events 211 total types 0 total positions.
21:03:46 [CE][Storage] ver:21 stamp:71, valid:yes, name:"mpmissions\TheCommunity.enoch\storage_666\data\events.bin"
21:03:46 [CE][Storage] ver:21 stamp:70, valid:yes, name:"mpmissions\TheCommunity.enoch\storage_666\data\events.001"
21:03:46 [CE][Storage] ver:21 stamp:68, valid:yes, name:"mpmissions\TheCommunity.enoch\storage_666\data\events.002"
21:03:46 [CE][Storage] Restoring file "mpmissions\TheCommunity.enoch\storage_666\data\events.bin".
21:03:46 [CE][DynamicEvent] Load  Events:[32] Primary spawners: 32 Secondary spawners: 1
21:03:46 [CE][Storage] ver:24 stamp:71, valid:yes, name:"mpmissions\TheCommunity.enoch\storage_666\data\vehicles.bin"
21:03:46 [CE][Storage] ver:24 stamp:70, valid:yes, name:"mpmissions\TheCommunity.enoch\storage_666\data\vehicles.001"
21:03:46 [CE][Storage] ver:24 stamp:68, valid:yes, name:"mpmissions\TheCommunity.enoch\storage_666\data\vehicles.002"
21:03:46 [CE][Storage] Restoring file "mpmissions\TheCommunity.enoch\storage_666\data\vehicles.bin" 104 items.
21:03:46   104 items loaded.
21:03:46 [CE][Storage] ver:0 stamp:0, valid:NO, name:"mpmissions\TheCommunity.enoch\storage_666\data\dynamic_000.bin"
21:03:46 [CE][Storage] ver:24 stamp:70, valid:yes, name:"mpmissions\TheCommunity.enoch\storage_666\data\dynamic_000.001"
21:03:46 [CE][Storage] ver:24 stamp:68, valid:yes, name:"mpmissions\TheCommunity.enoch\storage_666\data\dynamic_000.002"
21:03:46 [CE][Storage] Restoring file "mpmissions\TheCommunity.enoch\storage_666\data\dynamic_000.001" 306 items.
21:03:46   306 items loaded.
21:03:46 [CE][Storage] ver:0 stamp:0, valid:NO, name:"mpmissions\TheCommunity.enoch\storage_666\data\dynamic_001.bin"
21:03:46 [CE][Storage] ver:24 stamp:70, valid:yes, name:"mpmissions\TheCommunity.enoch\storage_666\data\dynamic_001.001"
21:03:46 [CE][Storage] ver:24 stamp:68, valid:yes, name:"mpmissions\TheCommunity.enoch\storage_666\data\dynamic_001.002"
21:03:46 [CE][Storage] Restoring file "mpmissions\TheCommunity.enoch\storage_666\data\dynamic_001.001" 1914 items.
21:03:47   1914 items loaded.
21:03:47 [CE][Storage] ver:0 stamp:0, valid:NO, name:"mpmissions\TheCommunity.enoch\storage_666\data\dynamic_002.bin"
21:03:47 [CE][Storage] ver:24 stamp:70, valid:yes, name:"mpmissions\TheCommunity.enoch\storage_666\data\dynamic_002.001"
21:03:47 [CE][Storage] ver:24 stamp:68, valid:yes, name:"mpmissions\TheCommunity.enoch\storage_666\data\dynamic_002.002"
21:03:47 [CE][Storage] Restoring file "mpmissions\TheCommunity.enoch\storage_666\data\dynamic_002.001" 513 items.
21:03:47   513 items loaded.
21:03:47 [CE][Storage] ver:0 stamp:0, valid:NO, name:"mpmissions\TheCommunity.enoch\storage_666\data\dynamic_003.bin"
21:03:47 [CE][Storage] ver:24 stamp:70, valid:yes, name:"mpmissions\TheCommunity.enoch\storage_666\data\dynamic_003.001"
21:03:47 [CE][Storage] ver:24 stamp:68, valid:yes, name:"mpmissions\TheCommunity.enoch\storage_666\data\dynamic_003.002"
21:03:47 [CE][Storage] Restoring file "mpmissions\TheCommunity.enoch\storage_666\data\dynamic_003.001" 971 items.
21:03:47   971 items loaded.
21:03:47 [CE][Storage] ver:0 stamp:0, valid:NO, name:"mpmissions\TheCommunity.enoch\storage_666\data\dynamic_004.bin"
21:03:47 [CE][Storage] ver:24 stamp:70, valid:yes, name:"mpmissions\TheCommunity.enoch\storage_666\data\dynamic_004.001"
21:03:47 [CE][Storage] ver:24 stamp:68, valid:yes, name:"mpmissions\TheCommunity.enoch\storage_666\data\dynamic_004.002"
21:03:47 [CE][Storage] Restoring file "mpmissions\TheCommunity.enoch\storage_666\data\dynamic_004.001" 1151 items.
21:03:47   1151 items loaded.
21:03:47 [CE][Storage] ver:0 stamp:0, valid:NO, name:"mpmissions\TheCommunity.enoch\storage_666\data\dynamic_005.bin"
21:03:47 [CE][Storage] ver:24 stamp:70, valid:yes, name:"mpmissions\TheCommunity.enoch\storage_666\data\dynamic_005.001"
21:03:47 [CE][Storage] ver:24 stamp:68, valid:yes, name:"mpmissions\TheCommunity.enoch\storage_666\data\dynamic_005.002"
21:03:47 [CE][Storage] Restoring file "mpmissions\TheCommunity.enoch\storage_666\data\dynamic_005.001" 1460 items.
21:03:48   1460 items loaded.
21:03:48 [CE][Storage] ver:0 stamp:0, valid:NO, name:"mpmissions\TheCommunity.enoch\storage_666\data\dynamic_006.bin"
21:03:48 [CE][Storage] ver:24 stamp:70, valid:yes, name:"mpmissions\TheCommunity.enoch\storage_666\data\dynamic_006.001"
21:03:48 [CE][Storage] ver:24 stamp:68, valid:yes, name:"mpmissions\TheCommunity.enoch\storage_666\data\dynamic_006.002"
21:03:48 [CE][Storage] Restoring file "mpmissions\TheCommunity.enoch\storage_666\data\dynamic_006.001" 805 items.
21:03:48   805 items loaded.
21:03:48 [CE][Storage] ver:0 stamp:0, valid:NO, name:"mpmissions\TheCommunity.enoch\storage_666\data\dynamic_007.bin"
21:03:48 [CE][Storage] ver:24 stamp:70, valid:yes, name:"mpmissions\TheCommunity.enoch\storage_666\data\dynamic_007.001"
21:03:48 [CE][Storage] ver:24 stamp:68, valid:yes, name:"mpmissions\TheCommunity.enoch\storage_666\data\dynamic_007.002"
21:03:48 [CE][Storage] Restoring file "mpmissions\TheCommunity.enoch\storage_666\data\dynamic_007.001" 916 items.
21:03:48   916 items loaded.
21:03:48 [CE][Storage] ver:0 stamp:0, valid:NO, name:"mpmissions\TheCommunity.enoch\storage_666\data\dynamic_008.bin"
21:03:48 [CE][Storage] ver:24 stamp:70, valid:yes, name:"mpmissions\TheCommunity.enoch\storage_666\data\dynamic_008.001"
21:03:48 [CE][Storage] ver:24 stamp:68, valid:yes, name:"mpmissions\TheCommunity.enoch\storage_666\data\dynamic_008.002"
21:03:48 [CE][Storage] Restoring file "mpmissions\TheCommunity.enoch\storage_666\data\dynamic_008.001" 824 items.
21:03:48   824 items loaded.
21:03:48 [CE][Storage] ver:0 stamp:0, valid:NO, name:"mpmissions\TheCommunity.enoch\storage_666\data\dynamic_009.bin"
21:03:48 [CE][Storage] ver:24 stamp:70, valid:yes, name:"mpmissions\TheCommunity.enoch\storage_666\data\dynamic_009.001"
21:03:48 [CE][Storage] ver:24 stamp:68, valid:yes, name:"mpmissions\TheCommunity.enoch\storage_666\data\dynamic_009.002"
21:03:48 [CE][Storage] Restoring file "mpmissions\TheCommunity.enoch\storage_666\data\dynamic_009.001" 750 items.
21:03:48   750 items loaded.
21:03:48 [CE][Storage] ver:0 stamp:0, valid:NO, name:"mpmissions\TheCommunity.enoch\storage_666\data\dynamic_010.bin"
21:03:48 [CE][Storage] ver:24 stamp:70, valid:yes, name:"mpmissions\TheCommunity.enoch\storage_666\data\dynamic_010.001"
21:03:48 [CE][Storage] ver:24 stamp:68, valid:yes, name:"mpmissions\TheCommunity.enoch\storage_666\data\dynamic_010.002"
21:03:48 [CE][Storage] Restoring file "mpmissions\TheCommunity.enoch\storage_666\data\dynamic_010.001" 2024 items.
21:03:49   2024 items loaded.
21:03:49 [CE][Storage] ver:0 stamp:0, valid:NO, name:"mpmissions\TheCommunity.enoch\storage_666\data\dynamic_011.bin"
21:03:49 [CE][Storage] ver:24 stamp:70, valid:yes, name:"mpmissions\TheCommunity.enoch\storage_666\data\dynamic_011.001"
21:03:49 [CE][Storage] ver:24 stamp:68, valid:yes, name:"mpmissions\TheCommunity.enoch\storage_666\data\dynamic_011.002"
21:03:49 [CE][Storage] Restoring file "mpmissions\TheCommunity.enoch\storage_666\data\dynamic_011.001" 273 items.
21:03:49   273 items loaded.
21:03:49 [CE][Hive] :: Storage load took:2.70 seconds, recovery stamp:71
21:03:49   entity: 12844, building: 0
21:03:49   no lifetime: 38
21:03:49 [CE][Hive] :: Initializing ... 
21:03:49 [CE][InitializeMap] :: initialized: 0
21:03:49 [CE][Hive] :: Initializing spawners ... 
21:03:51 [CE][LootRespawner] (PRIDummy) :: Item [0] causing search overtime: "CivSedanHood_Wine"
21:03:51 [CE][LootRespawner] (PRIDummy) :: Item [1] causing search overtime: "CivSedanHood_Wine"
21:03:51 [CE][LootRespawner] (PRIDummy) :: Item [2] causing search overtime: "CivSedanHood_Wine"
21:03:51 [CE][LootRespawner] (PRIDummy) :: Item [3] causing search overtime: "CivSedanHood_Wine"
21:03:51 [CE][LootRespawner] (PRIDummy) :: Item [4] causing search overtime: "CivSedanHood_Wine"
21:03:51 [CE][LootRespawner] (PRIDummy) :: Item [5] causing search overtime: "CivSedanHood_Wine"
21:03:51 [CE][LootRespawner] (PRIDummy) :: Item [6] causing search overtime: "CivSedanHood_Wine"
21:03:51 [CE][LootRespawner] (PRIDummy) :: Item [7] causing search overtime: "CivSedanHood_Wine"
21:03:51 [CE][LootRespawner] (PRIDummy) :: Item [8] causing search overtime: "CivSedanHood_Wine"
21:03:51 [CE][LootRespawner] (PRIDummy) :: Item [9] causing search overtime: "CivSedanHood_Wine"
21:03:51 [CE][LootRespawner] (PRIDummy) :: Item [10] causing search overtime: "Sedan_02_Trunk_Grey"
21:03:51 [CE][LootRespawner] (PRIDummy) :: Item [11] causing search overtime: "Sedan_02_Trunk_Grey"
21:03:51 [CE][LootRespawner] (PRIDummy) :: Item [12] causing search overtime: "Sedan_02_Trunk_Grey"
21:03:51 [CE][LootRespawner] (PRIDummy) :: Item [13] causing search overtime: "Sedan_02_Trunk_Grey"
21:03:51 [CE][LootRespawner] (PRIDummy) :: Item [14] causing search overtime: "Sedan_02_Trunk_Grey"
21:03:51 [CE][LootRespawner] (PRIDummy) :: Item [15] causing search overtime: "Sedan_02_Trunk_Grey"
21:03:51 [CE][LootRespawner] (PRIDummy) :: Item [16] causing search overtime: "Sedan_02_Trunk_Grey"
21:03:51 [CE][LootRespawner] (PRIDummy) :: Item [17] causing search overtime: "Sedan_02_Trunk_Grey"
21:03:51 [CE][LootRespawner] (PRIDummy) :: Item [18] causing search overtime: "Sedan_02_Trunk_Grey"
21:03:51 [CE][LootRespawner] (PRIDummy) :: Item [19] causing search overtime: "Sedan_02_Trunk_Grey"
21:03:51 [CE][LootRespawner] (PRIDummy) :: Initially (re)spawned:10, Nominal:12429, Total in Map: 12050 at 0 (sec)
21:03:51   tests:10, repeats:0 fails:0, overtime:507
21:03:51 [CE][DynEvent] :: 32 types
21:03:51 [00] AmbientHen
21:03:51   Primary Spawner: "Ambient", active: yes, repeat: 1
21:03:51 [01] AnimalBear
21:03:51   Primary Spawner: "Animal", active: yes, repeat: 1
21:03:51 [02] AnimalCow
21:03:51   Primary Spawner: "Animal", active: yes, repeat: 1
21:03:51 [03] AnimalDeer
21:03:51   Primary Spawner: "Animal", active: yes, repeat: 1
21:03:51 [04] AnimalGoat
21:03:51   Primary Spawner: "Animal", active: yes, repeat: 1
21:03:51 [05] AnimalPig
21:03:51   Primary Spawner: "Animal", active: yes, repeat: 1
21:03:51 [06] AnimalRoeDeer
21:03:51   Primary Spawner: "Animal", active: yes, repeat: 1
21:03:51 [07] AnimalSheep
21:03:51   Primary Spawner: "Animal", active: yes, repeat: 1
21:03:51 [08] AnimalWildBoar
21:03:51   Primary Spawner: "Animal", active: yes, repeat: 1
21:03:51 [09] AnimalWolf
21:03:51   Primary Spawner: "Animal", active: yes, repeat: 1
21:03:51 [10] InfectedArmy
21:03:51   Primary Spawner: "Infected", active: yes, repeat: 1
21:03:51 [11] InfectedCity
21:03:51   Primary Spawner: "Infected", active: yes, repeat: 1
21:03:51 [12] InfectedFirefighter
21:03:51   Primary Spawner: "Infected", active: yes, repeat: 1
21:03:51 [13] InfectedIndustrial
21:03:51   Primary Spawner: "Infected", active: yes, repeat: 1
21:03:51 [14] InfectedMedic
21:03:51   Primary Spawner: "Infected", active: yes, repeat: 1
21:03:51 [15] InfectedPolice
21:03:51   Primary Spawner: "Infected", active: yes, repeat: 1
21:03:51 [16] InfectedPrisoner
21:03:51   Primary Spawner: "Infected", active: yes, repeat: 1
21:03:51 [17] InfectedReligious
21:03:51   Primary Spawner: "Infected", active: yes, repeat: 1
21:03:51 [18] InfectedSolitude
21:03:51   Primary Spawner: "Infected", active: yes, repeat: 1
21:03:51 [19] InfectedVillage
21:03:51   Primary Spawner: "Infected", active: yes, repeat: 1
21:03:51 [20] ItemPlanks
21:03:51   Primary Spawner: "Item", active: yes, repeat: 1
21:03:51 [21] Loot
21:03:51   Primary Spawner: "Loot", active: yes, repeat: 2
21:03:51 [22] StaticHeliCrash
21:03:51   Primary Spawner: "Vehicle", active: yes, repeat: 1
21:03:51   Secondary Spawner: "Infected", active: yes, repeat: 1
21:03:51 [23] StaticPoliceCar
21:03:51   Primary Spawner: "Vehicle", active: yes, repeat: 1
21:03:51 [24] TrajectoryConiferous
21:03:51   Primary Spawner: "Trajectory", active: yes, repeat: 1
21:03:51 [25] TrajectoryDeciduous
21:03:51   Primary Spawner: "Trajectory", active: yes, repeat: 1
21:03:51 [26] TrajectoryHumus
21:03:51   Primary Spawner: "Trajectory", active: yes, repeat: 1
21:03:51 [27] TrajectoryStones
21:03:51   Primary Spawner: "Trajectory", active: yes, repeat: 1
21:03:51 [28] VehicleCivilianSedan
21:03:51   Primary Spawner: "Vehicle", active: yes, repeat: 1
21:03:51 [29] VehicleHatchback02
21:03:51   Primary Spawner: "Vehicle", active: yes, repeat: 1
21:03:51 [30] VehicleOffroadHatchback
21:03:51   Primary Spawner: "Vehicle", active: yes, repeat: 1
21:03:51 [31] VehicleSedan02
21:03:51   Primary Spawner: "Vehicle", active: yes, repeat: 1
21:03:51 [CE][Hive] :: Initializing of spawners done.
21:03:51 [CE][Hive] :: Init sequence finished.
21:04:14 BattlEye Server: RCon admin #0 (127.0.0.1:61027) logged in
21:04:22 Average server FPS: 2583.83 (measured interval: 30 s)
21:04:22 Used memory: 1278040 KB
21:04:22 Players: 0 in total
21:04:52 Average server FPS: 3281.13 (measured interval: 30 s)
21:04:52 Used memory: 1284659 KB
21:04:52 Players: 0 in total
21:05:14 BattlEye Server: RCon admin #0: (Global) Welcome to The Community Test Server! This server restarts every 30 Minutes
21:05:19 BattlEye Server: RCon admin #0: (Global) Discord at https://discord.me/eXpoch -- I Still have TS3.donkeypunch.info
21:05:22 Average server FPS: 3270.90 (measured interval: 30 s)
21:05:22 Used memory: 1297925 KB
21:05:22 Players: 0 in total
21:05:29 BattlEye Server: RCon admin #0: (Global) Interesting new message here, inquire within battleye-BEC!
