 5:14:05 BattlEye Server: Initialized (v1.217)
 5:14:05 SUCCESS: SteamGameServer_Init(0,8766,2442,28056,3,1.07.153006)
 5:14:05 Roles assigned.
 5:14:05 Reading mission ...
 5:14:52 [CE][Hive] :: Initializing OFFLINE
 5:14:52 [CE][Hive] :: Loading core data ... 
 5:14:52 [CE][CoreData] :: 7 root classes, 19 defaults, 0 updaters...
 5:14:56 [CE][TypeSetup] :: 408 classes setuped...
 5:14:56 [CE][RegisterBind] :: 0 classes binded...
 5:14:56 [CE][RegisterConfig] :: 3115 config classes registered, 1 sub-counters...
 5:14:56 [CE][Hive] :: Loading map data ... 
 5:14:56 !!! [CE] :: Unknown category: 'vehicleparts'.
 5:14:56 !!! [CE] :: Unknown category: 'vehicleparts'.
 5:14:56 !!! [CE] :: Unknown category: 'vehicleparts'.
 5:14:56 !!! [CE] :: Unknown category: 'vehicleparts'.
 5:14:56 !!! [CE] :: Unknown category: 'vehicleparts'.
 5:14:56 !!! [CE] :: Unknown category: 'vehicleparts'.
 5:14:56 !!! [CE] :: Unknown category: 'vehicleparts'.
 5:14:56 !!! [CE] :: Unknown category: 'vehicleparts'.
 5:14:56 !!! [CE] :: Unknown category: 'vehicleparts'.
 5:14:56 !!! [CE] :: Unknown category: 'vehicleparts'.
 5:14:56 !!! [CE] :: Unknown category: 'vehicleparts'.
 5:14:56 !!! [CE] :: Unknown category: 'vehicleparts'.
 5:14:56 !!! [CE] :: Unknown category: 'vehicleparts'.
 5:14:56 !!! [CE] :: Unknown category: 'vehicleparts'.
 5:14:56 !!! [CE] :: Unknown category: 'vehicleparts'.
 5:14:56 !!! [CE] :: Unknown category: 'vehicleparts'.
 5:14:56 !!! [CE] :: Unknown category: 'vehicleparts'.
 5:14:56 !!! [CE] :: Unknown category: 'vehicleparts'.
 5:14:56 !!! [CE] :: Unknown category: 'vehicleparts'.
 5:14:56 !!! [CE] :: Unknown category: 'vehicleparts'.
 5:14:56 !!! [CE] :: Unknown category: 'vehicleparts'.
 5:14:56 !!! [CE] :: Unknown category: 'vehicleparts'.
 5:14:56 !!! [CE] :: Unknown category: 'vehicleparts'.
 5:14:56 !!! [CE] :: Unknown category: 'vehicleparts'.
 5:14:56 [CE][LoadPrototype] :: loaded 330 prototypes
 5:14:56   702 containers, 9116 points
 5:14:56   24 dispatches, 90 proxies
 5:14:56 !!! [CE][LoadPrototype] 12 groups have no points...
 5:14:56 !!![CE][LoadPrototype]  3 groups have wrong points...
 5:14:56 [CE][LoadPrototype] :: last group name: Land_Lunapark_Autodrome...
 5:14:56 [CE][LoadPrototype] :: loaded 0 prototypes
 5:14:56   0 containers, 0 points
 5:14:56   0 dispatches, 0 proxies
 5:14:56 [CE][LoadPrototype] :: last group name: PathD_7100...
 5:14:57 [CE][LoadMap] "Group" :: loaded 5086 groups, largest group range: 26.9
 5:14:57 [CE][LoadMap] "Dirt" :: loaded 0 groups, largest group range: 26.9
 5:14:57 [CE][LoadClusters] "Cluster" :: Loading files...
 5:14:57 [CE][LoadClusters] :: file: "mapgroupcluster.xml", 4 types, 50000 instances
 5:14:57 [CE][LoadClusters] :: file: "mapgroupcluster01", 4 types, 50000 instances
 5:14:58 [CE][LoadClusters] :: file: "mapgroupcluster02", 4 types, 50000 instances
 5:14:58 [CE][LoadClusters] :: file: "mapgroupcluster03", 4 types, 50000 instances
 5:14:58 [CE][LoadClusters] :: file: "mapgroupcluster04", 4 types, 21297 instances
 5:14:58 [CE][Storage] ver:21 stamp:1073, valid:yes, name:"mpmissions\TheCommunity.enoch\storage_666\data\types.bin"
 5:14:58 [CE][Storage] ver:21 stamp:1071, valid:yes, name:"mpmissions\TheCommunity.enoch\storage_666\data\types.001"
 5:14:58 [CE][Storage] ver:21 stamp:1072, valid:yes, name:"mpmissions\TheCommunity.enoch\storage_666\data\types.002"
 5:14:58 [CE][Storage] Restoring file "mpmissions\TheCommunity.enoch\storage_666\data\types.bin".
 5:14:58 [CE][offlineDB] :: Loaded 32 dynamic events 211 total types 0 total positions.
 5:14:58 [CE][Storage] ver:21 stamp:1073, valid:yes, name:"mpmissions\TheCommunity.enoch\storage_666\data\events.bin"
 5:14:58 [CE][Storage] ver:21 stamp:1071, valid:yes, name:"mpmissions\TheCommunity.enoch\storage_666\data\events.001"
 5:14:58 [CE][Storage] ver:21 stamp:1072, valid:yes, name:"mpmissions\TheCommunity.enoch\storage_666\data\events.002"
 5:14:58 [CE][Storage] Restoring file "mpmissions\TheCommunity.enoch\storage_666\data\events.bin".
 5:14:58 [CE][DynamicEvent] Load  Events:[32] Primary spawners: 32 Secondary spawners: 1
 5:14:58 [CE][Storage] ver:24 stamp:1073, valid:yes, name:"mpmissions\TheCommunity.enoch\storage_666\data\vehicles.bin"
 5:14:58 [CE][Storage] ver:24 stamp:1071, valid:yes, name:"mpmissions\TheCommunity.enoch\storage_666\data\vehicles.001"
 5:14:58 [CE][Storage] ver:24 stamp:1072, valid:yes, name:"mpmissions\TheCommunity.enoch\storage_666\data\vehicles.002"
 5:14:58 [CE][Storage] Restoring file "mpmissions\TheCommunity.enoch\storage_666\data\vehicles.bin" 103 items.
 5:14:58   103 items loaded.
 5:14:58 [CE][Storage] ver:0 stamp:0, valid:NO, name:"mpmissions\TheCommunity.enoch\storage_666\data\dynamic_000.bin"
 5:14:58 [CE][Storage] ver:24 stamp:1071, valid:yes, name:"mpmissions\TheCommunity.enoch\storage_666\data\dynamic_000.001"
 5:14:58 [CE][Storage] ver:24 stamp:1072, valid:yes, name:"mpmissions\TheCommunity.enoch\storage_666\data\dynamic_000.002"
 5:14:58 [CE][Storage] Restoring file "mpmissions\TheCommunity.enoch\storage_666\data\dynamic_000.002" 245 items.
 5:14:58   245 items loaded.
 5:14:58 [CE][Storage] ver:0 stamp:0, valid:NO, name:"mpmissions\TheCommunity.enoch\storage_666\data\dynamic_001.bin"
 5:14:58 [CE][Storage] ver:24 stamp:1071, valid:yes, name:"mpmissions\TheCommunity.enoch\storage_666\data\dynamic_001.001"
 5:14:58 [CE][Storage] ver:24 stamp:1072, valid:yes, name:"mpmissions\TheCommunity.enoch\storage_666\data\dynamic_001.002"
 5:14:58 [CE][Storage] Restoring file "mpmissions\TheCommunity.enoch\storage_666\data\dynamic_001.002" 1514 items.
 5:14:59   1514 items loaded.
 5:14:59 [CE][Storage] ver:0 stamp:0, valid:NO, name:"mpmissions\TheCommunity.enoch\storage_666\data\dynamic_002.bin"
 5:14:59 [CE][Storage] ver:24 stamp:1071, valid:yes, name:"mpmissions\TheCommunity.enoch\storage_666\data\dynamic_002.001"
 5:14:59 [CE][Storage] ver:24 stamp:1072, valid:yes, name:"mpmissions\TheCommunity.enoch\storage_666\data\dynamic_002.002"
 5:14:59 [CE][Storage] Restoring file "mpmissions\TheCommunity.enoch\storage_666\data\dynamic_002.002" 417 items.
 5:14:59   417 items loaded.
 5:14:59 [CE][Storage] ver:0 stamp:0, valid:NO, name:"mpmissions\TheCommunity.enoch\storage_666\data\dynamic_003.bin"
 5:14:59 [CE][Storage] ver:24 stamp:1071, valid:yes, name:"mpmissions\TheCommunity.enoch\storage_666\data\dynamic_003.001"
 5:14:59 [CE][Storage] ver:24 stamp:1072, valid:yes, name:"mpmissions\TheCommunity.enoch\storage_666\data\dynamic_003.002"
 5:14:59 [CE][Storage] Restoring file "mpmissions\TheCommunity.enoch\storage_666\data\dynamic_003.002" 802 items.
 5:14:59   802 items loaded.
 5:14:59 [CE][Storage] ver:0 stamp:0, valid:NO, name:"mpmissions\TheCommunity.enoch\storage_666\data\dynamic_004.bin"
 5:14:59 [CE][Storage] ver:24 stamp:1071, valid:yes, name:"mpmissions\TheCommunity.enoch\storage_666\data\dynamic_004.001"
 5:14:59 [CE][Storage] ver:24 stamp:1072, valid:yes, name:"mpmissions\TheCommunity.enoch\storage_666\data\dynamic_004.002"
 5:14:59 [CE][Storage] Restoring file "mpmissions\TheCommunity.enoch\storage_666\data\dynamic_004.002" 972 items.
 5:14:59   972 items loaded.
 5:14:59 [CE][Storage] ver:0 stamp:0, valid:NO, name:"mpmissions\TheCommunity.enoch\storage_666\data\dynamic_005.bin"
 5:14:59 [CE][Storage] ver:24 stamp:1071, valid:yes, name:"mpmissions\TheCommunity.enoch\storage_666\data\dynamic_005.001"
 5:14:59 [CE][Storage] ver:24 stamp:1072, valid:yes, name:"mpmissions\TheCommunity.enoch\storage_666\data\dynamic_005.002"
 5:14:59 [CE][Storage] Restoring file "mpmissions\TheCommunity.enoch\storage_666\data\dynamic_005.002" 1140 items.
 5:14:59   1140 items loaded.
 5:14:59 [CE][Storage] ver:0 stamp:0, valid:NO, name:"mpmissions\TheCommunity.enoch\storage_666\data\dynamic_006.bin"
 5:14:59 [CE][Storage] ver:24 stamp:1071, valid:yes, name:"mpmissions\TheCommunity.enoch\storage_666\data\dynamic_006.001"
 5:14:59 [CE][Storage] ver:24 stamp:1072, valid:yes, name:"mpmissions\TheCommunity.enoch\storage_666\data\dynamic_006.002"
 5:14:59 [CE][Storage] Restoring file "mpmissions\TheCommunity.enoch\storage_666\data\dynamic_006.002" 598 items.
 5:15:00   598 items loaded.
 5:15:00 [CE][Storage] ver:0 stamp:0, valid:NO, name:"mpmissions\TheCommunity.enoch\storage_666\data\dynamic_007.bin"
 5:15:00 [CE][Storage] ver:24 stamp:1071, valid:yes, name:"mpmissions\TheCommunity.enoch\storage_666\data\dynamic_007.001"
 5:15:00 [CE][Storage] ver:24 stamp:1072, valid:yes, name:"mpmissions\TheCommunity.enoch\storage_666\data\dynamic_007.002"
 5:15:00 [CE][Storage] Restoring file "mpmissions\TheCommunity.enoch\storage_666\data\dynamic_007.002" 675 items.
 5:15:00   675 items loaded.
 5:15:00 [CE][Storage] ver:0 stamp:0, valid:NO, name:"mpmissions\TheCommunity.enoch\storage_666\data\dynamic_008.bin"
 5:15:00 [CE][Storage] ver:24 stamp:1071, valid:yes, name:"mpmissions\TheCommunity.enoch\storage_666\data\dynamic_008.001"
 5:15:00 [CE][Storage] ver:24 stamp:1072, valid:yes, name:"mpmissions\TheCommunity.enoch\storage_666\data\dynamic_008.002"
 5:15:00 [CE][Storage] Restoring file "mpmissions\TheCommunity.enoch\storage_666\data\dynamic_008.002" 638 items.
 5:15:00   638 items loaded.
 5:15:00 [CE][Storage] ver:0 stamp:0, valid:NO, name:"mpmissions\TheCommunity.enoch\storage_666\data\dynamic_009.bin"
 5:15:00 [CE][Storage] ver:24 stamp:1071, valid:yes, name:"mpmissions\TheCommunity.enoch\storage_666\data\dynamic_009.001"
 5:15:00 [CE][Storage] ver:24 stamp:1072, valid:yes, name:"mpmissions\TheCommunity.enoch\storage_666\data\dynamic_009.002"
 5:15:00 [CE][Storage] Restoring file "mpmissions\TheCommunity.enoch\storage_666\data\dynamic_009.002" 577 items.
 5:15:00   577 items loaded.
 5:15:00 [CE][Storage] ver:0 stamp:0, valid:NO, name:"mpmissions\TheCommunity.enoch\storage_666\data\dynamic_010.bin"
 5:15:00 [CE][Storage] ver:24 stamp:1071, valid:yes, name:"mpmissions\TheCommunity.enoch\storage_666\data\dynamic_010.001"
 5:15:00 [CE][Storage] ver:24 stamp:1072, valid:yes, name:"mpmissions\TheCommunity.enoch\storage_666\data\dynamic_010.002"
 5:15:00 [CE][Storage] Restoring file "mpmissions\TheCommunity.enoch\storage_666\data\dynamic_010.002" 1646 items.
 5:15:00   1646 items loaded.
 5:15:00 [CE][Storage] ver:0 stamp:0, valid:NO, name:"mpmissions\TheCommunity.enoch\storage_666\data\dynamic_011.bin"
 5:15:00 [CE][Storage] ver:24 stamp:1071, valid:yes, name:"mpmissions\TheCommunity.enoch\storage_666\data\dynamic_011.001"
 5:15:00 [CE][Storage] ver:24 stamp:1072, valid:yes, name:"mpmissions\TheCommunity.enoch\storage_666\data\dynamic_011.002"
 5:15:00 [CE][Storage] Restoring file "mpmissions\TheCommunity.enoch\storage_666\data\dynamic_011.002" 230 items.
 5:15:00   230 items loaded.
 5:15:00 [CE][Hive] :: Storage load took:2.48 seconds, recovery stamp:1073
 5:15:00   entity: 10289, building: 0
 5:15:00   no lifetime: 40
 5:15:00 [CE][Hive] :: Initializing ... 
 5:15:00 [CE][InitializeMap] :: initialized: 0
 5:15:00 [CE][Hive] :: Initializing spawners ... 
 5:15:02 [CE][LootRespawner] (PRIDummy) :: Item [0] causing search overtime: "CivSedanHood_Wine"
 5:15:02 [CE][LootRespawner] (PRIDummy) :: Item [1] causing search overtime: "CivSedanHood_Wine"
 5:15:02 [CE][LootRespawner] (PRIDummy) :: Item [2] causing search overtime: "CivSedanHood_Wine"
 5:15:02 [CE][LootRespawner] (PRIDummy) :: Item [3] causing search overtime: "CivSedanHood_Wine"
 5:15:02 [CE][LootRespawner] (PRIDummy) :: Item [4] causing search overtime: "CivSedanHood_Wine"
 5:15:02 [CE][LootRespawner] (PRIDummy) :: Item [5] causing search overtime: "CivSedanHood_Wine"
 5:15:02 [CE][LootRespawner] (PRIDummy) :: Item [6] causing search overtime: "CivSedanHood_Wine"
 5:15:02 [CE][LootRespawner] (PRIDummy) :: Item [7] causing search overtime: "CivSedanHood_Wine"
 5:15:02 [CE][LootRespawner] (PRIDummy) :: Item [8] causing search overtime: "CivSedanHood_Wine"
 5:15:02 [CE][LootRespawner] (PRIDummy) :: Item [9] causing search overtime: "CivSedanHood_Wine"
 5:15:02 [CE][LootRespawner] (PRIDummy) :: Item [10] causing search overtime: "Sedan_02_Trunk_Grey"
 5:15:02 [CE][LootRespawner] (PRIDummy) :: Item [11] causing search overtime: "Sedan_02_Trunk_Grey"
 5:15:02 [CE][LootRespawner] (PRIDummy) :: Item [12] causing search overtime: "Sedan_02_Trunk_Grey"
 5:15:02 [CE][LootRespawner] (PRIDummy) :: Item [13] causing search overtime: "Sedan_02_Trunk_Grey"
 5:15:02 [CE][LootRespawner] (PRIDummy) :: Item [14] causing search overtime: "Sedan_02_Trunk_Grey"
 5:15:02 [CE][LootRespawner] (PRIDummy) :: Item [15] causing search overtime: "Sedan_02_Trunk_Grey"
 5:15:02 [CE][LootRespawner] (PRIDummy) :: Item [16] causing search overtime: "Sedan_02_Trunk_Grey"
 5:15:02 [CE][LootRespawner] (PRIDummy) :: Item [17] causing search overtime: "Sedan_02_Trunk_Grey"
 5:15:02 [CE][LootRespawner] (PRIDummy) :: Item [18] causing search overtime: "Sedan_02_Trunk_Grey"
 5:15:02 [CE][LootRespawner] (PRIDummy) :: Item [19] causing search overtime: "Sedan_02_Trunk_Grey"
 5:15:02 [CE][LootRespawner] (PRIDummy) :: Item [0] is hard to place, performance drops: "NurseDress_White"
 5:15:02 [CE][LootRespawner] (PRIDummy) :: Item [1] is hard to place, performance drops: "NurseDress_White"
 5:15:02 [CE][LootRespawner] (PRIDummy) :: Initially (re)spawned:74, Nominal:12429, Total in Map: 9670 at 0 (sec)
 5:15:02   tests:76, repeats:0 fails:2, overtime:480
 5:15:02 [CE][DynEvent] :: 32 types
 5:15:02 [00] AmbientHen
 5:15:02   Primary Spawner: "Ambient", active: yes, repeat: 1
 5:15:02 [01] AnimalBear
 5:15:02   Primary Spawner: "Animal", active: yes, repeat: 1
 5:15:02 [02] AnimalCow
 5:15:02   Primary Spawner: "Animal", active: yes, repeat: 1
 5:15:02 [03] AnimalDeer
 5:15:02   Primary Spawner: "Animal", active: yes, repeat: 1
 5:15:02 [04] AnimalGoat
 5:15:02   Primary Spawner: "Animal", active: yes, repeat: 1
 5:15:02 [05] AnimalPig
 5:15:02   Primary Spawner: "Animal", active: yes, repeat: 1
 5:15:02 [06] AnimalRoeDeer
 5:15:02   Primary Spawner: "Animal", active: yes, repeat: 1
 5:15:02 [07] AnimalSheep
 5:15:02   Primary Spawner: "Animal", active: yes, repeat: 1
 5:15:02 [08] AnimalWildBoar
 5:15:02   Primary Spawner: "Animal", active: yes, repeat: 1
 5:15:02 [09] AnimalWolf
 5:15:02   Primary Spawner: "Animal", active: yes, repeat: 1
 5:15:02 [10] InfectedArmy
 5:15:02   Primary Spawner: "Infected", active: yes, repeat: 1
 5:15:02 [11] InfectedCity
 5:15:02   Primary Spawner: "Infected", active: yes, repeat: 1
 5:15:02 [12] InfectedFirefighter
 5:15:02   Primary Spawner: "Infected", active: yes, repeat: 1
 5:15:02 [13] InfectedIndustrial
 5:15:02   Primary Spawner: "Infected", active: yes, repeat: 1
 5:15:02 [14] InfectedMedic
 5:15:02   Primary Spawner: "Infected", active: yes, repeat: 1
 5:15:02 [15] InfectedPolice
 5:15:02   Primary Spawner: "Infected", active: yes, repeat: 1
 5:15:02 [16] InfectedPrisoner
 5:15:02   Primary Spawner: "Infected", active: yes, repeat: 1
 5:15:02 [17] InfectedReligious
 5:15:02   Primary Spawner: "Infected", active: yes, repeat: 1
 5:15:02 [18] InfectedSolitude
 5:15:02   Primary Spawner: "Infected", active: yes, repeat: 1
 5:15:02 [19] InfectedVillage
 5:15:02   Primary Spawner: "Infected", active: yes, repeat: 1
 5:15:02 [20] ItemPlanks
 5:15:02   Primary Spawner: "Item", active: yes, repeat: 1
 5:15:02 [21] Loot
 5:15:02   Primary Spawner: "Loot", active: yes, repeat: 2
 5:15:02 [22] StaticHeliCrash
 5:15:02   Primary Spawner: "Vehicle", active: yes, repeat: 1
 5:15:02   Secondary Spawner: "Infected", active: yes, repeat: 1
 5:15:02 [23] StaticPoliceCar
 5:15:02   Primary Spawner: "Vehicle", active: yes, repeat: 1
 5:15:02 [24] TrajectoryConiferous
 5:15:02   Primary Spawner: "Trajectory", active: yes, repeat: 1
 5:15:02 [25] TrajectoryDeciduous
 5:15:02   Primary Spawner: "Trajectory", active: yes, repeat: 1
 5:15:02 [26] TrajectoryHumus
 5:15:02   Primary Spawner: "Trajectory", active: yes, repeat: 1
 5:15:02 [27] TrajectoryStones
 5:15:02   Primary Spawner: "Trajectory", active: yes, repeat: 1
 5:15:02 [28] VehicleCivilianSedan
 5:15:02   Primary Spawner: "Vehicle", active: yes, repeat: 1
 5:15:02 [29] VehicleHatchback02
 5:15:02   Primary Spawner: "Vehicle", active: yes, repeat: 1
 5:15:02 [30] VehicleOffroadHatchback
 5:15:02   Primary Spawner: "Vehicle", active: yes, repeat: 1
 5:15:02 [31] VehicleSedan02
 5:15:02   Primary Spawner: "Vehicle", active: yes, repeat: 1
 5:15:02 [CE][Hive] :: Initializing of spawners done.
 5:15:02 [CE][Hive] :: Init sequence finished.
 5:15:23 BattlEye Server: RCon admin #0 (127.0.0.1:64526) logged in
 5:15:33 Average server FPS: 5177.47 (measured interval: 30 s)
 5:15:33 Used memory: 1265675 KB
 5:15:33 Players: 0 in total
 5:16:03 Average server FPS: 7194.13 (measured interval: 30 s)
 5:16:03 Used memory: 1278963 KB
 5:16:03 Players: 0 in total
 5:16:23 BattlEye Server: RCon admin #0: (Global) Welcome to The Community Test Server! This server restarts every 30 Minutes
 5:16:28 BattlEye Server: RCon admin #0: (Global) Discord at https://discord.me/eXpoch -- I Still have TS3.donkeypunch.info
 5:16:33 Average server FPS: 7909.37 (measured interval: 30 s)
 5:16:33 Used memory: 1295836 KB
 5:16:33 Players: 0 in total
 5:16:38 BattlEye Server: RCon admin #0: (Global) Interesting new message here, inquire within battleye-BEC!
 5:17:03 Average server FPS: 7496.23 (measured interval: 30 s)
 5:17:03 Used memory: 1312909 KB
 5:17:03 Players: 0 in total
 5:17:33 Average server FPS: 7855.73 (measured interval: 30 s)
 5:17:33 Used memory: 1328566 KB
 5:17:33 Players: 0 in total
 5:18:03 Average server FPS: 7591.03 (measured interval: 30 s)
 5:18:03 Used memory: 1333392 KB
 5:18:03 Players: 0 in total
 5:18:33 Average server FPS: 9103.10 (measured interval: 30 s)
 5:18:33 Used memory: 1333383 KB
 5:18:33 Players: 0 in total
 5:19:03 Average server FPS: 9000.47 (measured interval: 30 s)
 5:19:03 Used memory: 1333346 KB
 5:19:03 Players: 0 in total
 5:19:33 Average server FPS: 9228.80 (measured interval: 30 s)
 5:19:33 Used memory: 1333296 KB
 5:19:33 Players: 0 in total
 5:20:03 Average server FPS: 9119.30 (measured interval: 30 s)
 5:20:03 Used memory: 1333201 KB
 5:20:03 Players: 0 in total
 5:20:23 BattlEye Server: RCon admin #0: (Global) The Community TEST SERVER will reboot in 25 minutes.
 5:20:33 Average server FPS: 9289.63 (measured interval: 30 s)
 5:20:33 Used memory: 1333399 KB
 5:20:33 Players: 0 in total
 5:21:03 Average server FPS: 9064.67 (measured interval: 30 s)
 5:21:03 Used memory: 1333206 KB
 5:21:03 Players: 0 in total
 5:21:33 Average server FPS: 9291.07 (measured interval: 30 s)
 5:21:33 Used memory: 1333026 KB
 5:21:33 Players: 0 in total
 5:22:03 Average server FPS: 9201.13 (measured interval: 30 s)
 5:22:03 Used memory: 1333145 KB
 5:22:03 Players: 0 in total
 5:22:33 Average server FPS: 9221.53 (measured interval: 30 s)
 5:22:33 Used memory: 1333106 KB
 5:22:33 Players: 0 in total
 5:23:03 Average server FPS: 9423.73 (measured interval: 30 s)
 5:23:03 Used memory: 1332936 KB
 5:23:03 Players: 0 in total
 5:23:09 [CE][LootRespawner] (PRIDummy) :: Item [2] is hard to place, performance drops: "Tripod"
 5:23:33 Average server FPS: 9126.60 (measured interval: 30 s)
 5:23:33 Used memory: 1333406 KB
 5:23:33 Players: 0 in total
 5:24:03 Average server FPS: 8999.50 (measured interval: 30 s)
 5:24:03 Used memory: 1333480 KB
 5:24:03 Players: 0 in total
 5:24:33 Average server FPS: 8886.47 (measured interval: 30 s)
 5:24:33 Used memory: 1333380 KB
 5:24:33 Players: 0 in total
 5:25:03 Average server FPS: 8215.77 (measured interval: 30 s)
 5:25:03 Used memory: 1334097 KB
 5:25:03 Players: 0 in total
 5:25:33 Average server FPS: 9216.30 (measured interval: 30 s)
 5:25:33 Used memory: 1334163 KB
 5:25:33 Players: 0 in total
 5:26:03 Average server FPS: 9108.77 (measured interval: 30 s)
 5:26:03 Used memory: 1334019 KB
 5:26:03 Players: 0 in total
 5:26:23 BattlEye Server: RCon admin #0: (Global) Welcome to The Community Test Server! This server restarts every 30 Minutes
 5:26:28 BattlEye Server: RCon admin #0: (Global) Discord at https://discord.me/eXpoch -- I Still have TS3.donkeypunch.info
 5:26:33 Average server FPS: 8960.60 (measured interval: 30 s)
 5:26:33 Used memory: 1333844 KB
 5:26:33 Players: 0 in total
 5:26:38 BattlEye Server: RCon admin #0: (Global) Interesting new message here, inquire within battleye-BEC!
 5:27:03 Average server FPS: 9285.60 (measured interval: 30 s)
 5:27:03 Used memory: 1333748 KB
 5:27:03 Players: 0 in total
 5:27:33 Average server FPS: 9106.17 (measured interval: 30 s)
 5:27:33 Used memory: 1333685 KB
 5:27:33 Players: 0 in total
 5:28:03 Average server FPS: 8992.30 (measured interval: 30 s)
 5:28:03 Used memory: 1333563 KB
 5:28:03 Players: 0 in total
 5:28:33 Average server FPS: 9192.80 (measured interval: 30 s)
 5:28:33 Used memory: 1333517 KB
 5:28:33 Players: 0 in total
 5:29:03 Average server FPS: 9060.30 (measured interval: 30 s)
 5:29:03 Used memory: 1333651 KB
 5:29:03 Players: 0 in total
 5:29:33 Average server FPS: 9006.33 (measured interval: 30 s)
 5:29:33 Used memory: 1333519 KB
 5:29:33 Players: 0 in total
 5:30:03 Average server FPS: 8892.20 (measured interval: 30 s)
 5:30:03 Used memory: 1333486 KB
 5:30:03 Players: 0 in total
 5:30:23 BattlEye Server: RCon admin #0: (Global) The Community TEST SERVER will reboot in 15 minutes.
 5:30:33 Average server FPS: 9101.03 (measured interval: 30 s)
 5:30:33 Used memory: 1333830 KB
 5:30:33 Players: 0 in total
 5:30:51 !!! [CE][Point] Removing 6021.780762, 3976.353027 from Land_Boat_Small2
 5:31:03 Average server FPS: 9331.50 (measured interval: 30 s)
 5:31:03 Used memory: 1333790 KB
 5:31:03 Players: 0 in total
 5:31:33 Average server FPS: 8982.90 (measured interval: 30 s)
 5:31:33 Used memory: 1333476 KB
 5:31:33 Players: 0 in total
 5:31:43 !!! [CE][Point] Removing 6021.908691, 3977.653809 from Land_Boat_Small2
 5:32:03 Average server FPS: 9043.80 (measured interval: 30 s)
 5:32:03 Used memory: 1333639 KB
 5:32:03 Players: 0 in total
 5:32:33 Average server FPS: 8992.80 (measured interval: 30 s)
 5:32:33 Used memory: 1333547 KB
 5:32:33 Players: 0 in total
 5:33:03 Average server FPS: 9217.47 (measured interval: 30 s)
 5:33:03 Used memory: 1333375 KB
 5:33:03 Players: 0 in total
 5:33:06 [CE][LootRespawner] (PRIDummy) :: Item [3] is hard to place, performance drops: "FirefighterJacket_Black"
 5:33:31 [CE][LootRespawner] (PRIDummy) :: Item [4] is hard to place, performance drops: "CZ527"
 5:33:31 [CE][LootRespawner] (PRIDummy) :: Item [5] is hard to place, performance drops: "CZ527"
 5:33:31 [CE][LootRespawner] (PRIDummy) :: Item [6] is hard to place, performance drops: "CZ527"
 5:33:31 [CE][LootRespawner] (PRIDummy) :: Item [7] is hard to place, performance drops: "CZ527"
 5:33:33 Average server FPS: 9313.17 (measured interval: 30 s)
 5:33:33 Used memory: 1333954 KB
 5:33:33 Players: 0 in total
 5:34:03 Average server FPS: 9208.60 (measured interval: 30 s)
 5:34:03 Used memory: 1333888 KB
 5:34:03 Players: 0 in total
 5:34:33 Average server FPS: 9186.70 (measured interval: 30 s)
 5:34:33 Used memory: 1333869 KB
 5:34:33 Players: 0 in total
 5:34:52 [CE][LootRespawner] (PRIDummy) :: Item [8] is hard to place, performance drops: "Winchester70"
 5:34:52 [CE][LootRespawner] (PRIDummy) :: Item [9] is hard to place, performance drops: "Winchester70"
 5:35:03 Average server FPS: 9212.93 (measured interval: 30 s)
 5:35:03 Used memory: 1334074 KB
 5:35:03 Players: 0 in total
 5:35:33 Average server FPS: 9251.57 (measured interval: 30 s)
 5:35:33 Used memory: 1333969 KB
 5:35:33 Players: 0 in total
 5:36:03 Average server FPS: 9133.93 (measured interval: 30 s)
 5:36:03 Used memory: 1334195 KB
 5:36:03 Players: 0 in total
 5:36:23 BattlEye Server: RCon admin #0: (Global) Welcome to The Community Test Server! This server restarts every 30 Minutes
 5:36:28 BattlEye Server: RCon admin #0: (Global) Discord at https://discord.me/eXpoch -- I Still have TS3.donkeypunch.info
 5:36:33 Average server FPS: 9236.53 (measured interval: 30 s)
 5:36:33 Used memory: 1334332 KB
 5:36:33 Players: 0 in total
 5:36:38 BattlEye Server: RCon admin #0: (Global) Interesting new message here, inquire within battleye-BEC!
 5:37:03 Average server FPS: 9272.60 (measured interval: 30 s)
 5:37:03 Used memory: 1334608 KB
 5:37:03 Players: 0 in total
 5:37:33 Average server FPS: 9128.63 (measured interval: 30 s)
 5:37:33 Used memory: 1334508 KB
 5:37:33 Players: 0 in total
 5:38:03 Average server FPS: 9039.23 (measured interval: 30 s)
 5:38:03 Used memory: 1334646 KB
 5:38:03 Players: 0 in total
 5:38:33 Average server FPS: 9040.67 (measured interval: 30 s)
 5:38:33 Used memory: 1334171 KB
 5:38:33 Players: 0 in total
 5:39:03 Average server FPS: 9028.43 (measured interval: 30 s)
 5:39:03 Used memory: 1334153 KB
 5:39:03 Players: 0 in total
 5:39:33 Average server FPS: 9063.30 (measured interval: 30 s)
 5:39:33 Used memory: 1334030 KB
 5:39:33 Players: 0 in total
 5:40:03 Average server FPS: 8882.53 (measured interval: 30 s)
 5:40:03 Used memory: 1333994 KB
 5:40:03 Players: 0 in total
 5:40:23 BattlEye Server: RCon admin #0: (Global) The Community TEST SERVER will reboot in 5 minutes. Wrap it up, getting close
 5:40:33 Average server FPS: 9287.51 (measured interval: 30 s)
 5:40:33 Used memory: 1333928 KB
 5:40:33 Players: 0 in total
 5:41:03 Average server FPS: 9154.71 (measured interval: 30 s)
 5:41:03 Used memory: 1333921 KB
 5:41:03 Players: 0 in total
 5:41:33 Average server FPS: 9275.72 (measured interval: 30 s)
 5:41:33 Used memory: 1334176 KB
 5:41:33 Players: 0 in total
 5:42:03 Average server FPS: 9245.13 (measured interval: 30 s)
 5:42:03 Used memory: 1334086 KB
 5:42:03 Players: 0 in total
 5:42:33 Average server FPS: 9040.16 (measured interval: 30 s)
 5:42:33 Used memory: 1334195 KB
 5:42:33 Players: 0 in total
 5:43:03 Average server FPS: 8853.81 (measured interval: 30 s)
 5:43:03 Used memory: 1334045 KB
 5:43:03 Players: 0 in total
 5:43:23 BattlEye Server: RCon admin #0: (Global) The Community TEST SERVER will reboot in 2 minutes. LOG OUT NOW!
 5:43:33 Average server FPS: 8913.07 (measured interval: 30 s)
 5:43:33 Used memory: 1333899 KB
 5:43:33 Players: 0 in total
 5:44:03 Average server FPS: 9256.48 (measured interval: 30 s)
 5:44:03 Used memory: 1333949 KB
 5:44:03 Players: 0 in total
