 3:38:44 BattlEye Server: Initialized (v1.217)
 3:38:44 SUCCESS: SteamGameServer_Init(0,8766,2442,28056,3,1.07.153006)
 3:38:44 Roles assigned.
 3:38:44 Reading mission ...
 3:39:27 [CE][Hive] :: Initializing OFFLINE
 3:39:27 [CE][Hive] :: Loading core data ... 
 3:39:27 [CE][CoreData] :: 7 root classes, 19 defaults, 0 updaters...
 3:39:31 [CE][TypeSetup] :: 408 classes setuped...
 3:39:32 [CE][RegisterBind] :: 0 classes binded...
 3:39:32 [CE][RegisterConfig] :: 3115 config classes registered, 1 sub-counters...
 3:39:32 [CE][Hive] :: Loading map data ... 
 3:39:32 !!! [CE] :: Unknown category: 'vehicleparts'.
 3:39:32 !!! [CE] :: Unknown category: 'vehicleparts'.
 3:39:32 !!! [CE] :: Unknown category: 'vehicleparts'.
 3:39:32 !!! [CE] :: Unknown category: 'vehicleparts'.
 3:39:32 !!! [CE] :: Unknown category: 'vehicleparts'.
 3:39:32 !!! [CE] :: Unknown category: 'vehicleparts'.
 3:39:32 !!! [CE] :: Unknown category: 'vehicleparts'.
 3:39:32 !!! [CE] :: Unknown category: 'vehicleparts'.
 3:39:32 !!! [CE] :: Unknown category: 'vehicleparts'.
 3:39:32 !!! [CE] :: Unknown category: 'vehicleparts'.
 3:39:32 !!! [CE] :: Unknown category: 'vehicleparts'.
 3:39:32 !!! [CE] :: Unknown category: 'vehicleparts'.
 3:39:32 !!! [CE] :: Unknown category: 'vehicleparts'.
 3:39:32 !!! [CE] :: Unknown category: 'vehicleparts'.
 3:39:32 !!! [CE] :: Unknown category: 'vehicleparts'.
 3:39:32 !!! [CE] :: Unknown category: 'vehicleparts'.
 3:39:32 !!! [CE] :: Unknown category: 'vehicleparts'.
 3:39:32 !!! [CE] :: Unknown category: 'vehicleparts'.
 3:39:32 !!! [CE] :: Unknown category: 'vehicleparts'.
 3:39:32 !!! [CE] :: Unknown category: 'vehicleparts'.
 3:39:32 !!! [CE] :: Unknown category: 'vehicleparts'.
 3:39:32 !!! [CE] :: Unknown category: 'vehicleparts'.
 3:39:32 !!! [CE] :: Unknown category: 'vehicleparts'.
 3:39:32 !!! [CE] :: Unknown category: 'vehicleparts'.
 3:39:32 [CE][LoadPrototype] :: loaded 330 prototypes
 3:39:32   702 containers, 9116 points
 3:39:32   24 dispatches, 90 proxies
 3:39:32 !!! [CE][LoadPrototype] 12 groups have no points...
 3:39:32 !!![CE][LoadPrototype]  3 groups have wrong points...
 3:39:32 [CE][LoadPrototype] :: last group name: Land_Lunapark_Autodrome...
 3:39:32 [CE][LoadPrototype] :: loaded 0 prototypes
 3:39:32   0 containers, 0 points
 3:39:32   0 dispatches, 0 proxies
 3:39:32 [CE][LoadPrototype] :: last group name: PathD_7100...
 3:39:32 [CE][LoadMap] "Group" :: loaded 5086 groups, largest group range: 26.9
 3:39:32 [CE][LoadMap] "Dirt" :: loaded 0 groups, largest group range: 26.9
 3:39:32 [CE][LoadClusters] "Cluster" :: Loading files...
 3:39:33 [CE][LoadClusters] :: file: "mapgroupcluster.xml", 4 types, 50000 instances
 3:39:33 [CE][LoadClusters] :: file: "mapgroupcluster01", 4 types, 50000 instances
 3:39:33 [CE][LoadClusters] :: file: "mapgroupcluster02", 4 types, 50000 instances
 3:39:33 [CE][LoadClusters] :: file: "mapgroupcluster03", 4 types, 50000 instances
 3:39:34 [CE][LoadClusters] :: file: "mapgroupcluster04", 4 types, 21297 instances
 3:39:34 [CE][Storage] ver:21 stamp:876, valid:yes, name:"mpmissions\TheCommunity.enoch\storage_666\data\types.bin"
 3:39:34 [CE][Storage] ver:21 stamp:875, valid:yes, name:"mpmissions\TheCommunity.enoch\storage_666\data\types.001"
 3:39:34 [CE][Storage] ver:21 stamp:876, valid:yes, name:"mpmissions\TheCommunity.enoch\storage_666\data\types.002"
 3:39:34 [CE][Storage] Restoring file "mpmissions\TheCommunity.enoch\storage_666\data\types.bin".
 3:39:34 [CE][offlineDB] :: Loaded 32 dynamic events 211 total types 0 total positions.
 3:39:34 [CE][Storage] ver:21 stamp:876, valid:yes, name:"mpmissions\TheCommunity.enoch\storage_666\data\events.bin"
 3:39:34 [CE][Storage] ver:21 stamp:875, valid:yes, name:"mpmissions\TheCommunity.enoch\storage_666\data\events.001"
 3:39:34 [CE][Storage] ver:21 stamp:876, valid:yes, name:"mpmissions\TheCommunity.enoch\storage_666\data\events.002"
 3:39:34 [CE][Storage] Restoring file "mpmissions\TheCommunity.enoch\storage_666\data\events.bin".
 3:39:34 [CE][DynamicEvent] Load  Events:[32] Primary spawners: 32 Secondary spawners: 1
 3:39:34 [CE][Storage] ver:24 stamp:876, valid:yes, name:"mpmissions\TheCommunity.enoch\storage_666\data\vehicles.bin"
 3:39:34 [CE][Storage] ver:24 stamp:875, valid:yes, name:"mpmissions\TheCommunity.enoch\storage_666\data\vehicles.001"
 3:39:34 [CE][Storage] ver:24 stamp:876, valid:yes, name:"mpmissions\TheCommunity.enoch\storage_666\data\vehicles.002"
 3:39:34 [CE][Storage] Restoring file "mpmissions\TheCommunity.enoch\storage_666\data\vehicles.bin" 85 items.
 3:39:34   85 items loaded.
 3:39:34 [CE][Storage] ver:0 stamp:0, valid:NO, name:"mpmissions\TheCommunity.enoch\storage_666\data\dynamic_000.bin"
 3:39:34 [CE][Storage] ver:24 stamp:875, valid:yes, name:"mpmissions\TheCommunity.enoch\storage_666\data\dynamic_000.001"
 3:39:34 [CE][Storage] ver:24 stamp:876, valid:yes, name:"mpmissions\TheCommunity.enoch\storage_666\data\dynamic_000.002"
 3:39:34 [CE][Storage] Restoring file "mpmissions\TheCommunity.enoch\storage_666\data\dynamic_000.002" 248 items.
 3:39:34   248 items loaded.
 3:39:34 [CE][Storage] ver:0 stamp:0, valid:NO, name:"mpmissions\TheCommunity.enoch\storage_666\data\dynamic_001.bin"
 3:39:34 [CE][Storage] ver:24 stamp:875, valid:yes, name:"mpmissions\TheCommunity.enoch\storage_666\data\dynamic_001.001"
 3:39:34 [CE][Storage] ver:24 stamp:876, valid:yes, name:"mpmissions\TheCommunity.enoch\storage_666\data\dynamic_001.002"
 3:39:34 [CE][Storage] Restoring file "mpmissions\TheCommunity.enoch\storage_666\data\dynamic_001.002" 1523 items.
 3:39:35   1523 items loaded.
 3:39:35 [CE][Storage] ver:0 stamp:0, valid:NO, name:"mpmissions\TheCommunity.enoch\storage_666\data\dynamic_002.bin"
 3:39:35 [CE][Storage] ver:24 stamp:875, valid:yes, name:"mpmissions\TheCommunity.enoch\storage_666\data\dynamic_002.001"
 3:39:35 [CE][Storage] ver:24 stamp:876, valid:yes, name:"mpmissions\TheCommunity.enoch\storage_666\data\dynamic_002.002"
 3:39:35 [CE][Storage] Restoring file "mpmissions\TheCommunity.enoch\storage_666\data\dynamic_002.002" 412 items.
 3:39:35   412 items loaded.
 3:39:35 [CE][Storage] ver:0 stamp:0, valid:NO, name:"mpmissions\TheCommunity.enoch\storage_666\data\dynamic_003.bin"
 3:39:35 [CE][Storage] ver:24 stamp:875, valid:yes, name:"mpmissions\TheCommunity.enoch\storage_666\data\dynamic_003.001"
 3:39:35 [CE][Storage] ver:24 stamp:876, valid:yes, name:"mpmissions\TheCommunity.enoch\storage_666\data\dynamic_003.002"
 3:39:35 [CE][Storage] Restoring file "mpmissions\TheCommunity.enoch\storage_666\data\dynamic_003.002" 814 items.
 3:39:35   814 items loaded.
 3:39:35 [CE][Storage] ver:0 stamp:0, valid:NO, name:"mpmissions\TheCommunity.enoch\storage_666\data\dynamic_004.bin"
 3:39:35 [CE][Storage] ver:24 stamp:875, valid:yes, name:"mpmissions\TheCommunity.enoch\storage_666\data\dynamic_004.001"
 3:39:35 [CE][Storage] ver:24 stamp:876, valid:yes, name:"mpmissions\TheCommunity.enoch\storage_666\data\dynamic_004.002"
 3:39:35 [CE][Storage] Restoring file "mpmissions\TheCommunity.enoch\storage_666\data\dynamic_004.002" 916 items.
 3:39:35   916 items loaded.
 3:39:35 [CE][Storage] ver:0 stamp:0, valid:NO, name:"mpmissions\TheCommunity.enoch\storage_666\data\dynamic_005.bin"
 3:39:35 [CE][Storage] ver:24 stamp:875, valid:yes, name:"mpmissions\TheCommunity.enoch\storage_666\data\dynamic_005.001"
 3:39:35 [CE][Storage] ver:24 stamp:876, valid:yes, name:"mpmissions\TheCommunity.enoch\storage_666\data\dynamic_005.002"
 3:39:35 [CE][Storage] Restoring file "mpmissions\TheCommunity.enoch\storage_666\data\dynamic_005.002" 1117 items.
 3:39:35   1117 items loaded.
 3:39:35 [CE][Storage] ver:0 stamp:0, valid:NO, name:"mpmissions\TheCommunity.enoch\storage_666\data\dynamic_006.bin"
 3:39:35 [CE][Storage] ver:24 stamp:875, valid:yes, name:"mpmissions\TheCommunity.enoch\storage_666\data\dynamic_006.001"
 3:39:35 [CE][Storage] ver:24 stamp:876, valid:yes, name:"mpmissions\TheCommunity.enoch\storage_666\data\dynamic_006.002"
 3:39:35 [CE][Storage] Restoring file "mpmissions\TheCommunity.enoch\storage_666\data\dynamic_006.002" 584 items.
 3:39:36   584 items loaded.
 3:39:36 [CE][Storage] ver:0 stamp:0, valid:NO, name:"mpmissions\TheCommunity.enoch\storage_666\data\dynamic_007.bin"
 3:39:36 [CE][Storage] ver:24 stamp:875, valid:yes, name:"mpmissions\TheCommunity.enoch\storage_666\data\dynamic_007.001"
 3:39:36 [CE][Storage] ver:24 stamp:876, valid:yes, name:"mpmissions\TheCommunity.enoch\storage_666\data\dynamic_007.002"
 3:39:36 [CE][Storage] Restoring file "mpmissions\TheCommunity.enoch\storage_666\data\dynamic_007.002" 677 items.
 3:39:36   677 items loaded.
 3:39:36 [CE][Storage] ver:0 stamp:0, valid:NO, name:"mpmissions\TheCommunity.enoch\storage_666\data\dynamic_008.bin"
 3:39:36 [CE][Storage] ver:24 stamp:875, valid:yes, name:"mpmissions\TheCommunity.enoch\storage_666\data\dynamic_008.001"
 3:39:36 [CE][Storage] ver:24 stamp:876, valid:yes, name:"mpmissions\TheCommunity.enoch\storage_666\data\dynamic_008.002"
 3:39:36 [CE][Storage] Restoring file "mpmissions\TheCommunity.enoch\storage_666\data\dynamic_008.002" 639 items.
 3:39:36   639 items loaded.
 3:39:36 [CE][Storage] ver:0 stamp:0, valid:NO, name:"mpmissions\TheCommunity.enoch\storage_666\data\dynamic_009.bin"
 3:39:36 [CE][Storage] ver:24 stamp:875, valid:yes, name:"mpmissions\TheCommunity.enoch\storage_666\data\dynamic_009.001"
 3:39:36 [CE][Storage] ver:24 stamp:876, valid:yes, name:"mpmissions\TheCommunity.enoch\storage_666\data\dynamic_009.002"
 3:39:36 [CE][Storage] Restoring file "mpmissions\TheCommunity.enoch\storage_666\data\dynamic_009.002" 571 items.
 3:39:36   571 items loaded.
 3:39:36 [CE][Storage] ver:0 stamp:0, valid:NO, name:"mpmissions\TheCommunity.enoch\storage_666\data\dynamic_010.bin"
 3:39:36 [CE][Storage] ver:24 stamp:875, valid:yes, name:"mpmissions\TheCommunity.enoch\storage_666\data\dynamic_010.001"
 3:39:36 [CE][Storage] ver:24 stamp:876, valid:yes, name:"mpmissions\TheCommunity.enoch\storage_666\data\dynamic_010.002"
 3:39:36 [CE][Storage] Restoring file "mpmissions\TheCommunity.enoch\storage_666\data\dynamic_010.002" 1672 items.
 3:39:36   1672 items loaded.
 3:39:36 [CE][Storage] ver:0 stamp:0, valid:NO, name:"mpmissions\TheCommunity.enoch\storage_666\data\dynamic_011.bin"
 3:39:36 [CE][Storage] ver:24 stamp:875, valid:yes, name:"mpmissions\TheCommunity.enoch\storage_666\data\dynamic_011.001"
 3:39:36 [CE][Storage] ver:24 stamp:876, valid:yes, name:"mpmissions\TheCommunity.enoch\storage_666\data\dynamic_011.002"
 3:39:36 [CE][Storage] Restoring file "mpmissions\TheCommunity.enoch\storage_666\data\dynamic_011.002" 239 items.
 3:39:36   239 items loaded.
 3:39:36 [CE][Hive] :: Storage load took:2.81 seconds, recovery stamp:876
 3:39:36   entity: 10205, building: 0
 3:39:36   no lifetime: 40
 3:39:36 [CE][Hive] :: Initializing ... 
 3:39:36 [CE][InitializeMap] :: initialized: 0
 3:39:36 [CE][Hive] :: Initializing spawners ... 
 3:39:38 [CE][LootRespawner] (PRIDummy) :: Item [0] causing search overtime: "CivSedanHood_Wine"
 3:39:38 [CE][LootRespawner] (PRIDummy) :: Item [1] causing search overtime: "CivSedanHood_Wine"
 3:39:38 [CE][LootRespawner] (PRIDummy) :: Item [2] causing search overtime: "CivSedanHood_Wine"
 3:39:38 [CE][LootRespawner] (PRIDummy) :: Item [3] causing search overtime: "CivSedanHood_Wine"
 3:39:38 [CE][LootRespawner] (PRIDummy) :: Item [4] causing search overtime: "CivSedanHood_Wine"
 3:39:38 [CE][LootRespawner] (PRIDummy) :: Item [5] causing search overtime: "CivSedanHood_Wine"
 3:39:38 [CE][LootRespawner] (PRIDummy) :: Item [6] causing search overtime: "CivSedanHood_Wine"
 3:39:38 [CE][LootRespawner] (PRIDummy) :: Item [7] causing search overtime: "CivSedanHood_Wine"
 3:39:38 [CE][LootRespawner] (PRIDummy) :: Item [8] causing search overtime: "CivSedanHood_Wine"
 3:39:38 [CE][LootRespawner] (PRIDummy) :: Item [9] causing search overtime: "CivSedanHood_Wine"
 3:39:38 [CE][LootRespawner] (PRIDummy) :: Item [10] causing search overtime: "Sedan_02_Trunk_Grey"
 3:39:38 [CE][LootRespawner] (PRIDummy) :: Item [11] causing search overtime: "Sedan_02_Trunk_Grey"
 3:39:38 [CE][LootRespawner] (PRIDummy) :: Item [12] causing search overtime: "Sedan_02_Trunk_Grey"
 3:39:38 [CE][LootRespawner] (PRIDummy) :: Item [13] causing search overtime: "Sedan_02_Trunk_Grey"
 3:39:38 [CE][LootRespawner] (PRIDummy) :: Item [14] causing search overtime: "Sedan_02_Trunk_Grey"
 3:39:38 [CE][LootRespawner] (PRIDummy) :: Item [15] causing search overtime: "Sedan_02_Trunk_Grey"
 3:39:38 [CE][LootRespawner] (PRIDummy) :: Item [16] causing search overtime: "Sedan_02_Trunk_Grey"
 3:39:38 [CE][LootRespawner] (PRIDummy) :: Item [17] causing search overtime: "Sedan_02_Trunk_Grey"
 3:39:38 [CE][LootRespawner] (PRIDummy) :: Item [18] causing search overtime: "Sedan_02_Trunk_Grey"
 3:39:38 [CE][LootRespawner] (PRIDummy) :: Item [19] causing search overtime: "Sedan_02_Trunk_Grey"
 3:39:38 [CE][LootRespawner] (PRIDummy) :: Initially (re)spawned:146, Nominal:12429, Total in Map: 9661 at 0 (sec)
 3:39:38   tests:146, repeats:0 fails:0, overtime:499
 3:39:38 [CE][DynEvent] :: 32 types
 3:39:38 [00] AmbientHen
 3:39:38   Primary Spawner: "Ambient", active: yes, repeat: 1
 3:39:38 [01] AnimalBear
 3:39:38   Primary Spawner: "Animal", active: yes, repeat: 1
 3:39:38 [02] AnimalCow
 3:39:38   Primary Spawner: "Animal", active: yes, repeat: 1
 3:39:38 [03] AnimalDeer
 3:39:38   Primary Spawner: "Animal", active: yes, repeat: 1
 3:39:38 [04] AnimalGoat
 3:39:38   Primary Spawner: "Animal", active: yes, repeat: 1
 3:39:38 [05] AnimalPig
 3:39:38   Primary Spawner: "Animal", active: yes, repeat: 1
 3:39:38 [06] AnimalRoeDeer
 3:39:38   Primary Spawner: "Animal", active: yes, repeat: 1
 3:39:38 [07] AnimalSheep
 3:39:38   Primary Spawner: "Animal", active: yes, repeat: 1
 3:39:38 [08] AnimalWildBoar
 3:39:38   Primary Spawner: "Animal", active: yes, repeat: 1
 3:39:38 [09] AnimalWolf
 3:39:38   Primary Spawner: "Animal", active: yes, repeat: 1
 3:39:38 [10] InfectedArmy
 3:39:38   Primary Spawner: "Infected", active: yes, repeat: 1
 3:39:38 [11] InfectedCity
 3:39:38   Primary Spawner: "Infected", active: yes, repeat: 1
 3:39:38 [12] InfectedFirefighter
 3:39:38   Primary Spawner: "Infected", active: yes, repeat: 1
 3:39:38 [13] InfectedIndustrial
 3:39:38   Primary Spawner: "Infected", active: yes, repeat: 1
 3:39:38 [14] InfectedMedic
 3:39:38   Primary Spawner: "Infected", active: yes, repeat: 1
 3:39:38 [15] InfectedPolice
 3:39:38   Primary Spawner: "Infected", active: yes, repeat: 1
 3:39:38 [16] InfectedPrisoner
 3:39:38   Primary Spawner: "Infected", active: yes, repeat: 1
 3:39:38 [17] InfectedReligious
 3:39:38   Primary Spawner: "Infected", active: yes, repeat: 1
 3:39:38 [18] InfectedSolitude
 3:39:38   Primary Spawner: "Infected", active: yes, repeat: 1
 3:39:38 [19] InfectedVillage
 3:39:38   Primary Spawner: "Infected", active: yes, repeat: 1
 3:39:38 [20] ItemPlanks
 3:39:38   Primary Spawner: "Item", active: yes, repeat: 1
 3:39:38 [21] Loot
 3:39:38   Primary Spawner: "Loot", active: yes, repeat: 2
 3:39:38 [22] StaticHeliCrash
 3:39:38   Primary Spawner: "Vehicle", active: yes, repeat: 1
 3:39:38   Secondary Spawner: "Infected", active: yes, repeat: 1
 3:39:38 [23] StaticPoliceCar
 3:39:38   Primary Spawner: "Vehicle", active: yes, repeat: 1
 3:39:38 [24] TrajectoryConiferous
 3:39:38   Primary Spawner: "Trajectory", active: yes, repeat: 1
 3:39:38 [25] TrajectoryDeciduous
 3:39:38   Primary Spawner: "Trajectory", active: yes, repeat: 1
 3:39:38 [26] TrajectoryHumus
 3:39:38   Primary Spawner: "Trajectory", active: yes, repeat: 1
 3:39:38 [27] TrajectoryStones
 3:39:38   Primary Spawner: "Trajectory", active: yes, repeat: 1
 3:39:38 [28] VehicleCivilianSedan
 3:39:38   Primary Spawner: "Vehicle", active: yes, repeat: 1
 3:39:38 [29] VehicleHatchback02
 3:39:38   Primary Spawner: "Vehicle", active: yes, repeat: 1
 3:39:38 [30] VehicleOffroadHatchback
 3:39:38   Primary Spawner: "Vehicle", active: yes, repeat: 1
 3:39:38 [31] VehicleSedan02
 3:39:38   Primary Spawner: "Vehicle", active: yes, repeat: 1
 3:39:38 [CE][Hive] :: Initializing of spawners done.
 3:39:38 [CE][Hive] :: Init sequence finished.
 3:40:02 BattlEye Server: RCon admin #0 (127.0.0.1:54337) logged in
 3:40:09 Average server FPS: 6450.80 (measured interval: 30 s)
 3:40:09 Used memory: 1260869 KB
 3:40:09 Players: 0 in total
 3:40:31 [CE][SpawnRandomLoot] (StaticHeliCrash) :: ChildType: Wreck_UH1Y, lootmin: 10, lootmax: 20, wanted: 19
 3:40:31 [CE][SpawnRandomLoot] (StaticHeliCrash) :: ChildType: Wreck_Mi8, lootmin: 10, lootmax: 20, wanted: 11
 3:40:31 [CE][SpawnRandomLoot] (StaticHeliCrash) :: ChildType: Wreck_UH1Y, lootmin: 10, lootmax: 20, wanted: 11
 3:40:31 [CE][SpawnRandomLoot] (StaticPoliceCar) :: ChildType: Land_Wreck_Volha_Police, lootmin: 3, lootmax: 5, wanted: 4
 3:40:39 Average server FPS: 7346.35 (measured interval: 30 s)
 3:40:39 Used memory: 1277576 KB
 3:40:39 Players: 0 in total
 3:41:02 BattlEye Server: RCon admin #0: (Global) Welcome to The Community Test Server! This server restarts every 30 Minutes
 3:41:07 BattlEye Server: RCon admin #0: (Global) Discord at https://discord.me/eXpoch -- I Still have TS3.donkeypunch.info
 3:41:09 Average server FPS: 7815.67 (measured interval: 30 s)
 3:41:09 Used memory: 1294894 KB
 3:41:09 Players: 0 in total
 3:41:17 BattlEye Server: RCon admin #0: (Global) Interesting new message here, inquire within battleye-BEC!
 3:41:39 Average server FPS: 6218.07 (measured interval: 30 s)
 3:41:39 Used memory: 1308892 KB
 3:41:39 Players: 0 in total
 3:42:09 Average server FPS: 7957.94 (measured interval: 30 s)
 3:42:09 Used memory: 1324528 KB
 3:42:09 Players: 0 in total
 3:42:39 Average server FPS: 8685.07 (measured interval: 30 s)
 3:42:39 Used memory: 1329477 KB
 3:42:39 Players: 0 in total
 3:43:09 Average server FPS: 9659.33 (measured interval: 30 s)
 3:43:09 Used memory: 1329520 KB
 3:43:09 Players: 0 in total
 3:43:39 Average server FPS: 9276.30 (measured interval: 30 s)
 3:43:39 Used memory: 1329540 KB
 3:43:39 Players: 0 in total
 3:44:09 Average server FPS: 9237.47 (measured interval: 30 s)
 3:44:09 Used memory: 1329464 KB
 3:44:09 Players: 0 in total
 3:44:39 Average server FPS: 9320.80 (measured interval: 30 s)
 3:44:39 Used memory: 1329241 KB
 3:44:39 Players: 0 in total
 3:45:02 BattlEye Server: RCon admin #0: (Global) The Community TEST SERVER will reboot in 25 minutes.
 3:45:09 Average server FPS: 9426.50 (measured interval: 30 s)
 3:45:09 Used memory: 1329401 KB
 3:45:09 Players: 0 in total
 3:45:39 Average server FPS: 8615.97 (measured interval: 30 s)
 3:45:39 Used memory: 1330579 KB
 3:45:39 Players: 0 in total
 3:46:03 [CE][LootRespawner] (PRIDummy) :: Item [0] is hard to place, performance drops: "PressVest_Blue"
 3:46:03 [CE][LootRespawner] (PRIDummy) :: Item [1] is hard to place, performance drops: "PressVest_Blue"
 3:46:09 Average server FPS: 9283.67 (measured interval: 30 s)
 3:46:09 Used memory: 1330959 KB
 3:46:09 Players: 0 in total
 3:46:39 Average server FPS: 9438.00 (measured interval: 30 s)
 3:46:39 Used memory: 1330886 KB
 3:46:39 Players: 0 in total
 3:47:09 Average server FPS: 9370.27 (measured interval: 30 s)
 3:47:09 Used memory: 1330631 KB
 3:47:09 Players: 0 in total
 3:47:39 Average server FPS: 9469.67 (measured interval: 30 s)
 3:47:39 Used memory: 1330734 KB
 3:47:39 Players: 0 in total
 3:47:50 [CE][LootRespawner] (PRIDummy) :: Item [2] is hard to place, performance drops: "PolicePants"
 3:48:09 Average server FPS: 9210.50 (measured interval: 30 s)
 3:48:09 Used memory: 1331244 KB
 3:48:09 Players: 0 in total
 3:48:39 Average server FPS: 9466.10 (measured interval: 30 s)
 3:48:39 Used memory: 1331196 KB
 3:48:39 Players: 0 in total
 3:49:09 Average server FPS: 9389.27 (measured interval: 30 s)
 3:49:09 Used memory: 1331181 KB
 3:49:09 Players: 0 in total
 3:49:12 [CE][LootRespawner] (PRIDummy) :: Item [3] is hard to place, performance drops: "Epinephrine"
 3:49:39 Average server FPS: 9351.23 (measured interval: 30 s)
 3:49:39 Used memory: 1331287 KB
 3:49:39 Players: 0 in total
 3:50:09 Average server FPS: 9494.87 (measured interval: 30 s)
 3:50:09 Used memory: 1331204 KB
 3:50:09 Players: 0 in total
 3:50:39 Average server FPS: 6611.90 (measured interval: 30 s)
 3:50:39 Used memory: 1331871 KB
 3:50:39 Players: 0 in total
 3:51:02 BattlEye Server: RCon admin #0: (Global) Welcome to The Community Test Server! This server restarts every 30 Minutes
 3:51:07 BattlEye Server: RCon admin #0: (Global) Discord at https://discord.me/eXpoch -- I Still have TS3.donkeypunch.info
 3:51:09 Average server FPS: 9311.67 (measured interval: 30 s)
 3:51:09 Used memory: 1331442 KB
 3:51:09 Players: 0 in total
 3:51:17 BattlEye Server: RCon admin #0: (Global) Interesting new message here, inquire within battleye-BEC!
 3:51:39 Average server FPS: 9338.90 (measured interval: 30 s)
 3:51:39 Used memory: 1331451 KB
 3:51:39 Players: 0 in total
 3:52:09 Average server FPS: 9104.27 (measured interval: 30 s)
 3:52:09 Used memory: 1331617 KB
 3:52:09 Players: 0 in total
 3:52:39 Average server FPS: 9239.20 (measured interval: 30 s)
 3:52:39 Used memory: 1331457 KB
 3:52:39 Players: 0 in total
 3:53:09 Average server FPS: 9405.27 (measured interval: 30 s)
 3:53:09 Used memory: 1331281 KB
 3:53:09 Players: 0 in total
 3:53:39 Average server FPS: 9362.67 (measured interval: 30 s)
 3:53:39 Used memory: 1332054 KB
 3:53:39 Players: 0 in total
 3:54:09 Average server FPS: 9458.43 (measured interval: 30 s)
 3:54:09 Used memory: 1332387 KB
 3:54:09 Players: 0 in total
 3:54:39 Average server FPS: 9245.63 (measured interval: 30 s)
 3:54:39 Used memory: 1332253 KB
 3:54:39 Players: 0 in total
 3:55:02 BattlEye Server: RCon admin #0: (Global) The Community TEST SERVER will reboot in 15 minutes.
 3:55:09 Average server FPS: 9424.60 (measured interval: 30 s)
 3:55:09 Used memory: 1333315 KB
 3:55:09 Players: 0 in total
 3:55:39 Average server FPS: 9330.80 (measured interval: 30 s)
 3:55:39 Used memory: 1333213 KB
 3:55:39 Players: 0 in total
 3:56:09 Average server FPS: 9403.47 (measured interval: 30 s)
 3:56:09 Used memory: 1333058 KB
 3:56:09 Players: 0 in total
 3:56:39 Average server FPS: 9320.90 (measured interval: 30 s)
 3:56:39 Used memory: 1332980 KB
 3:56:39 Players: 0 in total
 3:57:09 Average server FPS: 9292.03 (measured interval: 30 s)
 3:57:09 Used memory: 1332967 KB
 3:57:09 Players: 0 in total
 3:57:39 Average server FPS: 9225.40 (measured interval: 30 s)
 3:57:39 Used memory: 1333381 KB
 3:57:39 Players: 0 in total
 3:58:09 Average server FPS: 9340.93 (measured interval: 30 s)
 3:58:09 Used memory: 1333342 KB
 3:58:09 Players: 0 in total
 3:58:39 Average server FPS: 9422.37 (measured interval: 30 s)
 3:58:39 Used memory: 1333463 KB
 3:58:39 Players: 0 in total
 3:59:09 Average server FPS: 9018.47 (measured interval: 30 s)
 3:59:09 Used memory: 1333844 KB
 3:59:09 Players: 0 in total
 3:59:39 Average server FPS: 8957.50 (measured interval: 30 s)
 3:59:39 Used memory: 1333677 KB
 3:59:39 Players: 0 in total
 4:00:09 Average server FPS: 9323.57 (measured interval: 30 s)
 4:00:09 Used memory: 1333332 KB
 4:00:09 Players: 0 in total
 4:00:25 [CE][LootRespawner] (PRIDummy) :: Item [4] is hard to place, performance drops: "PressVest_LightBlue"
 4:00:25 [CE][LootRespawner] (PRIDummy) :: Item [5] is hard to place, performance drops: "PressVest_LightBlue"
 4:00:39 Average server FPS: 9306.22 (measured interval: 30 s)
 4:00:39 Used memory: 1333344 KB
 4:00:39 Players: 0 in total
 4:01:02 BattlEye Server: RCon admin #0: (Global) Welcome to The Community Test Server! This server restarts every 30 Minutes
 4:01:07 BattlEye Server: RCon admin #0: (Global) Discord at https://discord.me/eXpoch -- I Still have TS3.donkeypunch.info
 4:01:09 Average server FPS: 9274.78 (measured interval: 30 s)
 4:01:09 Used memory: 1333550 KB
 4:01:09 Players: 0 in total
 4:01:17 BattlEye Server: RCon admin #0: (Global) Interesting new message here, inquire within battleye-BEC!
 4:01:39 Average server FPS: 9491.58 (measured interval: 30 s)
 4:01:39 Used memory: 1333473 KB
 4:01:39 Players: 0 in total
 4:02:09 Average server FPS: 9292.79 (measured interval: 30 s)
 4:02:09 Used memory: 1333314 KB
 4:02:09 Players: 0 in total
 4:02:39 Average server FPS: 9423.84 (measured interval: 30 s)
 4:02:39 Used memory: 1333629 KB
 4:02:39 Players: 0 in total
 4:03:09 Average server FPS: 9183.83 (measured interval: 30 s)
 4:03:09 Used memory: 1333516 KB
 4:03:09 Players: 0 in total
 4:03:39 Average server FPS: 8825.56 (measured interval: 30 s)
 4:03:39 Used memory: 1334521 KB
 4:03:39 Players: 0 in total
 4:04:09 Average server FPS: 9337.38 (measured interval: 30 s)
 4:04:09 Used memory: 1334324 KB
 4:04:09 Players: 0 in total
 4:04:39 Average server FPS: 8877.85 (measured interval: 30 s)
 4:04:39 Used memory: 1334361 KB
 4:04:39 Players: 0 in total
 4:05:02 BattlEye Server: RCon admin #0: (Global) The Community TEST SERVER will reboot in 5 minutes. Wrap it up, getting close
 4:05:09 Average server FPS: 9224.86 (measured interval: 30 s)
 4:05:09 Used memory: 1334308 KB
 4:05:09 Players: 0 in total
 4:05:39 Average server FPS: 9393.70 (measured interval: 30 s)
 4:05:39 Used memory: 1334153 KB
 4:05:39 Players: 0 in total
 4:06:09 Average server FPS: 9423.10 (measured interval: 30 s)
 4:06:09 Used memory: 1334156 KB
 4:06:09 Players: 0 in total
 4:06:39 Average server FPS: 9232.30 (measured interval: 30 s)
 4:06:39 Used memory: 1334451 KB
 4:06:39 Players: 0 in total
 4:07:09 Average server FPS: 9025.03 (measured interval: 30 s)
 4:07:09 Used memory: 1334481 KB
 4:07:09 Players: 0 in total
 4:07:39 Average server FPS: 9441.41 (measured interval: 30 s)
 4:07:39 Used memory: 1334336 KB
 4:07:39 Players: 0 in total
 4:08:02 BattlEye Server: RCon admin #0: (Global) The Community TEST SERVER will reboot in 2 minutes. LOG OUT NOW!
 4:08:09 Average server FPS: 9259.91 (measured interval: 30 s)
 4:08:09 Used memory: 1334484 KB
 4:08:09 Players: 0 in total
 4:08:39 Average server FPS: 9399.50 (measured interval: 30 s)
 4:08:39 Used memory: 1334419 KB
 4:08:39 Players: 0 in total
