---------------------------------------------
Log D:\DayZServers\TheCommunity_enochTest\TheEnochTestServer\script_2020-03-22_20-03-02.log started at 22.03. 20:03:02

SCRIPT       : Registered 234 temporary action enum(s), UAN==234
SCRIPT    (W): @"scripts/3_Game/systems\inventory\handfsm.c,100": Missing script declaration for method 'SgNetworkService.CreateLobby'
SCRIPT    (W): @"scripts/3_Game/systems\inventory\handfsm.c,100": Missing script declaration for method 'SgNetworkService.CancelFriend'
SCRIPT    (W): @"scripts/3_Game/systems\inventory\handfsm.c,100": Missing script declaration for method 'SgNetworkService.GameServerLoadMatchInfo'
SCRIPT    (W): @"scripts/3_Game/systems\inventory\handfsm.c,100": Missing script declaration for method 'SgNetworkService.CancelSearchForMatch'
SCRIPT    (W): @"scripts/3_Game/systems\inventory\handfsm.c,100": Missing script declaration for method 'SgNetworkService.SetLobbySlot'
SCRIPT    (W): @"scripts/3_Game/systems\inventory\handfsm.c,100": Missing script declaration for method 'SgNetworkService.LeaveLobby'
SCRIPT    (W): @"scripts/3_Game/systems\inventory\handfsm.c,100": Missing script declaration for method 'SgNetworkService.DeleteLobby'
SCRIPT    (W): @"scripts/3_Game/systems\inventory\handfsm.c,100": Missing script declaration for method 'SgNetworkService.JoinLobby'
SCRIPT    (W): @"scripts/3_Game/systems\inventory\handfsm.c,100": Missing script declaration for method 'SgNetworkService.StartLobbyGame'
SCRIPT    (W): @"scripts/3_Game/systems\inventory\handfsm.c,100": Missing script declaration for method 'SgNetworkService.GameServerReadyServer'
SCRIPT    (W): @"scripts/3_Game/systems\inventory\handfsm.c,100": Missing script declaration for method 'SgNetworkService.LeaveTeam'
SCRIPT    (W): @"scripts/3_Game/systems\inventory\handfsm.c,100": Missing script declaration for method 'SgNetworkService.LoadLobbyList'
SCRIPT    (W): @"scripts/3_Game/systems\inventory\handfsm.c,100": Missing script declaration for method 'SgNetworkService.JoinTeam'
SCRIPT    (W): @"scripts/3_Game/systems\inventory\handfsm.c,100": Missing script declaration for method 'SgNetworkService.GetUserUID'
SCRIPT    (W): @"scripts/3_Game/systems\inventory\handfsm.c,100": Missing script declaration for method 'SgNetworkService.ReadyLobbyPlayer'
SCRIPT    (W): @"scripts/3_Game/systems\inventory\handfsm.c,100": Missing script declaration for method 'SgNetworkService.GetService'
SCRIPT    (W): @"scripts/3_Game/systems\inventory\handfsm.c,100": Missing script declaration for method 'SgNetworkService.GameServerFinishGame'
SCRIPT    (W): @"scripts/3_Game/systems\inventory\handfsm.c,100": Missing script declaration for method 'SgNetworkService.InviteFriend'
SCRIPT    (W): @"scripts/3_Game/systems\inventory\handfsm.c,100": Missing script declaration for method 'SgNetworkService.StartSearchForMatch'
SCRIPT    (W): @"scripts/3_Game/human.c,1030": Missing script declaration for method 'HumanCommandScript.PostPhys_LockRotation'
SCRIPT    (W): @"scripts/3_Game/human.c,284": Method not linked 'HumanAnimInterface.SetInt'
SCRIPT    (W): @"scripts/3_Game/human.c,285": Method not linked 'HumanAnimInterface.SetBool'
SCRIPT    (W): @"scripts/3_Game/human.c,280": Method not linked 'HumanAnimInterface.CallCommand'
SCRIPT    (W): @"scripts/3_Game/human.c,283": Method not linked 'HumanAnimInterface.SetFloat'
SCRIPT    (W): @"scripts/3_Game/systems\inventory\humaninventory.c,48": Method not linked 'HumanInventory.GetFirstUserReservedLocationForContainer'
SCRIPT    (W): @"scripts/3_Game/systems\inventory\humaninventory.c,9": Missing script declaration for method 'HumanInventory.FindFirstUserReservedLocationIndexForContainer'
SCRIPT    (W): @"scripts/3_Game/entities\inventoryitem.c,120": Unsafe down-casting, use 'Object.Cast' for safe down-casting
SCRIPT       : CreateGame()
SCRIPT       : ... Backlit Effects Enabled
SCRIPT    (W): @"scripts/4_World/entities\dayzplayerimplement.c,27": Unsafe down-casting, use 'PlayerBase.Cast' for safe down-casting
SCRIPT    (W): @"scripts/4_World/entities\itembase.c,551": Unsafe down-casting, use 'PlayerBase.Cast' for safe down-casting
SCRIPT    (W): @"JM/COT/Scripts/4_World/communityonlinetools\staticfunctions.c,18": Unsafe down-casting, use 'PlayerBase.Cast' for safe down-casting
SCRIPT    (W): @"JM/COT/Scripts/5_Mission/communityonlinetools\modules\itemsetspawner\itemsetspawnermodule.c,212": Unsafe down-casting, use 'PlayerBase.Cast' for safe down-casting
SCRIPT    (W): @"JM/COT/Scripts/5_Mission/communityonlinetools\modules\itemsetspawner\itemsetspawnermodule.c,217": Unsafe down-casting, use 'PlayerBase.Cast' for safe down-casting
SCRIPT    (W): @"JM/COT/Scripts/5_Mission/communityonlinetools\gui\mapeditor\mapeditormenu.c,111": Unsafe down-casting, use 'EntityAI.Cast' for safe down-casting
SCRIPT    (W): @"JM/COT/Scripts/5_Mission/communityonlinetools\modules\teleport\teleportmodule.c,188": Unsafe down-casting, use 'PlayerBase.Cast' for safe down-casting
SCRIPT    (W): @"JM/COT/Scripts/5_Mission/communityonlinetools\modules\object\objectmodule.c,196": Unsafe down-casting, use 'PlayerBase.Cast' for safe down-casting
SCRIPT       : CommunityOnlineTools::CommunityOnlineTools
SCRIPT       : VersionPath: 
SCRIPT       : Community Online Tools is running on version 
SCRIPT       : Enoch::Weather::Overcast:: ( 6.98536 )  overcast: 0.0584436
SCRIPT       : Enoch::Weather::Overcast::Rain:: ( 6.98536 ) 0
SCRIPT       : [syncinv] warning, lambda cannot be executed, skipping!
SCRIPT       : [syncinv] warning, lambda cannot be executed, skipping!
SCRIPT       : [syncinv] warning, lambda cannot be executed, skipping!
SCRIPT       : [syncinv] warning, lambda cannot be executed, skipping!
SCRIPT       : [syncinv] warning, lambda cannot be executed, skipping!
SCRIPT       : [syncinv] warning, lambda cannot be executed, skipping!
SCRIPT       : [syncinv] warning, lambda cannot be executed, skipping!
SCRIPT       : [syncinv] warning, lambda cannot be executed, skipping!
SCRIPT       : [syncinv] warning, lambda cannot be executed, skipping!
SCRIPT       : [syncinv] warning, lambda cannot be executed, skipping!
SCRIPT       : [syncinv] warning, lambda cannot be executed, skipping!
SCRIPT       : [syncinv] warning, lambda cannot be executed, skipping!
SCRIPT       : [syncinv] warning, lambda cannot be executed, skipping!
SCRIPT       : [inv] ReplaceItemWithNewLambdaBase Step B) remove OK, loc={ type=ATTACHMENT item=Hatchback_02_Wheel:016911 parent=Hatchback_02_Blue:016909 slot=-1347708809 }
SCRIPT       : [syncinv] warning, lambda cannot be executed, skipping!
SCRIPT       : [syncinv] warning, lambda cannot be executed, skipping!
SCRIPT       : [syncinv] warning, lambda cannot be executed, skipping!
SCRIPT       : [syncinv] warning, lambda cannot be executed, skipping!
SCRIPT       : [syncinv] warning, lambda cannot be executed, skipping!
SCRIPT       : [syncinv] warning, lambda cannot be executed, skipping!
SCRIPT       : [syncinv] warning, lambda cannot be executed, skipping!
SCRIPT       : [syncinv] warning, lambda cannot be executed, skipping!
SCRIPT       : [syncinv] warning, lambda cannot be executed, skipping!
SCRIPT       : [syncinv] warning, lambda cannot be executed, skipping!
SCRIPT       : Enoch::Weather::Rain::ForceEnd:: ( 7.03523 ) 0 -> 0
SCRIPT       : [inv] ReplaceItemWithNewLambdaBase Step B) remove OK, loc={ type=ATTACHMENT item=CivSedanWheel:016846 parent=CivilianSedan:016843 slot=-1656613049 }
SCRIPT       : [syncinv] warning, lambda cannot be executed, skipping!
SCRIPT       : PermissionsFramework::~PermissionsFramework
SCRIPT       : CommunityOnlineTools::~CommunityOnlineTools
SCRIPT       : ~DayZGame()
