 3:07:00 BattlEye Server: Initialized (v1.217)
 3:07:00 SUCCESS: SteamGameServer_Init(0,8766,2442,28056,3,1.07.153006)
 3:07:01 Roles assigned.
 3:07:01 Reading mission ...
 3:07:43 [CE][Hive] :: Initializing OFFLINE
 3:07:43 [CE][Hive] :: Loading core data ... 
 3:07:43 [CE][CoreData] :: 7 root classes, 19 defaults, 0 updaters...
 3:07:47 [CE][TypeSetup] :: 408 classes setuped...
 3:07:48 [CE][RegisterBind] :: 0 classes binded...
 3:07:48 [CE][RegisterConfig] :: 3115 config classes registered, 1 sub-counters...
 3:07:48 [CE][Hive] :: Loading map data ... 
 3:07:48 !!! [CE] :: Unknown category: 'vehicleparts'.
 3:07:48 !!! [CE] :: Unknown category: 'vehicleparts'.
 3:07:48 !!! [CE] :: Unknown category: 'vehicleparts'.
 3:07:48 !!! [CE] :: Unknown category: 'vehicleparts'.
 3:07:48 !!! [CE] :: Unknown category: 'vehicleparts'.
 3:07:48 !!! [CE] :: Unknown category: 'vehicleparts'.
 3:07:48 !!! [CE] :: Unknown category: 'vehicleparts'.
 3:07:48 !!! [CE] :: Unknown category: 'vehicleparts'.
 3:07:48 !!! [CE] :: Unknown category: 'vehicleparts'.
 3:07:48 !!! [CE] :: Unknown category: 'vehicleparts'.
 3:07:48 !!! [CE] :: Unknown category: 'vehicleparts'.
 3:07:48 !!! [CE] :: Unknown category: 'vehicleparts'.
 3:07:48 !!! [CE] :: Unknown category: 'vehicleparts'.
 3:07:48 !!! [CE] :: Unknown category: 'vehicleparts'.
 3:07:48 !!! [CE] :: Unknown category: 'vehicleparts'.
 3:07:48 !!! [CE] :: Unknown category: 'vehicleparts'.
 3:07:48 !!! [CE] :: Unknown category: 'vehicleparts'.
 3:07:48 !!! [CE] :: Unknown category: 'vehicleparts'.
 3:07:48 !!! [CE] :: Unknown category: 'vehicleparts'.
 3:07:48 !!! [CE] :: Unknown category: 'vehicleparts'.
 3:07:48 !!! [CE] :: Unknown category: 'vehicleparts'.
 3:07:48 !!! [CE] :: Unknown category: 'vehicleparts'.
 3:07:48 !!! [CE] :: Unknown category: 'vehicleparts'.
 3:07:48 !!! [CE] :: Unknown category: 'vehicleparts'.
 3:07:48 [CE][LoadPrototype] :: loaded 330 prototypes
 3:07:48   702 containers, 9116 points
 3:07:48   24 dispatches, 90 proxies
 3:07:48 !!! [CE][LoadPrototype] 12 groups have no points...
 3:07:48 !!![CE][LoadPrototype]  3 groups have wrong points...
 3:07:48 [CE][LoadPrototype] :: last group name: Land_Lunapark_Autodrome...
 3:07:48 [CE][LoadPrototype] :: loaded 0 prototypes
 3:07:48   0 containers, 0 points
 3:07:48   0 dispatches, 0 proxies
 3:07:48 [CE][LoadPrototype] :: last group name: PathD_7100...
 3:07:48 [CE][LoadMap] "Group" :: loaded 5086 groups, largest group range: 26.9
 3:07:48 [CE][LoadMap] "Dirt" :: loaded 0 groups, largest group range: 26.9
 3:07:48 [CE][LoadClusters] "Cluster" :: Loading files...
 3:07:49 [CE][LoadClusters] :: file: "mapgroupcluster.xml", 4 types, 50000 instances
 3:07:49 [CE][LoadClusters] :: file: "mapgroupcluster01", 4 types, 50000 instances
 3:07:49 [CE][LoadClusters] :: file: "mapgroupcluster02", 4 types, 50000 instances
 3:07:50 [CE][LoadClusters] :: file: "mapgroupcluster03", 4 types, 50000 instances
 3:07:50 [CE][LoadClusters] :: file: "mapgroupcluster04", 4 types, 21297 instances
 3:07:50 [CE][Storage] ver:21 stamp:811, valid:yes, name:"mpmissions\TheCommunity.enoch\storage_666\data\types.bin"
 3:07:50 [CE][Storage] ver:21 stamp:809, valid:yes, name:"mpmissions\TheCommunity.enoch\storage_666\data\types.001"
 3:07:50 [CE][Storage] ver:21 stamp:810, valid:yes, name:"mpmissions\TheCommunity.enoch\storage_666\data\types.002"
 3:07:50 [CE][Storage] Restoring file "mpmissions\TheCommunity.enoch\storage_666\data\types.bin".
 3:07:50 [CE][offlineDB] :: Loaded 32 dynamic events 211 total types 0 total positions.
 3:07:50 [CE][Storage] ver:21 stamp:811, valid:yes, name:"mpmissions\TheCommunity.enoch\storage_666\data\events.bin"
 3:07:50 [CE][Storage] ver:21 stamp:809, valid:yes, name:"mpmissions\TheCommunity.enoch\storage_666\data\events.001"
 3:07:50 [CE][Storage] ver:21 stamp:810, valid:yes, name:"mpmissions\TheCommunity.enoch\storage_666\data\events.002"
 3:07:50 [CE][Storage] Restoring file "mpmissions\TheCommunity.enoch\storage_666\data\events.bin".
 3:07:50 [CE][DynamicEvent] Load  Events:[32] Primary spawners: 32 Secondary spawners: 1
 3:07:50 [CE][Storage] ver:24 stamp:811, valid:yes, name:"mpmissions\TheCommunity.enoch\storage_666\data\vehicles.bin"
 3:07:50 [CE][Storage] ver:24 stamp:809, valid:yes, name:"mpmissions\TheCommunity.enoch\storage_666\data\vehicles.001"
 3:07:50 [CE][Storage] ver:24 stamp:810, valid:yes, name:"mpmissions\TheCommunity.enoch\storage_666\data\vehicles.002"
 3:07:50 [CE][Storage] Restoring file "mpmissions\TheCommunity.enoch\storage_666\data\vehicles.bin" 91 items.
 3:07:50   91 items loaded.
 3:07:50 [CE][Storage] ver:0 stamp:0, valid:NO, name:"mpmissions\TheCommunity.enoch\storage_666\data\dynamic_000.bin"
 3:07:50 [CE][Storage] ver:24 stamp:809, valid:yes, name:"mpmissions\TheCommunity.enoch\storage_666\data\dynamic_000.001"
 3:07:50 [CE][Storage] ver:24 stamp:810, valid:yes, name:"mpmissions\TheCommunity.enoch\storage_666\data\dynamic_000.002"
 3:07:50 [CE][Storage] Restoring file "mpmissions\TheCommunity.enoch\storage_666\data\dynamic_000.002" 243 items.
 3:07:50   243 items loaded.
 3:07:50 [CE][Storage] ver:0 stamp:0, valid:NO, name:"mpmissions\TheCommunity.enoch\storage_666\data\dynamic_001.bin"
 3:07:50 [CE][Storage] ver:24 stamp:809, valid:yes, name:"mpmissions\TheCommunity.enoch\storage_666\data\dynamic_001.001"
 3:07:50 [CE][Storage] ver:24 stamp:810, valid:yes, name:"mpmissions\TheCommunity.enoch\storage_666\data\dynamic_001.002"
 3:07:50 [CE][Storage] Restoring file "mpmissions\TheCommunity.enoch\storage_666\data\dynamic_001.002" 1480 items.
 3:07:51   1480 items loaded.
 3:07:51 [CE][Storage] ver:0 stamp:0, valid:NO, name:"mpmissions\TheCommunity.enoch\storage_666\data\dynamic_002.bin"
 3:07:51 [CE][Storage] ver:24 stamp:809, valid:yes, name:"mpmissions\TheCommunity.enoch\storage_666\data\dynamic_002.001"
 3:07:51 [CE][Storage] ver:24 stamp:810, valid:yes, name:"mpmissions\TheCommunity.enoch\storage_666\data\dynamic_002.002"
 3:07:51 [CE][Storage] Restoring file "mpmissions\TheCommunity.enoch\storage_666\data\dynamic_002.002" 414 items.
 3:07:51   414 items loaded.
 3:07:51 [CE][Storage] ver:0 stamp:0, valid:NO, name:"mpmissions\TheCommunity.enoch\storage_666\data\dynamic_003.bin"
 3:07:51 [CE][Storage] ver:24 stamp:809, valid:yes, name:"mpmissions\TheCommunity.enoch\storage_666\data\dynamic_003.001"
 3:07:51 [CE][Storage] ver:24 stamp:810, valid:yes, name:"mpmissions\TheCommunity.enoch\storage_666\data\dynamic_003.002"
 3:07:51 [CE][Storage] Restoring file "mpmissions\TheCommunity.enoch\storage_666\data\dynamic_003.002" 790 items.
 3:07:51   790 items loaded.
 3:07:51 [CE][Storage] ver:0 stamp:0, valid:NO, name:"mpmissions\TheCommunity.enoch\storage_666\data\dynamic_004.bin"
 3:07:51 [CE][Storage] ver:24 stamp:809, valid:yes, name:"mpmissions\TheCommunity.enoch\storage_666\data\dynamic_004.001"
 3:07:51 [CE][Storage] ver:24 stamp:810, valid:yes, name:"mpmissions\TheCommunity.enoch\storage_666\data\dynamic_004.002"
 3:07:51 [CE][Storage] Restoring file "mpmissions\TheCommunity.enoch\storage_666\data\dynamic_004.002" 917 items.
 3:07:51   917 items loaded.
 3:07:51 [CE][Storage] ver:0 stamp:0, valid:NO, name:"mpmissions\TheCommunity.enoch\storage_666\data\dynamic_005.bin"
 3:07:51 [CE][Storage] ver:24 stamp:809, valid:yes, name:"mpmissions\TheCommunity.enoch\storage_666\data\dynamic_005.001"
 3:07:51 [CE][Storage] ver:24 stamp:810, valid:yes, name:"mpmissions\TheCommunity.enoch\storage_666\data\dynamic_005.002"
 3:07:51 [CE][Storage] Restoring file "mpmissions\TheCommunity.enoch\storage_666\data\dynamic_005.002" 1132 items.
 3:07:51   1132 items loaded.
 3:07:51 [CE][Storage] ver:0 stamp:0, valid:NO, name:"mpmissions\TheCommunity.enoch\storage_666\data\dynamic_006.bin"
 3:07:51 [CE][Storage] ver:24 stamp:809, valid:yes, name:"mpmissions\TheCommunity.enoch\storage_666\data\dynamic_006.001"
 3:07:51 [CE][Storage] ver:24 stamp:810, valid:yes, name:"mpmissions\TheCommunity.enoch\storage_666\data\dynamic_006.002"
 3:07:51 [CE][Storage] Restoring file "mpmissions\TheCommunity.enoch\storage_666\data\dynamic_006.002" 629 items.
 3:07:51   629 items loaded.
 3:07:51 [CE][Storage] ver:0 stamp:0, valid:NO, name:"mpmissions\TheCommunity.enoch\storage_666\data\dynamic_007.bin"
 3:07:51 [CE][Storage] ver:24 stamp:809, valid:yes, name:"mpmissions\TheCommunity.enoch\storage_666\data\dynamic_007.001"
 3:07:51 [CE][Storage] ver:24 stamp:810, valid:yes, name:"mpmissions\TheCommunity.enoch\storage_666\data\dynamic_007.002"
 3:07:51 [CE][Storage] Restoring file "mpmissions\TheCommunity.enoch\storage_666\data\dynamic_007.002" 694 items.
 3:07:51   694 items loaded.
 3:07:51 [CE][Storage] ver:0 stamp:0, valid:NO, name:"mpmissions\TheCommunity.enoch\storage_666\data\dynamic_008.bin"
 3:07:51 [CE][Storage] ver:24 stamp:809, valid:yes, name:"mpmissions\TheCommunity.enoch\storage_666\data\dynamic_008.001"
 3:07:52 [CE][Storage] ver:24 stamp:810, valid:yes, name:"mpmissions\TheCommunity.enoch\storage_666\data\dynamic_008.002"
 3:07:52 [CE][Storage] Restoring file "mpmissions\TheCommunity.enoch\storage_666\data\dynamic_008.002" 649 items.
 3:07:52   649 items loaded.
 3:07:52 [CE][Storage] ver:0 stamp:0, valid:NO, name:"mpmissions\TheCommunity.enoch\storage_666\data\dynamic_009.bin"
 3:07:52 [CE][Storage] ver:24 stamp:809, valid:yes, name:"mpmissions\TheCommunity.enoch\storage_666\data\dynamic_009.001"
 3:07:52 [CE][Storage] ver:24 stamp:810, valid:yes, name:"mpmissions\TheCommunity.enoch\storage_666\data\dynamic_009.002"
 3:07:52 [CE][Storage] Restoring file "mpmissions\TheCommunity.enoch\storage_666\data\dynamic_009.002" 572 items.
 3:07:52   572 items loaded.
 3:07:52 [CE][Storage] ver:0 stamp:0, valid:NO, name:"mpmissions\TheCommunity.enoch\storage_666\data\dynamic_010.bin"
 3:07:52 [CE][Storage] ver:24 stamp:809, valid:yes, name:"mpmissions\TheCommunity.enoch\storage_666\data\dynamic_010.001"
 3:07:52 [CE][Storage] ver:24 stamp:810, valid:yes, name:"mpmissions\TheCommunity.enoch\storage_666\data\dynamic_010.002"
 3:07:52 [CE][Storage] Restoring file "mpmissions\TheCommunity.enoch\storage_666\data\dynamic_010.002" 1638 items.
 3:07:52   1638 items loaded.
 3:07:52 [CE][Storage] ver:0 stamp:0, valid:NO, name:"mpmissions\TheCommunity.enoch\storage_666\data\dynamic_011.bin"
 3:07:52 [CE][Storage] ver:24 stamp:809, valid:yes, name:"mpmissions\TheCommunity.enoch\storage_666\data\dynamic_011.001"
 3:07:52 [CE][Storage] ver:24 stamp:810, valid:yes, name:"mpmissions\TheCommunity.enoch\storage_666\data\dynamic_011.002"
 3:07:52 [CE][Storage] Restoring file "mpmissions\TheCommunity.enoch\storage_666\data\dynamic_011.002" 235 items.
 3:07:52   235 items loaded.
 3:07:52 [CE][Hive] :: Storage load took:2.34 seconds, recovery stamp:811
 3:07:52   entity: 10194, building: 0
 3:07:52   no lifetime: 40
 3:07:52 [CE][Hive] :: Initializing ... 
 3:07:52 [CE][InitializeMap] :: initialized: 0
 3:07:52 [CE][Hive] :: Initializing spawners ... 
 3:07:54 [CE][LootRespawner] (PRIDummy) :: Item [0] causing search overtime: "CivSedanHood_Wine"
 3:07:54 [CE][LootRespawner] (PRIDummy) :: Item [1] causing search overtime: "CivSedanHood_Wine"
 3:07:54 [CE][LootRespawner] (PRIDummy) :: Item [2] causing search overtime: "CivSedanHood_Wine"
 3:07:54 [CE][LootRespawner] (PRIDummy) :: Item [3] causing search overtime: "CivSedanHood_Wine"
 3:07:54 [CE][LootRespawner] (PRIDummy) :: Item [4] causing search overtime: "CivSedanHood_Wine"
 3:07:54 [CE][LootRespawner] (PRIDummy) :: Item [5] causing search overtime: "CivSedanHood_Wine"
 3:07:54 [CE][LootRespawner] (PRIDummy) :: Item [6] causing search overtime: "CivSedanHood_Wine"
 3:07:54 [CE][LootRespawner] (PRIDummy) :: Item [7] causing search overtime: "CivSedanHood_Wine"
 3:07:54 [CE][LootRespawner] (PRIDummy) :: Item [8] causing search overtime: "CivSedanHood_Wine"
 3:07:54 [CE][LootRespawner] (PRIDummy) :: Item [9] causing search overtime: "CivSedanHood_Wine"
 3:07:54 [CE][LootRespawner] (PRIDummy) :: Item [10] causing search overtime: "Sedan_02_Trunk_Grey"
 3:07:54 [CE][LootRespawner] (PRIDummy) :: Item [11] causing search overtime: "Sedan_02_Trunk_Grey"
 3:07:54 [CE][LootRespawner] (PRIDummy) :: Item [12] causing search overtime: "Sedan_02_Trunk_Grey"
 3:07:54 [CE][LootRespawner] (PRIDummy) :: Item [13] causing search overtime: "Sedan_02_Trunk_Grey"
 3:07:54 [CE][LootRespawner] (PRIDummy) :: Item [14] causing search overtime: "Sedan_02_Trunk_Grey"
 3:07:54 [CE][LootRespawner] (PRIDummy) :: Item [15] causing search overtime: "Sedan_02_Trunk_Grey"
 3:07:54 [CE][LootRespawner] (PRIDummy) :: Item [16] causing search overtime: "Sedan_02_Trunk_Grey"
 3:07:54 [CE][LootRespawner] (PRIDummy) :: Item [17] causing search overtime: "Sedan_02_Trunk_Grey"
 3:07:54 [CE][LootRespawner] (PRIDummy) :: Item [18] causing search overtime: "Sedan_02_Trunk_Grey"
 3:07:54 [CE][LootRespawner] (PRIDummy) :: Item [19] causing search overtime: "Sedan_02_Trunk_Grey"
 3:07:54 [CE][LootRespawner] (PRIDummy) :: Initially (re)spawned:39, Nominal:12429, Total in Map: 9552 at 0 (sec)
 3:07:54   tests:39, repeats:0 fails:0, overtime:489
 3:07:54 [CE][DynEvent] :: 32 types
 3:07:54 [00] AmbientHen
 3:07:54   Primary Spawner: "Ambient", active: yes, repeat: 1
 3:07:54 [01] AnimalBear
 3:07:54   Primary Spawner: "Animal", active: yes, repeat: 1
 3:07:54 [02] AnimalCow
 3:07:54   Primary Spawner: "Animal", active: yes, repeat: 1
 3:07:54 [03] AnimalDeer
 3:07:54   Primary Spawner: "Animal", active: yes, repeat: 1
 3:07:54 [04] AnimalGoat
 3:07:54   Primary Spawner: "Animal", active: yes, repeat: 1
 3:07:54 [05] AnimalPig
 3:07:54   Primary Spawner: "Animal", active: yes, repeat: 1
 3:07:54 [06] AnimalRoeDeer
 3:07:54   Primary Spawner: "Animal", active: yes, repeat: 1
 3:07:54 [07] AnimalSheep
 3:07:54   Primary Spawner: "Animal", active: yes, repeat: 1
 3:07:54 [08] AnimalWildBoar
 3:07:54   Primary Spawner: "Animal", active: yes, repeat: 1
 3:07:54 [09] AnimalWolf
 3:07:54   Primary Spawner: "Animal", active: yes, repeat: 1
 3:07:54 [10] InfectedArmy
 3:07:54   Primary Spawner: "Infected", active: yes, repeat: 1
 3:07:54 [11] InfectedCity
 3:07:54   Primary Spawner: "Infected", active: yes, repeat: 1
 3:07:54 [12] InfectedFirefighter
 3:07:54   Primary Spawner: "Infected", active: yes, repeat: 1
 3:07:54 [13] InfectedIndustrial
 3:07:54   Primary Spawner: "Infected", active: yes, repeat: 1
 3:07:54 [14] InfectedMedic
 3:07:54   Primary Spawner: "Infected", active: yes, repeat: 1
 3:07:54 [15] InfectedPolice
 3:07:54   Primary Spawner: "Infected", active: yes, repeat: 1
 3:07:54 [16] InfectedPrisoner
 3:07:54   Primary Spawner: "Infected", active: yes, repeat: 1
 3:07:54 [17] InfectedReligious
 3:07:54   Primary Spawner: "Infected", active: yes, repeat: 1
 3:07:54 [18] InfectedSolitude
 3:07:54   Primary Spawner: "Infected", active: yes, repeat: 1
 3:07:54 [19] InfectedVillage
 3:07:54   Primary Spawner: "Infected", active: yes, repeat: 1
 3:07:54 [20] ItemPlanks
 3:07:54   Primary Spawner: "Item", active: yes, repeat: 1
 3:07:54 [21] Loot
 3:07:54   Primary Spawner: "Loot", active: yes, repeat: 2
 3:07:54 [22] StaticHeliCrash
 3:07:54   Primary Spawner: "Vehicle", active: yes, repeat: 1
 3:07:54   Secondary Spawner: "Infected", active: yes, repeat: 1
 3:07:54 [23] StaticPoliceCar
 3:07:54   Primary Spawner: "Vehicle", active: yes, repeat: 1
 3:07:54 [24] TrajectoryConiferous
 3:07:54   Primary Spawner: "Trajectory", active: yes, repeat: 1
 3:07:54 [25] TrajectoryDeciduous
 3:07:54   Primary Spawner: "Trajectory", active: yes, repeat: 1
 3:07:54 [26] TrajectoryHumus
 3:07:54   Primary Spawner: "Trajectory", active: yes, repeat: 1
 3:07:54 [27] TrajectoryStones
 3:07:54   Primary Spawner: "Trajectory", active: yes, repeat: 1
 3:07:54 [28] VehicleCivilianSedan
 3:07:54   Primary Spawner: "Vehicle", active: yes, repeat: 1
 3:07:54 [29] VehicleHatchback02
 3:07:54   Primary Spawner: "Vehicle", active: yes, repeat: 1
 3:07:54 [30] VehicleOffroadHatchback
 3:07:54   Primary Spawner: "Vehicle", active: yes, repeat: 1
 3:07:54 [31] VehicleSedan02
 3:07:54   Primary Spawner: "Vehicle", active: yes, repeat: 1
 3:07:54 [CE][Hive] :: Initializing of spawners done.
 3:07:54 [CE][Hive] :: Init sequence finished.
 3:08:18 BattlEye Server: RCon admin #0 (127.0.0.1:51173) logged in
 3:08:25 Average server FPS: 4011.23 (measured interval: 30 s)
 3:08:25 Used memory: 1263340 KB
 3:08:25 Players: 0 in total
 3:08:55 Average server FPS: 7773.27 (measured interval: 30 s)
 3:08:55 Used memory: 1277979 KB
 3:08:55 Players: 0 in total
 3:09:18 BattlEye Server: RCon admin #0: (Global) Welcome to The Community Test Server! This server restarts every 30 Minutes
 3:09:23 BattlEye Server: RCon admin #0: (Global) Discord at https://discord.me/eXpoch -- I Still have TS3.donkeypunch.info
 3:09:25 Average server FPS: 7097.80 (measured interval: 30 s)
 3:09:25 Used memory: 1293008 KB
 3:09:25 Players: 0 in total
 3:09:33 BattlEye Server: RCon admin #0: (Global) Interesting new message here, inquire within battleye-BEC!
 3:09:55 Average server FPS: 6281.18 (measured interval: 30 s)
 3:09:55 Used memory: 1307305 KB
 3:09:55 Players: 0 in total
 3:10:25 Average server FPS: 6229.27 (measured interval: 30 s)
 3:10:25 Used memory: 1317561 KB
 3:10:25 Players: 0 in total
 3:10:55 Average server FPS: 8077.53 (measured interval: 30 s)
 3:10:55 Used memory: 1331177 KB
 3:10:55 Players: 0 in total
 3:11:25 Average server FPS: 8768.90 (measured interval: 30 s)
 3:11:25 Used memory: 1332578 KB
 3:11:25 Players: 0 in total
 3:11:55 Average server FPS: 9250.80 (measured interval: 30 s)
 3:11:55 Used memory: 1332165 KB
 3:11:55 Players: 0 in total
 3:12:25 Average server FPS: 9298.47 (measured interval: 30 s)
 3:12:25 Used memory: 1332071 KB
 3:12:25 Players: 0 in total
 3:12:55 Average server FPS: 9110.47 (measured interval: 30 s)
 3:12:55 Used memory: 1333106 KB
 3:12:55 Players: 0 in total
 3:13:18 BattlEye Server: RCon admin #0: (Global) The Community TEST SERVER will reboot in 25 minutes.
 3:13:25 Average server FPS: 8832.57 (measured interval: 30 s)
 3:13:25 Used memory: 1333008 KB
 3:13:25 Players: 0 in total
 3:13:55 Average server FPS: 9144.90 (measured interval: 30 s)
 3:13:55 Used memory: 1332885 KB
 3:13:55 Players: 0 in total
 3:14:25 Average server FPS: 9269.30 (measured interval: 30 s)
 3:14:25 Used memory: 1332809 KB
 3:14:25 Players: 0 in total
 3:14:53 [CE][LootRespawner] (PRIDummy) :: Item [0] is hard to place, performance drops: "KazuarOptic"
 3:14:55 Average server FPS: 9344.10 (measured interval: 30 s)
 3:14:55 Used memory: 1333066 KB
 3:14:55 Players: 0 in total
 3:15:25 Average server FPS: 9176.60 (measured interval: 30 s)
 3:15:25 Used memory: 1333091 KB
 3:15:25 Players: 0 in total
 3:15:55 Average server FPS: 9398.03 (measured interval: 30 s)
 3:15:55 Used memory: 1333084 KB
 3:15:55 Players: 0 in total
 3:16:25 Average server FPS: 9073.30 (measured interval: 30 s)
 3:16:25 Used memory: 1332744 KB
 3:16:25 Players: 0 in total
 3:16:55 Average server FPS: 9289.30 (measured interval: 30 s)
 3:16:55 Used memory: 1333866 KB
 3:16:55 Players: 0 in total
 3:17:25 Average server FPS: 9233.57 (measured interval: 30 s)
 3:17:25 Used memory: 1333398 KB
 3:17:25 Players: 0 in total
 3:17:55 Average server FPS: 9192.60 (measured interval: 30 s)
 3:17:55 Used memory: 1333473 KB
 3:17:55 Players: 0 in total
 3:18:25 Average server FPS: 9227.97 (measured interval: 30 s)
 3:18:25 Used memory: 1333495 KB
 3:18:25 Players: 0 in total
 3:18:29 [CE][LootRespawner] (PRIDummy) :: Item [1] is hard to place, performance drops: "Winchester70"
 3:18:55 Average server FPS: 9150.77 (measured interval: 30 s)
 3:18:55 Used memory: 1333788 KB
 3:18:55 Players: 0 in total
 3:19:18 BattlEye Server: RCon admin #0: (Global) Welcome to The Community Test Server! This server restarts every 30 Minutes
 3:19:23 BattlEye Server: RCon admin #0: (Global) Discord at https://discord.me/eXpoch -- I Still have TS3.donkeypunch.info
 3:19:25 Average server FPS: 9291.37 (measured interval: 30 s)
 3:19:25 Used memory: 1335719 KB
 3:19:25 Players: 0 in total
 3:19:33 BattlEye Server: RCon admin #0: (Global) Interesting new message here, inquire within battleye-BEC!
 3:19:55 Average server FPS: 9228.30 (measured interval: 30 s)
 3:19:55 Used memory: 1335745 KB
 3:19:55 Players: 0 in total
 3:20:25 Average server FPS: 9147.30 (measured interval: 30 s)
 3:20:25 Used memory: 1335817 KB
 3:20:25 Players: 0 in total
 3:20:55 Average server FPS: 9431.57 (measured interval: 30 s)
 3:20:55 Used memory: 1335644 KB
 3:20:55 Players: 0 in total
 3:21:25 Average server FPS: 9327.83 (measured interval: 30 s)
 3:21:25 Used memory: 1335573 KB
 3:21:25 Players: 0 in total
 3:21:55 Average server FPS: 9108.60 (measured interval: 30 s)
 3:21:55 Used memory: 1335551 KB
 3:21:55 Players: 0 in total
 3:22:25 Average server FPS: 9235.57 (measured interval: 30 s)
 3:22:25 Used memory: 1335567 KB
 3:22:25 Players: 0 in total
 3:22:55 Average server FPS: 8887.17 (measured interval: 30 s)
 3:22:55 Used memory: 1335511 KB
 3:22:55 Players: 0 in total
 3:23:18 BattlEye Server: RCon admin #0: (Global) The Community TEST SERVER will reboot in 15 minutes.
 3:23:25 Average server FPS: 9287.30 (measured interval: 30 s)
 3:23:25 Used memory: 1336385 KB
 3:23:25 Players: 0 in total
 3:23:55 Average server FPS: 8997.00 (measured interval: 30 s)
 3:23:55 Used memory: 1336487 KB
 3:23:55 Players: 0 in total
 3:24:25 Average server FPS: 9006.67 (measured interval: 30 s)
 3:24:25 Used memory: 1336278 KB
 3:24:25 Players: 0 in total
 3:24:55 Average server FPS: 9153.83 (measured interval: 30 s)
 3:24:55 Used memory: 1336160 KB
 3:24:55 Players: 0 in total
 3:25:25 Average server FPS: 8981.27 (measured interval: 30 s)
 3:25:25 Used memory: 1336230 KB
 3:25:25 Players: 0 in total
 3:25:55 Average server FPS: 8569.07 (measured interval: 30 s)
 3:25:55 Used memory: 1336302 KB
 3:25:55 Players: 0 in total
 3:26:25 Average server FPS: 9175.83 (measured interval: 30 s)
 3:26:25 Used memory: 1336182 KB
 3:26:25 Players: 0 in total
 3:26:55 Average server FPS: 9269.23 (measured interval: 30 s)
 3:26:55 Used memory: 1336167 KB
 3:26:55 Players: 0 in total
 3:27:25 Average server FPS: 9151.07 (measured interval: 30 s)
 3:27:25 Used memory: 1336204 KB
 3:27:25 Players: 0 in total
 3:27:55 Average server FPS: 9049.13 (measured interval: 30 s)
 3:27:55 Used memory: 1336525 KB
 3:27:55 Players: 0 in total
 3:28:25 Average server FPS: 9276.50 (measured interval: 30 s)
 3:28:25 Used memory: 1336815 KB
 3:28:25 Players: 0 in total
 3:28:55 Average server FPS: 9265.40 (measured interval: 30 s)
 3:28:55 Used memory: 1336480 KB
 3:28:55 Players: 0 in total
 3:29:18 BattlEye Server: RCon admin #0: (Global) Welcome to The Community Test Server! This server restarts every 30 Minutes
 3:29:23 BattlEye Server: RCon admin #0: (Global) Discord at https://discord.me/eXpoch -- I Still have TS3.donkeypunch.info
 3:29:25 Average server FPS: 9111.20 (measured interval: 30 s)
 3:29:25 Used memory: 1336480 KB
 3:29:25 Players: 0 in total
 3:29:33 BattlEye Server: RCon admin #0: (Global) Interesting new message here, inquire within battleye-BEC!
 3:29:55 Average server FPS: 8673.10 (measured interval: 30 s)
 3:29:55 Used memory: 1336396 KB
 3:29:55 Players: 0 in total
 3:30:25 Average server FPS: 8516.07 (measured interval: 30 s)
 3:30:25 Used memory: 1336229 KB
 3:30:25 Players: 0 in total
 3:30:55 Average server FPS: 8745.37 (measured interval: 30 s)
 3:30:55 Used memory: 1336235 KB
 3:30:55 Players: 0 in total
 3:31:25 Average server FPS: 8711.17 (measured interval: 30 s)
 3:31:25 Used memory: 1336143 KB
 3:31:25 Players: 0 in total
 3:31:55 Average server FPS: 8622.60 (measured interval: 30 s)
 3:31:55 Used memory: 1335829 KB
 3:31:55 Players: 0 in total
 3:32:25 Average server FPS: 8507.73 (measured interval: 30 s)
 3:32:25 Used memory: 1336080 KB
 3:32:25 Players: 0 in total
 3:32:55 Average server FPS: 8927.53 (measured interval: 30 s)
 3:32:55 Used memory: 1336341 KB
 3:32:55 Players: 0 in total
 3:33:18 BattlEye Server: RCon admin #0: (Global) The Community TEST SERVER will reboot in 5 minutes. Wrap it up, getting close
 3:33:25 Average server FPS: 8856.30 (measured interval: 30 s)
 3:33:25 Used memory: 1336364 KB
 3:33:25 Players: 0 in total
 3:33:55 Average server FPS: 8669.50 (measured interval: 30 s)
 3:33:55 Used memory: 1336009 KB
 3:33:55 Players: 0 in total
 3:34:25 Average server FPS: 8524.70 (measured interval: 30 s)
 3:34:25 Used memory: 1336062 KB
 3:34:25 Players: 0 in total
 3:34:55 Average server FPS: 8725.67 (measured interval: 30 s)
 3:34:55 Used memory: 1336138 KB
 3:34:55 Players: 0 in total
 3:35:25 Average server FPS: 8413.63 (measured interval: 30 s)
 3:35:25 Used memory: 1336072 KB
 3:35:25 Players: 0 in total
 3:35:55 Average server FPS: 8757.10 (measured interval: 30 s)
 3:35:55 Used memory: 1335838 KB
 3:35:55 Players: 0 in total
 3:36:18 BattlEye Server: RCon admin #0: (Global) The Community TEST SERVER will reboot in 2 minutes. LOG OUT NOW!
 3:36:25 Average server FPS: 8728.47 (measured interval: 30 s)
 3:36:25 Used memory: 1335698 KB
 3:36:25 Players: 0 in total
 3:36:27 [CE][SpawnRandomLoot] (StaticPoliceCar) :: ChildType: Land_Wreck_Volha_Police, lootmin: 3, lootmax: 5, wanted: 3
 3:36:27 [CE][SpawnRandomLoot] (StaticPoliceCar) :: ChildType: Land_Wreck_Volha_Police, lootmin: 3, lootmax: 5, wanted: 4
 3:36:27 [CE][SpawnRandomLoot] (StaticPoliceCar) :: ChildType: Land_Wreck_Volha_Police, lootmin: 3, lootmax: 5, wanted: 4
 3:36:27 [CE][SpawnRandomLoot] (StaticPoliceCar) :: ChildType: Land_Wreck_Volha_Police, lootmin: 3, lootmax: 5, wanted: 4
 3:36:27 [CE][SpawnRandomLoot] (StaticPoliceCar) :: ChildType: Land_Wreck_Volha_Police, lootmin: 3, lootmax: 5, wanted: 4
 3:36:28 [CE][SpawnRandomLoot] (StaticPoliceCar) :: ChildType: Land_Wreck_Volha_Police, lootmin: 3, lootmax: 5, wanted: 3
 3:36:28 [CE][SpawnRandomLoot] (StaticPoliceCar) :: ChildType: Land_Wreck_Volha_Police, lootmin: 3, lootmax: 5, wanted: 3
 3:36:28 [CE][SpawnRandomLoot] (StaticPoliceCar) :: ChildType: Land_Wreck_Volha_Police, lootmin: 3, lootmax: 5, wanted: 3
 3:36:28 [CE][SpawnRandomLoot] (StaticPoliceCar) :: ChildType: Land_Wreck_Volha_Police, lootmin: 3, lootmax: 5, wanted: 4
 3:36:55 Average server FPS: 8578.37 (measured interval: 30 s)
 3:36:55 Used memory: 1337330 KB
 3:36:55 Players: 0 in total
