 6:17:39 BattlEye Server: Initialized (v1.217)
 6:17:40 SUCCESS: SteamGameServer_Init(0,8766,2442,28056,3,1.07.153006)
 6:17:40 Roles assigned.
 6:17:40 Reading mission ...
 6:18:23 [CE][Hive] :: Initializing OFFLINE
 6:18:23 [CE][Hive] :: Loading core data ... 
 6:18:23 [CE][CoreData] :: 7 root classes, 19 defaults, 0 updaters...
 6:18:28 [CE][TypeSetup] :: 408 classes setuped...
 6:18:28 [CE][RegisterBind] :: 0 classes binded...
 6:18:28 [CE][RegisterConfig] :: 3115 config classes registered, 1 sub-counters...
 6:18:28 [CE][Hive] :: Loading map data ... 
 6:18:28 !!! [CE] :: Unknown category: 'vehicleparts'.
 6:18:28 !!! [CE] :: Unknown category: 'vehicleparts'.
 6:18:28 !!! [CE] :: Unknown category: 'vehicleparts'.
 6:18:28 !!! [CE] :: Unknown category: 'vehicleparts'.
 6:18:28 !!! [CE] :: Unknown category: 'vehicleparts'.
 6:18:28 !!! [CE] :: Unknown category: 'vehicleparts'.
 6:18:28 !!! [CE] :: Unknown category: 'vehicleparts'.
 6:18:28 !!! [CE] :: Unknown category: 'vehicleparts'.
 6:18:28 !!! [CE] :: Unknown category: 'vehicleparts'.
 6:18:28 !!! [CE] :: Unknown category: 'vehicleparts'.
 6:18:28 !!! [CE] :: Unknown category: 'vehicleparts'.
 6:18:28 !!! [CE] :: Unknown category: 'vehicleparts'.
 6:18:28 !!! [CE] :: Unknown category: 'vehicleparts'.
 6:18:28 !!! [CE] :: Unknown category: 'vehicleparts'.
 6:18:28 !!! [CE] :: Unknown category: 'vehicleparts'.
 6:18:28 !!! [CE] :: Unknown category: 'vehicleparts'.
 6:18:28 !!! [CE] :: Unknown category: 'vehicleparts'.
 6:18:28 !!! [CE] :: Unknown category: 'vehicleparts'.
 6:18:28 !!! [CE] :: Unknown category: 'vehicleparts'.
 6:18:28 !!! [CE] :: Unknown category: 'vehicleparts'.
 6:18:28 !!! [CE] :: Unknown category: 'vehicleparts'.
 6:18:28 !!! [CE] :: Unknown category: 'vehicleparts'.
 6:18:28 !!! [CE] :: Unknown category: 'vehicleparts'.
 6:18:28 !!! [CE] :: Unknown category: 'vehicleparts'.
 6:18:28 [CE][LoadPrototype] :: loaded 330 prototypes
 6:18:28   702 containers, 9116 points
 6:18:28   24 dispatches, 90 proxies
 6:18:28 !!! [CE][LoadPrototype] 12 groups have no points...
 6:18:28 !!![CE][LoadPrototype]  3 groups have wrong points...
 6:18:28 [CE][LoadPrototype] :: last group name: Land_Lunapark_Autodrome...
 6:18:28 [CE][LoadPrototype] :: loaded 0 prototypes
 6:18:28   0 containers, 0 points
 6:18:28   0 dispatches, 0 proxies
 6:18:28 [CE][LoadPrototype] :: last group name: PathD_7100...
 6:18:29 [CE][LoadMap] "Group" :: loaded 5086 groups, largest group range: 26.9
 6:18:29 [CE][LoadMap] "Dirt" :: loaded 0 groups, largest group range: 26.9
 6:18:29 [CE][LoadClusters] "Cluster" :: Loading files...
 6:18:29 [CE][LoadClusters] :: file: "mapgroupcluster.xml", 4 types, 50000 instances
 6:18:29 [CE][LoadClusters] :: file: "mapgroupcluster01", 4 types, 50000 instances
 6:18:30 [CE][LoadClusters] :: file: "mapgroupcluster02", 4 types, 50000 instances
 6:18:30 [CE][LoadClusters] :: file: "mapgroupcluster03", 4 types, 50000 instances
 6:18:30 [CE][LoadClusters] :: file: "mapgroupcluster04", 4 types, 21297 instances
 6:18:30 [CE][Storage] ver:21 stamp:1205, valid:yes, name:"mpmissions\TheCommunity.enoch\storage_666\data\types.bin"
 6:18:30 [CE][Storage] ver:21 stamp:1203, valid:yes, name:"mpmissions\TheCommunity.enoch\storage_666\data\types.001"
 6:18:30 [CE][Storage] ver:21 stamp:1204, valid:yes, name:"mpmissions\TheCommunity.enoch\storage_666\data\types.002"
 6:18:30 [CE][Storage] Restoring file "mpmissions\TheCommunity.enoch\storage_666\data\types.bin".
 6:18:30 [CE][offlineDB] :: Loaded 32 dynamic events 211 total types 0 total positions.
 6:18:30 [CE][Storage] ver:21 stamp:1205, valid:yes, name:"mpmissions\TheCommunity.enoch\storage_666\data\events.bin"
 6:18:30 [CE][Storage] ver:21 stamp:1203, valid:yes, name:"mpmissions\TheCommunity.enoch\storage_666\data\events.001"
 6:18:30 [CE][Storage] ver:21 stamp:1204, valid:yes, name:"mpmissions\TheCommunity.enoch\storage_666\data\events.002"
 6:18:30 [CE][Storage] Restoring file "mpmissions\TheCommunity.enoch\storage_666\data\events.bin".
 6:18:30 [CE][DynamicEvent] Load  Events:[32] Primary spawners: 32 Secondary spawners: 1
 6:18:30 [CE][Storage] ver:24 stamp:1205, valid:yes, name:"mpmissions\TheCommunity.enoch\storage_666\data\vehicles.bin"
 6:18:30 [CE][Storage] ver:24 stamp:1203, valid:yes, name:"mpmissions\TheCommunity.enoch\storage_666\data\vehicles.001"
 6:18:30 [CE][Storage] ver:24 stamp:1204, valid:yes, name:"mpmissions\TheCommunity.enoch\storage_666\data\vehicles.002"
 6:18:30 [CE][Storage] Restoring file "mpmissions\TheCommunity.enoch\storage_666\data\vehicles.bin" 86 items.
 6:18:30   86 items loaded.
 6:18:30 [CE][Storage] ver:0 stamp:0, valid:NO, name:"mpmissions\TheCommunity.enoch\storage_666\data\dynamic_000.bin"
 6:18:30 [CE][Storage] ver:24 stamp:1203, valid:yes, name:"mpmissions\TheCommunity.enoch\storage_666\data\dynamic_000.001"
 6:18:30 [CE][Storage] ver:24 stamp:1204, valid:yes, name:"mpmissions\TheCommunity.enoch\storage_666\data\dynamic_000.002"
 6:18:30 [CE][Storage] Restoring file "mpmissions\TheCommunity.enoch\storage_666\data\dynamic_000.002" 238 items.
 6:18:30   238 items loaded.
 6:18:30 [CE][Storage] ver:0 stamp:0, valid:NO, name:"mpmissions\TheCommunity.enoch\storage_666\data\dynamic_001.bin"
 6:18:30 [CE][Storage] ver:24 stamp:1203, valid:yes, name:"mpmissions\TheCommunity.enoch\storage_666\data\dynamic_001.001"
 6:18:30 [CE][Storage] ver:24 stamp:1204, valid:yes, name:"mpmissions\TheCommunity.enoch\storage_666\data\dynamic_001.002"
 6:18:30 [CE][Storage] Restoring file "mpmissions\TheCommunity.enoch\storage_666\data\dynamic_001.002" 1517 items.
 6:18:31   1517 items loaded.
 6:18:31 [CE][Storage] ver:0 stamp:0, valid:NO, name:"mpmissions\TheCommunity.enoch\storage_666\data\dynamic_002.bin"
 6:18:31 [CE][Storage] ver:24 stamp:1203, valid:yes, name:"mpmissions\TheCommunity.enoch\storage_666\data\dynamic_002.001"
 6:18:31 [CE][Storage] ver:24 stamp:1204, valid:yes, name:"mpmissions\TheCommunity.enoch\storage_666\data\dynamic_002.002"
 6:18:31 [CE][Storage] Restoring file "mpmissions\TheCommunity.enoch\storage_666\data\dynamic_002.002" 417 items.
 6:18:31   417 items loaded.
 6:18:31 [CE][Storage] ver:0 stamp:0, valid:NO, name:"mpmissions\TheCommunity.enoch\storage_666\data\dynamic_003.bin"
 6:18:31 [CE][Storage] ver:24 stamp:1203, valid:yes, name:"mpmissions\TheCommunity.enoch\storage_666\data\dynamic_003.001"
 6:18:31 [CE][Storage] ver:24 stamp:1204, valid:yes, name:"mpmissions\TheCommunity.enoch\storage_666\data\dynamic_003.002"
 6:18:31 [CE][Storage] Restoring file "mpmissions\TheCommunity.enoch\storage_666\data\dynamic_003.002" 812 items.
 6:18:31   812 items loaded.
 6:18:31 [CE][Storage] ver:0 stamp:0, valid:NO, name:"mpmissions\TheCommunity.enoch\storage_666\data\dynamic_004.bin"
 6:18:31 [CE][Storage] ver:24 stamp:1203, valid:yes, name:"mpmissions\TheCommunity.enoch\storage_666\data\dynamic_004.001"
 6:18:31 [CE][Storage] ver:24 stamp:1204, valid:yes, name:"mpmissions\TheCommunity.enoch\storage_666\data\dynamic_004.002"
 6:18:31 [CE][Storage] Restoring file "mpmissions\TheCommunity.enoch\storage_666\data\dynamic_004.002" 958 items.
 6:18:31   958 items loaded.
 6:18:31 [CE][Storage] ver:0 stamp:0, valid:NO, name:"mpmissions\TheCommunity.enoch\storage_666\data\dynamic_005.bin"
 6:18:31 [CE][Storage] ver:24 stamp:1203, valid:yes, name:"mpmissions\TheCommunity.enoch\storage_666\data\dynamic_005.001"
 6:18:31 [CE][Storage] ver:24 stamp:1204, valid:yes, name:"mpmissions\TheCommunity.enoch\storage_666\data\dynamic_005.002"
 6:18:31 [CE][Storage] Restoring file "mpmissions\TheCommunity.enoch\storage_666\data\dynamic_005.002" 1165 items.
 6:18:32   1165 items loaded.
 6:18:32 [CE][Storage] ver:0 stamp:0, valid:NO, name:"mpmissions\TheCommunity.enoch\storage_666\data\dynamic_006.bin"
 6:18:32 [CE][Storage] ver:24 stamp:1203, valid:yes, name:"mpmissions\TheCommunity.enoch\storage_666\data\dynamic_006.001"
 6:18:32 [CE][Storage] ver:24 stamp:1204, valid:yes, name:"mpmissions\TheCommunity.enoch\storage_666\data\dynamic_006.002"
 6:18:32 [CE][Storage] Restoring file "mpmissions\TheCommunity.enoch\storage_666\data\dynamic_006.002" 620 items.
 6:18:32   620 items loaded.
 6:18:32 [CE][Storage] ver:0 stamp:0, valid:NO, name:"mpmissions\TheCommunity.enoch\storage_666\data\dynamic_007.bin"
 6:18:32 [CE][Storage] ver:24 stamp:1203, valid:yes, name:"mpmissions\TheCommunity.enoch\storage_666\data\dynamic_007.001"
 6:18:32 [CE][Storage] ver:24 stamp:1204, valid:yes, name:"mpmissions\TheCommunity.enoch\storage_666\data\dynamic_007.002"
 6:18:32 [CE][Storage] Restoring file "mpmissions\TheCommunity.enoch\storage_666\data\dynamic_007.002" 707 items.
 6:18:32   707 items loaded.
 6:18:32 [CE][Storage] ver:0 stamp:0, valid:NO, name:"mpmissions\TheCommunity.enoch\storage_666\data\dynamic_008.bin"
 6:18:32 [CE][Storage] ver:24 stamp:1203, valid:yes, name:"mpmissions\TheCommunity.enoch\storage_666\data\dynamic_008.001"
 6:18:32 [CE][Storage] ver:24 stamp:1204, valid:yes, name:"mpmissions\TheCommunity.enoch\storage_666\data\dynamic_008.002"
 6:18:32 [CE][Storage] Restoring file "mpmissions\TheCommunity.enoch\storage_666\data\dynamic_008.002" 665 items.
 6:18:32   665 items loaded.
 6:18:32 [CE][Storage] ver:0 stamp:0, valid:NO, name:"mpmissions\TheCommunity.enoch\storage_666\data\dynamic_009.bin"
 6:18:32 [CE][Storage] ver:24 stamp:1203, valid:yes, name:"mpmissions\TheCommunity.enoch\storage_666\data\dynamic_009.001"
 6:18:32 [CE][Storage] ver:24 stamp:1204, valid:yes, name:"mpmissions\TheCommunity.enoch\storage_666\data\dynamic_009.002"
 6:18:32 [CE][Storage] Restoring file "mpmissions\TheCommunity.enoch\storage_666\data\dynamic_009.002" 572 items.
 6:18:32   572 items loaded.
 6:18:32 [CE][Storage] ver:0 stamp:0, valid:NO, name:"mpmissions\TheCommunity.enoch\storage_666\data\dynamic_010.bin"
 6:18:32 [CE][Storage] ver:24 stamp:1203, valid:yes, name:"mpmissions\TheCommunity.enoch\storage_666\data\dynamic_010.001"
 6:18:32 [CE][Storage] ver:24 stamp:1204, valid:yes, name:"mpmissions\TheCommunity.enoch\storage_666\data\dynamic_010.002"
 6:18:32 [CE][Storage] Restoring file "mpmissions\TheCommunity.enoch\storage_666\data\dynamic_010.002" 1680 items.
 6:18:33   1680 items loaded.
 6:18:33 [CE][Storage] ver:0 stamp:0, valid:NO, name:"mpmissions\TheCommunity.enoch\storage_666\data\dynamic_011.bin"
 6:18:33 [CE][Storage] ver:24 stamp:1203, valid:yes, name:"mpmissions\TheCommunity.enoch\storage_666\data\dynamic_011.001"
 6:18:33 [CE][Storage] ver:24 stamp:1204, valid:yes, name:"mpmissions\TheCommunity.enoch\storage_666\data\dynamic_011.002"
 6:18:33 [CE][Storage] Restoring file "mpmissions\TheCommunity.enoch\storage_666\data\dynamic_011.002" 225 items.
 6:18:33   225 items loaded.
 6:18:33 [CE][Hive] :: Storage load took:2.80 seconds, recovery stamp:1205
 6:18:33   entity: 10393, building: 0
 6:18:33   no lifetime: 40
 6:18:33 [CE][Hive] :: Initializing ... 
 6:18:33 [CE][InitializeMap] :: initialized: 0
 6:18:33 [CE][Hive] :: Initializing spawners ... 
 6:18:35 [CE][LootRespawner] (PRIDummy) :: Item [0] causing search overtime: "CivSedanHood_Wine"
 6:18:35 [CE][LootRespawner] (PRIDummy) :: Item [1] causing search overtime: "CivSedanHood_Wine"
 6:18:35 [CE][LootRespawner] (PRIDummy) :: Item [2] causing search overtime: "CivSedanHood_Wine"
 6:18:35 [CE][LootRespawner] (PRIDummy) :: Item [3] causing search overtime: "CivSedanHood_Wine"
 6:18:35 [CE][LootRespawner] (PRIDummy) :: Item [4] causing search overtime: "CivSedanHood_Wine"
 6:18:35 [CE][LootRespawner] (PRIDummy) :: Item [5] causing search overtime: "CivSedanHood_Wine"
 6:18:35 [CE][LootRespawner] (PRIDummy) :: Item [6] causing search overtime: "CivSedanHood_Wine"
 6:18:35 [CE][LootRespawner] (PRIDummy) :: Item [7] causing search overtime: "CivSedanHood_Wine"
 6:18:35 [CE][LootRespawner] (PRIDummy) :: Item [8] causing search overtime: "CivSedanHood_Wine"
 6:18:35 [CE][LootRespawner] (PRIDummy) :: Item [9] causing search overtime: "CivSedanHood_Wine"
 6:18:35 [CE][LootRespawner] (PRIDummy) :: Item [10] causing search overtime: "Sedan_02_Trunk_Grey"
 6:18:35 [CE][LootRespawner] (PRIDummy) :: Item [11] causing search overtime: "Sedan_02_Trunk_Grey"
 6:18:35 [CE][LootRespawner] (PRIDummy) :: Item [12] causing search overtime: "Sedan_02_Trunk_Grey"
 6:18:35 [CE][LootRespawner] (PRIDummy) :: Item [13] causing search overtime: "Sedan_02_Trunk_Grey"
 6:18:35 [CE][LootRespawner] (PRIDummy) :: Item [14] causing search overtime: "Sedan_02_Trunk_Grey"
 6:18:35 [CE][LootRespawner] (PRIDummy) :: Item [15] causing search overtime: "Sedan_02_Trunk_Grey"
 6:18:35 [CE][LootRespawner] (PRIDummy) :: Item [16] causing search overtime: "Sedan_02_Trunk_Grey"
 6:18:35 [CE][LootRespawner] (PRIDummy) :: Item [17] causing search overtime: "Sedan_02_Trunk_Grey"
 6:18:35 [CE][LootRespawner] (PRIDummy) :: Item [18] causing search overtime: "Sedan_02_Trunk_Grey"
 6:18:35 [CE][LootRespawner] (PRIDummy) :: Item [19] causing search overtime: "Sedan_02_Trunk_Grey"
 6:18:35 [CE][LootRespawner] (PRIDummy) :: Initially (re)spawned:58, Nominal:12429, Total in Map: 9759 at 0 (sec)
 6:18:35   tests:58, repeats:0 fails:0, overtime:480
 6:18:35 [CE][DynEvent] :: 32 types
 6:18:35 [00] AmbientHen
 6:18:35   Primary Spawner: "Ambient", active: yes, repeat: 1
 6:18:35 [01] AnimalBear
 6:18:35   Primary Spawner: "Animal", active: yes, repeat: 1
 6:18:35 [02] AnimalCow
 6:18:35   Primary Spawner: "Animal", active: yes, repeat: 1
 6:18:35 [03] AnimalDeer
 6:18:35   Primary Spawner: "Animal", active: yes, repeat: 1
 6:18:35 [04] AnimalGoat
 6:18:35   Primary Spawner: "Animal", active: yes, repeat: 1
 6:18:35 [05] AnimalPig
 6:18:35   Primary Spawner: "Animal", active: yes, repeat: 1
 6:18:35 [06] AnimalRoeDeer
 6:18:35   Primary Spawner: "Animal", active: yes, repeat: 1
 6:18:35 [07] AnimalSheep
 6:18:35   Primary Spawner: "Animal", active: yes, repeat: 1
 6:18:35 [08] AnimalWildBoar
 6:18:35   Primary Spawner: "Animal", active: yes, repeat: 1
 6:18:35 [09] AnimalWolf
 6:18:35   Primary Spawner: "Animal", active: yes, repeat: 1
 6:18:35 [10] InfectedArmy
 6:18:35   Primary Spawner: "Infected", active: yes, repeat: 1
 6:18:35 [11] InfectedCity
 6:18:35   Primary Spawner: "Infected", active: yes, repeat: 1
 6:18:35 [12] InfectedFirefighter
 6:18:35   Primary Spawner: "Infected", active: yes, repeat: 1
 6:18:35 [13] InfectedIndustrial
 6:18:35   Primary Spawner: "Infected", active: yes, repeat: 1
 6:18:35 [14] InfectedMedic
 6:18:35   Primary Spawner: "Infected", active: yes, repeat: 1
 6:18:35 [15] InfectedPolice
 6:18:35   Primary Spawner: "Infected", active: yes, repeat: 1
 6:18:35 [16] InfectedPrisoner
 6:18:35   Primary Spawner: "Infected", active: yes, repeat: 1
 6:18:35 [17] InfectedReligious
 6:18:35   Primary Spawner: "Infected", active: yes, repeat: 1
 6:18:35 [18] InfectedSolitude
 6:18:35   Primary Spawner: "Infected", active: yes, repeat: 1
 6:18:35 [19] InfectedVillage
 6:18:35   Primary Spawner: "Infected", active: yes, repeat: 1
 6:18:35 [20] ItemPlanks
 6:18:35   Primary Spawner: "Item", active: yes, repeat: 1
 6:18:35 [21] Loot
 6:18:35   Primary Spawner: "Loot", active: yes, repeat: 2
 6:18:35 [22] StaticHeliCrash
 6:18:35   Primary Spawner: "Vehicle", active: yes, repeat: 1
 6:18:35   Secondary Spawner: "Infected", active: yes, repeat: 1
 6:18:35 [23] StaticPoliceCar
 6:18:35   Primary Spawner: "Vehicle", active: yes, repeat: 1
 6:18:35 [24] TrajectoryConiferous
 6:18:35   Primary Spawner: "Trajectory", active: yes, repeat: 1
 6:18:35 [25] TrajectoryDeciduous
 6:18:35   Primary Spawner: "Trajectory", active: yes, repeat: 1
 6:18:35 [26] TrajectoryHumus
 6:18:35   Primary Spawner: "Trajectory", active: yes, repeat: 1
 6:18:35 [27] TrajectoryStones
 6:18:35   Primary Spawner: "Trajectory", active: yes, repeat: 1
 6:18:35 [28] VehicleCivilianSedan
 6:18:35   Primary Spawner: "Vehicle", active: yes, repeat: 1
 6:18:35 [29] VehicleHatchback02
 6:18:35   Primary Spawner: "Vehicle", active: yes, repeat: 1
 6:18:35 [30] VehicleOffroadHatchback
 6:18:35   Primary Spawner: "Vehicle", active: yes, repeat: 1
 6:18:35 [31] VehicleSedan02
 6:18:35   Primary Spawner: "Vehicle", active: yes, repeat: 1
 6:18:35 [CE][Hive] :: Initializing of spawners done.
 6:18:35 [CE][Hive] :: Init sequence finished.
 6:18:35 Player connect enabled
 6:18:35 Mission read.
 6:18:35 Connected to Steam
 6:18:35 Steam policy response
 6:18:35 Average server FPS: 0.07 (measured interval: 30 s)
 6:18:35 Used memory: 1150256 KB
 6:18:35 Players: 0 in total
