 5:45:54 BattlEye Server: Initialized (v1.217)
 5:45:54 SUCCESS: SteamGameServer_Init(0,8766,2442,28056,3,1.07.153006)
 5:45:54 Roles assigned.
 5:45:54 Reading mission ...
 5:46:36 [CE][Hive] :: Initializing OFFLINE
 5:46:36 [CE][Hive] :: Loading core data ... 
 5:46:36 [CE][CoreData] :: 7 root classes, 19 defaults, 0 updaters...
 5:46:40 [CE][TypeSetup] :: 408 classes setuped...
 5:46:40 [CE][RegisterBind] :: 0 classes binded...
 5:46:40 [CE][RegisterConfig] :: 3115 config classes registered, 1 sub-counters...
 5:46:40 [CE][Hive] :: Loading map data ... 
 5:46:41 !!! [CE] :: Unknown category: 'vehicleparts'.
 5:46:41 !!! [CE] :: Unknown category: 'vehicleparts'.
 5:46:41 !!! [CE] :: Unknown category: 'vehicleparts'.
 5:46:41 !!! [CE] :: Unknown category: 'vehicleparts'.
 5:46:41 !!! [CE] :: Unknown category: 'vehicleparts'.
 5:46:41 !!! [CE] :: Unknown category: 'vehicleparts'.
 5:46:41 !!! [CE] :: Unknown category: 'vehicleparts'.
 5:46:41 !!! [CE] :: Unknown category: 'vehicleparts'.
 5:46:41 !!! [CE] :: Unknown category: 'vehicleparts'.
 5:46:41 !!! [CE] :: Unknown category: 'vehicleparts'.
 5:46:41 !!! [CE] :: Unknown category: 'vehicleparts'.
 5:46:41 !!! [CE] :: Unknown category: 'vehicleparts'.
 5:46:41 !!! [CE] :: Unknown category: 'vehicleparts'.
 5:46:41 !!! [CE] :: Unknown category: 'vehicleparts'.
 5:46:41 !!! [CE] :: Unknown category: 'vehicleparts'.
 5:46:41 !!! [CE] :: Unknown category: 'vehicleparts'.
 5:46:41 !!! [CE] :: Unknown category: 'vehicleparts'.
 5:46:41 !!! [CE] :: Unknown category: 'vehicleparts'.
 5:46:41 !!! [CE] :: Unknown category: 'vehicleparts'.
 5:46:41 !!! [CE] :: Unknown category: 'vehicleparts'.
 5:46:41 !!! [CE] :: Unknown category: 'vehicleparts'.
 5:46:41 !!! [CE] :: Unknown category: 'vehicleparts'.
 5:46:41 !!! [CE] :: Unknown category: 'vehicleparts'.
 5:46:41 !!! [CE] :: Unknown category: 'vehicleparts'.
 5:46:41 [CE][LoadPrototype] :: loaded 330 prototypes
 5:46:41   702 containers, 9116 points
 5:46:41   24 dispatches, 90 proxies
 5:46:41 !!! [CE][LoadPrototype] 12 groups have no points...
 5:46:41 !!![CE][LoadPrototype]  3 groups have wrong points...
 5:46:41 [CE][LoadPrototype] :: last group name: Land_Lunapark_Autodrome...
 5:46:41 [CE][LoadPrototype] :: loaded 0 prototypes
 5:46:41   0 containers, 0 points
 5:46:41   0 dispatches, 0 proxies
 5:46:41 [CE][LoadPrototype] :: last group name: PathD_7100...
 5:46:41 [CE][LoadMap] "Group" :: loaded 5086 groups, largest group range: 26.9
 5:46:41 [CE][LoadMap] "Dirt" :: loaded 0 groups, largest group range: 26.9
 5:46:41 [CE][LoadClusters] "Cluster" :: Loading files...
 5:46:42 [CE][LoadClusters] :: file: "mapgroupcluster.xml", 4 types, 50000 instances
 5:46:42 [CE][LoadClusters] :: file: "mapgroupcluster01", 4 types, 50000 instances
 5:46:42 [CE][LoadClusters] :: file: "mapgroupcluster02", 4 types, 50000 instances
 5:46:42 [CE][LoadClusters] :: file: "mapgroupcluster03", 4 types, 50000 instances
 5:46:42 [CE][LoadClusters] :: file: "mapgroupcluster04", 4 types, 21297 instances
 5:46:42 [CE][Storage] ver:21 stamp:1139, valid:yes, name:"mpmissions\TheCommunity.enoch\storage_666\data\types.bin"
 5:46:42 [CE][Storage] ver:21 stamp:1137, valid:yes, name:"mpmissions\TheCommunity.enoch\storage_666\data\types.001"
 5:46:42 [CE][Storage] ver:21 stamp:1138, valid:yes, name:"mpmissions\TheCommunity.enoch\storage_666\data\types.002"
 5:46:42 [CE][Storage] Restoring file "mpmissions\TheCommunity.enoch\storage_666\data\types.bin".
 5:46:42 [CE][offlineDB] :: Loaded 32 dynamic events 211 total types 0 total positions.
 5:46:42 [CE][Storage] ver:21 stamp:1139, valid:yes, name:"mpmissions\TheCommunity.enoch\storage_666\data\events.bin"
 5:46:42 [CE][Storage] ver:21 stamp:1137, valid:yes, name:"mpmissions\TheCommunity.enoch\storage_666\data\events.001"
 5:46:42 [CE][Storage] ver:21 stamp:1138, valid:yes, name:"mpmissions\TheCommunity.enoch\storage_666\data\events.002"
 5:46:42 [CE][Storage] Restoring file "mpmissions\TheCommunity.enoch\storage_666\data\events.bin".
 5:46:42 [CE][DynamicEvent] Load  Events:[32] Primary spawners: 32 Secondary spawners: 1
 5:46:42 [CE][Storage] ver:24 stamp:1139, valid:yes, name:"mpmissions\TheCommunity.enoch\storage_666\data\vehicles.bin"
 5:46:42 [CE][Storage] ver:24 stamp:1137, valid:yes, name:"mpmissions\TheCommunity.enoch\storage_666\data\vehicles.001"
 5:46:42 [CE][Storage] ver:24 stamp:1138, valid:yes, name:"mpmissions\TheCommunity.enoch\storage_666\data\vehicles.002"
 5:46:42 [CE][Storage] Restoring file "mpmissions\TheCommunity.enoch\storage_666\data\vehicles.bin" 95 items.
 5:46:43   95 items loaded.
 5:46:43 [CE][Storage] ver:0 stamp:0, valid:NO, name:"mpmissions\TheCommunity.enoch\storage_666\data\dynamic_000.bin"
 5:46:43 [CE][Storage] ver:24 stamp:1137, valid:yes, name:"mpmissions\TheCommunity.enoch\storage_666\data\dynamic_000.001"
 5:46:43 [CE][Storage] ver:24 stamp:1138, valid:yes, name:"mpmissions\TheCommunity.enoch\storage_666\data\dynamic_000.002"
 5:46:43 [CE][Storage] Restoring file "mpmissions\TheCommunity.enoch\storage_666\data\dynamic_000.002" 238 items.
 5:46:43   238 items loaded.
 5:46:43 [CE][Storage] ver:0 stamp:0, valid:NO, name:"mpmissions\TheCommunity.enoch\storage_666\data\dynamic_001.bin"
 5:46:43 [CE][Storage] ver:24 stamp:1137, valid:yes, name:"mpmissions\TheCommunity.enoch\storage_666\data\dynamic_001.001"
 5:46:43 [CE][Storage] ver:24 stamp:1138, valid:yes, name:"mpmissions\TheCommunity.enoch\storage_666\data\dynamic_001.002"
 5:46:43 [CE][Storage] Restoring file "mpmissions\TheCommunity.enoch\storage_666\data\dynamic_001.002" 1502 items.
 5:46:43   1502 items loaded.
 5:46:43 [CE][Storage] ver:0 stamp:0, valid:NO, name:"mpmissions\TheCommunity.enoch\storage_666\data\dynamic_002.bin"
 5:46:43 [CE][Storage] ver:24 stamp:1137, valid:yes, name:"mpmissions\TheCommunity.enoch\storage_666\data\dynamic_002.001"
 5:46:43 [CE][Storage] ver:24 stamp:1138, valid:yes, name:"mpmissions\TheCommunity.enoch\storage_666\data\dynamic_002.002"
 5:46:43 [CE][Storage] Restoring file "mpmissions\TheCommunity.enoch\storage_666\data\dynamic_002.002" 414 items.
 5:46:43   414 items loaded.
 5:46:43 [CE][Storage] ver:0 stamp:0, valid:NO, name:"mpmissions\TheCommunity.enoch\storage_666\data\dynamic_003.bin"
 5:46:43 [CE][Storage] ver:24 stamp:1137, valid:yes, name:"mpmissions\TheCommunity.enoch\storage_666\data\dynamic_003.001"
 5:46:43 [CE][Storage] ver:24 stamp:1138, valid:yes, name:"mpmissions\TheCommunity.enoch\storage_666\data\dynamic_003.002"
 5:46:43 [CE][Storage] Restoring file "mpmissions\TheCommunity.enoch\storage_666\data\dynamic_003.002" 792 items.
 5:46:44   792 items loaded.
 5:46:44 [CE][Storage] ver:0 stamp:0, valid:NO, name:"mpmissions\TheCommunity.enoch\storage_666\data\dynamic_004.bin"
 5:46:44 [CE][Storage] ver:24 stamp:1137, valid:yes, name:"mpmissions\TheCommunity.enoch\storage_666\data\dynamic_004.001"
 5:46:44 [CE][Storage] ver:24 stamp:1138, valid:yes, name:"mpmissions\TheCommunity.enoch\storage_666\data\dynamic_004.002"
 5:46:44 [CE][Storage] Restoring file "mpmissions\TheCommunity.enoch\storage_666\data\dynamic_004.002" 960 items.
 5:46:44   960 items loaded.
 5:46:44 [CE][Storage] ver:0 stamp:0, valid:NO, name:"mpmissions\TheCommunity.enoch\storage_666\data\dynamic_005.bin"
 5:46:44 [CE][Storage] ver:24 stamp:1137, valid:yes, name:"mpmissions\TheCommunity.enoch\storage_666\data\dynamic_005.001"
 5:46:44 [CE][Storage] ver:24 stamp:1138, valid:yes, name:"mpmissions\TheCommunity.enoch\storage_666\data\dynamic_005.002"
 5:46:44 [CE][Storage] Restoring file "mpmissions\TheCommunity.enoch\storage_666\data\dynamic_005.002" 1123 items.
 5:46:44   1123 items loaded.
 5:46:44 [CE][Storage] ver:0 stamp:0, valid:NO, name:"mpmissions\TheCommunity.enoch\storage_666\data\dynamic_006.bin"
 5:46:44 [CE][Storage] ver:24 stamp:1137, valid:yes, name:"mpmissions\TheCommunity.enoch\storage_666\data\dynamic_006.001"
 5:46:44 [CE][Storage] ver:24 stamp:1138, valid:yes, name:"mpmissions\TheCommunity.enoch\storage_666\data\dynamic_006.002"
 5:46:44 [CE][Storage] Restoring file "mpmissions\TheCommunity.enoch\storage_666\data\dynamic_006.002" 596 items.
 5:46:44   596 items loaded.
 5:46:44 [CE][Storage] ver:0 stamp:0, valid:NO, name:"mpmissions\TheCommunity.enoch\storage_666\data\dynamic_007.bin"
 5:46:44 [CE][Storage] ver:24 stamp:1137, valid:yes, name:"mpmissions\TheCommunity.enoch\storage_666\data\dynamic_007.001"
 5:46:44 [CE][Storage] ver:24 stamp:1138, valid:yes, name:"mpmissions\TheCommunity.enoch\storage_666\data\dynamic_007.002"
 5:46:44 [CE][Storage] Restoring file "mpmissions\TheCommunity.enoch\storage_666\data\dynamic_007.002" 683 items.
 5:46:44   683 items loaded.
 5:46:44 [CE][Storage] ver:0 stamp:0, valid:NO, name:"mpmissions\TheCommunity.enoch\storage_666\data\dynamic_008.bin"
 5:46:44 [CE][Storage] ver:24 stamp:1137, valid:yes, name:"mpmissions\TheCommunity.enoch\storage_666\data\dynamic_008.001"
 5:46:44 [CE][Storage] ver:24 stamp:1138, valid:yes, name:"mpmissions\TheCommunity.enoch\storage_666\data\dynamic_008.002"
 5:46:44 [CE][Storage] Restoring file "mpmissions\TheCommunity.enoch\storage_666\data\dynamic_008.002" 644 items.
 5:46:45   644 items loaded.
 5:46:45 [CE][Storage] ver:0 stamp:0, valid:NO, name:"mpmissions\TheCommunity.enoch\storage_666\data\dynamic_009.bin"
 5:46:45 [CE][Storage] ver:24 stamp:1137, valid:yes, name:"mpmissions\TheCommunity.enoch\storage_666\data\dynamic_009.001"
 5:46:45 [CE][Storage] ver:24 stamp:1138, valid:yes, name:"mpmissions\TheCommunity.enoch\storage_666\data\dynamic_009.002"
 5:46:45 [CE][Storage] Restoring file "mpmissions\TheCommunity.enoch\storage_666\data\dynamic_009.002" 567 items.
 5:46:45   567 items loaded.
 5:46:45 [CE][Storage] ver:0 stamp:0, valid:NO, name:"mpmissions\TheCommunity.enoch\storage_666\data\dynamic_010.bin"
 5:46:45 [CE][Storage] ver:24 stamp:1137, valid:yes, name:"mpmissions\TheCommunity.enoch\storage_666\data\dynamic_010.001"
 5:46:45 [CE][Storage] ver:24 stamp:1138, valid:yes, name:"mpmissions\TheCommunity.enoch\storage_666\data\dynamic_010.002"
 5:46:45 [CE][Storage] Restoring file "mpmissions\TheCommunity.enoch\storage_666\data\dynamic_010.002" 1612 items.
 5:46:45   1612 items loaded.
 5:46:45 [CE][Storage] ver:0 stamp:0, valid:NO, name:"mpmissions\TheCommunity.enoch\storage_666\data\dynamic_011.bin"
 5:46:45 [CE][Storage] ver:24 stamp:1137, valid:yes, name:"mpmissions\TheCommunity.enoch\storage_666\data\dynamic_011.001"
 5:46:45 [CE][Storage] ver:24 stamp:1138, valid:yes, name:"mpmissions\TheCommunity.enoch\storage_666\data\dynamic_011.002"
 5:46:45 [CE][Storage] Restoring file "mpmissions\TheCommunity.enoch\storage_666\data\dynamic_011.002" 219 items.
 5:46:45   219 items loaded.
 5:46:45 [CE][Hive] :: Storage load took:2.89 seconds, recovery stamp:1139
 5:46:45   entity: 10156, building: 0
 5:46:45   no lifetime: 40
 5:46:45 [CE][Hive] :: Initializing ... 
 5:46:45 [CE][InitializeMap] :: initialized: 0
 5:46:45 [CE][Hive] :: Initializing spawners ... 
 5:46:48 [CE][LootRespawner] (PRIDummy) :: Item [0] causing search overtime: "CivSedanHood_Wine"
 5:46:48 [CE][LootRespawner] (PRIDummy) :: Item [1] causing search overtime: "CivSedanHood_Wine"
 5:46:48 [CE][LootRespawner] (PRIDummy) :: Item [2] causing search overtime: "CivSedanHood_Wine"
 5:46:48 [CE][LootRespawner] (PRIDummy) :: Item [3] causing search overtime: "CivSedanHood_Wine"
 5:46:48 [CE][LootRespawner] (PRIDummy) :: Item [4] causing search overtime: "CivSedanHood_Wine"
 5:46:48 [CE][LootRespawner] (PRIDummy) :: Item [5] causing search overtime: "CivSedanHood_Wine"
 5:46:48 [CE][LootRespawner] (PRIDummy) :: Item [6] causing search overtime: "CivSedanHood_Wine"
 5:46:48 [CE][LootRespawner] (PRIDummy) :: Item [7] causing search overtime: "CivSedanHood_Wine"
 5:46:48 [CE][LootRespawner] (PRIDummy) :: Item [8] causing search overtime: "CivSedanHood_Wine"
 5:46:48 [CE][LootRespawner] (PRIDummy) :: Item [9] causing search overtime: "CivSedanHood_Wine"
 5:46:48 [CE][LootRespawner] (PRIDummy) :: Item [10] causing search overtime: "Sedan_02_Trunk_Grey"
 5:46:48 [CE][LootRespawner] (PRIDummy) :: Item [11] causing search overtime: "Sedan_02_Trunk_Grey"
 5:46:48 [CE][LootRespawner] (PRIDummy) :: Item [12] causing search overtime: "Sedan_02_Trunk_Grey"
 5:46:48 [CE][LootRespawner] (PRIDummy) :: Item [13] causing search overtime: "Sedan_02_Trunk_Grey"
 5:46:48 [CE][LootRespawner] (PRIDummy) :: Item [14] causing search overtime: "Sedan_02_Trunk_Grey"
 5:46:48 [CE][LootRespawner] (PRIDummy) :: Item [15] causing search overtime: "Sedan_02_Trunk_Grey"
 5:46:48 [CE][LootRespawner] (PRIDummy) :: Item [16] causing search overtime: "Sedan_02_Trunk_Grey"
 5:46:48 [CE][LootRespawner] (PRIDummy) :: Item [17] causing search overtime: "Sedan_02_Trunk_Grey"
 5:46:48 [CE][LootRespawner] (PRIDummy) :: Item [18] causing search overtime: "Sedan_02_Trunk_Grey"
 5:46:48 [CE][LootRespawner] (PRIDummy) :: Item [19] causing search overtime: "Sedan_02_Trunk_Grey"
 5:46:48 [CE][LootRespawner] (PRIDummy) :: Initially (re)spawned:34, Nominal:12429, Total in Map: 9518 at 0 (sec)
 5:46:48   tests:34, repeats:0 fails:0, overtime:480
 5:46:48 [CE][DynEvent] :: 32 types
 5:46:48 [00] AmbientHen
 5:46:48   Primary Spawner: "Ambient", active: yes, repeat: 1
 5:46:48 [01] AnimalBear
 5:46:48   Primary Spawner: "Animal", active: yes, repeat: 1
 5:46:48 [02] AnimalCow
 5:46:48   Primary Spawner: "Animal", active: yes, repeat: 1
 5:46:48 [03] AnimalDeer
 5:46:48   Primary Spawner: "Animal", active: yes, repeat: 1
 5:46:48 [04] AnimalGoat
 5:46:48   Primary Spawner: "Animal", active: yes, repeat: 1
 5:46:48 [05] AnimalPig
 5:46:48   Primary Spawner: "Animal", active: yes, repeat: 1
 5:46:48 [06] AnimalRoeDeer
 5:46:48   Primary Spawner: "Animal", active: yes, repeat: 1
 5:46:48 [07] AnimalSheep
 5:46:48   Primary Spawner: "Animal", active: yes, repeat: 1
 5:46:48 [08] AnimalWildBoar
 5:46:48   Primary Spawner: "Animal", active: yes, repeat: 1
 5:46:48 [09] AnimalWolf
 5:46:48   Primary Spawner: "Animal", active: yes, repeat: 1
 5:46:48 [10] InfectedArmy
 5:46:48   Primary Spawner: "Infected", active: yes, repeat: 1
 5:46:48 [11] InfectedCity
 5:46:48   Primary Spawner: "Infected", active: yes, repeat: 1
 5:46:48 [12] InfectedFirefighter
 5:46:48   Primary Spawner: "Infected", active: yes, repeat: 1
 5:46:48 [13] InfectedIndustrial
 5:46:48   Primary Spawner: "Infected", active: yes, repeat: 1
 5:46:48 [14] InfectedMedic
 5:46:48   Primary Spawner: "Infected", active: yes, repeat: 1
 5:46:48 [15] InfectedPolice
 5:46:48   Primary Spawner: "Infected", active: yes, repeat: 1
 5:46:48 [16] InfectedPrisoner
 5:46:48   Primary Spawner: "Infected", active: yes, repeat: 1
 5:46:48 [17] InfectedReligious
 5:46:48   Primary Spawner: "Infected", active: yes, repeat: 1
 5:46:48 [18] InfectedSolitude
 5:46:48   Primary Spawner: "Infected", active: yes, repeat: 1
 5:46:48 [19] InfectedVillage
 5:46:48   Primary Spawner: "Infected", active: yes, repeat: 1
 5:46:48 [20] ItemPlanks
 5:46:48   Primary Spawner: "Item", active: yes, repeat: 1
 5:46:48 [21] Loot
 5:46:48   Primary Spawner: "Loot", active: yes, repeat: 2
 5:46:48 [22] StaticHeliCrash
 5:46:48   Primary Spawner: "Vehicle", active: yes, repeat: 1
 5:46:48   Secondary Spawner: "Infected", active: yes, repeat: 1
 5:46:48 [23] StaticPoliceCar
 5:46:48   Primary Spawner: "Vehicle", active: yes, repeat: 1
 5:46:48 [24] TrajectoryConiferous
 5:46:48   Primary Spawner: "Trajectory", active: yes, repeat: 1
 5:46:48 [25] TrajectoryDeciduous
 5:46:48   Primary Spawner: "Trajectory", active: yes, repeat: 1
 5:46:48 [26] TrajectoryHumus
 5:46:48   Primary Spawner: "Trajectory", active: yes, repeat: 1
 5:46:48 [27] TrajectoryStones
 5:46:48   Primary Spawner: "Trajectory", active: yes, repeat: 1
 5:46:48 [28] VehicleCivilianSedan
 5:46:48   Primary Spawner: "Vehicle", active: yes, repeat: 1
 5:46:48 [29] VehicleHatchback02
 5:46:48   Primary Spawner: "Vehicle", active: yes, repeat: 1
 5:46:48 [30] VehicleOffroadHatchback
 5:46:48   Primary Spawner: "Vehicle", active: yes, repeat: 1
 5:46:48 [31] VehicleSedan02
 5:46:48   Primary Spawner: "Vehicle", active: yes, repeat: 1
 5:46:48 [CE][Hive] :: Initializing of spawners done.
 5:46:48 [CE][Hive] :: Init sequence finished.
 5:47:12 BattlEye Server: RCon admin #0 (127.0.0.1:57000) logged in
 5:47:18 Average server FPS: 6234.27 (measured interval: 30 s)
 5:47:18 Used memory: 1264011 KB
 5:47:18 Players: 0 in total
 5:47:48 Average server FPS: 6490.87 (measured interval: 30 s)
 5:47:48 Used memory: 1276604 KB
 5:47:48 Players: 0 in total
 5:48:12 BattlEye Server: RCon admin #0: (Global) Welcome to The Community Test Server! This server restarts every 30 Minutes
 5:48:17 BattlEye Server: RCon admin #0: (Global) Discord at https://discord.me/eXpoch -- I Still have TS3.donkeypunch.info
 5:48:18 Average server FPS: 7102.37 (measured interval: 30 s)
 5:48:18 Used memory: 1293703 KB
 5:48:18 Players: 0 in total
 5:48:27 BattlEye Server: RCon admin #0: (Global) Interesting new message here, inquire within battleye-BEC!
 5:48:48 Average server FPS: 8067.80 (measured interval: 30 s)
 5:48:48 Used memory: 1310137 KB
 5:48:48 Players: 0 in total
 5:49:18 Average server FPS: 8065.67 (measured interval: 30 s)
 5:49:18 Used memory: 1326718 KB
 5:49:18 Players: 0 in total
 5:49:48 Average server FPS: 8399.70 (measured interval: 30 s)
 5:49:48 Used memory: 1331156 KB
 5:49:48 Players: 0 in total
 5:49:59 [CE][LootRespawner] (PRIDummy) :: Item [0] is hard to place, performance drops: "PolicePants"
 5:50:18 Average server FPS: 9343.20 (measured interval: 30 s)
 5:50:18 Used memory: 1331371 KB
 5:50:18 Players: 0 in total
 5:50:48 Average server FPS: 9477.03 (measured interval: 30 s)
 5:50:48 Used memory: 1331377 KB
 5:50:48 Players: 0 in total
 5:51:18 Average server FPS: 9276.37 (measured interval: 30 s)
 5:51:18 Used memory: 1331240 KB
 5:51:18 Players: 0 in total
 5:51:48 Average server FPS: 9038.57 (measured interval: 30 s)
 5:51:48 Used memory: 1331079 KB
 5:51:48 Players: 0 in total
 5:52:12 BattlEye Server: RCon admin #0: (Global) The Community TEST SERVER will reboot in 25 minutes.
 5:52:18 Average server FPS: 9322.33 (measured interval: 30 s)
 5:52:18 Used memory: 1330924 KB
 5:52:18 Players: 0 in total
 5:52:48 Average server FPS: 9219.10 (measured interval: 30 s)
 5:52:48 Used memory: 1331212 KB
 5:52:48 Players: 0 in total
 5:53:18 Average server FPS: 9207.87 (measured interval: 30 s)
 5:53:18 Used memory: 1330760 KB
 5:53:18 Players: 0 in total
 5:53:48 Average server FPS: 9280.97 (measured interval: 30 s)
 5:53:48 Used memory: 1330907 KB
 5:53:48 Players: 0 in total
 5:54:02 [CE][LootRespawner] (PRIDummy) :: Item [1] is hard to place, performance drops: "ParamedicJacket_Blue"
 5:54:18 Average server FPS: 9187.43 (measured interval: 30 s)
 5:54:18 Used memory: 1330888 KB
 5:54:18 Players: 0 in total
 5:54:48 Average server FPS: 9266.13 (measured interval: 30 s)
 5:54:48 Used memory: 1330694 KB
 5:54:48 Players: 0 in total
 5:55:18 Average server FPS: 9097.63 (measured interval: 30 s)
 5:55:18 Used memory: 1330653 KB
 5:55:18 Players: 0 in total
 5:55:48 Average server FPS: 9302.17 (measured interval: 30 s)
 5:55:48 Used memory: 1330605 KB
 5:55:48 Players: 0 in total
 5:56:18 Average server FPS: 9335.33 (measured interval: 30 s)
 5:56:18 Used memory: 1330775 KB
 5:56:18 Players: 0 in total
 5:56:48 Average server FPS: 9203.13 (measured interval: 30 s)
 5:56:48 Used memory: 1331646 KB
 5:56:48 Players: 0 in total
 5:57:18 Average server FPS: 8991.57 (measured interval: 30 s)
 5:57:18 Used memory: 1331462 KB
 5:57:18 Players: 0 in total
 5:57:48 Average server FPS: 9344.13 (measured interval: 30 s)
 5:57:48 Used memory: 1332048 KB
 5:57:48 Players: 0 in total
 5:58:12 BattlEye Server: RCon admin #0: (Global) Welcome to The Community Test Server! This server restarts every 30 Minutes
 5:58:17 BattlEye Server: RCon admin #0: (Global) Discord at https://discord.me/eXpoch -- I Still have TS3.donkeypunch.info
 5:58:18 Average server FPS: 9291.80 (measured interval: 30 s)
 5:58:18 Used memory: 1331888 KB
 5:58:18 Players: 0 in total
 5:58:27 BattlEye Server: RCon admin #0: (Global) Interesting new message here, inquire within battleye-BEC!
 5:58:48 Average server FPS: 9061.07 (measured interval: 30 s)
 5:58:48 Used memory: 1332424 KB
 5:58:48 Players: 0 in total
 5:59:01 [CE][SpawnRandomLoot] (StaticPoliceCar) :: ChildType: Land_Wreck_Volha_Police, lootmin: 3, lootmax: 5, wanted: 3
 5:59:01 [CE][SpawnRandomLoot] (StaticPoliceCar) :: ChildType: Land_Wreck_Volha_Police, lootmin: 3, lootmax: 5, wanted: 3
 5:59:01 [CE][SpawnRandomLoot] (StaticPoliceCar) :: ChildType: Land_Wreck_Volha_Police, lootmin: 3, lootmax: 5, wanted: 4
 5:59:01 [CE][SpawnRandomLoot] (StaticPoliceCar) :: ChildType: Land_Wreck_Volha_Police, lootmin: 3, lootmax: 5, wanted: 3
 5:59:01 [CE][SpawnRandomLoot] (StaticPoliceCar) :: ChildType: Land_Wreck_Volha_Police, lootmin: 3, lootmax: 5, wanted: 3
 5:59:01 [CE][SpawnRandomLoot] (StaticPoliceCar) :: ChildType: Land_Wreck_Volha_Police, lootmin: 3, lootmax: 5, wanted: 3
 5:59:01 [CE][SpawnRandomLoot] (StaticPoliceCar) :: ChildType: Land_Wreck_Volha_Police, lootmin: 3, lootmax: 5, wanted: 4
 5:59:01 [CE][SpawnRandomLoot] (StaticPoliceCar) :: ChildType: Land_Wreck_Volha_Police, lootmin: 3, lootmax: 5, wanted: 4
 5:59:01 [CE][SpawnRandomLoot] (StaticPoliceCar) :: ChildType: Land_Wreck_Volha_Police, lootmin: 3, lootmax: 5, wanted: 4
 5:59:18 Average server FPS: 8308.20 (measured interval: 30 s)
 5:59:18 Used memory: 1334088 KB
 5:59:18 Players: 0 in total
 5:59:26 [CE][LootRespawner] (PRIDummy) :: Item [2] is hard to place, performance drops: "PoliceVest"
 5:59:26 [CE][LootRespawner] (PRIDummy) :: Item [3] is hard to place, performance drops: "PoliceVest"
 5:59:26 [CE][LootRespawner] (PRIDummy) :: Item [4] is hard to place, performance drops: "PoliceVest"
 5:59:48 Average server FPS: 9198.77 (measured interval: 30 s)
 5:59:48 Used memory: 1334080 KB
 5:59:48 Players: 0 in total
 5:59:56 [CE][SpawnRandomLoot] (StaticHeliCrash) :: ChildType: Wreck_UH1Y, lootmin: 10, lootmax: 20, wanted: 14
 5:59:56 [CE][SpawnRandomLoot] (StaticHeliCrash) :: ChildType: Wreck_Mi8, lootmin: 10, lootmax: 20, wanted: 19
 5:59:56 [CE][SpawnRandomLoot] (StaticHeliCrash) :: ChildType: Wreck_Mi8, lootmin: 10, lootmax: 20, wanted: 11
 5:59:57 [CE][SpawnRandomLoot] (StaticPoliceCar) :: ChildType: Land_Wreck_Volha_Police, lootmin: 3, lootmax: 5, wanted: 4
 6:00:18 Average server FPS: 8531.67 (measured interval: 30 s)
 6:00:18 Used memory: 1334407 KB
 6:00:18 Players: 0 in total
 6:00:48 Average server FPS: 9084.47 (measured interval: 30 s)
 6:00:48 Used memory: 1334499 KB
 6:00:48 Players: 0 in total
 6:01:18 Average server FPS: 9246.57 (measured interval: 30 s)
 6:01:18 Used memory: 1334757 KB
 6:01:18 Players: 0 in total
 6:01:48 Average server FPS: 9147.67 (measured interval: 30 s)
 6:01:48 Used memory: 1334712 KB
 6:01:48 Players: 0 in total
 6:02:12 BattlEye Server: RCon admin #0: (Global) The Community TEST SERVER will reboot in 15 minutes.
 6:02:18 Average server FPS: 9262.97 (measured interval: 30 s)
 6:02:18 Used memory: 1334562 KB
 6:02:18 Players: 0 in total
 6:02:48 Average server FPS: 9256.90 (measured interval: 30 s)
 6:02:48 Used memory: 1334430 KB
 6:02:48 Players: 0 in total
 6:03:18 Average server FPS: 9041.80 (measured interval: 30 s)
 6:03:18 Used memory: 1334607 KB
 6:03:18 Players: 0 in total
 6:03:48 Average server FPS: 9241.07 (measured interval: 30 s)
 6:03:48 Used memory: 1334678 KB
 6:03:48 Players: 0 in total
 6:04:18 Average server FPS: 8960.60 (measured interval: 30 s)
 6:04:18 Used memory: 1334627 KB
 6:04:18 Players: 0 in total
 6:04:48 Average server FPS: 9031.20 (measured interval: 30 s)
 6:04:48 Used memory: 1334481 KB
 6:04:48 Players: 0 in total
 6:05:18 Average server FPS: 7884.33 (measured interval: 30 s)
 6:05:18 Used memory: 1335281 KB
 6:05:18 Players: 0 in total
 6:05:48 Average server FPS: 8817.77 (measured interval: 30 s)
 6:05:48 Used memory: 1335466 KB
 6:05:48 Players: 0 in total
 6:06:15 [CE][LootRespawner] (PRIDummy) :: Item [5] is hard to place, performance drops: "LabCoat"
 6:06:15 [CE][LootRespawner] (PRIDummy) :: Item [6] is hard to place, performance drops: "LabCoat"
 6:06:15 [CE][LootRespawner] (PRIDummy) :: Item [7] is hard to place, performance drops: "LabCoat"
 6:06:18 Average server FPS: 8879.67 (measured interval: 30 s)
 6:06:18 Used memory: 1335425 KB
 6:06:18 Players: 0 in total
 6:06:48 Average server FPS: 8962.80 (measured interval: 30 s)
 6:06:48 Used memory: 1335501 KB
 6:06:48 Players: 0 in total
 6:07:18 Average server FPS: 8974.60 (measured interval: 30 s)
 6:07:18 Used memory: 1335630 KB
 6:07:18 Players: 0 in total
 6:07:48 Average server FPS: 8955.07 (measured interval: 30 s)
 6:07:48 Used memory: 1335420 KB
 6:07:48 Players: 0 in total
 6:08:12 BattlEye Server: RCon admin #0: (Global) Welcome to The Community Test Server! This server restarts every 30 Minutes
 6:08:17 BattlEye Server: RCon admin #0: (Global) Discord at https://discord.me/eXpoch -- I Still have TS3.donkeypunch.info
 6:08:18 Average server FPS: 8767.57 (measured interval: 30 s)
 6:08:18 Used memory: 1335476 KB
 6:08:18 Players: 0 in total
 6:08:27 BattlEye Server: RCon admin #0: (Global) Interesting new message here, inquire within battleye-BEC!
 6:08:48 Average server FPS: 8858.87 (measured interval: 30 s)
 6:08:48 Used memory: 1335499 KB
 6:08:48 Players: 0 in total
 6:08:58 [CE][LootRespawner] (PRIDummy) :: Item [8] is hard to place, performance drops: "PrisonUniformPants"
 6:09:18 Average server FPS: 8811.57 (measured interval: 30 s)
 6:09:18 Used memory: 1335664 KB
 6:09:18 Players: 0 in total
 6:09:48 Average server FPS: 8803.97 (measured interval: 30 s)
 6:09:48 Used memory: 1335566 KB
 6:09:48 Players: 0 in total
 6:10:18 Average server FPS: 8412.17 (measured interval: 30 s)
 6:10:18 Used memory: 1335237 KB
 6:10:18 Players: 0 in total
 6:10:46 [CE][LootRespawner] (PRIDummy) :: Item [9] is hard to place, performance drops: "ParamedicPants_Blue"
 6:10:46 [CE][LootRespawner] (PRIDummy) :: Item [10] is hard to place, performance drops: "ParamedicPants_Blue"
 6:10:46 [CE][LootRespawner] (PRIDummy) :: Item [11] is hard to place, performance drops: "ParamedicPants_Blue"
 6:10:46 [CE][LootRespawner] (PRIDummy) :: Item [12] is hard to place, performance drops: "ParamedicPants_Blue"
 6:10:48 Average server FPS: 8726.80 (measured interval: 30 s)
 6:10:48 Used memory: 1336473 KB
 6:10:48 Players: 0 in total
 6:11:18 Average server FPS: 8819.70 (measured interval: 30 s)
 6:11:18 Used memory: 1336705 KB
 6:11:18 Players: 0 in total
 6:11:48 Average server FPS: 8827.00 (measured interval: 30 s)
 6:11:48 Used memory: 1336600 KB
 6:11:48 Players: 0 in total
 6:12:12 BattlEye Server: RCon admin #0: (Global) The Community TEST SERVER will reboot in 5 minutes. Wrap it up, getting close
 6:12:18 Average server FPS: 8845.90 (measured interval: 30 s)
 6:12:18 Used memory: 1336440 KB
 6:12:18 Players: 0 in total
 6:12:48 Average server FPS: 8803.13 (measured interval: 30 s)
 6:12:48 Used memory: 1336556 KB
 6:12:48 Players: 0 in total
 6:13:18 Average server FPS: 8957.60 (measured interval: 30 s)
 6:13:18 Used memory: 1336451 KB
 6:13:18 Players: 0 in total
 6:13:48 Average server FPS: 8802.10 (measured interval: 30 s)
 6:13:48 Used memory: 1336361 KB
 6:13:48 Players: 0 in total
 6:14:18 Average server FPS: 8681.50 (measured interval: 30 s)
 6:14:18 Used memory: 1336409 KB
 6:14:18 Players: 0 in total
 6:14:47 [CE][LootRespawner] (PRIDummy) :: Item [13] is hard to place, performance drops: "PressVest_Blue"
 6:14:47 [CE][LootRespawner] (PRIDummy) :: Item [14] is hard to place, performance drops: "PressVest_Blue"
 6:14:48 Average server FPS: 8719.59 (measured interval: 30 s)
 6:14:48 Used memory: 1336948 KB
 6:14:48 Players: 0 in total
 6:15:12 BattlEye Server: RCon admin #0: (Global) The Community TEST SERVER will reboot in 2 minutes. LOG OUT NOW!
 6:15:18 Average server FPS: 8724.27 (measured interval: 30 s)
 6:15:18 Used memory: 1336911 KB
 6:15:18 Players: 0 in total
 6:15:48 Average server FPS: 8809.44 (measured interval: 30 s)
 6:15:48 Used memory: 1337105 KB
 6:15:48 Players: 0 in total
