 0:28:07 BattlEye Server: Initialized (v1.217)
 0:28:08 SUCCESS: SteamGameServer_Init(0,8766,2442,28056,3,1.07.153006)
 0:28:08 Roles assigned.
 0:28:08 Reading mission ...
 0:28:48 [CE][Hive] :: Initializing OFFLINE
 0:28:48 [CE][Hive] :: Loading core data ... 
 0:28:48 [CE][CoreData] :: 7 root classes, 19 defaults, 0 updaters...
 0:28:53 [CE][TypeSetup] :: 408 classes setuped...
 0:28:53 [CE][RegisterBind] :: 0 classes binded...
 0:28:53 [CE][RegisterConfig] :: 3115 config classes registered, 1 sub-counters...
 0:28:53 [CE][Hive] :: Loading map data ... 
 0:28:53 !!! [CE] :: Unknown category: 'vehicleparts'.
 0:28:53 !!! [CE] :: Unknown category: 'vehicleparts'.
 0:28:53 !!! [CE] :: Unknown category: 'vehicleparts'.
 0:28:53 !!! [CE] :: Unknown category: 'vehicleparts'.
 0:28:53 !!! [CE] :: Unknown category: 'vehicleparts'.
 0:28:53 !!! [CE] :: Unknown category: 'vehicleparts'.
 0:28:53 !!! [CE] :: Unknown category: 'vehicleparts'.
 0:28:53 !!! [CE] :: Unknown category: 'vehicleparts'.
 0:28:53 !!! [CE] :: Unknown category: 'vehicleparts'.
 0:28:53 !!! [CE] :: Unknown category: 'vehicleparts'.
 0:28:53 !!! [CE] :: Unknown category: 'vehicleparts'.
 0:28:53 !!! [CE] :: Unknown category: 'vehicleparts'.
 0:28:53 !!! [CE] :: Unknown category: 'vehicleparts'.
 0:28:53 !!! [CE] :: Unknown category: 'vehicleparts'.
 0:28:53 !!! [CE] :: Unknown category: 'vehicleparts'.
 0:28:53 !!! [CE] :: Unknown category: 'vehicleparts'.
 0:28:53 !!! [CE] :: Unknown category: 'vehicleparts'.
 0:28:53 !!! [CE] :: Unknown category: 'vehicleparts'.
 0:28:53 !!! [CE] :: Unknown category: 'vehicleparts'.
 0:28:53 !!! [CE] :: Unknown category: 'vehicleparts'.
 0:28:53 !!! [CE] :: Unknown category: 'vehicleparts'.
 0:28:53 !!! [CE] :: Unknown category: 'vehicleparts'.
 0:28:53 !!! [CE] :: Unknown category: 'vehicleparts'.
 0:28:53 !!! [CE] :: Unknown category: 'vehicleparts'.
 0:28:53 [CE][LoadPrototype] :: loaded 330 prototypes
 0:28:53   702 containers, 9116 points
 0:28:53   24 dispatches, 90 proxies
 0:28:53 !!! [CE][LoadPrototype] 12 groups have no points...
 0:28:53 !!![CE][LoadPrototype]  3 groups have wrong points...
 0:28:53 [CE][LoadPrototype] :: last group name: Land_Lunapark_Autodrome...
 0:28:53 [CE][LoadPrototype] :: loaded 0 prototypes
 0:28:53   0 containers, 0 points
 0:28:53   0 dispatches, 0 proxies
 0:28:53 [CE][LoadPrototype] :: last group name: PathD_7100...
 0:28:53 [CE][LoadMap] "Group" :: loaded 5086 groups, largest group range: 26.9
 0:28:53 [CE][LoadMap] "Dirt" :: loaded 0 groups, largest group range: 26.9
 0:28:54 [CE][LoadClusters] "Cluster" :: Loading files...
 0:28:54 [CE][LoadClusters] :: file: "mapgroupcluster.xml", 4 types, 50000 instances
 0:28:54 [CE][LoadClusters] :: file: "mapgroupcluster01", 4 types, 50000 instances
 0:28:55 [CE][LoadClusters] :: file: "mapgroupcluster02", 4 types, 50000 instances
 0:28:55 [CE][LoadClusters] :: file: "mapgroupcluster03", 4 types, 50000 instances
 0:28:55 [CE][LoadClusters] :: file: "mapgroupcluster04", 4 types, 21297 instances
 0:28:55 [CE][Storage] ver:21 stamp:483, valid:yes, name:"mpmissions\TheCommunity.enoch\storage_666\data\types.bin"
 0:28:55 [CE][Storage] ver:21 stamp:481, valid:yes, name:"mpmissions\TheCommunity.enoch\storage_666\data\types.001"
 0:28:55 [CE][Storage] ver:21 stamp:482, valid:yes, name:"mpmissions\TheCommunity.enoch\storage_666\data\types.002"
 0:28:55 [CE][Storage] Restoring file "mpmissions\TheCommunity.enoch\storage_666\data\types.bin".
 0:28:55 [CE][offlineDB] :: Loaded 32 dynamic events 211 total types 0 total positions.
 0:28:55 [CE][Storage] ver:21 stamp:483, valid:yes, name:"mpmissions\TheCommunity.enoch\storage_666\data\events.bin"
 0:28:55 [CE][Storage] ver:21 stamp:481, valid:yes, name:"mpmissions\TheCommunity.enoch\storage_666\data\events.001"
 0:28:55 [CE][Storage] ver:21 stamp:482, valid:yes, name:"mpmissions\TheCommunity.enoch\storage_666\data\events.002"
 0:28:55 [CE][Storage] Restoring file "mpmissions\TheCommunity.enoch\storage_666\data\events.bin".
 0:28:55 [CE][DynamicEvent] Load  Events:[32] Primary spawners: 32 Secondary spawners: 1
 0:28:55 [CE][Storage] ver:24 stamp:483, valid:yes, name:"mpmissions\TheCommunity.enoch\storage_666\data\vehicles.bin"
 0:28:55 [CE][Storage] ver:24 stamp:481, valid:yes, name:"mpmissions\TheCommunity.enoch\storage_666\data\vehicles.001"
 0:28:55 [CE][Storage] ver:24 stamp:482, valid:yes, name:"mpmissions\TheCommunity.enoch\storage_666\data\vehicles.002"
 0:28:55 [CE][Storage] Restoring file "mpmissions\TheCommunity.enoch\storage_666\data\vehicles.bin" 91 items.
 0:28:55   91 items loaded.
 0:28:55 [CE][Storage] ver:0 stamp:0, valid:NO, name:"mpmissions\TheCommunity.enoch\storage_666\data\dynamic_000.bin"
 0:28:55 [CE][Storage] ver:24 stamp:481, valid:yes, name:"mpmissions\TheCommunity.enoch\storage_666\data\dynamic_000.001"
 0:28:55 [CE][Storage] ver:24 stamp:482, valid:yes, name:"mpmissions\TheCommunity.enoch\storage_666\data\dynamic_000.002"
 0:28:55 [CE][Storage] Restoring file "mpmissions\TheCommunity.enoch\storage_666\data\dynamic_000.002" 266 items.
 0:28:55   266 items loaded.
 0:28:55 [CE][Storage] ver:0 stamp:0, valid:NO, name:"mpmissions\TheCommunity.enoch\storage_666\data\dynamic_001.bin"
 0:28:55 [CE][Storage] ver:24 stamp:481, valid:yes, name:"mpmissions\TheCommunity.enoch\storage_666\data\dynamic_001.001"
 0:28:55 [CE][Storage] ver:24 stamp:482, valid:yes, name:"mpmissions\TheCommunity.enoch\storage_666\data\dynamic_001.002"
 0:28:55 [CE][Storage] Restoring file "mpmissions\TheCommunity.enoch\storage_666\data\dynamic_001.002" 1591 items.
 0:28:56   1591 items loaded.
 0:28:56 [CE][Storage] ver:0 stamp:0, valid:NO, name:"mpmissions\TheCommunity.enoch\storage_666\data\dynamic_002.bin"
 0:28:56 [CE][Storage] ver:24 stamp:481, valid:yes, name:"mpmissions\TheCommunity.enoch\storage_666\data\dynamic_002.001"
 0:28:56 [CE][Storage] ver:24 stamp:482, valid:yes, name:"mpmissions\TheCommunity.enoch\storage_666\data\dynamic_002.002"
 0:28:56 [CE][Storage] Restoring file "mpmissions\TheCommunity.enoch\storage_666\data\dynamic_002.002" 433 items.
 0:28:56   433 items loaded.
 0:28:56 [CE][Storage] ver:0 stamp:0, valid:NO, name:"mpmissions\TheCommunity.enoch\storage_666\data\dynamic_003.bin"
 0:28:56 [CE][Storage] ver:24 stamp:481, valid:yes, name:"mpmissions\TheCommunity.enoch\storage_666\data\dynamic_003.001"
 0:28:56 [CE][Storage] ver:24 stamp:482, valid:yes, name:"mpmissions\TheCommunity.enoch\storage_666\data\dynamic_003.002"
 0:28:56 [CE][Storage] Restoring file "mpmissions\TheCommunity.enoch\storage_666\data\dynamic_003.002" 848 items.
 0:28:56   848 items loaded.
 0:28:56 [CE][Storage] ver:0 stamp:0, valid:NO, name:"mpmissions\TheCommunity.enoch\storage_666\data\dynamic_004.bin"
 0:28:56 [CE][Storage] ver:24 stamp:481, valid:yes, name:"mpmissions\TheCommunity.enoch\storage_666\data\dynamic_004.001"
 0:28:56 [CE][Storage] ver:24 stamp:482, valid:yes, name:"mpmissions\TheCommunity.enoch\storage_666\data\dynamic_004.002"
 0:28:56 [CE][Storage] Restoring file "mpmissions\TheCommunity.enoch\storage_666\data\dynamic_004.002" 999 items.
 0:28:56   999 items loaded.
 0:28:56 [CE][Storage] ver:0 stamp:0, valid:NO, name:"mpmissions\TheCommunity.enoch\storage_666\data\dynamic_005.bin"
 0:28:56 [CE][Storage] ver:24 stamp:481, valid:yes, name:"mpmissions\TheCommunity.enoch\storage_666\data\dynamic_005.001"
 0:28:56 [CE][Storage] ver:24 stamp:482, valid:yes, name:"mpmissions\TheCommunity.enoch\storage_666\data\dynamic_005.002"
 0:28:56 [CE][Storage] Restoring file "mpmissions\TheCommunity.enoch\storage_666\data\dynamic_005.002" 1224 items.
 0:28:57   1224 items loaded.
 0:28:57 [CE][Storage] ver:0 stamp:0, valid:NO, name:"mpmissions\TheCommunity.enoch\storage_666\data\dynamic_006.bin"
 0:28:57 [CE][Storage] ver:24 stamp:481, valid:yes, name:"mpmissions\TheCommunity.enoch\storage_666\data\dynamic_006.001"
 0:28:57 [CE][Storage] ver:24 stamp:482, valid:yes, name:"mpmissions\TheCommunity.enoch\storage_666\data\dynamic_006.002"
 0:28:57 [CE][Storage] Restoring file "mpmissions\TheCommunity.enoch\storage_666\data\dynamic_006.002" 675 items.
 0:28:57   675 items loaded.
 0:28:57 [CE][Storage] ver:0 stamp:0, valid:NO, name:"mpmissions\TheCommunity.enoch\storage_666\data\dynamic_007.bin"
 0:28:57 [CE][Storage] ver:24 stamp:481, valid:yes, name:"mpmissions\TheCommunity.enoch\storage_666\data\dynamic_007.001"
 0:28:57 [CE][Storage] ver:24 stamp:482, valid:yes, name:"mpmissions\TheCommunity.enoch\storage_666\data\dynamic_007.002"
 0:28:57 [CE][Storage] Restoring file "mpmissions\TheCommunity.enoch\storage_666\data\dynamic_007.002" 768 items.
 0:28:57   768 items loaded.
 0:28:57 [CE][Storage] ver:0 stamp:0, valid:NO, name:"mpmissions\TheCommunity.enoch\storage_666\data\dynamic_008.bin"
 0:28:57 [CE][Storage] ver:24 stamp:481, valid:yes, name:"mpmissions\TheCommunity.enoch\storage_666\data\dynamic_008.001"
 0:28:57 [CE][Storage] ver:24 stamp:482, valid:yes, name:"mpmissions\TheCommunity.enoch\storage_666\data\dynamic_008.002"
 0:28:57 [CE][Storage] Restoring file "mpmissions\TheCommunity.enoch\storage_666\data\dynamic_008.002" 699 items.
 0:28:57   699 items loaded.
 0:28:57 [CE][Storage] ver:0 stamp:0, valid:NO, name:"mpmissions\TheCommunity.enoch\storage_666\data\dynamic_009.bin"
 0:28:57 [CE][Storage] ver:24 stamp:481, valid:yes, name:"mpmissions\TheCommunity.enoch\storage_666\data\dynamic_009.001"
 0:28:57 [CE][Storage] ver:24 stamp:482, valid:yes, name:"mpmissions\TheCommunity.enoch\storage_666\data\dynamic_009.002"
 0:28:57 [CE][Storage] Restoring file "mpmissions\TheCommunity.enoch\storage_666\data\dynamic_009.002" 626 items.
 0:28:57   626 items loaded.
 0:28:57 [CE][Storage] ver:0 stamp:0, valid:NO, name:"mpmissions\TheCommunity.enoch\storage_666\data\dynamic_010.bin"
 0:28:57 [CE][Storage] ver:24 stamp:481, valid:yes, name:"mpmissions\TheCommunity.enoch\storage_666\data\dynamic_010.001"
 0:28:57 [CE][Storage] ver:24 stamp:482, valid:yes, name:"mpmissions\TheCommunity.enoch\storage_666\data\dynamic_010.002"
 0:28:57 [CE][Storage] Restoring file "mpmissions\TheCommunity.enoch\storage_666\data\dynamic_010.002" 1760 items.
 0:28:58   1760 items loaded.
 0:28:58 [CE][Storage] ver:0 stamp:0, valid:NO, name:"mpmissions\TheCommunity.enoch\storage_666\data\dynamic_011.bin"
 0:28:58 [CE][Storage] ver:24 stamp:481, valid:yes, name:"mpmissions\TheCommunity.enoch\storage_666\data\dynamic_011.001"
 0:28:58 [CE][Storage] ver:24 stamp:482, valid:yes, name:"mpmissions\TheCommunity.enoch\storage_666\data\dynamic_011.002"
 0:28:58 [CE][Storage] Restoring file "mpmissions\TheCommunity.enoch\storage_666\data\dynamic_011.002" 245 items.
 0:28:58   245 items loaded.
 0:28:58 [CE][Hive] :: Storage load took:2.75 seconds, recovery stamp:483
 0:28:58   entity: 11005, building: 0
 0:28:58   no lifetime: 40
 0:28:58 [CE][Hive] :: Initializing ... 
 0:28:58 [CE][InitializeMap] :: initialized: 0
 0:28:58 [CE][Hive] :: Initializing spawners ... 
 0:29:00 [CE][LootRespawner] (PRIDummy) :: Item [0] causing search overtime: "CivSedanHood_Wine"
 0:29:00 [CE][LootRespawner] (PRIDummy) :: Item [1] causing search overtime: "CivSedanHood_Wine"
 0:29:00 [CE][LootRespawner] (PRIDummy) :: Item [2] causing search overtime: "CivSedanHood_Wine"
 0:29:00 [CE][LootRespawner] (PRIDummy) :: Item [3] causing search overtime: "CivSedanHood_Wine"
 0:29:00 [CE][LootRespawner] (PRIDummy) :: Item [4] causing search overtime: "CivSedanHood_Wine"
 0:29:00 [CE][LootRespawner] (PRIDummy) :: Item [5] causing search overtime: "CivSedanHood_Wine"
 0:29:00 [CE][LootRespawner] (PRIDummy) :: Item [6] causing search overtime: "CivSedanHood_Wine"
 0:29:00 [CE][LootRespawner] (PRIDummy) :: Item [7] causing search overtime: "CivSedanHood_Wine"
 0:29:00 [CE][LootRespawner] (PRIDummy) :: Item [8] causing search overtime: "CivSedanHood_Wine"
 0:29:00 [CE][LootRespawner] (PRIDummy) :: Item [9] causing search overtime: "CivSedanHood_Wine"
 0:29:00 [CE][LootRespawner] (PRIDummy) :: Item [10] causing search overtime: "Sedan_02_Trunk_Grey"
 0:29:00 [CE][LootRespawner] (PRIDummy) :: Item [11] causing search overtime: "Sedan_02_Trunk_Grey"
 0:29:00 [CE][LootRespawner] (PRIDummy) :: Item [12] causing search overtime: "Sedan_02_Trunk_Grey"
 0:29:00 [CE][LootRespawner] (PRIDummy) :: Item [13] causing search overtime: "Sedan_02_Trunk_Grey"
 0:29:00 [CE][LootRespawner] (PRIDummy) :: Item [14] causing search overtime: "Sedan_02_Trunk_Grey"
 0:29:00 [CE][LootRespawner] (PRIDummy) :: Item [15] causing search overtime: "Sedan_02_Trunk_Grey"
 0:29:00 [CE][LootRespawner] (PRIDummy) :: Item [16] causing search overtime: "Sedan_02_Trunk_Grey"
 0:29:00 [CE][LootRespawner] (PRIDummy) :: Item [17] causing search overtime: "Sedan_02_Trunk_Grey"
 0:29:00 [CE][LootRespawner] (PRIDummy) :: Item [18] causing search overtime: "Sedan_02_Trunk_Grey"
 0:29:00 [CE][LootRespawner] (PRIDummy) :: Item [19] causing search overtime: "Sedan_02_Trunk_Grey"
 0:29:00 [CE][LootRespawner] (PRIDummy) :: Initially (re)spawned:118, Nominal:12429, Total in Map: 10372 at 0 (sec)
 0:29:00   tests:118, repeats:0 fails:0, overtime:489
 0:29:00 [CE][DynEvent] :: 32 types
 0:29:00 [00] AmbientHen
 0:29:00   Primary Spawner: "Ambient", active: yes, repeat: 1
 0:29:00 [01] AnimalBear
 0:29:00   Primary Spawner: "Animal", active: yes, repeat: 1
 0:29:00 [02] AnimalCow
 0:29:00   Primary Spawner: "Animal", active: yes, repeat: 1
 0:29:00 [03] AnimalDeer
 0:29:00   Primary Spawner: "Animal", active: yes, repeat: 1
 0:29:00 [04] AnimalGoat
 0:29:00   Primary Spawner: "Animal", active: yes, repeat: 1
 0:29:00 [05] AnimalPig
 0:29:00   Primary Spawner: "Animal", active: yes, repeat: 1
 0:29:00 [06] AnimalRoeDeer
 0:29:00   Primary Spawner: "Animal", active: yes, repeat: 1
 0:29:00 [07] AnimalSheep
 0:29:00   Primary Spawner: "Animal", active: yes, repeat: 1
 0:29:00 [08] AnimalWildBoar
 0:29:00   Primary Spawner: "Animal", active: yes, repeat: 1
 0:29:00 [09] AnimalWolf
 0:29:00   Primary Spawner: "Animal", active: yes, repeat: 1
 0:29:00 [10] InfectedArmy
 0:29:00   Primary Spawner: "Infected", active: yes, repeat: 1
 0:29:00 [11] InfectedCity
 0:29:00   Primary Spawner: "Infected", active: yes, repeat: 1
 0:29:00 [12] InfectedFirefighter
 0:29:00   Primary Spawner: "Infected", active: yes, repeat: 1
 0:29:00 [13] InfectedIndustrial
 0:29:00   Primary Spawner: "Infected", active: yes, repeat: 1
 0:29:00 [14] InfectedMedic
 0:29:00   Primary Spawner: "Infected", active: yes, repeat: 1
 0:29:00 [15] InfectedPolice
 0:29:00   Primary Spawner: "Infected", active: yes, repeat: 1
 0:29:00 [16] InfectedPrisoner
 0:29:00   Primary Spawner: "Infected", active: yes, repeat: 1
 0:29:00 [17] InfectedReligious
 0:29:00   Primary Spawner: "Infected", active: yes, repeat: 1
 0:29:00 [18] InfectedSolitude
 0:29:00   Primary Spawner: "Infected", active: yes, repeat: 1
 0:29:00 [19] InfectedVillage
 0:29:00   Primary Spawner: "Infected", active: yes, repeat: 1
 0:29:00 [20] ItemPlanks
 0:29:00   Primary Spawner: "Item", active: yes, repeat: 1
 0:29:00 [21] Loot
 0:29:00   Primary Spawner: "Loot", active: yes, repeat: 2
 0:29:00 [22] StaticHeliCrash
 0:29:00   Primary Spawner: "Vehicle", active: yes, repeat: 1
 0:29:00   Secondary Spawner: "Infected", active: yes, repeat: 1
 0:29:00 [23] StaticPoliceCar
 0:29:00   Primary Spawner: "Vehicle", active: yes, repeat: 1
 0:29:00 [24] TrajectoryConiferous
 0:29:00   Primary Spawner: "Trajectory", active: yes, repeat: 1
 0:29:00 [25] TrajectoryDeciduous
 0:29:00   Primary Spawner: "Trajectory", active: yes, repeat: 1
 0:29:00 [26] TrajectoryHumus
 0:29:00   Primary Spawner: "Trajectory", active: yes, repeat: 1
 0:29:00 [27] TrajectoryStones
 0:29:00   Primary Spawner: "Trajectory", active: yes, repeat: 1
 0:29:00 [28] VehicleCivilianSedan
 0:29:00   Primary Spawner: "Vehicle", active: yes, repeat: 1
 0:29:00 [29] VehicleHatchback02
 0:29:00   Primary Spawner: "Vehicle", active: yes, repeat: 1
 0:29:00 [30] VehicleOffroadHatchback
 0:29:00   Primary Spawner: "Vehicle", active: yes, repeat: 1
 0:29:00 [31] VehicleSedan02
 0:29:00   Primary Spawner: "Vehicle", active: yes, repeat: 1
 0:29:00 [CE][Hive] :: Initializing of spawners done.
 0:29:00 [CE][Hive] :: Init sequence finished.
 0:29:26 BattlEye Server: RCon admin #0 (127.0.0.1:53467) logged in
 0:29:30 Average server FPS: 6202.20 (measured interval: 30 s)
 0:29:30 Used memory: 1277494 KB
 0:29:30 Players: 0 in total
 0:30:00 Average server FPS: 7022.00 (measured interval: 30 s)
 0:30:00 Used memory: 1292319 KB
 0:30:00 Players: 0 in total
 0:30:26 BattlEye Server: RCon admin #0: (Global) Welcome to The Community Test Server! This server restarts every 30 Minutes
 0:30:30 Average server FPS: 7541.19 (measured interval: 30 s)
 0:30:30 Used memory: 1308664 KB
 0:30:30 Players: 0 in total
 0:30:31 BattlEye Server: RCon admin #0: (Global) Discord at https://discord.me/eXpoch -- I Still have TS3.donkeypunch.info
 0:30:41 BattlEye Server: RCon admin #0: (Global) Interesting new message here, inquire within battleye-BEC!
 0:30:51 [CE][SpawnRandomLoot] (StaticPoliceCar) :: ChildType: Land_Wreck_Volha_Police, lootmin: 3, lootmax: 5, wanted: 4
 0:30:51 [CE][SpawnRandomLoot] (StaticPoliceCar) :: ChildType: Land_Wreck_Volha_Police, lootmin: 3, lootmax: 5, wanted: 4
 0:30:51 [CE][SpawnRandomLoot] (StaticPoliceCar) :: ChildType: Land_Wreck_Volha_Police, lootmin: 3, lootmax: 5, wanted: 3
 0:30:51 [CE][SpawnRandomLoot] (StaticPoliceCar) :: ChildType: Land_Wreck_Volha_Police, lootmin: 3, lootmax: 5, wanted: 3
 0:30:51 [CE][SpawnRandomLoot] (StaticPoliceCar) :: ChildType: Land_Wreck_Volha_Police, lootmin: 3, lootmax: 5, wanted: 4
 0:30:51 [CE][SpawnRandomLoot] (StaticPoliceCar) :: ChildType: Land_Wreck_Volha_Police, lootmin: 3, lootmax: 5, wanted: 4
 0:30:51 [CE][SpawnRandomLoot] (StaticPoliceCar) :: ChildType: Land_Wreck_Volha_Police, lootmin: 3, lootmax: 5, wanted: 3
 0:30:51 [CE][SpawnRandomLoot] (StaticPoliceCar) :: ChildType: Land_Wreck_Volha_Police, lootmin: 3, lootmax: 5, wanted: 3
 0:30:51 [CE][SpawnRandomLoot] (StaticPoliceCar) :: ChildType: Land_Wreck_Volha_Police, lootmin: 3, lootmax: 5, wanted: 3
 0:31:00 Average server FPS: 7842.10 (measured interval: 30 s)
 0:31:00 Used memory: 1325001 KB
 0:31:00 Players: 0 in total
 0:31:30 Average server FPS: 5741.90 (measured interval: 30 s)
 0:31:30 Used memory: 1335483 KB
 0:31:30 Players: 0 in total
 0:31:55 [CE][SpawnRandomLoot] (StaticHeliCrash) :: ChildType: Wreck_Mi8, lootmin: 10, lootmax: 20, wanted: 11
 0:31:55 [CE][SpawnRandomLoot] (StaticHeliCrash) :: ChildType: Wreck_Mi8, lootmin: 10, lootmax: 20, wanted: 15
 0:31:55 [CE][SpawnRandomLoot] (StaticHeliCrash) :: ChildType: Wreck_Mi8, lootmin: 10, lootmax: 20, wanted: 11
 0:31:56 [CE][SpawnRandomLoot] (StaticPoliceCar) :: ChildType: Land_Wreck_Volha_Police, lootmin: 3, lootmax: 5, wanted: 4
 0:32:00 Average server FPS: 6769.37 (measured interval: 30 s)
 0:32:00 Used memory: 1344772 KB
 0:32:00 Players: 0 in total
 0:32:20 [CE][LootRespawner] (PRIDummy) :: Item [0] is hard to place, performance drops: "Fal_FoldingBttstck"
 0:32:30 Average server FPS: 8886.00 (measured interval: 30 s)
 0:32:30 Used memory: 1344769 KB
 0:32:30 Players: 0 in total
 0:33:00 Average server FPS: 9287.03 (measured interval: 30 s)
 0:33:00 Used memory: 1344823 KB
 0:33:00 Players: 0 in total
 0:33:30 Average server FPS: 9221.93 (measured interval: 30 s)
 0:33:30 Used memory: 1344810 KB
 0:33:30 Players: 0 in total
 0:34:00 Average server FPS: 8924.93 (measured interval: 30 s)
 0:34:00 Used memory: 1344956 KB
 0:34:00 Players: 0 in total
 0:34:26 BattlEye Server: RCon admin #0: (Global) The Community TEST SERVER will reboot in 25 minutes.
 0:34:30 Average server FPS: 9216.87 (measured interval: 30 s)
 0:34:30 Used memory: 1344675 KB
 0:34:30 Players: 0 in total
 0:35:00 Average server FPS: 9211.07 (measured interval: 30 s)
 0:35:00 Used memory: 1344586 KB
 0:35:00 Players: 0 in total
 0:35:30 Average server FPS: 8755.30 (measured interval: 30 s)
 0:35:30 Used memory: 1344767 KB
 0:35:30 Players: 0 in total
 0:36:00 Average server FPS: 9162.90 (measured interval: 30 s)
 0:36:00 Used memory: 1344652 KB
 0:36:00 Players: 0 in total
 0:36:30 Average server FPS: 8967.90 (measured interval: 30 s)
 0:36:30 Used memory: 1344576 KB
 0:36:30 Players: 0 in total
 0:37:00 Average server FPS: 9177.60 (measured interval: 30 s)
 0:37:00 Used memory: 1344356 KB
 0:37:00 Players: 0 in total
 0:37:30 Average server FPS: 9170.80 (measured interval: 30 s)
 0:37:30 Used memory: 1344243 KB
 0:37:30 Players: 0 in total
 0:38:00 Average server FPS: 9046.07 (measured interval: 30 s)
 0:38:00 Used memory: 1344387 KB
 0:38:00 Players: 0 in total
 0:38:30 Average server FPS: 9127.87 (measured interval: 30 s)
 0:38:30 Used memory: 1344223 KB
 0:38:30 Players: 0 in total
 0:39:00 Average server FPS: 9119.77 (measured interval: 30 s)
 0:39:00 Used memory: 1343957 KB
 0:39:00 Players: 0 in total
 0:39:30 Average server FPS: 8420.20 (measured interval: 30 s)
 0:39:30 Used memory: 1343917 KB
 0:39:30 Players: 0 in total
 0:40:00 Average server FPS: 8820.20 (measured interval: 30 s)
 0:40:00 Used memory: 1343675 KB
 0:40:00 Players: 0 in total
 0:40:26 BattlEye Server: RCon admin #0: (Global) Welcome to The Community Test Server! This server restarts every 30 Minutes
 0:40:30 Average server FPS: 8823.20 (measured interval: 30 s)
 0:40:30 Used memory: 1343563 KB
 0:40:30 Players: 0 in total
 0:40:31 BattlEye Server: RCon admin #0: (Global) Discord at https://discord.me/eXpoch -- I Still have TS3.donkeypunch.info
 0:40:41 BattlEye Server: RCon admin #0: (Global) Interesting new message here, inquire within battleye-BEC!
 0:41:00 Average server FPS: 8529.67 (measured interval: 30 s)
 0:41:00 Used memory: 1343390 KB
 0:41:00 Players: 0 in total
 0:41:30 Average server FPS: 8188.63 (measured interval: 30 s)
 0:41:30 Used memory: 1343076 KB
 0:41:30 Players: 0 in total
 0:42:00 Average server FPS: 8702.83 (measured interval: 30 s)
 0:42:00 Used memory: 1343016 KB
 0:42:00 Players: 0 in total
 0:42:30 Average server FPS: 8610.20 (measured interval: 30 s)
 0:42:30 Used memory: 1342828 KB
 0:42:30 Players: 0 in total
 0:43:00 Average server FPS: 8730.00 (measured interval: 30 s)
 0:43:00 Used memory: 1342701 KB
 0:43:00 Players: 0 in total
 0:43:07 [CE][LootRespawner] (PRIDummy) :: Item [1] is hard to place, performance drops: "FirefighterJacket_Black"
 0:43:30 Average server FPS: 8685.97 (measured interval: 30 s)
 0:43:30 Used memory: 1342665 KB
 0:43:30 Players: 0 in total
 0:44:00 Average server FPS: 8451.53 (measured interval: 30 s)
 0:44:00 Used memory: 1342498 KB
 0:44:00 Players: 0 in total
 0:44:26 BattlEye Server: RCon admin #0: (Global) The Community TEST SERVER will reboot in 15 minutes.
 0:44:30 Average server FPS: 8706.20 (measured interval: 30 s)
 0:44:30 Used memory: 1342853 KB
 0:44:30 Players: 0 in total
 0:45:00 Average server FPS: 8735.93 (measured interval: 30 s)
 0:45:00 Used memory: 1342671 KB
 0:45:00 Players: 0 in total
 0:45:30 Average server FPS: 7882.73 (measured interval: 30 s)
 0:45:30 Used memory: 1342905 KB
 0:45:30 Players: 0 in total
 0:46:00 Average server FPS: 8671.20 (measured interval: 30 s)
 0:46:00 Used memory: 1342945 KB
 0:46:00 Players: 0 in total
 0:46:30 Average server FPS: 8579.50 (measured interval: 30 s)
 0:46:30 Used memory: 1342678 KB
 0:46:30 Players: 0 in total
 0:46:43 !!! [CE][Point] Removing 3555.512207, 12099.579102 from Land_Shed_W4
 0:47:00 Average server FPS: 8455.57 (measured interval: 30 s)
 0:47:00 Used memory: 1342575 KB
 0:47:00 Players: 0 in total
 0:47:30 Average server FPS: 8667.13 (measured interval: 30 s)
 0:47:30 Used memory: 1342662 KB
 0:47:30 Players: 0 in total
 0:48:00 Average server FPS: 8737.10 (measured interval: 30 s)
 0:48:00 Used memory: 1342407 KB
 0:48:00 Players: 0 in total
 0:48:30 Average server FPS: 8861.67 (measured interval: 30 s)
 0:48:30 Used memory: 1342164 KB
 0:48:30 Players: 0 in total
 0:49:00 Average server FPS: 8592.97 (measured interval: 30 s)
 0:49:00 Used memory: 1342040 KB
 0:49:00 Players: 0 in total
 0:49:30 Average server FPS: 8636.33 (measured interval: 30 s)
 0:49:30 Used memory: 1342094 KB
 0:49:30 Players: 0 in total
 0:50:00 Average server FPS: 8696.03 (measured interval: 30 s)
 0:50:00 Used memory: 1342043 KB
 0:50:00 Players: 0 in total
 0:50:26 BattlEye Server: RCon admin #0: (Global) Welcome to The Community Test Server! This server restarts every 30 Minutes
 0:50:30 Average server FPS: 8490.27 (measured interval: 30 s)
 0:50:30 Used memory: 1341720 KB
 0:50:30 Players: 0 in total
 0:50:31 BattlEye Server: RCon admin #0: (Global) Discord at https://discord.me/eXpoch -- I Still have TS3.donkeypunch.info
 0:50:41 BattlEye Server: RCon admin #0: (Global) Interesting new message here, inquire within battleye-BEC!
 0:51:00 Average server FPS: 8781.03 (measured interval: 30 s)
 0:51:00 Used memory: 1341702 KB
 0:51:00 Players: 0 in total
 0:51:30 Average server FPS: 8547.47 (measured interval: 30 s)
 0:51:30 Used memory: 1341966 KB
 0:51:30 Players: 0 in total
 0:52:00 Average server FPS: 8492.23 (measured interval: 30 s)
 0:52:00 Used memory: 1341905 KB
 0:52:00 Players: 0 in total
 0:52:30 Average server FPS: 8453.93 (measured interval: 30 s)
 0:52:30 Used memory: 1341854 KB
 0:52:30 Players: 0 in total
 0:53:00 Average server FPS: 8446.67 (measured interval: 30 s)
 0:53:00 Used memory: 1341843 KB
 0:53:00 Players: 0 in total
 0:53:30 Average server FPS: 8375.07 (measured interval: 30 s)
 0:53:30 Used memory: 1341698 KB
 0:53:30 Players: 0 in total
 0:54:00 Average server FPS: 8199.87 (measured interval: 30 s)
 0:54:00 Used memory: 1341693 KB
 0:54:00 Players: 0 in total
 0:54:26 BattlEye Server: RCon admin #0: (Global) The Community TEST SERVER will reboot in 5 minutes. Wrap it up, getting close
 0:54:30 Average server FPS: 8321.03 (measured interval: 30 s)
 0:54:30 Used memory: 1341512 KB
 0:54:30 Players: 0 in total
 0:55:00 Average server FPS: 8304.33 (measured interval: 30 s)
 0:55:00 Used memory: 1341110 KB
 0:55:00 Players: 0 in total
 0:55:16 [CE][LootRespawner] (PRIDummy) :: Item [2] is hard to place, performance drops: "M4A1"
 0:55:30 Average server FPS: 8135.67 (measured interval: 30 s)
 0:55:30 Used memory: 1341548 KB
 0:55:30 Players: 0 in total
 0:56:00 Average server FPS: 8305.67 (measured interval: 30 s)
 0:56:00 Used memory: 1341382 KB
 0:56:00 Players: 0 in total
 0:56:30 Average server FPS: 8337.53 (measured interval: 30 s)
 0:56:30 Used memory: 1341127 KB
 0:56:30 Players: 0 in total
 0:56:35 [CE][LootRespawner] (PRIDummy) :: Item [3] is hard to place, performance drops: "Mag_AKM_30Rnd"
 0:57:00 Average server FPS: 8437.90 (measured interval: 30 s)
 0:57:00 Used memory: 1341494 KB
 0:57:00 Players: 0 in total
 0:57:26 BattlEye Server: RCon admin #0: (Global) The Community TEST SERVER will reboot in 2 minutes. LOG OUT NOW!
 0:57:30 Average server FPS: 8284.53 (measured interval: 30 s)
 0:57:30 Used memory: 1341513 KB
 0:57:30 Players: 0 in total
 0:58:00 Average server FPS: 8354.23 (measured interval: 30 s)
 0:58:00 Used memory: 1341658 KB
 0:58:00 Players: 0 in total
