 5:22:06 BattlEye Server: Initialized (v1.217)
 5:22:07 SUCCESS: SteamGameServer_Init(0,8766,2442,28056,3,1.07.153006)
 5:22:07 Roles assigned.
 5:22:07 Reading mission ...
 5:22:51 [CE][Hive] :: Initializing OFFLINE
 5:22:51 [CE][Hive] :: Loading core data ... 
 5:22:51 [CE][CoreData] :: 7 root classes, 19 defaults, 0 updaters...
 5:22:57 [CE][RegisterBind] :: 0 classes binded...
 5:22:57 [CE][RegisterConfig] :: 7390 config classes registered, 0 sub-counters...
 5:22:57 [CE][Hive] :: Loading map data ... 
 5:22:57 !!! [CE] :: Unknown category: 'vehicleparts'.
 5:22:57 !!! [CE] :: Unknown category: 'vehicleparts'.
 5:22:57 !!! [CE] :: Unknown category: 'vehicleparts'.
 5:22:57 !!! [CE] :: Unknown category: 'vehicleparts'.
 5:22:57 !!! [CE] :: Unknown category: 'vehicleparts'.
 5:22:57 !!! [CE] :: Unknown category: 'vehicleparts'.
 5:22:57 !!! [CE] :: Unknown category: 'vehicleparts'.
 5:22:57 !!! [CE] :: Unknown category: 'vehicleparts'.
 5:22:57 !!! [CE] :: Unknown category: 'vehicleparts'.
 5:22:57 !!! [CE] :: Unknown category: 'vehicleparts'.
 5:22:57 !!! [CE] :: Unknown category: 'vehicleparts'.
 5:22:57 !!! [CE] :: Unknown category: 'vehicleparts'.
 5:22:57 !!! [CE] :: Unknown category: 'vehicleparts'.
 5:22:57 !!! [CE] :: Unknown category: 'vehicleparts'.
 5:22:57 !!! [CE] :: Unknown category: 'vehicleparts'.
 5:22:57 !!! [CE] :: Unknown category: 'vehicleparts'.
 5:22:57 !!! [CE] :: Unknown category: 'vehicleparts'.
 5:22:57 !!! [CE] :: Unknown category: 'vehicleparts'.
 5:22:57 !!! [CE] :: Unknown category: 'vehicleparts'.
 5:22:57 !!! [CE] :: Unknown category: 'vehicleparts'.
 5:22:57 !!! [CE] :: Unknown category: 'vehicleparts'.
 5:22:57 !!! [CE] :: Unknown category: 'vehicleparts'.
 5:22:57 !!! [CE] :: Unknown category: 'vehicleparts'.
 5:22:57 !!! [CE] :: Unknown category: 'vehicleparts'.
 5:22:57 [CE][LoadPrototype] :: loaded 330 prototypes
 5:22:57   702 containers, 9116 points
 5:22:57   24 dispatches, 90 proxies
 5:22:57 !!! [CE][LoadPrototype] 12 groups have no points...
 5:22:57 !!![CE][LoadPrototype]  3 groups have wrong points...
 5:22:57 [CE][LoadPrototype] :: last group name: Land_Lunapark_Autodrome...
 5:22:57 [CE][LoadPrototype] :: loaded 0 prototypes
 5:22:57   0 containers, 0 points
 5:22:57   0 dispatches, 0 proxies
 5:22:57 [CE][LoadPrototype] :: last group name: PathD_7100...
 5:22:57 [CE][LoadMap] "Group" :: loaded 5086 groups, largest group range: 26.9
 5:22:57 [CE][LoadMap] "Dirt" :: loaded 0 groups, largest group range: 26.9
 5:22:57 [CE][LoadClusters] "Cluster" :: Loading files...
 5:22:57 [CE][LoadClusters] :: file: "mapgroupcluster.xml", 4 types, 50000 instances
 5:22:58 [CE][LoadClusters] :: file: "mapgroupcluster01", 4 types, 50000 instances
 5:22:58 [CE][LoadClusters] :: file: "mapgroupcluster02", 4 types, 50000 instances
 5:22:58 [CE][LoadClusters] :: file: "mapgroupcluster03", 4 types, 50000 instances
 5:22:58 [CE][LoadClusters] :: file: "mapgroupcluster04", 4 types, 21297 instances
 5:22:58 [CE][Storage] ver:21 stamp:30019, valid:yes, name:"mpmissions\TheCommunity.enoch\storage_666\data\types.bin"
 5:22:58 [CE][Storage] ver:21 stamp:30017, valid:yes, name:"mpmissions\TheCommunity.enoch\storage_666\data\types.001"
 5:22:58 [CE][Storage] ver:21 stamp:30018, valid:yes, name:"mpmissions\TheCommunity.enoch\storage_666\data\types.002"
 5:22:58 [CE][Storage] Restoring file "mpmissions\TheCommunity.enoch\storage_666\data\types.bin".
 5:22:58 [CE][offlineDB] :: Loaded 33 dynamic events 215 total types 0 total positions.
 5:22:58 !!! [CE][offlineDB] :: Failed to read 'db/types.xml' file.
 5:22:58 [CE][Storage] ver:21 stamp:30019, valid:yes, name:"mpmissions\TheCommunity.enoch\storage_666\data\events.bin"
 5:22:58 [CE][Storage] ver:21 stamp:30017, valid:yes, name:"mpmissions\TheCommunity.enoch\storage_666\data\events.001"
 5:22:58 [CE][Storage] ver:21 stamp:30018, valid:yes, name:"mpmissions\TheCommunity.enoch\storage_666\data\events.002"
 5:22:58 [CE][Storage] Restoring file "mpmissions\TheCommunity.enoch\storage_666\data\events.bin".
 5:22:58 [CE][DynamicEvent] Load  Events:[33] Primary spawners: 33 Secondary spawners: 1
 5:22:58 [CE][Storage] ver:24 stamp:30019, valid:yes, name:"mpmissions\TheCommunity.enoch\storage_666\data\vehicles.bin"
 5:22:58 [CE][Storage] ver:24 stamp:30017, valid:yes, name:"mpmissions\TheCommunity.enoch\storage_666\data\vehicles.001"
 5:22:58 [CE][Storage] ver:24 stamp:30018, valid:yes, name:"mpmissions\TheCommunity.enoch\storage_666\data\vehicles.002"
 5:22:58 [CE][Storage] Restoring file "mpmissions\TheCommunity.enoch\storage_666\data\vehicles.bin" 27 items.
 5:22:58   27 items loaded.
 5:22:58 [CE][Storage] ver:0 stamp:0, valid:NO, name:"mpmissions\TheCommunity.enoch\storage_666\data\dynamic_000.bin"
 5:22:58 [CE][Storage] ver:24 stamp:30017, valid:yes, name:"mpmissions\TheCommunity.enoch\storage_666\data\dynamic_000.001"
 5:22:58 [CE][Storage] ver:24 stamp:30018, valid:yes, name:"mpmissions\TheCommunity.enoch\storage_666\data\dynamic_000.002"
 5:22:58 [CE][Storage] Restoring file "mpmissions\TheCommunity.enoch\storage_666\data\dynamic_000.002" 10 items.
 5:22:58   10 items loaded.
 5:22:58 [CE][Storage] ver:0 stamp:0, valid:NO, name:"mpmissions\TheCommunity.enoch\storage_666\data\dynamic_001.bin"
 5:22:58 [CE][Storage] ver:24 stamp:30017, valid:yes, name:"mpmissions\TheCommunity.enoch\storage_666\data\dynamic_001.001"
 5:22:58 [CE][Storage] ver:24 stamp:30018, valid:yes, name:"mpmissions\TheCommunity.enoch\storage_666\data\dynamic_001.002"
 5:22:58 [CE][Storage] Restoring file "mpmissions\TheCommunity.enoch\storage_666\data\dynamic_001.002" 92 items.
 5:22:58   92 items loaded.
 5:22:58 [CE][Storage] ver:0 stamp:0, valid:NO, name:"mpmissions\TheCommunity.enoch\storage_666\data\dynamic_002.bin"
 5:22:58 [CE][Storage] ver:24 stamp:30017, valid:yes, name:"mpmissions\TheCommunity.enoch\storage_666\data\dynamic_002.001"
 5:22:58 [CE][Storage] ver:24 stamp:30018, valid:yes, name:"mpmissions\TheCommunity.enoch\storage_666\data\dynamic_002.002"
 5:22:58 [CE][Storage] Restoring file "mpmissions\TheCommunity.enoch\storage_666\data\dynamic_002.002" 24 items.
 5:22:58   24 items loaded.
 5:22:58 [CE][Storage] ver:0 stamp:0, valid:NO, name:"mpmissions\TheCommunity.enoch\storage_666\data\dynamic_003.bin"
 5:22:58 [CE][Storage] ver:24 stamp:30017, valid:yes, name:"mpmissions\TheCommunity.enoch\storage_666\data\dynamic_003.001"
 5:22:58 [CE][Storage] ver:24 stamp:30018, valid:yes, name:"mpmissions\TheCommunity.enoch\storage_666\data\dynamic_003.002"
 5:22:58 [CE][Storage] Restoring file "mpmissions\TheCommunity.enoch\storage_666\data\dynamic_003.002" 55 items.
 5:22:58   55 items loaded.
 5:22:58 [CE][Storage] ver:0 stamp:0, valid:NO, name:"mpmissions\TheCommunity.enoch\storage_666\data\dynamic_004.bin"
 5:22:58 [CE][Storage] ver:24 stamp:30017, valid:yes, name:"mpmissions\TheCommunity.enoch\storage_666\data\dynamic_004.001"
 5:22:58 [CE][Storage] ver:24 stamp:30018, valid:yes, name:"mpmissions\TheCommunity.enoch\storage_666\data\dynamic_004.002"
 5:22:58 [CE][Storage] Restoring file "mpmissions\TheCommunity.enoch\storage_666\data\dynamic_004.002" 49 items.
 5:22:58   49 items loaded.
 5:22:58 [CE][Storage] ver:0 stamp:0, valid:NO, name:"mpmissions\TheCommunity.enoch\storage_666\data\dynamic_005.bin"
 5:22:58 [CE][Storage] ver:24 stamp:30017, valid:yes, name:"mpmissions\TheCommunity.enoch\storage_666\data\dynamic_005.001"
 5:22:58 [CE][Storage] ver:24 stamp:30018, valid:yes, name:"mpmissions\TheCommunity.enoch\storage_666\data\dynamic_005.002"
 5:22:58 [CE][Storage] Restoring file "mpmissions\TheCommunity.enoch\storage_666\data\dynamic_005.002" 62 items.
 5:22:58   62 items loaded.
 5:22:58 [CE][Storage] ver:0 stamp:0, valid:NO, name:"mpmissions\TheCommunity.enoch\storage_666\data\dynamic_006.bin"
 5:22:58 [CE][Storage] ver:24 stamp:30017, valid:yes, name:"mpmissions\TheCommunity.enoch\storage_666\data\dynamic_006.001"
 5:22:58 [CE][Storage] ver:24 stamp:30018, valid:yes, name:"mpmissions\TheCommunity.enoch\storage_666\data\dynamic_006.002"
 5:22:58 [CE][Storage] Restoring file "mpmissions\TheCommunity.enoch\storage_666\data\dynamic_006.002" 52 items.
 5:22:58   52 items loaded.
 5:22:58 [CE][Storage] ver:0 stamp:0, valid:NO, name:"mpmissions\TheCommunity.enoch\storage_666\data\dynamic_007.bin"
 5:22:58 [CE][Storage] ver:24 stamp:30017, valid:yes, name:"mpmissions\TheCommunity.enoch\storage_666\data\dynamic_007.001"
 5:22:58 [CE][Storage] ver:24 stamp:30018, valid:yes, name:"mpmissions\TheCommunity.enoch\storage_666\data\dynamic_007.002"
 5:22:58 [CE][Storage] Restoring file "mpmissions\TheCommunity.enoch\storage_666\data\dynamic_007.002" 36 items.
 5:22:59   36 items loaded.
 5:22:59 [CE][Storage] ver:0 stamp:0, valid:NO, name:"mpmissions\TheCommunity.enoch\storage_666\data\dynamic_008.bin"
 5:22:59 [CE][Storage] ver:24 stamp:30017, valid:yes, name:"mpmissions\TheCommunity.enoch\storage_666\data\dynamic_008.001"
 5:22:59 [CE][Storage] ver:24 stamp:30018, valid:yes, name:"mpmissions\TheCommunity.enoch\storage_666\data\dynamic_008.002"
 5:22:59 [CE][Storage] Restoring file "mpmissions\TheCommunity.enoch\storage_666\data\dynamic_008.002" 30 items.
 5:22:59   30 items loaded.
 5:22:59 [CE][Storage] ver:0 stamp:0, valid:NO, name:"mpmissions\TheCommunity.enoch\storage_666\data\dynamic_009.bin"
 5:22:59 [CE][Storage] ver:24 stamp:30017, valid:yes, name:"mpmissions\TheCommunity.enoch\storage_666\data\dynamic_009.001"
 5:22:59 [CE][Storage] ver:24 stamp:30018, valid:yes, name:"mpmissions\TheCommunity.enoch\storage_666\data\dynamic_009.002"
 5:22:59 [CE][Storage] Restoring file "mpmissions\TheCommunity.enoch\storage_666\data\dynamic_009.002" 21 items.
 5:22:59   21 items loaded.
 5:22:59 [CE][Storage] ver:0 stamp:0, valid:NO, name:"mpmissions\TheCommunity.enoch\storage_666\data\dynamic_010.bin"
 5:22:59 [CE][Storage] ver:24 stamp:30017, valid:yes, name:"mpmissions\TheCommunity.enoch\storage_666\data\dynamic_010.001"
 5:22:59 [CE][Storage] ver:24 stamp:30018, valid:yes, name:"mpmissions\TheCommunity.enoch\storage_666\data\dynamic_010.002"
 5:22:59 [CE][Storage] Restoring file "mpmissions\TheCommunity.enoch\storage_666\data\dynamic_010.002" 120 items.
 5:22:59   120 items loaded.
 5:22:59 [CE][Storage] ver:0 stamp:0, valid:NO, name:"mpmissions\TheCommunity.enoch\storage_666\data\dynamic_011.bin"
 5:22:59 [CE][Storage] ver:24 stamp:30017, valid:yes, name:"mpmissions\TheCommunity.enoch\storage_666\data\dynamic_011.001"
 5:22:59 [CE][Storage] ver:24 stamp:30018, valid:yes, name:"mpmissions\TheCommunity.enoch\storage_666\data\dynamic_011.002"
 5:22:59 [CE][Storage] Restoring file "mpmissions\TheCommunity.enoch\storage_666\data\dynamic_011.002" 18 items.
 5:22:59   18 items loaded.
 5:22:59 [CE][Hive] :: Storage load took:0.34 seconds, recovery stamp:30019
 5:22:59   entity: 799, building: 0
 5:22:59   no lifetime: 27
 5:22:59 [CE][Hive] :: Initializing ... 
 5:22:59 [CE][InitializeMap] :: initialized: 0
 5:22:59 [CE][Hive] :: Initializing spawners ... 
 5:22:59 [CE][DynEvent] :: 33 types
 5:22:59 [00] AmbientHen
 5:22:59   Primary Spawner: "Ambient", active: yes, repeat: 1
 5:22:59 [01] AnimalBear
 5:22:59   Primary Spawner: "Animal", active: yes, repeat: 1
 5:22:59 [02] AnimalCow
 5:22:59   Primary Spawner: "Animal", active: yes, repeat: 1
 5:22:59 [03] AnimalDeer
 5:22:59   Primary Spawner: "Animal", active: yes, repeat: 1
 5:22:59 [04] AnimalGoat
 5:22:59   Primary Spawner: "Animal", active: yes, repeat: 1
 5:22:59 [05] AnimalPig
 5:22:59   Primary Spawner: "Animal", active: yes, repeat: 1
 5:22:59 [06] AnimalRoeDeer
 5:22:59   Primary Spawner: "Animal", active: yes, repeat: 1
 5:22:59 [07] AnimalSheep
 5:22:59   Primary Spawner: "Animal", active: yes, repeat: 1
 5:22:59 [08] AnimalWildBoar
 5:22:59   Primary Spawner: "Animal", active: yes, repeat: 1
 5:22:59 [09] AnimalWolf
 5:22:59   Primary Spawner: "Animal", active: yes, repeat: 1
 5:22:59 [10] InfectedArmy
 5:22:59   Primary Spawner: "Infected", active: yes, repeat: 1
 5:22:59 [11] InfectedCity
 5:22:59   Primary Spawner: "Infected", active: yes, repeat: 1
 5:22:59 [12] InfectedFirefighter
 5:22:59   Primary Spawner: "Infected", active: yes, repeat: 1
 5:22:59 [13] InfectedIndustrial
 5:22:59   Primary Spawner: "Infected", active: yes, repeat: 1
 5:22:59 [14] I