23:56:19 BattlEye Server: Initialized (v1.217)
23:56:19 SUCCESS: SteamGameServer_Init(0,8766,2442,28056,3,1.07.153006)
23:56:19 Roles assigned.
23:56:19 Reading mission ...
23:57:02 [CE][Hive] :: Initializing OFFLINE
23:57:02 [CE][Hive] :: Loading core data ... 
23:57:02 [CE][CoreData] :: 7 root classes, 19 defaults, 0 updaters...
23:57:06 [CE][TypeSetup] :: 408 classes setuped...
23:57:06 [CE][RegisterBind] :: 0 classes binded...
23:57:06 [CE][RegisterConfig] :: 3115 config classes registered, 1 sub-counters...
23:57:06 [CE][Hive] :: Loading map data ... 
23:57:06 !!! [CE] :: Unknown category: 'vehicleparts'.
23:57:06 !!! [CE] :: Unknown category: 'vehicleparts'.
23:57:06 !!! [CE] :: Unknown category: 'vehicleparts'.
23:57:06 !!! [CE] :: Unknown category: 'vehicleparts'.
23:57:06 !!! [CE] :: Unknown category: 'vehicleparts'.
23:57:06 !!! [CE] :: Unknown category: 'vehicleparts'.
23:57:06 !!! [CE] :: Unknown category: 'vehicleparts'.
23:57:06 !!! [CE] :: Unknown category: 'vehicleparts'.
23:57:06 !!! [CE] :: Unknown category: 'vehicleparts'.
23:57:06 !!! [CE] :: Unknown category: 'vehicleparts'.
23:57:06 !!! [CE] :: Unknown category: 'vehicleparts'.
23:57:06 !!! [CE] :: Unknown category: 'vehicleparts'.
23:57:06 !!! [CE] :: Unknown category: 'vehicleparts'.
23:57:06 !!! [CE] :: Unknown category: 'vehicleparts'.
23:57:06 !!! [CE] :: Unknown category: 'vehicleparts'.
23:57:06 !!! [CE] :: Unknown category: 'vehicleparts'.
23:57:06 !!! [CE] :: Unknown category: 'vehicleparts'.
23:57:06 !!! [CE] :: Unknown category: 'vehicleparts'.
23:57:06 !!! [CE] :: Unknown category: 'vehicleparts'.
23:57:06 !!! [CE] :: Unknown category: 'vehicleparts'.
23:57:06 !!! [CE] :: Unknown category: 'vehicleparts'.
23:57:06 !!! [CE] :: Unknown category: 'vehicleparts'.
23:57:06 !!! [CE] :: Unknown category: 'vehicleparts'.
23:57:06 !!! [CE] :: Unknown category: 'vehicleparts'.
23:57:06 [CE][LoadPrototype] :: loaded 330 prototypes
23:57:06   702 containers, 9116 points
23:57:06   24 dispatches, 90 proxies
23:57:06 !!! [CE][LoadPrototype] 12 groups have no points...
23:57:06 !!![CE][LoadPrototype]  3 groups have wrong points...
23:57:06 [CE][LoadPrototype] :: last group name: Land_Lunapark_Autodrome...
23:57:06 [CE][LoadPrototype] :: loaded 0 prototypes
23:57:06   0 containers, 0 points
23:57:06   0 dispatches, 0 proxies
23:57:06 [CE][LoadPrototype] :: last group name: PathD_7100...
23:57:07 [CE][LoadMap] "Group" :: loaded 5086 groups, largest group range: 26.9
23:57:07 [CE][LoadMap] "Dirt" :: loaded 0 groups, largest group range: 26.9
23:57:07 [CE][LoadClusters] "Cluster" :: Loading files...
23:57:07 [CE][LoadClusters] :: file: "mapgroupcluster.xml", 4 types, 50000 instances
23:57:07 [CE][LoadClusters] :: file: "mapgroupcluster01", 4 types, 50000 instances
23:57:08 [CE][LoadClusters] :: file: "mapgroupcluster02", 4 types, 50000 instances
23:57:08 [CE][LoadClusters] :: file: "mapgroupcluster03", 4 types, 50000 instances
23:57:08 [CE][LoadClusters] :: file: "mapgroupcluster04", 4 types, 21297 instances
23:57:08 [CE][Storage] ver:21 stamp:417, valid:yes, name:"mpmissions\TheCommunity.enoch\storage_666\data\types.bin"
23:57:08 [CE][Storage] ver:21 stamp:415, valid:yes, name:"mpmissions\TheCommunity.enoch\storage_666\data\types.001"
23:57:08 [CE][Storage] ver:21 stamp:416, valid:yes, name:"mpmissions\TheCommunity.enoch\storage_666\data\types.002"
23:57:08 [CE][Storage] Restoring file "mpmissions\TheCommunity.enoch\storage_666\data\types.bin".
23:57:08 [CE][offlineDB] :: Loaded 32 dynamic events 211 total types 0 total positions.
23:57:08 [CE][Storage] ver:21 stamp:417, valid:yes, name:"mpmissions\TheCommunity.enoch\storage_666\data\events.bin"
23:57:08 [CE][Storage] ver:21 stamp:415, valid:yes, name:"mpmissions\TheCommunity.enoch\storage_666\data\events.001"
23:57:08 [CE][Storage] ver:21 stamp:416, valid:yes, name:"mpmissions\TheCommunity.enoch\storage_666\data\events.002"
23:57:08 [CE][Storage] Restoring file "mpmissions\TheCommunity.enoch\storage_666\data\events.bin".
23:57:08 [CE][DynamicEvent] Load  Events:[32] Primary spawners: 32 Secondary spawners: 1
23:57:08 [CE][Storage] ver:24 stamp:417, valid:yes, name:"mpmissions\TheCommunity.enoch\storage_666\data\vehicles.bin"
23:57:08 [CE][Storage] ver:24 stamp:415, valid:yes, name:"mpmissions\TheCommunity.enoch\storage_666\data\vehicles.001"
23:57:08 [CE][Storage] ver:24 stamp:416, valid:yes, name:"mpmissions\TheCommunity.enoch\storage_666\data\vehicles.002"
23:57:08 [CE][Storage] Restoring file "mpmissions\TheCommunity.enoch\storage_666\data\vehicles.bin" 103 items.
23:57:08   103 items loaded.
23:57:08 [CE][Storage] ver:0 stamp:0, valid:NO, name:"mpmissions\TheCommunity.enoch\storage_666\data\dynamic_000.bin"
23:57:08 [CE][Storage] ver:24 stamp:415, valid:yes, name:"mpmissions\TheCommunity.enoch\storage_666\data\dynamic_000.001"
23:57:08 [CE][Storage] ver:24 stamp:416, valid:yes, name:"mpmissions\TheCommunity.enoch\storage_666\data\dynamic_000.002"
23:57:08 [CE][Storage] Restoring file "mpmissions\TheCommunity.enoch\storage_666\data\dynamic_000.002" 264 items.
23:57:08   264 items loaded.
23:57:08 [CE][Storage] ver:0 stamp:0, valid:NO, name:"mpmissions\TheCommunity.enoch\storage_666\data\dynamic_001.bin"
23:57:08 [CE][Storage] ver:24 stamp:415, valid:yes, name:"mpmissions\TheCommunity.enoch\storage_666\data\dynamic_001.001"
23:57:08 [CE][Storage] ver:24 stamp:416, valid:yes, name:"mpmissions\TheCommunity.enoch\storage_666\data\dynamic_001.002"
23:57:08 [CE][Storage] Restoring file "mpmissions\TheCommunity.enoch\storage_666\data\dynamic_001.002" 1596 items.
23:57:09   1596 items loaded.
23:57:09 [CE][Storage] ver:0 stamp:0, valid:NO, name:"mpmissions\TheCommunity.enoch\storage_666\data\dynamic_002.bin"
23:57:09 [CE][Storage] ver:24 stamp:415, valid:yes, name:"mpmissions\TheCommunity.enoch\storage_666\data\dynamic_002.001"
23:57:09 [CE][Storage] ver:24 stamp:416, valid:yes, name:"mpmissions\TheCommunity.enoch\storage_666\data\dynamic_002.002"
23:57:09 [CE][Storage] Restoring file "mpmissions\TheCommunity.enoch\storage_666\data\dynamic_002.002" 425 items.
23:57:09   425 items loaded.
23:57:09 [CE][Storage] ver:0 stamp:0, valid:NO, name:"mpmissions\TheCommunity.enoch\storage_666\data\dynamic_003.bin"
23:57:09 [CE][Storage] ver:24 stamp:415, valid:yes, name:"mpmissions\TheCommunity.enoch\storage_666\data\dynamic_003.001"
23:57:09 [CE][Storage] ver:24 stamp:416, valid:yes, name:"mpmissions\TheCommunity.enoch\storage_666\data\dynamic_003.002"
23:57:09 [CE][Storage] Restoring file "mpmissions\TheCommunity.enoch\storage_666\data\dynamic_003.002" 836 items.
23:57:09   836 items loaded.
23:57:09 [CE][Storage] ver:0 stamp:0, valid:NO, name:"mpmissions\TheCommunity.enoch\storage_666\data\dynamic_004.bin"
23:57:09 [CE][Storage] ver:24 stamp:415, valid:yes, name:"mpmissions\TheCommunity.enoch\storage_666\data\dynamic_004.001"
23:57:09 [CE][Storage] ver:24 stamp:416, valid:yes, name:"mpmissions\TheCommunity.enoch\storage_666\data\dynamic_004.002"
23:57:09 [CE][Storage] Restoring file "mpmissions\TheCommunity.enoch\storage_666\data\dynamic_004.002" 1006 items.
23:57:10   1006 items loaded.
23:57:10 [CE][Storage] ver:0 stamp:0, valid:NO, name:"mpmissions\TheCommunity.enoch\storage_666\data\dynamic_005.bin"
23:57:10 [CE][Storage] ver:24 stamp:415, valid:yes, name:"mpmissions\TheCommunity.enoch\storage_666\data\dynamic_005.001"
23:57:10 [CE][Storage] ver:24 stamp:416, valid:yes, name:"mpmissions\TheCommunity.enoch\storage_666\data\dynamic_005.002"
23:57:10 [CE][Storage] Restoring file "mpmissions\TheCommunity.enoch\storage_666\data\dynamic_005.002" 1238 items.
23:57:10   1238 items loaded.
23:57:10 [CE][Storage] ver:0 stamp:0, valid:NO, name:"mpmissions\TheCommunity.enoch\storage_666\data\dynamic_006.bin"
23:57:10 [CE][Storage] ver:24 stamp:415, valid:yes, name:"mpmissions\TheCommunity.enoch\storage_666\data\dynamic_006.001"
23:57:10 [CE][Storage] ver:24 stamp:416, valid:yes, name:"mpmissions\TheCommunity.enoch\storage_666\data\dynamic_006.002"
23:57:10 [CE][Storage] Restoring file "mpmissions\TheCommunity.enoch\storage_666\data\dynamic_006.002" 680 items.
23:57:10   680 items loaded.
23:57:10 [CE][Storage] ver:0 stamp:0, valid:NO, name:"mpmissions\TheCommunity.enoch\storage_666\data\dynamic_007.bin"
23:57:10 [CE][Storage] ver:24 stamp:415, valid:yes, name:"mpmissions\TheCommunity.enoch\storage_666\data\dynamic_007.001"
23:57:10 [CE][Storage] ver:24 stamp:416, valid:yes, name:"mpmissions\TheCommunity.enoch\storage_666\data\dynamic_007.002"
23:57:10 [CE][Storage] Restoring file "mpmissions\TheCommunity.enoch\storage_666\data\dynamic_007.002" 761 items.
23:57:10   761 items loaded.
23:57:10 [CE][Storage] ver:0 stamp:0, valid:NO, name:"mpmissions\TheCommunity.enoch\storage_666\data\dynamic_008.bin"
23:57:10 [CE][Storage] ver:24 stamp:415, valid:yes, name:"mpmissions\TheCommunity.enoch\storage_666\data\dynamic_008.001"
23:57:10 [CE][Storage] ver:24 stamp:416, valid:yes, name:"mpmissions\TheCommunity.enoch\storage_666\data\dynamic_008.002"
23:57:10 [CE][Storage] Restoring file "mpmissions\TheCommunity.enoch\storage_666\data\dynamic_008.002" 712 items.
23:57:10   712 items loaded.
23:57:10 [CE][Storage] ver:0 stamp:0, valid:NO, name:"mpmissions\TheCommunity.enoch\storage_666\data\dynamic_009.bin"
23:57:10 [CE][Storage] ver:24 stamp:415, valid:yes, name:"mpmissions\TheCommunity.enoch\storage_666\data\dynamic_009.001"
23:57:10 [CE][Storage] ver:24 stamp:416, valid:yes, name:"mpmissions\TheCommunity.enoch\storage_666\data\dynamic_009.002"
23:57:10 [CE][Storage] Restoring file "mpmissions\TheCommunity.enoch\storage_666\data\dynamic_009.002" 635 items.
23:57:10   635 items loaded.
23:57:10 [CE][Storage] ver:0 stamp:0, valid:NO, name:"mpmissions\TheCommunity.enoch\storage_666\data\dynamic_010.bin"
23:57:10 [CE][Storage] ver:24 stamp:415, valid:yes, name:"mpmissions\TheCommunity.enoch\storage_666\data\dynamic_010.001"
23:57:10 [CE][Storage] ver:24 stamp:416, valid:yes, name:"mpmissions\TheCommunity.enoch\storage_666\data\dynamic_010.002"
23:57:10 [CE][Storage] Restoring file "mpmissions\TheCommunity.enoch\storage_666\data\dynamic_010.002" 1750 items.
23:57:11   1750 items loaded.
23:57:11 [CE][Storage] ver:0 stamp:0, valid:NO, name:"mpmissions\TheCommunity.enoch\storage_666\data\dynamic_011.bin"
23:57:11 [CE][Storage] ver:24 stamp:415, valid:yes, name:"mpmissions\TheCommunity.enoch\storage_666\data\dynamic_011.001"
23:57:11 [CE][Storage] ver:24 stamp:416, valid:yes, name:"mpmissions\TheCommunity.enoch\storage_666\data\dynamic_011.002"
23:57:11 [CE][Storage] Restoring file "mpmissions\TheCommunity.enoch\storage_666\data\dynamic_011.002" 241 items.
23:57:11   241 items loaded.
23:57:11 [CE][Hive] :: Storage load took:2.63 seconds, recovery stamp:417
23:57:11   entity: 11008, building: 0
23:57:11   no lifetime: 40
23:57:11 [CE][Hive] :: Initializing ... 
23:57:11 [CE][InitializeMap] :: initialized: 0
23:57:11 [CE][Hive] :: Initializing spawners ... 
23:57:13 [CE][LootRespawner] (PRIDummy) :: Item [0] causing search overtime: "CivSedanHood_Wine"
23:57:13 [CE][LootRespawner] (PRIDummy) :: Item [1] causing search overtime: "CivSedanHood_Wine"
23:57:13 [CE][LootRespawner] (PRIDummy) :: Item [2] causing search overtime: "CivSedanHood_Wine"
23:57:13 [CE][LootRespawner] (PRIDummy) :: Item [3] causing search overtime: "CivSedanHood_Wine"
23:57:13 [CE][LootRespawner] (PRIDummy) :: Item [4] causing search overtime: "CivSedanHood_Wine"
23:57:13 [CE][LootRespawner] (PRIDummy) :: Item [5] causing search overtime: "CivSedanHood_Wine"
23:57:13 [CE][LootRespawner] (PRIDummy) :: Item [6] causing search overtime: "CivSedanHood_Wine"
23:57:13 [CE][LootRespawner] (PRIDummy) :: Item [7] causing search overtime: "CivSedanHood_Wine"
23:57:13 [CE][LootRespawner] (PRIDummy) :: Item [8] causing search overtime: "CivSedanHood_Wine"
23:57:13 [CE][LootRespawner] (PRIDummy) :: Item [9] causing search overtime: "CivSedanHood_Wine"
23:57:13 [CE][LootRespawner] (PRIDummy) :: Item [10] causing search overtime: "Sedan_02_Trunk_Grey"
23:57:13 [CE][LootRespawner] (PRIDummy) :: Item [11] causing search overtime: "Sedan_02_Trunk_Grey"
23:57:13 [CE][LootRespawner] (PRIDummy) :: Item [12] causing search overtime: "Sedan_02_Trunk_Grey"
23:57:13 [CE][LootRespawner] (PRIDummy) :: Item [13] causing search overtime: "Sedan_02_Trunk_Grey"
23:57:13 [CE][LootRespawner] (PRIDummy) :: Item [14] causing search overtime: "Sedan_02_Trunk_Grey"
23:57:13 [CE][LootRespawner] (PRIDummy) :: Item [15] causing search overtime: "Sedan_02_Trunk_Grey"
23:57:13 [CE][LootRespawner] (PRIDummy) :: Item [16] causing search overtime: "Sedan_02_Trunk_Grey"
23:57:13 [CE][LootRespawner] (PRIDummy) :: Item [17] causing search overtime: "Sedan_02_Trunk_Grey"
23:57:13 [CE][LootRespawner] (PRIDummy) :: Item [18] causing search overtime: "Sedan_02_Trunk_Grey"
23:57:13 [CE][LootRespawner] (PRIDummy) :: Item [19] causing search overtime: "Sedan_02_Trunk_Grey"
23:57:13 [CE][LootRespawner] (PRIDummy) :: Initially (re)spawned:102, Nominal:12429, Total in Map: 10388 at 0 (sec)
23:57:13   tests:103, repeats:1 fails:0, overtime:480
23:57:13 [CE][DynEvent] :: 32 types
23:57:13 [00] AmbientHen
23:57:13   Primary Spawner: "Ambient", active: yes, repeat: 1
23:57:13 [01] AnimalBear
23:57:13   Primary Spawner: "Animal", active: yes, repeat: 1
23:57:13 [02] AnimalCow
23:57:13   Primary Spawner: "Animal", active: yes, repeat: 1
23:57:13 [03] AnimalDeer
23:57:13   Primary Spawner: "Animal", active: yes, repeat: 1
23:57:13 [04] AnimalGoat
23:57:13   Primary Spawner: "Animal", active: yes, repeat: 1
23:57:13 [05] AnimalPig
23:57:13   Primary Spawner: "Animal", active: yes, repeat: 1
23:57:13 [06] AnimalRoeDeer
23:57:13   Primary Spawner: "Animal", active: yes, repeat: 1
23:57:13 [07] AnimalSheep
23:57:13   Primary Spawner: "Animal", active: yes, repeat: 1
23:57:13 [08] AnimalWildBoar
23:57:13   Primary Spawner: "Animal", active: yes, repeat: 1
23:57:13 [09] AnimalWolf
23:57:13   Primary Spawner: "Animal", active: yes, repeat: 1
23:57:13 [10] InfectedArmy
23:57:13   Primary Spawner: "Infected", active: yes, repeat: 1
23:57:13 [11] InfectedCity
23:57:13   Primary Spawner: "Infected", active: yes, repeat: 1
23:57:13 [12] InfectedFirefighter
23:57:13   Primary Spawner: "Infected", active: yes, repeat: 1
23:57:13 [13] InfectedIndustrial
23:57:13   Primary Spawner: "Infected", active: yes, repeat: 1
23:57:13 [14] InfectedMedic
23:57:13   Primary Spawner: "Infected", active: yes, repeat: 1
23:57:13 [15] InfectedPolice
23:57:13   Primary Spawner: "Infected", active: yes, repeat: 1
23:57:13 [16] InfectedPrisoner
23:57:13   Primary Spawner: "Infected", active: yes, repeat: 1
23:57:13 [17] InfectedReligious
23:57:13   Primary Spawner: "Infected", active: yes, repeat: 1
23:57:13 [18] InfectedSolitude
23:57:13   Primary Spawner: "Infected", active: yes, repeat: 1
23:57:13 [19] InfectedVillage
23:57:13   Primary Spawner: "Infected", active: yes, repeat: 1
23:57:13 [20] ItemPlanks
23:57:13   Primary Spawner: "Item", active: yes, repeat: 1
23:57:13 [21] Loot
23:57:13   Primary Spawner: "Loot", active: yes, repeat: 2
23:57:13 [22] StaticHeliCrash
23:57:13   Primary Spawner: "Vehicle", active: yes, repeat: 1
23:57:13   Secondary Spawner: "Infected", active: yes, repeat: 1
23:57:13 [23] StaticPoliceCar
23:57:13   Primary Spawner: "Vehicle", active: yes, repeat: 1
23:57:13 [24] TrajectoryConiferous
23:57:13   Primary Spawner: "Trajectory", active: yes, repeat: 1
23:57:13 [25] TrajectoryDeciduous
23:57:13   Primary Spawner: "Trajectory", active: yes, repeat: 1
23:57:13 [26] TrajectoryHumus
23:57:13   Primary Spawner: "Trajectory", active: yes, repeat: 1
23:57:13 [27] TrajectoryStones
23:57:13   Primary Spawner: "Trajectory", active: yes, repeat: 1
23:57:13 [28] VehicleCivilianSedan
23:57:13   Primary Spawner: "Vehicle", active: yes, repeat: 1
23:57:13 [29] VehicleHatchback02
23:57:13   Primary Spawner: "Vehicle", active: yes, repeat: 1
23:57:13 [30] VehicleOffroadHatchback
23:57:13   Primary Spawner: "Vehicle", active: yes, repeat: 1
23:57:13 [31] VehicleSedan02
23:57:13   Primary Spawner: "Vehicle", active: yes, repeat: 1
23:57:13 [CE][Hive] :: Initializing of spawners done.
23:57:13 [CE][Hive] :: Init sequence finished.
23:57:37 BattlEye Server: RCon admin #0 (127.0.0.1:58538) logged in
23:57:43 Average server FPS: 5958.67 (measured interval: 30 s)
23:57:43 Used memory: 1272838 KB
23:57:43 Players: 0 in total
23:58:13 Average server FPS: 7963.03 (measured interval: 30 s)
23:58:13 Used memory: 1288433 KB
23:58:13 Players: 0 in total
23:58:37 BattlEye Server: RCon admin #0: (Global) Welcome to The Community Test Server! This server restarts every 30 Minutes
23:58:42 BattlEye Server: RCon admin #0: (Global) Discord at https://discord.me/eXpoch -- I Still have TS3.donkeypunch.info
23:58:43 Average server FPS: 8344.40 (measured interval: 30 s)
23:58:43 Used memory: 1307443 KB
23:58:43 Players: 0 in total
23:58:52 BattlEye Server: RCon admin #0: (Global) Interesting new message here, inquire within battleye-BEC!
23:59:13 Average server FPS: 8157.67 (measured interval: 30 s)
23:59:13 Used memory: 1324633 KB
23:59:13 Players: 0 in total
23:59:43 Average server FPS: 8263.27 (measured interval: 30 s)
23:59:43 Used memory: 1338349 KB
23:59:43 Players: 0 in total
 0:00:13 Average server FPS: 8992.23 (measured interval: 30 s)
 0:00:13 Used memory: 1340308 KB
 0:00:13 Players: 0 in total
 0:00:43 Average server FPS: 9498.57 (measured interval: 30 s)
 0:00:43 Used memory: 1340557 KB
 0:00:43 Players: 0 in total
 0:01:13 Average server FPS: 9203.40 (measured interval: 30 s)
 0:01:13 Used memory: 1340706 KB
 0:01:13 Players: 0 in total
 0:01:43 Average server FPS: 9325.83 (measured interval: 30 s)
 0:01:43 Used memory: 1340399 KB
 0:01:43 Players: 0 in total
 0:02:13 Average server FPS: 9309.70 (measured interval: 30 s)
 0:02:13 Used memory: 1340511 KB
 0:02:13 Players: 0 in total
 0:02:37 BattlEye Server: RCon admin #0: (Global) The Community TEST SERVER will reboot in 25 minutes.
 0:02:43 Average server FPS: 9446.13 (measured interval: 30 s)
 0:02:43 Used memory: 1340323 KB
 0:02:43 Players: 0 in total
 0:03:13 Average server FPS: 9262.13 (measured interval: 30 s)
 0:03:13 Used memory: 1340669 KB
 0:03:13 Players: 0 in total
 0:03:43 Average server FPS: 9337.27 (measured interval: 30 s)
 0:03:43 Used memory: 1340760 KB
 0:03:43 Players: 0 in total
 0:04:13 Average server FPS: 9377.70 (measured interval: 30 s)
 0:04:13 Used memory: 1340992 KB
 0:04:13 Players: 0 in total
 0:04:43 Average server FPS: 9334.47 (measured interval: 30 s)
 0:04:43 Used memory: 1340942 KB
 0:04:43 Players: 0 in total
 0:05:13 Average server FPS: 9422.43 (measured interval: 30 s)
 0:05:13 Used memory: 1340721 KB
 0:05:13 Players: 0 in total
 0:05:43 Average server FPS: 9374.63 (measured interval: 30 s)
 0:05:43 Used memory: 1340769 KB
 0:05:43 Players: 0 in total
 0:06:13 Average server FPS: 9423.90 (measured interval: 30 s)
 0:06:13 Used memory: 1340729 KB
 0:06:13 Players: 0 in total
 0:06:35 [CE][LootRespawner] (PRIDummy) :: Item [0] is hard to place, performance drops: "Handcuffs"
 0:06:35 [CE][LootRespawner] (PRIDummy) :: Item [1] is hard to place, performance drops: "Handcuffs"
 0:06:43 Average server FPS: 9162.30 (measured interval: 30 s)
 0:06:43 Used memory: 1340900 KB
 0:06:43 Players: 0 in total
 0:07:13 Average server FPS: 9375.07 (measured interval: 30 s)
 0:07:13 Used memory: 1340723 KB
 0:07:13 Players: 0 in total
 0:07:43 Average server FPS: 9227.40 (measured interval: 30 s)
 0:07:43 Used memory: 1340334 KB
 0:07:43 Players: 0 in total
 0:08:13 Average server FPS: 9261.23 (measured interval: 30 s)
 0:08:13 Used memory: 1340367 KB
 0:08:13 Players: 0 in total
 0:08:37 BattlEye Server: RCon admin #0: (Global) Welcome to The Community Test Server! This server restarts every 30 Minutes
 0:08:42 BattlEye Server: RCon admin #0: (Global) Discord at https://discord.me/eXpoch -- I Still have TS3.donkeypunch.info
 0:08:43 Average server FPS: 9477.03 (measured interval: 30 s)
 0:08:43 Used memory: 1340429 KB
 0:08:43 Players: 0 in total
 0:08:52 BattlEye Server: RCon admin #0: (Global) Interesting new message here, inquire within battleye-BEC!
 0:09:13 Average server FPS: 9401.70 (measured interval: 30 s)
 0:09:13 Used memory: 1340344 KB
 0:09:13 Players: 0 in total
 0:09:43 Average server FPS: 9167.60 (measured interval: 30 s)
 0:09:43 Used memory: 1340370 KB
 0:09:43 Players: 0 in total
 0:10:11 [CE][LootRespawner] (PRIDummy) :: Item [2] is hard to place, performance drops: "FirefightersPants_Beige"
 0:10:13 Average server FPS: 9381.77 (measured interval: 30 s)
 0:10:13 Used memory: 1340667 KB
 0:10:13 Players: 0 in total
 0:10:43 Average server FPS: 9025.10 (measured interval: 30 s)
 0:10:43 Used memory: 1340656 KB
 0:10:43 Players: 0 in total
 0:11:13 Average server FPS: 9184.40 (measured interval: 30 s)
 0:11:13 Used memory: 1340529 KB
 0:11:13 Players: 0 in total
 0:11:43 Average server FPS: 9255.97 (measured interval: 30 s)
 0:11:43 Used memory: 1340753 KB
 0:11:43 Players: 0 in total
 0:12:13 Average server FPS: 9298.63 (measured interval: 30 s)
 0:12:13 Used memory: 1340761 KB
 0:12:13 Players: 0 in total
 0:12:37 BattlEye Server: RCon admin #0: (Global) The Community TEST SERVER will reboot in 15 minutes.
 0:12:43 Average server FPS: 9404.47 (measured interval: 30 s)
 0:12:43 Used memory: 1340514 KB
 0:12:43 Players: 0 in total
 0:13:13 Average server FPS: 9146.07 (measured interval: 30 s)
 0:13:13 Used memory: 1340420 KB
 0:13:13 Players: 0 in total
 0:13:43 Average server FPS: 9266.43 (measured interval: 30 s)
 0:13:43 Used memory: 1340909 KB
 0:13:43 Players: 0 in total
 0:14:13 Average server FPS: 9426.37 (measured interval: 30 s)
 0:14:13 Used memory: 1340543 KB
 0:14:13 Players: 0 in total
 0:14:41 [CE][LootRespawner] (PRIDummy) :: Item [3] is hard to place, performance drops: "Glock19"
 0:14:43 Average server FPS: 9111.63 (measured interval: 30 s)
 0:14:43 Used memory: 1341272 KB
 0:14:43 Players: 0 in total
 0:15:13 Average server FPS: 9145.97 (measured interval: 30 s)
 0:15:13 Used memory: 1341292 KB
 0:15:13 Players: 0 in total
 0:15:43 Average server FPS: 9248.33 (measured interval: 30 s)
 0:15:43 Used memory: 1341325 KB
 0:15:43 Players: 0 in total
 0:16:13 Average server FPS: 8460.27 (measured interval: 30 s)
 0:16:13 Used memory: 1341774 KB
 0:16:13 Players: 0 in total
 0:16:31 [CE][LootRespawner] (PRIDummy) :: Item [4] is hard to place, performance drops: "PressVest_Blue"
 0:16:43 Average server FPS: 9250.73 (measured interval: 30 s)
 0:16:43 Used memory: 1341907 KB
 0:16:43 Players: 0 in total
 0:17:13 Average server FPS: 9373.47 (measured interval: 30 s)
 0:17:13 Used memory: 1341907 KB
 0:17:13 Players: 0 in total
 0:17:43 Average server FPS: 9518.57 (measured interval: 30 s)
 0:17:43 Used memory: 1341832 KB
 0:17:43 Players: 0 in total
 0:18:13 Average server FPS: 9448.80 (measured interval: 30 s)
 0:18:13 Used memory: 1341474 KB
 0:18:13 Players: 0 in total
 0:18:18 [CE][LootRespawner] (PRIDummy) :: Item [5] is hard to place, performance drops: "PressVest_LightBlue"
 0:18:18 [CE][LootRespawner] (PRIDummy) :: Item [6] is hard to place, performance drops: "PressVest_LightBlue"
 0:18:37 BattlEye Server: RCon admin #0: (Global) Welcome to The Community Test Server! This server restarts every 30 Minutes
 0:18:42 BattlEye Server: RCon admin #0: (Global) Discord at https://discord.me/eXpoch -- I Still have TS3.donkeypunch.info
 0:18:43 Average server FPS: 9148.33 (measured interval: 30 s)
 0:18:43 Used memory: 1341718 KB
 0:18:43 Players: 0 in total
 0:18:52 BattlEye Server: RCon admin #0: (Global) Interesting new message here, inquire within battleye-BEC!
 0:19:13 Average server FPS: 9347.20 (measured interval: 30 s)
 0:19:13 Used memory: 1341581 KB
 0:19:13 Players: 0 in total
 0:19:40 [CE][LootRespawner] (PRIDummy) :: Item [7] is hard to place, performance drops: "PoliceVest"
 0:19:43 Average server FPS: 9144.47 (measured interval: 30 s)
 0:19:43 Used memory: 1341757 KB
 0:19:43 Players: 0 in total
 0:20:05 [CE][LootRespawner] (PRIDummy) :: Item [8] is hard to place, performance drops: "Tripod"
 0:20:05 [CE][LootRespawner] (PRIDummy) :: Item [9] is hard to place, performance drops: "Tripod"
 0:20:13 Average server FPS: 9523.77 (measured interval: 30 s)
 0:20:13 Used memory: 1341834 KB
 0:20:13 Players: 0 in total
 0:20:43 Average server FPS: 9483.97 (measured interval: 30 s)
 0:20:43 Used memory: 1341342 KB
 0:20:43 Players: 0 in total
 0:21:13 Average server FPS: 9267.47 (measured interval: 30 s)
 0:21:13 Used memory: 1341050 KB
 0:21:13 Players: 0 in total
 0:21:27 [CE][LootRespawner] (PRIDummy) :: Item [10] is hard to place, performance drops: "NurseDress_Blue"
 0:21:43 Average server FPS: 9137.70 (measured interval: 30 s)
 0:21:43 Used memory: 1341096 KB
 0:21:43 Players: 0 in total
 0:22:13 Average server FPS: 9037.97 (measured interval: 30 s)
 0:22:13 Used memory: 1341817 KB
 0:22:13 Players: 0 in total
 0:22:37 BattlEye Server: RCon admin #0: (Global) The Community TEST SERVER will reboot in 5 minutes. Wrap it up, getting close
 0:22:43 Average server FPS: 9372.67 (measured interval: 30 s)
 0:22:43 Used memory: 1341463 KB
 0:22:43 Players: 0 in total
 0:23:13 Average server FPS: 9016.33 (measured interval: 30 s)
 0:23:13 Used memory: 1341746 KB
 0:23:13 Players: 0 in total
 0:23:43 Average server FPS: 9099.57 (measured interval: 30 s)
 0:23:43 Used memory: 1342675 KB
 0:23:43 Players: 0 in total
 0:24:13 Average server FPS: 9075.53 (measured interval: 30 s)
 0:24:13 Used memory: 1342516 KB
 0:24:13 Players: 0 in total
 0:24:43 Average server FPS: 9254.52 (measured interval: 30 s)
 0:24:43 Used memory: 1342596 KB
 0:24:43 Players: 0 in total
 0:25:13 Average server FPS: 9326.28 (measured interval: 30 s)
 0:25:13 Used memory: 1342186 KB
 0:25:13 Players: 0 in total
 0:25:37 BattlEye Server: RCon admin #0: (Global) The Community TEST SERVER will reboot in 2 minutes. LOG OUT NOW!
 0:25:43 Average server FPS: 9398.52 (measured interval: 30 s)
 0:25:43 Used memory: 1343955 KB
 0:25:43 Players: 0 in total
 0:26:13 Average server FPS: 9249.10 (measured interval: 30 s)
 0:26:13 Used memory: 1343882 KB
 0:26:13 Players: 0 in total
 0:26:23 [CE][LootRespawner] (PRIDummy) :: Item [11] is hard to place, performance drops: "M65Jacket_Khaki"
 0:26:23 [CE][LootRespawner] (PRIDummy) :: Item [12] is hard to place, performance drops: "M65Jacket_Black"
