19:41:50 BattlEye Server: Initialized (v1.217)
19:41:51 SUCCESS: SteamGameServer_Init(0,8766,2442,28056,3,1.07.153006)
19:41:51 Roles assigned.
19:41:51 Reading mission ...
19:42:36 [CE][Hive] :: Initializing OFFLINE
19:42:36 [CE][Hive] :: Loading core data ... 
19:42:36 [CE][CoreData] :: 7 root classes, 19 defaults, 0 updaters...
19:42:42 [CE][RegisterBind] :: 0 classes binded...
19:42:42 [CE][RegisterConfig] :: 7403 config classes registered, 0 sub-counters...
19:42:42 [CE][Hive] :: Loading map data ... 
19:42:42 !!! [CE] :: Unknown category: 'vehicleparts'.
19:42:42 [CE][LoadPrototype] :: loaded 330 prototypes
19:42:42   702 containers, 9116 points
19:42:42   24 dispatches, 90 proxies
19:42:42 !!! [CE][LoadPrototype] 12 groups have no points...
19:42:42 !!![CE][LoadPrototype]  3 groups have wrong points...
19:42:42 [CE][LoadPrototype] :: last group name: Land_Lunapark_Autodrome...
19:42:42 [CE][LoadPrototype] :: loaded 0 prototypes
19:42:42   0 containers, 0 points
19:42:42   0 dispatches, 0 proxies
19:42:42 [CE][LoadPrototype] :: last group name: PathD_7100...
19:42:42 [CE][LoadMap] "Group" :: loaded 5086 groups, largest group range: 26.9
19:42:42 [CE][LoadMap] "Dirt" :: loaded 0 groups, largest group range: 26.9
19:42:42 [CE][LoadClusters] "Cluster" :: Loading files...
19:42:42 [CE][LoadClusters] :: file: "mapgroupcluster.xml", 4 types, 50000 instances
19:42:42 [CE][LoadClusters] :: file: "mapgroupcluster01", 4 types, 50000 instances
19:42:43 [CE][LoadClusters] :: file: "mapgroupcluster02", 4 types, 50000 instances
19:42:43 [CE][LoadClusters] :: file: "mapgroupcluster03", 4 types, 50000 instances
19:42:43 [CE][LoadClusters] :: file: "mapgroupcluster04", 4 types, 21297 instances
19:42:43 [CE][Storage] ver:21 stamp:2695, valid:yes, name:"mpmissions\TheCommunity.enoch\storage_666\data\types.bin"
19:42:43 [CE][Storage] ver:21 stamp:2694, valid:yes, name:"mpmissions\TheCommunity.enoch\storage_666\data\types.001"
19:42:43 [CE][Storage] ver:21 stamp:2692, valid:yes, name:"mpmissions\TheCommunity.enoch\storage_666\data\types.002"
19:42:43 [CE][Storage] Restoring file "mpmissions\TheCommunity.enoch\storage_666\data\types.bin".
19:42:43 [CE][offlineDB] :: Loaded 33 dynamic events 215 total types 0 total positions.
19:42:43 [CE][Storage] ver:21 stamp:2695, valid:yes, name:"mpmissions\TheCommunity.enoch\storage_666\data\events.bin"
19:42:43 [CE][Storage] ver:21 stamp:2694, valid:yes, name:"mpmissions\TheCommunity.enoch\storage_666\data\events.001"
19:42:43 [CE][Storage] ver:21 stamp:2692, valid:yes, name:"mpmissions\TheCommunity.enoch\storage_666\data\events.002"
19:42:43 [CE][Storage] Restoring file "mpmissions\TheCommunity.enoch\storage_666\data\events.bin".
19:42:43 [CE][DynamicEvent] Load  Events:[33] Primary spawners: 33 Secondary spawners: 1
19:42:43 [CE][Storage] ver:24 stamp:2695, valid:yes, name:"mpmissions\TheCommunity.enoch\storage_666\data\vehicles.bin"
19:42:43 [CE][Storage] ver:24 stamp:2694, valid:yes, name:"mpmissions\TheCommunity.enoch\storage_666\data\vehicles.001"
19:42:43 [CE][Storage] ver:24 stamp:2692, valid:yes, name:"mpmissions\TheCommunity.enoch\storage_666\data\vehicles.002"
19:42:43 [CE][Storage] Restoring file "mpmissions\TheCommunity.enoch\storage_666\data\vehicles.bin" 130 items.
19:42:43   130 items loaded.
19:42:43 [CE][Storage] ver:0 stamp:0, valid:NO, name:"mpmissions\TheCommunity.enoch\storage_666\data\dynamic_000.bin"
19:42:43 [CE][Storage] ver:24 stamp:2694, valid:yes, name:"mpmissions\TheCommunity.enoch\storage_666\data\dynamic_000.001"
19:42:43 [CE][Storage] ver:24 stamp:2692, valid:yes, name:"mpmissions\TheCommunity.enoch\storage_666\data\dynamic_000.002"
19:42:43 [CE][Storage] Restoring file "mpmissions\TheCommunity.enoch\storage_666\data\dynamic_000.001" 414 items.
19:42:43   414 items loaded.
19:42:43 [CE][Storage] ver:0 stamp:0, valid:NO, name:"mpmissions\TheCommunity.enoch\storage_666\data\dynamic_001.bin"
19:42:43 [CE][Storage] ver:24 stamp:2694, valid:yes, name:"mpmissions\TheCommunity.enoch\storage_666\data\dynamic_001.001"
19:42:43 [CE][Storage] ver:24 stamp:2692, valid:yes, name:"mpmissions\TheCommunity.enoch\storage_666\data\dynamic_001.002"
19:42:43 [CE][Storage] Restoring file "mpmissions\TheCommunity.enoch\storage_666\data\dynamic_001.001" 1946 items.
19:42:44   1946 items loaded.
19:42:44 [CE][Storage] ver:0 stamp:0, valid:NO, name:"mpmissions\TheCommunity.enoch\storage_666\data\dynamic_002.bin"
19:42:44 [CE][Storage] ver:24 stamp:2694, valid:yes, name:"mpmissions\TheCommunity.enoch\storage_666\data\dynamic_002.001"
19:42:44 [CE][Storage] ver:24 stamp:2692, valid:yes, name:"mpmissions\TheCommunity.enoch\storage_666\data\dynamic_002.002"
19:42:44 [CE][Storage] Restoring file "mpmissions\TheCommunity.enoch\storage_666\data\dynamic_002.001" 577 items.
19:42:44   577 items loaded.
19:42:44 [CE][Storage] ver:0 stamp:0, valid:NO, name:"mpmissions\TheCommunity.enoch\storage_666\data\dynamic_003.bin"
19:42:44 [CE][Storage] ver:24 stamp:2694, valid:yes, name:"mpmissions\TheCommunity.enoch\storage_666\data\dynamic_003.001"
19:42:44 [CE][Storage] ver:24 stamp:2692, valid:yes, name:"mpmissions\TheCommunity.enoch\storage_666\data\dynamic_003.002"
19:42:44 [CE][Storage] Restoring file "mpmissions\TheCommunity.enoch\storage_666\data\dynamic_003.001" 1058 items.
19:42:45   1058 items loaded.
19:42:45 [CE][Storage] ver:0 stamp:0, valid:NO, name:"mpmissions\TheCommunity.enoch\storage_666\data\dynamic_004.bin"
19:42:45 [CE][Storage] ver:24 stamp:2694, valid:yes, name:"mpmissions\TheCommunity.enoch\storage_666\data\dynamic_004.001"
19:42:45 [CE][Storage] ver:24 stamp:2692, valid:yes, name:"mpmissions\TheCommunity.enoch\storage_666\data\dynamic_004.002"
19:42:45 [CE][Storage] Restoring file "mpmissions\TheCommunity.enoch\storage_666\data\dynamic_004.001" 1439 items.
19:42:45   1439 items loaded.
19:42:45 [CE][Storage] ver:0 stamp:0, valid:NO, name:"mpmissions\TheCommunity.enoch\storage_666\data\dynamic_005.bin"
19:42:45 [CE][Storage] ver:24 stamp:2694, valid:yes, name:"mpmissions\TheCommunity.enoch\storage_666\data\dynamic_005.001"
19:42:45 [CE][Storage] ver:24 stamp:2692, valid:yes, name:"mpmissions\TheCommunity.enoch\storage_666\data\dynamic_005.002"
19:42:45 [CE][Storage] Restoring file "mpmissions\TheCommunity.enoch\storage_666\data\dynamic_005.001" 1763 items.
19:42:46   1763 items loaded.
19:42:46 [CE][Storage] ver:0 stamp:0, valid:NO, name:"mpmissions\TheCommunity.enoch\storage_666\data\dynamic_006.bin"
19:42:46 [CE][Storage] ver:24 stamp:2694, valid:yes, name:"mpmissions\TheCommunity.enoch\storage_666\data\dynamic_006.001"
19:42:46 [CE][Storage] ver:24 stamp:2692, valid:yes, name:"mpmissions\TheCommunity.enoch\storage_666\data\dynamic_006.002"
19:42:46 [CE][Storage] Restoring file "mpmissions\TheCommunity.enoch\storage_666\data\dynamic_006.001" 970 items.
19:42:46   970 items loaded.
19:42:46 [CE][Storage] ver:0 stamp:0, valid:NO, name:"mpmissions\TheCommunity.enoch\storage_666\data\dynamic_007.bin"
19:42:46 [CE][Storage] ver:24 stamp:2694, valid:yes, name:"mpmissions\TheCommunity.enoch\storage_666\data\dynamic_007.001"
19:42:46 [CE][Storage] ver:24 stamp:2692, valid:yes, name:"mpmissions\TheCommunity.enoch\storage_666\data\dynamic_007.002"
19:42:46 [CE][Storage] Restoring file "mpmissions\TheCommunity.enoch\storage_666\data\dynamic_007.001" 1309 items.
19:42:46   1309 items loaded.
19:42:46 [CE][Storage] ver:0 stamp:0, valid:NO, name:"mpmissions\TheCommunity.enoch\storage_666\data\dynamic_008.bin"
19:42:46 [CE][Storage] ver:24 stamp:2694, valid:yes, name:"mpmissions\TheCommunity.enoch\storage_666\data\dynamic_008.001"
19:42:46 [CE][Storage] ver:24 stamp:2692, valid:yes, name:"mpmissions\TheCommunity.enoch\storage_666\data\dynamic_008.002"
19:42:46 [CE][Storage] Restoring file "mpmissions\TheCommunity.enoch\storage_666\data\dynamic_008.001" 995 items.
19:42:47   995 items loaded.
19:42:47 [CE][Storage] ver:0 stamp:0, valid:NO, name:"mpmissions\TheCommunity.enoch\storage_666\data\dynamic_009.bin"
19:42:47 [CE][Storage] ver:24 stamp:2694, valid:yes, name:"mpmissions\TheCommunity.enoch\storage_666\data\dynamic_009.001"
19:42:47 [CE][Storage] ver:24 stamp:2692, valid:yes, name:"mpmissions\TheCommunity.enoch\storage_666\data\dynamic_009.002"
19:42:47 [CE][Storage] Restoring file "mpmissions\TheCommunity.enoch\storage_666\data\dynamic_009.001" 1006 items.
19:42:47   1006 items loaded.
19:42:47 [CE][Storage] ver:0 stamp:0, valid:NO, name:"mpmissions\TheCommunity.enoch\storage_666\data\dynamic_010.bin"
19:42:47 [CE][Storage] ver:24 stamp:2694, valid:yes, name:"mpmissions\TheCommunity.enoch\storage_666\data\dynamic_010.001"
19:42:47 [CE][Storage] ver:24 stamp:2692, valid:yes, name:"mpmissions\TheCommunity.enoch\storage_666\data\dynamic_010.002"
19:42:47 [CE][Storage] Restoring file "mpmissions\TheCommunity.enoch\storage_666\data\dynamic_010.001" 2160 items.
19:42:47   2160 items loaded.
19:42:47 [CE][Storage] ver:0 stamp:0, valid:NO, name:"mpmissions\TheCommunity.enoch\storage_666\data\dynamic_011.bin"
19:42:47 [CE][Storage] ver:24 stamp:2694, valid:yes, name:"mpmissions\TheCommunity.enoch\storage_666\data\dynamic_011.001"
19:42:47 [CE][Storage] ver:24 stamp:2692, valid:yes, name:"mpmissions\TheCommunity.enoch\storage_666\data\dynamic_011.002"
19:42:47 [CE][Storage] Restoring file "mpmissions\TheCommunity.enoch\storage_666\data\dynamic_011.001" 293 items.
19:42:48   293 items loaded.
19:42:48 [CE][Hive] :: Storage load took:4.42 seconds, recovery stamp:2695
19:42:48   entity: 14060, building: 0
19:42:48   no lifetime: 64
19:42:48 [CE][Hive] :: Initializing ... 
19:42:48 [CE][InitializeMap] :: initialized: 0
19:42:48 [CE][Hive] :: Initializing spawners ... 
19:42:50 [CE][LootRespawner] (PRIDummy) :: Item [0] causing search overtime: "Mag_Nailgun_50n"
19:42:50 [CE][LootRespawner] (PRIDummy) :: Item [1] causing search overtime: "Mag_Nailgun_50n"
19:42:50 [CE][LootRespawner] (PRIDummy) :: Item [2] causing search overtime: "Mag_Nailgun_50n"
19:42:50 [CE][LootRespawner] (PRIDummy) :: Item [3] causing search overtime: "Mag_Nailgun_50n"
19:42:50 [CE][LootRespawner] (PRIDummy) :: Item [4] causing search overtime: "Mag_Nailgun_50n"
19:42:50 [CE][LootRespawner] (PRIDummy) :: Item [5] causing search overtime: "Mag_Nailgun_50n"
19:42:50 [CE][LootRespawner] (PRIDummy) :: Item [6] causing search overtime: "Mag_Nailgun_50n"
19:42:50 [CE][LootRespawner] (PRIDummy) :: Item [7] causing search overtime: "Mag_Nailgun_50n"
19:42:50 [CE][LootRespawner] (PRIDummy) :: Item [8] causing search overtime: "Mag_Nailgun_50n"
19:42:50 [CE][LootRespawner] (PRIDummy) :: Item [9] causing search overtime: "Mag_Nailgun_50n"
19:42:50 [CE][LootRespawner] (PRIDummy) :: Item [10] causing search overtime: "Mag_Nailgun_50n"
19:42:50 [CE][LootRespawner] (PRIDummy) :: Item [11] causing search overtime: "Mag_Nailgun_50n"
19:42:50 [CE][LootRespawner] (PRIDummy) :: Item [12] causing search overtime: "Mag_Nailgun_50n"
19:42:50 [CE][LootRespawner] (PRIDummy) :: Item [13] causing search overtime: "Mag_Nailgun_50n"
19:42:50 [CE][LootRespawner] (PRIDummy) :: Item [14] causing search overtime: "Mag_Nailgun_50n"
19:42:50 [CE][LootRespawner] (PRIDummy) :: Item [15] causing search overtime: "AmmoBox_762x25_25Rnd"
19:42:50 [CE][LootRespawner] (PRIDummy) :: Item [16] causing search overtime: "AmmoBox_762x25_25Rnd"
19:42:50 [CE][LootRespawner] (PRIDummy) :: Item [17] causing search overtime: "AmmoBox_762x25_25Rnd"
19:42:50 [CE][LootRespawner] (PRIDummy) :: Item [18] causing search overtime: "AmmoBox_762x25_25Rnd"
19:42:50 [CE][LootRespawner] (PRIDummy) :: Item [19] causing search overtime: "AmmoBox_762x25_25Rnd"
19:42:50 [CE][LootRespawner] (PRIDummy) :: Item [0] is hard to place, performance drops: "HighCapacityVest_Olive"
19:42:50 [CE][LootRespawner] (PRIDummy) :: Item [1] is hard to place, performance drops: "Hatchback_02_Door_1_1_RedRust"
19:42:50 [CE][LootRespawner] (PRIDummy) :: Item [2] is hard to place, performance drops: "Defender110_kapot_Red"
19:42:50 [CE][LootRespawner] (PRIDummy) :: Item [3] is hard to place, performance drops: "SmershVest"
19:42:50 [CE][LootRespawner] (PRIDummy) :: Item [4] is hard to place, performance drops: "Sedan_02_Hood_RedRust"
19:42:50 [CE][LootRespawner] (PRIDummy) :: Item [5] is hard to place, performance drops: "Breeches_Browncheck"
19:42:50 [CE][LootRespawner] (PRIDummy) :: Item [6] is hard to place, performance drops: "Lockpick"
19:42:50 [CE][LootRespawner] (PRIDummy) :: Item [7] is hard to place, performance drops: "Lockpick"
19:42:50 [CE][LootRespawner] (PRIDummy) :: Item [8] is hard to place, performance drops: "HatchbackTrunk_GreenRust"
19:42:50 [CE][LootRespawner] (PRIDummy) :: Item [9] is hard to place, performance drops: "HatchbackTrunk_GreenRust"
19:42:50 [CE][LootRespawner] (PRIDummy) :: Item [10] is hard to place, performance drops: "HatchbackTrunk_GreenRust"
19:42:50 [CE][LootRespawner] (PRIDummy) :: Item [11] is hard to place, performance drops: "HatchbackTrunk_GreenRust"
19:42:50 [CE][LootRespawner] (PRIDummy) :: Item [12] is hard to place, performance drops: "HikingJacket_Green"
19:42:50 [CE][LootRespawner] (PRIDummy) :: Initially (re)spawned:238, Nominal:22572, Total in Map: 14360 at 0 (sec)
19:42:50   tests:251, repeats:0 fails:13, overtime:5588
19:42:50 [CE][DynEvent] :: 33 types
19:42:50 [00] AmbientHen
19:42:50   Primary Spawner: "Ambient", active: yes, repeat: 1
19:42:50 [01] AnimalBear
19:42:50   Primary Spawner: "Animal", active: yes, repeat: 1
19:42:50 [02] AnimalCow
19:42:50   Primary Spawner: "Animal", active: yes, repeat: 1
19:42:50 [03] AnimalDeer
19:42:50   Primary Spawner: "Animal", active: yes, repeat: 1
19:42:50 [04] AnimalGoat
19:42:50   Primary Spawner: "Animal", active: yes, repeat: 1
19:42:50 [05] AnimalPig
19:42:50   Primary Spawner: "Animal", active: yes, repeat: 1
19:42:50 [06] AnimalRoeDeer
19:42:50   Primary Spawner: "Animal", active: yes, repeat: 1
19:42:50 [07] AnimalSheep
19:42:50   Primary Spawner: "Animal", active: yes, repeat: 1
19:42:50 [08] AnimalWildBoar
19:42:50   Primary Spawner: "Animal", active: yes, repeat: 1
19:42:50 [09] AnimalWolf
19:42:50   Primary Spawner: "Animal", active: yes, repeat: 1
19:42:50 [10] InfectedArmy
19:42:50   Primary Spawner: "Infected", active: yes, repeat: 1
19:42:50 [11] InfectedCity
19:42:50   Primary Spawner: "Infected", active: yes, repeat: 1
19:42:50 [12] InfectedFirefighter
19:42:50   Primary Spawner: "Infected", active: yes, repeat: 1
19:42:50 [13] InfectedIndustrial
19:42:50   Primary Spawner: "Infected", active: yes, repeat: 1
19:42:50 [14] InfectedMedic
19:42:50   Primary Spawner: "Infected", active: yes, repeat: 1
19:42:50 [15] InfectedPolice
19:42:50   Primary Spawner: "Infected", active: yes, repeat: 1
19:42:50 [16] InfectedPrisoner
19:42:50   Primary Spawner: "Infected", active: yes, repeat: 1
19:42:50 [17] InfectedReligious
19:42:50   Primary Spawner: "Infected", active: yes, repeat: 1
19:42:50 [18] InfectedSolitude
19:42:50   Primary Spawner: "Infected", active: yes, repeat: 1
19:42:50 [19] InfectedVillage
19:42:50   Primary Spawner: "Infected", active: yes, repeat: 1
19:42:50 [20] ItemPlanks
19:42:50   Primary Spawner: "Item", active: yes, repeat: 1
19:42:50 [21] Loot
19:42:50   Primary Spawner: "Loot", active: yes, repeat: 2
19:42:50 [22] StaticHeliCrash
19:42:50   Primary Spawner: "Vehicle", active: yes, repeat: 1
19:42:50   Secondary Spawner: "Infected", active: yes, repeat: 1
19:42:50 [23] StaticPoliceCar
19:42:50   Primary Spawner: "Vehicle", active: yes, repeat: 1
19:42:50 [24] TrajectoryConiferous
19:42:50   Primary Spawner: "Trajectory", active: yes, repeat: 1
19:42:50 [25] TrajectoryDeciduous
19:42:50   Primary Spawner: "Trajectory", active: yes, repeat: 1
19:42:50 [26] TrajectoryHumus
19:42:50   Primary Spawner: "Trajectory", active: yes, repeat: 1
19:42:50 [27] TrajectoryStones
19:42:50   Primary Spawner: "Trajectory", active: yes, repeat: 1
19:42:50 [28] VehicleCivilianSedan
19:42:50   Primary Spawner: "Vehicle", active: yes, repeat: 1
19:42:50 [29] VehicleHatchback02
19:42:50   Primary Spawner: "Vehicle", active: yes, repeat: 1
19:42:50 [30] VehicleOffroadHatchback
19:42:50   Primary Spawner: "Vehicle", active: yes, repeat: 1
19:42:50 [31] VehicleSedan02
19:42:50   Primary Spawner: "Vehicle", active: yes, repeat: 1
19:42:50 [32] VehicleCrSk_Land_Rover_Defender_110
19:42:50   Primary Spawner: "Vehicle", active: yes, repeat: 1
19:42:50 [CE][Hive] :: In