 1:31:41 BattlEye Server: Initialized (v1.217)
 1:31:42 SUCCESS: SteamGameServer_Init(0,8766,2442,28056,3,1.07.153006)
 1:31:42 Roles assigned.
 1:31:42 Reading mission ...
 1:32:24 [CE][Hive] :: Initializing OFFLINE
 1:32:24 [CE][Hive] :: Loading core data ... 
 1:32:24 [CE][CoreData] :: 7 root classes, 19 defaults, 0 updaters...
 1:32:28 [CE][TypeSetup] :: 408 classes setuped...
 1:32:28 [CE][RegisterBind] :: 0 classes binded...
 1:32:28 [CE][RegisterConfig] :: 3115 config classes registered, 1 sub-counters...
 1:32:28 [CE][Hive] :: Loading map data ... 
 1:32:28 !!! [CE] :: Unknown category: 'vehicleparts'.
 1:32:28 !!! [CE] :: Unknown category: 'vehicleparts'.
 1:32:28 !!! [CE] :: Unknown category: 'vehicleparts'.
 1:32:28 !!! [CE] :: Unknown category: 'vehicleparts'.
 1:32:28 !!! [CE] :: Unknown category: 'vehicleparts'.
 1:32:28 !!! [CE] :: Unknown category: 'vehicleparts'.
 1:32:28 !!! [CE] :: Unknown category: 'vehicleparts'.
 1:32:28 !!! [CE] :: Unknown category: 'vehicleparts'.
 1:32:28 !!! [CE] :: Unknown category: 'vehicleparts'.
 1:32:28 !!! [CE] :: Unknown category: 'vehicleparts'.
 1:32:28 !!! [CE] :: Unknown category: 'vehicleparts'.
 1:32:28 !!! [CE] :: Unknown category: 'vehicleparts'.
 1:32:28 !!! [CE] :: Unknown category: 'vehicleparts'.
 1:32:28 !!! [CE] :: Unknown category: 'vehicleparts'.
 1:32:28 !!! [CE] :: Unknown category: 'vehicleparts'.
 1:32:28 !!! [CE] :: Unknown category: 'vehicleparts'.
 1:32:28 !!! [CE] :: Unknown category: 'vehicleparts'.
 1:32:28 !!! [CE] :: Unknown category: 'vehicleparts'.
 1:32:28 !!! [CE] :: Unknown category: 'vehicleparts'.
 1:32:28 !!! [CE] :: Unknown category: 'vehicleparts'.
 1:32:28 !!! [CE] :: Unknown category: 'vehicleparts'.
 1:32:28 !!! [CE] :: Unknown category: 'vehicleparts'.
 1:32:28 !!! [CE] :: Unknown category: 'vehicleparts'.
 1:32:28 !!! [CE] :: Unknown category: 'vehicleparts'.
 1:32:28 [CE][LoadPrototype] :: loaded 330 prototypes
 1:32:28   702 containers, 9116 points
 1:32:28   24 dispatches, 90 proxies
 1:32:28 !!! [CE][LoadPrototype] 12 groups have no points...
 1:32:28 !!![CE][LoadPrototype]  3 groups have wrong points...
 1:32:28 [CE][LoadPrototype] :: last group name: Land_Lunapark_Autodrome...
 1:32:28 [CE][LoadPrototype] :: loaded 0 prototypes
 1:32:28   0 containers, 0 points
 1:32:28   0 dispatches, 0 proxies
 1:32:28 [CE][LoadPrototype] :: last group name: PathD_7100...
 1:32:29 [CE][LoadMap] "Group" :: loaded 5086 groups, largest group range: 26.9
 1:32:29 [CE][LoadMap] "Dirt" :: loaded 0 groups, largest group range: 26.9
 1:32:29 [CE][LoadClusters] "Cluster" :: Loading files...
 1:32:29 [CE][LoadClusters] :: file: "mapgroupcluster.xml", 4 types, 50000 instances
 1:32:29 [CE][LoadClusters] :: file: "mapgroupcluster01", 4 types, 50000 instances
 1:32:30 [CE][LoadClusters] :: file: "mapgroupcluster02", 4 types, 50000 instances
 1:32:30 [CE][LoadClusters] :: file: "mapgroupcluster03", 4 types, 50000 instances
 1:32:30 [CE][LoadClusters] :: file: "mapgroupcluster04", 4 types, 21297 instances
 1:32:30 [CE][Storage] ver:21 stamp:614, valid:yes, name:"mpmissions\TheCommunity.enoch\storage_666\data\types.bin"
 1:32:30 [CE][Storage] ver:21 stamp:612, valid:yes, name:"mpmissions\TheCommunity.enoch\storage_666\data\types.001"
 1:32:30 [CE][Storage] ver:21 stamp:613, valid:yes, name:"mpmissions\TheCommunity.enoch\storage_666\data\types.002"
 1:32:30 [CE][Storage] Restoring file "mpmissions\TheCommunity.enoch\storage_666\data\types.bin".
 1:32:30 [CE][offlineDB] :: Loaded 32 dynamic events 211 total types 0 total positions.
 1:32:30 [CE][Storage] ver:21 stamp:614, valid:yes, name:"mpmissions\TheCommunity.enoch\storage_666\data\events.bin"
 1:32:30 [CE][Storage] ver:21 stamp:612, valid:yes, name:"mpmissions\TheCommunity.enoch\storage_666\data\events.001"
 1:32:30 [CE][Storage] ver:21 stamp:613, valid:yes, name:"mpmissions\TheCommunity.enoch\storage_666\data\events.002"
 1:32:30 [CE][Storage] Restoring file "mpmissions\TheCommunity.enoch\storage_666\data\events.bin".
 1:32:30 [CE][DynamicEvent] Load  Events:[32] Primary spawners: 32 Secondary spawners: 1
 1:32:30 [CE][Storage] ver:24 stamp:614, valid:yes, name:"mpmissions\TheCommunity.enoch\storage_666\data\vehicles.bin"
 1:32:30 [CE][Storage] ver:24 stamp:612, valid:yes, name:"mpmissions\TheCommunity.enoch\storage_666\data\vehicles.001"
 1:32:30 [CE][Storage] ver:24 stamp:613, valid:yes, name:"mpmissions\TheCommunity.enoch\storage_666\data\vehicles.002"
 1:32:30 [CE][Storage] Restoring file "mpmissions\TheCommunity.enoch\storage_666\data\vehicles.bin" 87 items.
 1:32:30   87 items loaded.
 1:32:30 [CE][Storage] ver:0 stamp:0, valid:NO, name:"mpmissions\TheCommunity.enoch\storage_666\data\dynamic_000.bin"
 1:32:30 [CE][Storage] ver:24 stamp:612, valid:yes, name:"mpmissions\TheCommunity.enoch\storage_666\data\dynamic_000.001"
 1:32:30 [CE][Storage] ver:24 stamp:613, valid:yes, name:"mpmissions\TheCommunity.enoch\storage_666\data\dynamic_000.002"
 1:32:30 [CE][Storage] Restoring file "mpmissions\TheCommunity.enoch\storage_666\data\dynamic_000.002" 244 items.
 1:32:30   244 items loaded.
 1:32:30 [CE][Storage] ver:0 stamp:0, valid:NO, name:"mpmissions\TheCommunity.enoch\storage_666\data\dynamic_001.bin"
 1:32:30 [CE][Storage] ver:24 stamp:612, valid:yes, name:"mpmissions\TheCommunity.enoch\storage_666\data\dynamic_001.001"
 1:32:30 [CE][Storage] ver:24 stamp:613, valid:yes, name:"mpmissions\TheCommunity.enoch\storage_666\data\dynamic_001.002"
 1:32:30 [CE][Storage] Restoring file "mpmissions\TheCommunity.enoch\storage_666\data\dynamic_001.002" 1535 items.
 1:32:31   1535 items loaded.
 1:32:31 [CE][Storage] ver:0 stamp:0, valid:NO, name:"mpmissions\TheCommunity.enoch\storage_666\data\dynamic_002.bin"
 1:32:31 [CE][Storage] ver:24 stamp:612, valid:yes, name:"mpmissions\TheCommunity.enoch\storage_666\data\dynamic_002.001"
 1:32:31 [CE][Storage] ver:24 stamp:613, valid:yes, name:"mpmissions\TheCommunity.enoch\storage_666\data\dynamic_002.002"
 1:32:31 [CE][Storage] Restoring file "mpmissions\TheCommunity.enoch\storage_666\data\dynamic_002.002" 415 items.
 1:32:31   415 items loaded.
 1:32:31 [CE][Storage] ver:0 stamp:0, valid:NO, name:"mpmissions\TheCommunity.enoch\storage_666\data\dynamic_003.bin"
 1:32:31 [CE][Storage] ver:24 stamp:612, valid:yes, name:"mpmissions\TheCommunity.enoch\storage_666\data\dynamic_003.001"
 1:32:31 [CE][Storage] ver:24 stamp:613, valid:yes, name:"mpmissions\TheCommunity.enoch\storage_666\data\dynamic_003.002"
 1:32:31 [CE][Storage] Restoring file "mpmissions\TheCommunity.enoch\storage_666\data\dynamic_003.002" 827 items.
 1:32:31   827 items loaded.
 1:32:31 [CE][Storage] ver:0 stamp:0, valid:NO, name:"mpmissions\TheCommunity.enoch\storage_666\data\dynamic_004.bin"
 1:32:31 [CE][Storage] ver:24 stamp:612, valid:yes, name:"mpmissions\TheCommunity.enoch\storage_666\data\dynamic_004.001"
 1:32:31 [CE][Storage] ver:24 stamp:613, valid:yes, name:"mpmissions\TheCommunity.enoch\storage_666\data\dynamic_004.002"
 1:32:31 [CE][Storage] Restoring file "mpmissions\TheCommunity.enoch\storage_666\data\dynamic_004.002" 950 items.
 1:32:31   950 items loaded.
 1:32:31 [CE][Storage] ver:0 stamp:0, valid:NO, name:"mpmissions\TheCommunity.enoch\storage_666\data\dynamic_005.bin"
 1:32:31 [CE][Storage] ver:24 stamp:612, valid:yes, name:"mpmissions\TheCommunity.enoch\storage_666\data\dynamic_005.001"
 1:32:31 [CE][Storage] ver:24 stamp:613, valid:yes, name:"mpmissions\TheCommunity.enoch\storage_666\data\dynamic_005.002"
 1:32:31 [CE][Storage] Restoring file "mpmissions\TheCommunity.enoch\storage_666\data\dynamic_005.002" 1146 items.
 1:32:32   1146 items loaded.
 1:32:32 [CE][Storage] ver:0 stamp:0, valid:NO, name:"mpmissions\TheCommunity.enoch\storage_666\data\dynamic_006.bin"
 1:32:32 [CE][Storage] ver:24 stamp:612, valid:yes, name:"mpmissions\TheCommunity.enoch\storage_666\data\dynamic_006.001"
 1:32:32 [CE][Storage] ver:24 stamp:613, valid:yes, name:"mpmissions\TheCommunity.enoch\storage_666\data\dynamic_006.002"
 1:32:32 [CE][Storage] Restoring file "mpmissions\TheCommunity.enoch\storage_666\data\dynamic_006.002" 615 items.
 1:32:32   615 items loaded.
 1:32:32 [CE][Storage] ver:0 stamp:0, valid:NO, name:"mpmissions\TheCommunity.enoch\storage_666\data\dynamic_007.bin"
 1:32:32 [CE][Storage] ver:24 stamp:612, valid:yes, name:"mpmissions\TheCommunity.enoch\storage_666\data\dynamic_007.001"
 1:32:32 [CE][Storage] ver:24 stamp:613, valid:yes, name:"mpmissions\TheCommunity.enoch\storage_666\data\dynamic_007.002"
 1:32:32 [CE][Storage] Restoring file "mpmissions\TheCommunity.enoch\storage_666\data\dynamic_007.002" 752 items.
 1:32:32   752 items loaded.
 1:32:32 [CE][Storage] ver:0 stamp:0, valid:NO, name:"mpmissions\TheCommunity.enoch\storage_666\data\dynamic_008.bin"
 1:32:32 [CE][Storage] ver:24 stamp:612, valid:yes, name:"mpmissions\TheCommunity.enoch\storage_666\data\dynamic_008.001"
 1:32:32 [CE][Storage] ver:24 stamp:613, valid:yes, name:"mpmissions\TheCommunity.enoch\storage_666\data\dynamic_008.002"
 1:32:32 [CE][Storage] Restoring file "mpmissions\TheCommunity.enoch\storage_666\data\dynamic_008.002" 664 items.
 1:32:32   664 items loaded.
 1:32:32 [CE][Storage] ver:0 stamp:0, valid:NO, name:"mpmissions\TheCommunity.enoch\storage_666\data\dynamic_009.bin"
 1:32:32 [CE][Storage] ver:24 stamp:612, valid:yes, name:"mpmissions\TheCommunity.enoch\storage_666\data\dynamic_009.001"
 1:32:32 [CE][Storage] ver:24 stamp:613, valid:yes, name:"mpmissions\TheCommunity.enoch\storage_666\data\dynamic_009.002"
 1:32:32 [CE][Storage] Restoring file "mpmissions\TheCommunity.enoch\storage_666\data\dynamic_009.002" 597 items.
 1:32:32   597 items loaded.
 1:32:32 [CE][Storage] ver:0 stamp:0, valid:NO, name:"mpmissions\TheCommunity.enoch\storage_666\data\dynamic_010.bin"
 1:32:32 [CE][Storage] ver:24 stamp:612, valid:yes, name:"mpmissions\TheCommunity.enoch\storage_666\data\dynamic_010.001"
 1:32:32 [CE][Storage] ver:24 stamp:613, valid:yes, name:"mpmissions\TheCommunity.enoch\storage_666\data\dynamic_010.002"
 1:32:32 [CE][Storage] Restoring file "mpmissions\TheCommunity.enoch\storage_666\data\dynamic_010.002" 1642 items.
 1:32:33   1642 items loaded.
 1:32:33 [CE][Storage] ver:0 stamp:0, valid:NO, name:"mpmissions\TheCommunity.enoch\storage_666\data\dynamic_011.bin"
 1:32:33 [CE][Storage] ver:24 stamp:612, valid:yes, name:"mpmissions\TheCommunity.enoch\storage_666\data\dynamic_011.001"
 1:32:33 [CE][Storage] ver:24 stamp:613, valid:yes, name:"mpmissions\TheCommunity.enoch\storage_666\data\dynamic_011.002"
 1:32:33 [CE][Storage] Restoring file "mpmissions\TheCommunity.enoch\storage_666\data\dynamic_011.002" 226 items.
 1:32:33   226 items loaded.
 1:32:33 [CE][Hive] :: Storage load took:2.56 seconds, recovery stamp:614
 1:32:33   entity: 10422, building: 0
 1:32:33   no lifetime: 40
 1:32:33 [CE][Hive] :: Initializing ... 
 1:32:33 [CE][InitializeMap] :: initialized: 0
 1:32:33 [CE][Hive] :: Initializing spawners ... 
 1:32:35 [CE][LootRespawner] (PRIDummy) :: Item [0] causing search overtime: "CivSedanHood_Wine"
 1:32:35 [CE][LootRespawner] (PRIDummy) :: Item [1] causing search overtime: "CivSedanHood_Wine"
 1:32:35 [CE][LootRespawner] (PRIDummy) :: Item [2] causing search overtime: "CivSedanHood_Wine"
 1:32:35 [CE][LootRespawner] (PRIDummy) :: Item [3] causing search overtime: "CivSedanHood_Wine"
 1:32:35 [CE][LootRespawner] (PRIDummy) :: Item [4] causing search overtime: "CivSedanHood_Wine"
 1:32:35 [CE][LootRespawner] (PRIDummy) :: Item [5] causing search overtime: "CivSedanHood_Wine"
 1:32:35 [CE][LootRespawner] (PRIDummy) :: Item [6] causing search overtime: "CivSedanHood_Wine"
 1:32:35 [CE][LootRespawner] (PRIDummy) :: Item [7] causing search overtime: "CivSedanHood_Wine"
 1:32:35 [CE][LootRespawner] (PRIDummy) :: Item [8] causing search overtime: "CivSedanHood_Wine"
 1:32:35 [CE][LootRespawner] (PRIDummy) :: Item [9] causing search overtime: "CivSedanHood_Wine"
 1:32:35 [CE][LootRespawner] (PRIDummy) :: Item [10] causing search overtime: "Sedan_02_Trunk_Grey"
 1:32:35 [CE][LootRespawner] (PRIDummy) :: Item [11] causing search overtime: "Sedan_02_Trunk_Grey"
 1:32:35 [CE][LootRespawner] (PRIDummy) :: Item [12] causing search overtime: "Sedan_02_Trunk_Grey"
 1:32:35 [CE][LootRespawner] (PRIDummy) :: Item [13] causing search overtime: "Sedan_02_Trunk_Grey"
 1:32:35 [CE][LootRespawner] (PRIDummy) :: Item [14] causing search overtime: "Sedan_02_Trunk_Grey"
 1:32:35 [CE][LootRespawner] (PRIDummy) :: Item [15] causing search overtime: "Sedan_02_Trunk_Grey"
 1:32:35 [CE][LootRespawner] (PRIDummy) :: Item [16] causing search overtime: "Sedan_02_Trunk_Grey"
 1:32:35 [CE][LootRespawner] (PRIDummy) :: Item [17] causing search overtime: "Sedan_02_Trunk_Grey"
 1:32:35 [CE][LootRespawner] (PRIDummy) :: Item [18] causing search overtime: "Sedan_02_Trunk_Grey"
 1:32:35 [CE][LootRespawner] (PRIDummy) :: Item [19] causing search overtime: "Sedan_02_Trunk_Grey"
 1:32:35 [CE][LootRespawner] (PRIDummy) :: Initially (re)spawned:41, Nominal:12429, Total in Map: 9770 at 0 (sec)
 1:32:35   tests:41, repeats:0 fails:0, overtime:489
 1:32:35 [CE][DynEvent] :: 32 types
 1:32:35 [00] AmbientHen
 1:32:35   Primary Spawner: "Ambient", active: yes, repeat: 1
 1:32:35 [01] AnimalBear
 1:32:35   Primary Spawner: "Animal", active: yes, repeat: 1
 1:32:35 [02] AnimalCow
 1:32:35   Primary Spawner: "Animal", active: yes, repeat: 1
 1:32:35 [03] AnimalDeer
 1:32:35   Primary Spawner: "Animal", active: yes, repeat: 1
 1:32:35 [04] AnimalGoat
 1:32:35   Primary Spawner: "Animal", active: yes, repeat: 1
 1:32:35 [05] AnimalPig
 1:32:35   Primary Spawner: "Animal", active: yes, repeat: 1
 1:32:35 [06] AnimalRoeDeer
 1:32:35   Primary Spawner: "Animal", active: yes, repeat: 1
 1:32:35 [07] AnimalSheep
 1:32:35   Primary Spawner: "Animal", active: yes, repeat: 1
 1:32:35 [08] AnimalWildBoar
 1:32:35   Primary Spawner: "Animal", active: yes, repeat: 1
 1:32:35 [09] AnimalWolf
 1:32:35   Primary Spawner: "Animal", active: yes, repeat: 1
 1:32:35 [10] InfectedArmy
 1:32:35   Primary Spawner: "Infected", active: yes, repeat: 1
 1:32:35 [11] InfectedCity
 1:32:35   Primary Spawner: "Infected", active: yes, repeat: 1
 1:32:35 [12] InfectedFirefighter
 1:32:35   Primary Spawner: "Infected", active: yes, repeat: 1
 1:32:35 [13] InfectedIndustrial
 1:32:35   Primary Spawner: "Infected", active: yes, repeat: 1
 1:32:35 [14] InfectedMedic
 1:32:35   Primary Spawner: "Infected", active: yes, repeat: 1
 1:32:35 [15] InfectedPolice
 1:32:35   Primary Spawner: "Infected", active: yes, repeat: 1
 1:32:35 [16] InfectedPrisoner
 1:32:35   Primary Spawner: "Infected", active: yes, repeat: 1
 1:32:35 [17] InfectedReligious
 1:32:35   Primary Spawner: "Infected", active: yes, repeat: 1
 1:32:35 [18] InfectedSolitude
 1:32:35   Primary Spawner: "Infected", active: yes, repeat: 1
 1:32:35 [19] InfectedVillage
 1:32:35   Primary Spawner: "Infected", active: yes, repeat: 1
 1:32:35 [20] ItemPlanks
 1:32:35   Primary Spawner: "Item", active: yes, repeat: 1
 1:32:35 [21] Loot
 1:32:35   Primary Spawner: "Loot", active: yes, repeat: 2
 1:32:35 [22] StaticHeliCrash
 1:32:35   Primary Spawner: "Vehicle", active: yes, repeat: 1
 1:32:35   Secondary Spawner: "Infected", active: yes, repeat: 1
 1:32:35 [23] StaticPoliceCar
 1:32:35   Primary Spawner: "Vehicle", active: yes, repeat: 1
 1:32:35 [24] TrajectoryConiferous
 1:32:35   Primary Spawner: "Trajectory", active: yes, repeat: 1
 1:32:35 [25] TrajectoryDeciduous
 1:32:35   Primary Spawner: "Trajectory", active: yes, repeat: 1
 1:32:35 [26] TrajectoryHumus
 1:32:35   Primary Spawner: "Trajectory", active: yes, repeat: 1
 1:32:35 [27] TrajectoryStones
 1:32:35   Primary Spawner: "Trajectory", active: yes, repeat: 1
 1:32:35 [28] VehicleCivilianSedan
 1:32:35   Primary Spawner: "Vehicle", active: yes, repeat: 1
 1:32:35 [29] VehicleHatchback02
 1:32:35   Primary Spawner: "Vehicle", active: yes, repeat: 1
 1:32:35 [30] VehicleOffroadHatchback
 1:32:35   Primary Spawner: "Vehicle", active: yes, repeat: 1
 1:32:35 [31] VehicleSedan02
 1:32:35   Primary Spawner: "Vehicle", active: yes, repeat: 1
 1:32:35 [CE][Hive] :: Initializing of spawners done.
 1:32:35 [CE][Hive] :: Init sequence finished.
 1:33:00 BattlEye Server: RCon admin #0 (127.0.0.1:54339) logged in
 1:33:05 Average server FPS: 4312.47 (measured interval: 30 s)
 1:33:05 Used memory: 1265800 KB
 1:33:05 Players: 0 in total
 1:33:35 Average server FPS: 7722.61 (measured interval: 30 s)
 1:33:35 Used memory: 1280792 KB
 1:33:35 Players: 0 in total
 1:34:00 BattlEye Server: RCon admin #0: (Global) Welcome to The Community Test Server! This server restarts every 30 Minutes
 1:34:05 BattlEye Server: RCon admin #0: (Global) Discord at https://discord.me/eXpoch -- I Still have TS3.donkeypunch.info
 1:34:05 Average server FPS: 6840.30 (measured interval: 30 s)
 1:34:05 Used memory: 1295248 KB
 1:34:05 Players: 0 in total
 1:34:15 BattlEye Server: RCon admin #0: (Global) Interesting new message here, inquire within battleye-BEC!
 1:34:35 Average server FPS: 5485.06 (measured interval: 30 s)
 1:34:35 Used memory: 1305063 KB
 1:34:35 Players: 0 in total
 1:35:05 Average server FPS: 6926.90 (measured interval: 30 s)
 1:35:05 Used memory: 1319801 KB
 1:35:05 Players: 0 in total
 1:35:35 Average server FPS: 7126.90 (measured interval: 30 s)
 1:35:35 Used memory: 1331959 KB
 1:35:35 Players: 0 in total
 1:35:58 [CE][LootRespawner] (PRIDummy) :: Item [0] is hard to place, performance drops: "Mag_AK101_30Rnd"
 1:36:05 Average server FPS: 8670.33 (measured interval: 30 s)
 1:36:05 Used memory: 1334030 KB
 1:36:05 Players: 0 in total
 1:36:26 [CE][LootRespawner] (PRIDummy) :: Item [1] is hard to place, performance drops: "CanisterGasoline"
 1:36:35 Average server FPS: 8717.33 (measured interval: 30 s)
 1:36:35 Used memory: 1334873 KB
 1:36:35 Players: 0 in total
 1:37:05 Average server FPS: 8178.50 (measured interval: 30 s)
 1:37:05 Used memory: 1336910 KB
 1:37:05 Players: 0 in total
 1:37:35 Average server FPS: 8638.20 (measured interval: 30 s)
 1:37:35 Used memory: 1337013 KB
 1:37:35 Players: 0 in total
 1:38:00 BattlEye Server: RCon admin #0: (Global) The Community TEST SERVER will reboot in 25 minutes.
 1:38:05 Average server FPS: 8827.17 (measured interval: 30 s)
 1:38:05 Used memory: 1336926 KB
 1:38:05 Players: 0 in total
 1:38:35 Average server FPS: 8973.03 (measured interval: 30 s)
 1:38:35 Used memory: 1336598 KB
 1:38:35 Players: 0 in total
 1:39:05 Average server FPS: 9037.63 (measured interval: 30 s)
 1:39:05 Used memory: 1336681 KB
 1:39:05 Players: 0 in total
 1:39:35 Average server FPS: 8782.70 (measured interval: 30 s)
 1:39:35 Used memory: 1336490 KB
 1:39:35 Players: 0 in total
 1:40:04 [CE][LootRespawner] (PRIDummy) :: Item [2] is hard to place, performance drops: "AKM"
 1:40:05 Average server FPS: 8748.43 (measured interval: 30 s)
 1:40:05 Used memory: 1337124 KB
 1:40:05 Players: 0 in total
 1:40:35 Average server FPS: 8909.10 (measured interval: 30 s)
 1:40:35 Used memory: 1336995 KB
 1:40:35 Players: 0 in total
 1:41:05 Average server FPS: 8919.83 (measured interval: 30 s)
 1:41:05 Used memory: 1336786 KB
 1:41:05 Players: 0 in total
 1:41:35 Average server FPS: 8776.13 (measured interval: 30 s)
 1:41:35 Used memory: 1336843 KB
 1:41:35 Players: 0 in total
 1:42:05 Average server FPS: 8912.70 (measured interval: 30 s)
 1:42:05 Used memory: 1336808 KB
 1:42:05 Players: 0 in total
 1:42:35 Average server FPS: 8932.33 (measured interval: 30 s)
 1:42:35 Used memory: 1336734 KB
 1:42:35 Players: 0 in total
 1:43:05 Average server FPS: 9031.57 (measured interval: 30 s)
 1:43:05 Used memory: 1336649 KB
 1:43:05 Players: 0 in total
 1:43:35 Average server FPS: 8944.67 (measured interval: 30 s)
 1:43:35 Used memory: 1336805 KB
 1:43:35 Players: 0 in total
 1:44:00 BattlEye Server: RCon admin #0: (Global) Welcome to The Community Test Server! This server restarts every 30 Minutes
 1:44:05 BattlEye Server: RCon admin #0: (Global) Discord at https://discord.me/eXpoch -- I Still have TS3.donkeypunch.info
 1:44:05 Average server FPS: 8988.27 (measured interval: 30 s)
 1:44:05 Used memory: 1336724 KB
 1:44:05 Players: 0 in total
 1:44:15 BattlEye Server: RCon admin #0: (Global) Interesting new message here, inquire within battleye-BEC!
 1:44:35 Average server FPS: 8982.30 (measured interval: 30 s)
 1:44:35 Used memory: 1336645 KB
 1:44:35 Players: 0 in total
 1:45:00 [CE][LootRespawner] (PRIDummy) :: Item [3] is hard to place, performance drops: "PrisonUniformPants"
 1:45:05 Average server FPS: 8475.60 (measured interval: 30 s)
 1:45:05 Used memory: 1336829 KB
 1:45:05 Players: 0 in total
 1:45:35 Average server FPS: 8924.90 (measured interval: 30 s)
 1:45:35 Used memory: 1336657 KB
 1:45:35 Players: 0 in total
 1:46:05 Average server FPS: 8948.43 (measured interval: 30 s)
 1:46:05 Used memory: 1336365 KB
 1:46:05 Players: 0 in total
 1:46:35 Average server FPS: 8917.30 (measured interval: 30 s)
 1:46:35 Used memory: 1336310 KB
 1:46:35 Players: 0 in total
 1:47:05 Average server FPS: 8896.40 (measured interval: 30 s)
 1:47:05 Used memory: 1336445 KB
 1:47:05 Players: 0 in total
 1:47:35 Average server FPS: 8724.67 (measured interval: 30 s)
 1:47:35 Used memory: 1336447 KB
 1:47:35 Players: 0 in total
 1:48:00 BattlEye Server: RCon admin #0: (Global) The Community TEST SERVER will reboot in 15 minutes.
 1:48:05 Average server FPS: 8938.00 (measured interval: 30 s)
 1:48:05 Used memory: 1336250 KB
 1:48:05 Players: 0 in total
 1:48:35 Average server FPS: 8852.43 (measured interval: 30 s)
 1:48:35 Used memory: 1336235 KB
 1:48:35 Players: 0 in total
 1:49:05 Average server FPS: 8945.27 (measured interval: 30 s)
 1:49:05 Used memory: 1336187 KB
 1:49:05 Players: 0 in total
 1:49:35 Average server FPS: 8997.43 (measured interval: 30 s)
 1:49:35 Used memory: 1336145 KB
 1:49:35 Players: 0 in total
 1:50:05 Average server FPS: 8773.87 (measured interval: 30 s)
 1:50:05 Used memory: 1335941 KB
 1:50:05 Players: 0 in total
 1:50:35 Average server FPS: 9059.97 (measured interval: 30 s)
 1:50:35 Used memory: 1335979 KB
 1:50:35 Players: 0 in total
 1:51:05 Average server FPS: 8599.43 (measured interval: 30 s)
 1:51:05 Used memory: 1336033 KB
 1:51:05 Players: 0 in total
 1:51:35 Average server FPS: 9023.50 (measured interval: 30 s)
 1:51:35 Used memory: 1335954 KB
 1:51:35 Players: 0 in total
 1:52:05 Average server FPS: 8884.17 (measured interval: 30 s)
 1:52:05 Used memory: 1335903 KB
 1:52:05 Players: 0 in total
 1:52:35 Average server FPS: 8975.50 (measured interval: 30 s)
 1:52:35 Used memory: 1335920 KB
 1:52:35 Players: 0 in total
 1:53:05 Average server FPS: 8642.43 (measured interval: 30 s)
 1:53:05 Used memory: 1336177 KB
 1:53:05 Players: 0 in total
 1:53:35 Average server FPS: 8891.50 (measured interval: 30 s)
 1:53:35 Used memory: 1336095 KB
 1:53:35 Players: 0 in total
 1:54:00 BattlEye Server: RCon admin #0: (Global) Welcome to The Community Test Server! This server restarts every 30 Minutes
 1:54:05 BattlEye Server: RCon admin #0: (Global) Discord at https://discord.me/eXpoch -- I Still have TS3.donkeypunch.info
 1:54:05 Average server FPS: 8938.20 (measured interval: 30 s)
 1:54:05 Used memory: 1336033 KB
 1:54:05 Players: 0 in total
 1:54:15 BattlEye Server: RCon admin #0: (Global) Interesting new message here, inquire within battleye-BEC!
 1:54:35 Average server FPS: 8970.83 (measured interval: 30 s)
 1:54:35 Used memory: 1335721 KB
 1:54:35 Players: 0 in total
 1:55:05 Average server FPS: 8932.83 (measured interval: 30 s)
 1:55:05 Used memory: 1335753 KB
 1:55:05 Players: 0 in total
 1:55:18 [CE][LootRespawner] (PRIDummy) :: Item [4] is hard to place, performance drops: "AKS74U_Bttstck"
 1:55:35 Average server FPS: 8828.47 (measured interval: 30 s)
 1:55:35 Used memory: 1336161 KB
 1:55:35 Players: 0 in total
 1:55:45 [CE][LootRespawner] (PRIDummy) :: Item [5] is hard to place, performance drops: "Mag_AKM_30Rnd"
 1:56:05 Average server FPS: 8874.53 (measured interval: 30 s)
 1:56:05 Used memory: 1336160 KB
 1:56:05 Players: 0 in total
 1:56:35 Average server FPS: 8647.13 (measured interval: 30 s)
 1:56:35 Used memory: 1336041 KB
 1:56:35 Players: 0 in total
 1:57:05 Average server FPS: 8851.90 (measured interval: 30 s)
 1:57:05 Used memory: 1336109 KB
 1:57:05 Players: 0 in total
 1:57:32 [CE][LootRespawner] (PRIDummy) :: Item [6] is hard to place, performance drops: "HunterPants_Summer"
 1:57:33 [CE][LootRespawner] (PRIDummy) :: Item [7] is hard to place, performance drops: "PrisonerCap"
 1:57:33 [CE][LootRespawner] (PRIDummy) :: Item [8] is hard to place, performance drops: "PrisonerCap"
 1:57:35 Average server FPS: 8817.57 (measured interval: 30 s)
 1:57:35 Used memory: 1336386 KB
 1:57:35 Players: 0 in total
 1:58:00 BattlEye Server: RCon admin #0: (Global) The Community TEST SERVER will reboot in 5 minutes. Wrap it up, getting close
 1:58:05 Average server FPS: 8850.17 (measured interval: 30 s)
 1:58:05 Used memory: 1336409 KB
 1:58:05 Players: 0 in total
 1:58:35 Average server FPS: 8638.57 (measured interval: 30 s)
 1:58:35 Used memory: 1336358 KB
 1:58:35 Players: 0 in total
 1:59:05 Average server FPS: 8781.07 (measured interval: 30 s)
 1:59:05 Used memory: 1336126 KB
 1:59:05 Players: 0 in total
 1:59:35 Average server FPS: 8889.60 (measured interval: 30 s)
 1:59:35 Used memory: 1336144 KB
 1:59:35 Players: 0 in total
 2:00:05 Average server FPS: 6518.30 (measured interval: 30 s)
 2:00:05 Used memory: 1337092 KB
 2:00:05 Players: 0 in total
 2:00:35 Average server FPS: 8999.10 (measured interval: 30 s)
 2:00:35 Used memory: 1337178 KB
 2:00:35 Players: 0 in total
 2:01:00 BattlEye Server: RCon admin #0: (Global) The Community TEST SERVER will reboot in 2 minutes. LOG OUT NOW!
 2:01:05 Average server FPS: 8950.27 (measured interval: 30 s)
 2:01:05 Used memory: 1338024 KB
 2:01:05 Players: 0 in total
 2:01:35 Average server FPS: 8885.27 (measured interval: 30 s)
 2:01:35 Used memory: 1337803 KB
 2:01:35 Players: 0 in total
