 4:10:29 BattlEye Server: Initialized (v1.217)
 4:10:29 SUCCESS: SteamGameServer_Init(0,8766,2442,28056,3,1.07.153006)
 4:10:29 Roles assigned.
 4:10:29 Reading mission ...
 4:11:13 [CE][Hive] :: Initializing OFFLINE
 4:11:13 [CE][Hive] :: Loading core data ... 
 4:11:13 [CE][CoreData] :: 7 root classes, 19 defaults, 0 updaters...
 4:11:17 [CE][TypeSetup] :: 408 classes setuped...
 4:11:17 [CE][RegisterBind] :: 0 classes binded...
 4:11:17 [CE][RegisterConfig] :: 3115 config classes registered, 1 sub-counters...
 4:11:17 [CE][Hive] :: Loading map data ... 
 4:11:17 !!! [CE] :: Unknown category: 'vehicleparts'.
 4:11:17 !!! [CE] :: Unknown category: 'vehicleparts'.
 4:11:17 !!! [CE] :: Unknown category: 'vehicleparts'.
 4:11:17 !!! [CE] :: Unknown category: 'vehicleparts'.
 4:11:17 !!! [CE] :: Unknown category: 'vehicleparts'.
 4:11:17 !!! [CE] :: Unknown category: 'vehicleparts'.
 4:11:17 !!! [CE] :: Unknown category: 'vehicleparts'.
 4:11:17 !!! [CE] :: Unknown category: 'vehicleparts'.
 4:11:17 !!! [CE] :: Unknown category: 'vehicleparts'.
 4:11:17 !!! [CE] :: Unknown category: 'vehicleparts'.
 4:11:17 !!! [CE] :: Unknown category: 'vehicleparts'.
 4:11:17 !!! [CE] :: Unknown category: 'vehicleparts'.
 4:11:17 !!! [CE] :: Unknown category: 'vehicleparts'.
 4:11:17 !!! [CE] :: Unknown category: 'vehicleparts'.
 4:11:17 !!! [CE] :: Unknown category: 'vehicleparts'.
 4:11:17 !!! [CE] :: Unknown category: 'vehicleparts'.
 4:11:17 !!! [CE] :: Unknown category: 'vehicleparts'.
 4:11:17 !!! [CE] :: Unknown category: 'vehicleparts'.
 4:11:17 !!! [CE] :: Unknown category: 'vehicleparts'.
 4:11:17 !!! [CE] :: Unknown category: 'vehicleparts'.
 4:11:17 !!! [CE] :: Unknown category: 'vehicleparts'.
 4:11:17 !!! [CE] :: Unknown category: 'vehicleparts'.
 4:11:17 !!! [CE] :: Unknown category: 'vehicleparts'.
 4:11:17 !!! [CE] :: Unknown category: 'vehicleparts'.
 4:11:17 [CE][LoadPrototype] :: loaded 330 prototypes
 4:11:17   702 containers, 9116 points
 4:11:17   24 dispatches, 90 proxies
 4:11:17 !!! [CE][LoadPrototype] 12 groups have no points...
 4:11:17 !!![CE][LoadPrototype]  3 groups have wrong points...
 4:11:17 [CE][LoadPrototype] :: last group name: Land_Lunapark_Autodrome...
 4:11:17 [CE][LoadPrototype] :: loaded 0 prototypes
 4:11:17   0 containers, 0 points
 4:11:17   0 dispatches, 0 proxies
 4:11:17 [CE][LoadPrototype] :: last group name: PathD_7100...
 4:11:18 [CE][LoadMap] "Group" :: loaded 5086 groups, largest group range: 26.9
 4:11:18 [CE][LoadMap] "Dirt" :: loaded 0 groups, largest group range: 26.9
 4:11:18 [CE][LoadClusters] "Cluster" :: Loading files...
 4:11:18 [CE][LoadClusters] :: file: "mapgroupcluster.xml", 4 types, 50000 instances
 4:11:18 [CE][LoadClusters] :: file: "mapgroupcluster01", 4 types, 50000 instances
 4:11:18 [CE][LoadClusters] :: file: "mapgroupcluster02", 4 types, 50000 instances
 4:11:19 [CE][LoadClusters] :: file: "mapgroupcluster03", 4 types, 50000 instances
 4:11:19 [CE][LoadClusters] :: file: "mapgroupcluster04", 4 types, 21297 instances
 4:11:19 [CE][Storage] ver:21 stamp:942, valid:yes, name:"mpmissions\TheCommunity.enoch\storage_666\data\types.bin"
 4:11:19 [CE][Storage] ver:21 stamp:940, valid:yes, name:"mpmissions\TheCommunity.enoch\storage_666\data\types.001"
 4:11:19 [CE][Storage] ver:21 stamp:941, valid:yes, name:"mpmissions\TheCommunity.enoch\storage_666\data\types.002"
 4:11:19 [CE][Storage] Restoring file "mpmissions\TheCommunity.enoch\storage_666\data\types.bin".
 4:11:19 [CE][offlineDB] :: Loaded 32 dynamic events 211 total types 0 total positions.
 4:11:19 [CE][Storage] ver:21 stamp:942, valid:yes, name:"mpmissions\TheCommunity.enoch\storage_666\data\events.bin"
 4:11:19 [CE][Storage] ver:21 stamp:940, valid:yes, name:"mpmissions\TheCommunity.enoch\storage_666\data\events.001"
 4:11:19 [CE][Storage] ver:21 stamp:941, valid:yes, name:"mpmissions\TheCommunity.enoch\storage_666\data\events.002"
 4:11:19 [CE][Storage] Restoring file "mpmissions\TheCommunity.enoch\storage_666\data\events.bin".
 4:11:19 [CE][DynamicEvent] Load  Events:[32] Primary spawners: 32 Secondary spawners: 1
 4:11:19 [CE][Storage] ver:24 stamp:942, valid:yes, name:"mpmissions\TheCommunity.enoch\storage_666\data\vehicles.bin"
 4:11:19 [CE][Storage] ver:24 stamp:940, valid:yes, name:"mpmissions\TheCommunity.enoch\storage_666\data\vehicles.001"
 4:11:19 [CE][Storage] ver:24 stamp:941, valid:yes, name:"mpmissions\TheCommunity.enoch\storage_666\data\vehicles.002"
 4:11:19 [CE][Storage] Restoring file "mpmissions\TheCommunity.enoch\storage_666\data\vehicles.bin" 83 items.
 4:11:19   83 items loaded.
 4:11:19 [CE][Storage] ver:0 stamp:0, valid:NO, name:"mpmissions\TheCommunity.enoch\storage_666\data\dynamic_000.bin"
 4:11:19 [CE][Storage] ver:24 stamp:940, valid:yes, name:"mpmissions\TheCommunity.enoch\storage_666\data\dynamic_000.001"
 4:11:19 [CE][Storage] ver:24 stamp:941, valid:yes, name:"mpmissions\TheCommunity.enoch\storage_666\data\dynamic_000.002"
 4:11:19 [CE][Storage] Restoring file "mpmissions\TheCommunity.enoch\storage_666\data\dynamic_000.002" 252 items.
 4:11:19   252 items loaded.
 4:11:19 [CE][Storage] ver:0 stamp:0, valid:NO, name:"mpmissions\TheCommunity.enoch\storage_666\data\dynamic_001.bin"
 4:11:19 [CE][Storage] ver:24 stamp:940, valid:yes, name:"mpmissions\TheCommunity.enoch\storage_666\data\dynamic_001.001"
 4:11:19 [CE][Storage] ver:24 stamp:941, valid:yes, name:"mpmissions\TheCommunity.enoch\storage_666\data\dynamic_001.002"
 4:11:19 [CE][Storage] Restoring file "mpmissions\TheCommunity.enoch\storage_666\data\dynamic_001.002" 1532 items.
 4:11:20   1532 items loaded.
 4:11:20 [CE][Storage] ver:0 stamp:0, valid:NO, name:"mpmissions\TheCommunity.enoch\storage_666\data\dynamic_002.bin"
 4:11:20 [CE][Storage] ver:24 stamp:940, valid:yes, name:"mpmissions\TheCommunity.enoch\storage_666\data\dynamic_002.001"
 4:11:20 [CE][Storage] ver:24 stamp:941, valid:yes, name:"mpmissions\TheCommunity.enoch\storage_666\data\dynamic_002.002"
 4:11:20 [CE][Storage] Restoring file "mpmissions\TheCommunity.enoch\storage_666\data\dynamic_002.002" 419 items.
 4:11:20   419 items loaded.
 4:11:20 [CE][Storage] ver:0 stamp:0, valid:NO, name:"mpmissions\TheCommunity.enoch\storage_666\data\dynamic_003.bin"
 4:11:20 [CE][Storage] ver:24 stamp:940, valid:yes, name:"mpmissions\TheCommunity.enoch\storage_666\data\dynamic_003.001"
 4:11:20 [CE][Storage] ver:24 stamp:941, valid:yes, name:"mpmissions\TheCommunity.enoch\storage_666\data\dynamic_003.002"
 4:11:20 [CE][Storage] Restoring file "mpmissions\TheCommunity.enoch\storage_666\data\dynamic_003.002" 843 items.
 4:11:20   843 items loaded.
 4:11:20 [CE][Storage] ver:0 stamp:0, valid:NO, name:"mpmissions\TheCommunity.enoch\storage_666\data\dynamic_004.bin"
 4:11:20 [CE][Storage] ver:24 stamp:940, valid:yes, name:"mpmissions\TheCommunity.enoch\storage_666\data\dynamic_004.001"
 4:11:20 [CE][Storage] ver:24 stamp:941, valid:yes, name:"mpmissions\TheCommunity.enoch\storage_666\data\dynamic_004.002"
 4:11:20 [CE][Storage] Restoring file "mpmissions\TheCommunity.enoch\storage_666\data\dynamic_004.002" 972 items.
 4:11:20   972 items loaded.
 4:11:20 [CE][Storage] ver:0 stamp:0, valid:NO, name:"mpmissions\TheCommunity.enoch\storage_666\data\dynamic_005.bin"
 4:11:20 [CE][Storage] ver:24 stamp:940, valid:yes, name:"mpmissions\TheCommunity.enoch\storage_666\data\dynamic_005.001"
 4:11:20 [CE][Storage] ver:24 stamp:941, valid:yes, name:"mpmissions\TheCommunity.enoch\storage_666\data\dynamic_005.002"
 4:11:20 [CE][Storage] Restoring file "mpmissions\TheCommunity.enoch\storage_666\data\dynamic_005.002" 1181 items.
 4:11:21   1181 items loaded.
 4:11:21 [CE][Storage] ver:0 stamp:0, valid:NO, name:"mpmissions\TheCommunity.enoch\storage_666\data\dynamic_006.bin"
 4:11:21 [CE][Storage] ver:24 stamp:940, valid:yes, name:"mpmissions\TheCommunity.enoch\storage_666\data\dynamic_006.001"
 4:11:21 [CE][Storage] ver:24 stamp:941, valid:yes, name:"mpmissions\TheCommunity.enoch\storage_666\data\dynamic_006.002"
 4:11:21 [CE][Storage] Restoring file "mpmissions\TheCommunity.enoch\storage_666\data\dynamic_006.002" 637 items.
 4:11:21   637 items loaded.
 4:11:21 [CE][Storage] ver:0 stamp:0, valid:NO, name:"mpmissions\TheCommunity.enoch\storage_666\data\dynamic_007.bin"
 4:11:21 [CE][Storage] ver:24 stamp:940, valid:yes, name:"mpmissions\TheCommunity.enoch\storage_666\data\dynamic_007.001"
 4:11:21 [CE][Storage] ver:24 stamp:941, valid:yes, name:"mpmissions\TheCommunity.enoch\storage_666\data\dynamic_007.002"
 4:11:21 [CE][Storage] Restoring file "mpmissions\TheCommunity.enoch\storage_666\data\dynamic_007.002" 715 items.
 4:11:21   715 items loaded.
 4:11:21 [CE][Storage] ver:0 stamp:0, valid:NO, name:"mpmissions\TheCommunity.enoch\storage_666\data\dynamic_008.bin"
 4:11:21 [CE][Storage] ver:24 stamp:940, valid:yes, name:"mpmissions\TheCommunity.enoch\storage_666\data\dynamic_008.001"
 4:11:21 [CE][Storage] ver:24 stamp:941, valid:yes, name:"mpmissions\TheCommunity.enoch\storage_666\data\dynamic_008.002"
 4:11:21 [CE][Storage] Restoring file "mpmissions\TheCommunity.enoch\storage_666\data\dynamic_008.002" 660 items.
 4:11:21   660 items loaded.
 4:11:21 [CE][Storage] ver:0 stamp:0, valid:NO, name:"mpmissions\TheCommunity.enoch\storage_666\data\dynamic_009.bin"
 4:11:21 [CE][Storage] ver:24 stamp:940, valid:yes, name:"mpmissions\TheCommunity.enoch\storage_666\data\dynamic_009.001"
 4:11:21 [CE][Storage] ver:24 stamp:941, valid:yes, name:"mpmissions\TheCommunity.enoch\storage_666\data\dynamic_009.002"
 4:11:21 [CE][Storage] Restoring file "mpmissions\TheCommunity.enoch\storage_666\data\dynamic_009.002" 576 items.
 4:11:21   576 items loaded.
 4:11:21 [CE][Storage] ver:0 stamp:0, valid:NO, name:"mpmissions\TheCommunity.enoch\storage_666\data\dynamic_010.bin"
 4:11:21 [CE][Storage] ver:24 stamp:940, valid:yes, name:"mpmissions\TheCommunity.enoch\storage_666\data\dynamic_010.001"
 4:11:21 [CE][Storage] ver:24 stamp:941, valid:yes, name:"mpmissions\TheCommunity.enoch\storage_666\data\dynamic_010.002"
 4:11:21 [CE][Storage] Restoring file "mpmissions\TheCommunity.enoch\storage_666\data\dynamic_010.002" 1647 items.
 4:11:22   1647 items loaded.
 4:11:22 [CE][Storage] ver:0 stamp:0, valid:NO, name:"mpmissions\TheCommunity.enoch\storage_666\data\dynamic_011.bin"
 4:11:22 [CE][Storage] ver:24 stamp:940, valid:yes, name:"mpmissions\TheCommunity.enoch\storage_666\data\dynamic_011.001"
 4:11:22 [CE][Storage] ver:24 stamp:941, valid:yes, name:"mpmissions\TheCommunity.enoch\storage_666\data\dynamic_011.002"
 4:11:22 [CE][Storage] Restoring file "mpmissions\TheCommunity.enoch\storage_666\data\dynamic_011.002" 237 items.
 4:11:22   237 items loaded.
 4:11:22 [CE][Hive] :: Storage load took:2.69 seconds, recovery stamp:942
 4:11:22   entity: 10500, building: 0
 4:11:22   no lifetime: 40
 4:11:22 [CE][Hive] :: Initializing ... 
 4:11:22 [CE][InitializeMap] :: initialized: 0
 4:11:22 [CE][Hive] :: Initializing spawners ... 
 4:11:23 [CE][LootRespawner] (PRIDummy) :: Item [0] causing search overtime: "CivSedanHood_Wine"
 4:11:23 [CE][LootRespawner] (PRIDummy) :: Item [1] causing search overtime: "CivSedanHood_Wine"
 4:11:23 [CE][LootRespawner] (PRIDummy) :: Item [2] causing search overtime: "CivSedanHood_Wine"
 4:11:23 [CE][LootRespawner] (PRIDummy) :: Item [3] causing search overtime: "CivSedanHood_Wine"
 4:11:23 [CE][LootRespawner] (PRIDummy) :: Item [4] causing search overtime: "CivSedanHood_Wine"
 4:11:23 [CE][LootRespawner] (PRIDummy) :: Item [5] causing search overtime: "CivSedanHood_Wine"
 4:11:23 [CE][LootRespawner] (PRIDummy) :: Item [6] causing search overtime: "CivSedanHood_Wine"
 4:11:23 [CE][LootRespawner] (PRIDummy) :: Item [7] causing search overtime: "CivSedanHood_Wine"
 4:11:23 [CE][LootRespawner] (PRIDummy) :: Item [8] causing search overtime: "CivSedanHood_Wine"
 4:11:23 [CE][LootRespawner] (PRIDummy) :: Item [9] causing search overtime: "CivSedanHood_Wine"
 4:11:23 [CE][LootRespawner] (PRIDummy) :: Item [10] causing search overtime: "Sedan_02_Trunk_Grey"
 4:11:23 [CE][LootRespawner] (PRIDummy) :: Item [11] causing search overtime: "Sedan_02_Trunk_Grey"
 4:11:23 [CE][LootRespawner] (PRIDummy) :: Item [12] causing search overtime: "Sedan_02_Trunk_Grey"
 4:11:23 [CE][LootRespawner] (PRIDummy) :: Item [13] causing search overtime: "Sedan_02_Trunk_Grey"
 4:11:23 [CE][LootRespawner] (PRIDummy) :: Item [14] causing search overtime: "Sedan_02_Trunk_Grey"
 4:11:23 [CE][LootRespawner] (PRIDummy) :: Item [15] causing search overtime: "Sedan_02_Trunk_Grey"
 4:11:23 [CE][LootRespawner] (PRIDummy) :: Item [16] causing search overtime: "Sedan_02_Trunk_Grey"
 4:11:23 [CE][LootRespawner] (PRIDummy) :: Item [17] causing search overtime: "Sedan_02_Trunk_Grey"
 4:11:23 [CE][LootRespawner] (PRIDummy) :: Item [18] causing search overtime: "Sedan_02_Trunk_Grey"
 4:11:23 [CE][LootRespawner] (PRIDummy) :: Item [19] causing search overtime: "Sedan_02_Trunk_Grey"
 4:11:24 [CE][LootRespawner] (PRIDummy) :: Initially (re)spawned:81, Nominal:12429, Total in Map: 9864 at 0 (sec)
 4:11:24   tests:81, repeats:0 fails:0, overtime:489
 4:11:24 [CE][DynEvent] :: 32 types
 4:11:24 [00] AmbientHen
 4:11:24   Primary Spawner: "Ambient", active: yes, repeat: 1
 4:11:24 [01] AnimalBear
 4:11:24   Primary Spawner: "Animal", active: yes, repeat: 1
 4:11:24 [02] AnimalCow
 4:11:24   Primary Spawner: "Animal", active: yes, repeat: 1
 4:11:24 [03] AnimalDeer
 4:11:24   Primary Spawner: "Animal", active: yes, repeat: 1
 4:11:24 [04] AnimalGoat
 4:11:24   Primary Spawner: "Animal", active: yes, repeat: 1
 4:11:24 [05] AnimalPig
 4:11:24   Primary Spawner: "Animal", active: yes, repeat: 1
 4:11:24 [06] AnimalRoeDeer
 4:11:24   Primary Spawner: "Animal", active: yes, repeat: 1
 4:11:24 [07] AnimalSheep
 4:11:24   Primary Spawner: "Animal", active: yes, repeat: 1
 4:11:24 [08] AnimalWildBoar
 4:11:24   Primary Spawner: "Animal", active: yes, repeat: 1
 4:11:24 [09] AnimalWolf
 4:11:24   Primary Spawner: "Animal", active: yes, repeat: 1
 4:11:24 [10] InfectedArmy
 4:11:24   Primary Spawner: "Infected", active: yes, repeat: 1
 4:11:24 [11] InfectedCity
 4:11:24   Primary Spawner: "Infected", active: yes, repeat: 1
 4:11:24 [12] InfectedFirefighter
 4:11:24   Primary Spawner: "Infected", active: yes, repeat: 1
 4:11:24 [13] InfectedIndustrial
 4:11:24   Primary Spawner: "Infected", active: yes, repeat: 1
 4:11:24 [14] InfectedMedic
 4:11:24   Primary Spawner: "Infected", active: yes, repeat: 1
 4:11:24 [15] InfectedPolice
 4:11:24   Primary Spawner: "Infected", active: yes, repeat: 1
 4:11:24 [16] InfectedPrisoner
 4:11:24   Primary Spawner: "Infected", active: yes, repeat: 1
 4:11:24 [17] InfectedReligious
 4:11:24   Primary Spawner: "Infected", active: yes, repeat: 1
 4:11:24 [18] InfectedSolitude
 4:11:24   Primary Spawner: "Infected", active: yes, repeat: 1
 4:11:24 [19] InfectedVillage
 4:11:24   Primary Spawner: "Infected", active: yes, repeat: 1
 4:11:24 [20] ItemPlanks
 4:11:24   Primary Spawner: "Item", active: yes, repeat: 1
 4:11:24 [21] Loot
 4:11:24   Primary Spawner: "Loot", active: yes, repeat: 2
 4:11:24 [22] StaticHeliCrash
 4:11:24   Primary Spawner: "Vehicle", active: yes, repeat: 1
 4:11:24   Secondary Spawner: "Infected", active: yes, repeat: 1
 4:11:24 [23] StaticPoliceCar
 4:11:24   Primary Spawner: "Vehicle", active: yes, repeat: 1
 4:11:24 [24] TrajectoryConiferous
 4:11:24   Primary Spawner: "Trajectory", active: yes, repeat: 1
 4:11:24 [25] TrajectoryDeciduous
 4:11:24   Primary Spawner: "Trajectory", active: yes, repeat: 1
 4:11:24 [26] TrajectoryHumus
 4:11:24   Primary Spawner: "Trajectory", active: yes, repeat: 1
 4:11:24 [27] TrajectoryStones
 4:11:24   Primary Spawner: "Trajectory", active: yes, repeat: 1
 4:11:24 [28] VehicleCivilianSedan
 4:11:24   Primary Spawner: "Vehicle", active: yes, repeat: 1
 4:11:24 [29] VehicleHatchback02
 4:11:24   Primary Spawner: "Vehicle", active: yes, repeat: 1
 4:11:24 [30] VehicleOffroadHatchback
 4:11:24   Primary Spawner: "Vehicle", active: yes, repeat: 1
 4:11:24 [31] VehicleSedan02
 4:11:24   Primary Spawner: "Vehicle", active: yes, repeat: 1
 4:11:24 [CE][Hive] :: Initializing of spawners done.
 4:11:24 [CE][Hive] :: Init sequence finished.
 4:11:47 BattlEye Server: RCon admin #0 (127.0.0.1:58363) logged in
 4:11:54 Average server FPS: 5793.37 (measured interval: 30 s)
 4:11:54 Used memory: 1274384 KB
 4:11:54 Players: 0 in total
 4:12:24 Average server FPS: 6536.07 (measured interval: 30 s)
 4:12:24 Used memory: 1288402 KB
 4:12:24 Players: 0 in total
 4:12:47 BattlEye Server: RCon admin #0: (Global) Welcome to The Community Test Server! This server restarts every 30 Minutes
 4:12:52 BattlEye Server: RCon admin #0: (Global) Discord at https://discord.me/eXpoch -- I Still have TS3.donkeypunch.info
 4:12:54 Average server FPS: 7635.20 (measured interval: 30 s)
 4:12:54 Used memory: 1304742 KB
 4:12:54 Players: 0 in total
 4:13:02 BattlEye Server: RCon admin #0: (Global) Interesting new message here, inquire within battleye-BEC!
 4:13:24 Average server FPS: 6330.10 (measured interval: 30 s)
 4:13:24 Used memory: 1320077 KB
 4:13:24 Players: 0 in total
 4:13:54 Average server FPS: 7894.75 (measured interval: 30 s)
 4:13:54 Used memory: 1335033 KB
 4:13:54 Players: 0 in total
 4:14:24 Average server FPS: 7090.40 (measured interval: 30 s)
 4:14:24 Used memory: 1340778 KB
 4:14:24 Players: 0 in total
 4:14:44 [CE][LootRespawner] (PRIDummy) :: Item [0] is hard to place, performance drops: "HunterPants_Spring"
 4:14:54 Average server FPS: 9122.90 (measured interval: 30 s)
 4:14:54 Used memory: 1340895 KB
 4:14:54 Players: 0 in total
 4:15:24 Average server FPS: 9179.47 (measured interval: 30 s)
 4:15:24 Used memory: 1340767 KB
 4:15:24 Players: 0 in total
 4:15:54 Average server FPS: 9169.20 (measured interval: 30 s)
 4:15:54 Used memory: 1340740 KB
 4:15:54 Players: 0 in total
 4:16:24 Average server FPS: 8828.67 (measured interval: 30 s)
 4:16:24 Used memory: 1340658 KB
 4:16:24 Players: 0 in total
 4:16:47 BattlEye Server: RCon admin #0: (Global) The Community TEST SERVER will reboot in 25 minutes.
 4:16:54 Average server FPS: 8756.63 (measured interval: 30 s)
 4:16:54 Used memory: 1340531 KB
 4:16:54 Players: 0 in total
 4:17:24 Average server FPS: 8853.33 (measured interval: 30 s)
 4:17:24 Used memory: 1341753 KB
 4:17:24 Players: 0 in total
 4:17:54 Average server FPS: 8624.50 (measured interval: 30 s)
 4:17:54 Used memory: 1342161 KB
 4:17:54 Players: 0 in total
 4:18:24 Average server FPS: 8587.67 (measured interval: 30 s)
 4:18:24 Used memory: 1343030 KB
 4:18:24 Players: 0 in total
 4:18:54 Average server FPS: 8752.93 (measured interval: 30 s)
 4:18:54 Used memory: 1343047 KB
 4:18:54 Players: 0 in total
 4:19:24 Average server FPS: 8525.27 (measured interval: 30 s)
 4:19:24 Used memory: 1342776 KB
 4:19:24 Players: 0 in total
 4:19:54 Average server FPS: 8612.60 (measured interval: 30 s)
 4:19:54 Used memory: 1342704 KB
 4:19:54 Players: 0 in total
 4:20:24 Average server FPS: 8807.10 (measured interval: 30 s)
 4:20:24 Used memory: 1342819 KB
 4:20:24 Players: 0 in total
 4:20:54 Average server FPS: 8751.13 (measured interval: 30 s)
 4:20:54 Used memory: 1342709 KB
 4:20:54 Players: 0 in total
 4:21:24 Average server FPS: 8408.53 (measured interval: 30 s)
 4:21:24 Used memory: 1342618 KB
 4:21:24 Players: 0 in total
 4:21:54 Average server FPS: 8733.07 (measured interval: 30 s)
 4:21:54 Used memory: 1342580 KB
 4:21:54 Players: 0 in total
 4:22:24 Average server FPS: 8800.30 (measured interval: 30 s)
 4:22:24 Used memory: 1342624 KB
 4:22:24 Players: 0 in total
 4:22:47 BattlEye Server: RCon admin #0: (Global) Welcome to The Community Test Server! This server restarts every 30 Minutes
 4:22:52 BattlEye Server: RCon admin #0: (Global) Discord at https://discord.me/eXpoch -- I Still have TS3.donkeypunch.info
 4:22:54 Average server FPS: 8785.57 (measured interval: 30 s)
 4:22:54 Used memory: 1342484 KB
 4:22:54 Players: 0 in total
 4:23:02 BattlEye Server: RCon admin #0: (Global) Interesting new message here, inquire within battleye-BEC!
 4:23:24 Average server FPS: 8479.73 (measured interval: 30 s)
 4:23:24 Used memory: 1342345 KB
 4:23:24 Players: 0 in total
 4:23:54 Average server FPS: 8700.23 (measured interval: 30 s)
 4:23:54 Used memory: 1342749 KB
 4:23:54 Players: 0 in total
 4:24:24 Average server FPS: 8643.67 (measured interval: 30 s)
 4:24:24 Used memory: 1342659 KB
 4:24:24 Players: 0 in total
 4:24:39 [CE][SpawnRandomLoot] (StaticPoliceCar) :: ChildType: Land_Wreck_Volha_Police, lootmin: 3, lootmax: 5, wanted: 4
 4:24:39 [CE][SpawnRandomLoot] (StaticPoliceCar) :: ChildType: Land_Wreck_Volha_Police, lootmin: 3, lootmax: 5, wanted: 4
 4:24:39 [CE][SpawnRandomLoot] (StaticPoliceCar) :: ChildType: Land_Wreck_Volha_Police, lootmin: 3, lootmax: 5, wanted: 4
 4:24:39 [CE][SpawnRandomLoot] (StaticPoliceCar) :: ChildType: Land_Wreck_Volha_Police, lootmin: 3, lootmax: 5, wanted: 4
 4:24:39 [CE][SpawnRandomLoot] (StaticPoliceCar) :: ChildType: Land_Wreck_Volha_Police, lootmin: 3, lootmax: 5, wanted: 3
 4:24:39 [CE][SpawnRandomLoot] (StaticPoliceCar) :: ChildType: Land_Wreck_Volha_Police, lootmin: 3, lootmax: 5, wanted: 4
 4:24:39 [CE][SpawnRandomLoot] (StaticPoliceCar) :: ChildType: Land_Wreck_Volha_Police, lootmin: 3, lootmax: 5, wanted: 3
 4:24:39 [CE][SpawnRandomLoot] (StaticPoliceCar) :: ChildType: Land_Wreck_Volha_Police, lootmin: 3, lootmax: 5, wanted: 4
 4:24:39 [CE][SpawnRandomLoot] (StaticPoliceCar) :: ChildType: Land_Wreck_Volha_Police, lootmin: 3, lootmax: 5, wanted: 3
 4:24:54 Average server FPS: 7896.17 (measured interval: 30 s)
 4:24:54 Used memory: 1343449 KB
 4:24:54 Players: 0 in total
 4:25:24 Average server FPS: 8594.14 (measured interval: 30 s)
 4:25:24 Used memory: 1343562 KB
 4:25:24 Players: 0 in total
 4:25:54 Average server FPS: 8592.10 (measured interval: 30 s)
 4:25:54 Used memory: 1343310 KB
 4:25:54 Players: 0 in total
 4:26:24 Average server FPS: 8403.43 (measured interval: 30 s)
 4:26:24 Used memory: 1343204 KB
 4:26:24 Players: 0 in total
 4:26:28 [CE][SpawnRandomLoot] (StaticHeliCrash) :: ChildType: Wreck_Mi8, lootmin: 10, lootmax: 20, wanted: 13
 4:26:28 [CE][SpawnRandomLoot] (StaticHeliCrash) :: ChildType: Wreck_Mi8, lootmin: 10, lootmax: 20, wanted: 11
 4:26:28 [CE][SpawnRandomLoot] (StaticHeliCrash) :: ChildType: Wreck_UH1Y, lootmin: 10, lootmax: 20, wanted: 18
 4:26:29 [CE][SpawnRandomLoot] (StaticPoliceCar) :: ChildType: Land_Wreck_Volha_Police, lootmin: 3, lootmax: 5, wanted: 3
 4:26:47 BattlEye Server: RCon admin #0: (Global) The Community TEST SERVER will reboot in 15 minutes.
 4:26:54 Average server FPS: 8035.93 (measured interval: 30 s)
 4:26:54 Used memory: 1345908 KB
 4:26:54 Players: 0 in total
 4:27:24 Average server FPS: 8732.75 (measured interval: 30 s)
 4:27:24 Used memory: 1346054 KB
 4:27:24 Players: 0 in total
 4:27:54 Average server FPS: 8713.77 (measured interval: 30 s)
 4:27:54 Used memory: 1345919 KB
 4:27:54 Players: 0 in total
 4:28:24 Average server FPS: 8780.27 (measured interval: 30 s)
 4:28:24 Used memory: 1345718 KB
 4:28:24 Players: 0 in total
 4:28:54 Average server FPS: 8229.06 (measured interval: 30 s)
 4:28:54 Used memory: 1345627 KB
 4:28:54 Players: 0 in total
 4:29:24 Average server FPS: 8715.95 (measured interval: 30 s)
 4:29:24 Used memory: 1345424 KB
 4:29:24 Players: 0 in total
 4:29:54 Average server FPS: 8651.11 (measured interval: 30 s)
 4:29:54 Used memory: 1346207 KB
 4:29:54 Players: 0 in total
 4:30:24 Average server FPS: 8451.76 (measured interval: 30 s)
 4:30:24 Used memory: 1346147 KB
 4:30:24 Players: 0 in total
 4:30:54 Average server FPS: 8715.01 (measured interval: 30 s)
 4:30:54 Used memory: 1346142 KB
 4:30:54 Players: 0 in total
 4:31:24 Average server FPS: 8498.63 (measured interval: 30 s)
 4:31:24 Used memory: 1346259 KB
 4:31:24 Players: 0 in total
 4:31:54 Average server FPS: 8701.45 (measured interval: 30 s)
 4:31:54 Used memory: 1345799 KB
 4:31:54 Players: 0 in total
 4:32:24 Average server FPS: 8694.15 (measured interval: 30 s)
 4:32:24 Used memory: 1346857 KB
 4:32:24 Players: 0 in total
 4:32:47 BattlEye Server: RCon admin #0: (Global) Welcome to The Community Test Server! This server restarts every 30 Minutes
 4:32:52 BattlEye Server: RCon admin #0: (Global) Discord at https://discord.me/eXpoch -- I Still have TS3.donkeypunch.info
 4:32:54 Average server FPS: 8724.28 (measured interval: 30 s)
 4:32:54 Used memory: 1346908 KB
 4:32:54 Players: 0 in total
 4:33:02 BattlEye Server: RCon admin #0: (Global) Interesting new message here, inquire within battleye-BEC!
 4:33:24 Average server FPS: 8807.46 (measured interval: 30 s)
 4:33:24 Used memory: 1346768 KB
 4:33:24 Players: 0 in total
 4:33:54 Average server FPS: 8621.68 (measured interval: 30 s)
 4:33:54 Used memory: 1346656 KB
 4:33:54 Players: 0 in total
 4:34:24 Average server FPS: 8711.14 (measured interval: 30 s)
 4:34:24 Used memory: 1346529 KB
 4:34:24 Players: 0 in total
 4:34:54 Average server FPS: 8473.89 (measured interval: 30 s)
 4:34:54 Used memory: 1346449 KB
 4:34:54 Players: 0 in total
 4:35:24 Average server FPS: 8759.05 (measured interval: 30 s)
 4:35:24 Used memory: 1346374 KB
 4:35:24 Players: 0 in total
 4:35:54 Average server FPS: 8649.08 (measured interval: 30 s)
 4:35:54 Used memory: 1346792 KB
 4:35:54 Players: 0 in total
 4:36:24 Average server FPS: 8601.21 (measured interval: 30 s)
 4:36:24 Used memory: 1346680 KB
 4:36:24 Players: 0 in total
 4:36:47 BattlEye Server: RCon admin #0: (Global) The Community TEST SERVER will reboot in 5 minutes. Wrap it up, getting close
 4:36:54 Average server FPS: 8642.16 (measured interval: 30 s)
 4:36:54 Used memory: 1346974 KB
 4:36:54 Players: 0 in total
 4:37:24 Average server FPS: 8767.57 (measured interval: 30 s)
 4:37:24 Used memory: 1346641 KB
 4:37:24 Players: 0 in total
 4:37:54 Average server FPS: 8544.71 (measured interval: 30 s)
 4:37:54 Used memory: 1346542 KB
 4:37:54 Players: 0 in total
 4:38:24 Average server FPS: 8470.39 (measured interval: 30 s)
 4:38:24 Used memory: 1346883 KB
 4:38:24 Players: 0 in total
 4:38:54 Average server FPS: 7898.57 (measured interval: 30 s)
 4:38:54 Used memory: 1346921 KB
 4:38:54 Players: 0 in total
 4:39:24 Average server FPS: 8687.07 (measured interval: 30 s)
 4:39:24 Used memory: 1346820 KB
 4:39:24 Players: 0 in total
 4:39:47 BattlEye Server: RCon admin #0: (Global) The Community TEST SERVER will reboot in 2 minutes. LOG OUT NOW!
 4:39:54 Average server FPS: 8548.71 (measured interval: 30 s)
 4:39:54 Used memory: 1347041 KB
 4:39:54 Players: 0 in total
 4:40:24 Average server FPS: 8847.19 (measured interval: 30 s)
 4:40:24 Used memory: 1347117 KB
 4:40:24 Players: 0 in total
