

=====================================================================
== D:\DayZServers\TheCommunity_enoch\EnochServer_x64.exe
== "D:\DayZServers\TheCommunity_enoch\EnochServer_x64.exe"  -port=2402 "-mod=@CF;@Community-Online-Tools;@BuildAnywhere;@BaseBuildingLogs;@Trader;@BaseBuildingPlus;" -config=D:\DayZServers\TheCommunity_enoch\TheCommunityDZ.cfg -profiles=TheEnochServer -BEPath=D:\DayZServers\TheCommunity_enoch\battleye -filePatching -adminlog -netlog -freezecheck -scrAllowFileWrite
=====================================================================
Exe timestamp: 2020/03/14 00:03:02
Current time:  2020/03/23 16:37:46

Version 1.07.153006
16:37:46.980 [Inputs] Loading inputs default "bin/constants.xml"
16:37:46.996 [Inputs] Loading inputs default "bin/specific.xml"
16:37:46.996 !!! [Inputs] Invalid input name used "UAUIInspectItem" for context "ui" in "bin/specific.xml"
16:37:46.996 [Inputs] Loading inputs default "JM/COT/scripts/Data/Inputs.xml"
16:37:46.996 [Inputs] Loading inputs default "BaseBuildingPlus/Scripts/Data/Inputs.xml"
16:37:46.996 [Inputs] Loading inputs cfg "bin/core.xml"
16:37:46.996 !!! [Inputs] Cannot load input preset "user", file does not exist
16:37:46.996 [Inputs] Exporting inputs cfg "TheEnochServer\Users\Survivor\Server.core.xml"
16:37:59.762 [CE][Hive] :: Initializing OFFLINE
16:37:59.762 [CE][Hive] :: Loading core data ... 
16:37:59.778 [CE][CoreData] :: 7 root classes, 19 defaults, 0 updaters...
16:37:59.793 [CE][offlineDB] :: Conversion of characters started.
16:37:59.793 [CE][offlineDB] :: Processing 0 players.
16:37:59.793 [CE][offlineDB] :: Conversion of characters successfully completed.
16:38:02.153 [CE] :: WARNING :: Preset map "optics" is EMPTY.
16:38:02.153 [CE][TypeSetup] :: 408 classes setuped...
16:38:02.246 [CE][RegisterBind] :: 0 classes binded...
16:38:02.246 [CE][RegisterConfig] :: 3115 config classes registered, 1 sub-counters...
16:38:02.246 [CE][Hive] :: Loading map data ... 
16:38:02.293 !!! [CE] :: Unknown category: 'vehicleparts'.
16:38:02.293 !!! [CE] :: Unknown category: 'vehicleparts'.
16:38:02.293 !!! [CE] :: Unknown category: 'vehicleparts'.
16:38:02.293 !!! [CE] :: Unknown category: 'vehicleparts'.
16:38:02.293 !!! [CE] :: Unknown category: 'vehicleparts'.
16:38:02.293 !!! [CE] :: Unknown category: 'vehicleparts'.
16:38:02.293 !!! [CE] :: Unknown category: 'vehicleparts'.
16:38:02.293 !!! [CE] :: Unknown category: 'vehicleparts'.
16:38:02.293 !!! [CE] :: Unknown category: 'vehicleparts'.
16:38:02.293 !!! [CE] :: Unknown category: 'vehicleparts'.
16:38:02.293 !!! [CE] :: Unknown category: 'vehicleparts'.
16:38:02.293 !!! [CE] :: Unknown category: 'vehicleparts'.
16:38:02.293 !!! [CE] :: Unknown category: 'vehicleparts'.
16:38:02.293 !!! [CE] :: Unknown category: 'vehicleparts'.
16:38:02.293 !!! [CE] :: Unknown category: 'vehicleparts'.
16:38:02.293 !!! [CE] :: Unknown category: 'vehicleparts'.
16:38:02.293 !!! [CE] :: Unknown category: 'vehicleparts'.
16:38:02.293 !!! [CE] :: Unknown category: 'vehicleparts'.
16:38:02.293 !!! [CE] :: Unknown category: 'vehicleparts'.
16:38:02.293 !!! [CE] :: Unknown category: 'vehicleparts'.
16:38:02.293 !!! [CE] :: Unknown category: 'vehicleparts'.
16:38:02.293 !!! [CE] :: Unknown category: 'vehicleparts'.
16:38:02.293 !!! [CE] :: Unknown category: 'vehicleparts'.
16:38:02.293 !!! [CE] :: Unknown category: 'vehicleparts'.
16:38:02.293 [CE][LoadPrototype] :: loaded 330 prototypes
16:38:02.293   702 containers, 9116 points
16:38:02.293   24 dispatches, 90 proxies
16:38:02.293 !!! [CE][LoadPrototype] 12 groups have no points...
16:38:02.293 !!![CE][LoadPrototype]  3 groups have wrong points...
16:38:02.293 [CE][LoadPrototype] :: last group name: Land_Lunapark_Autodrome...
16:38:02.293 [CE][LoadPrototype] :: loaded 0 prototypes
16:38:02.293   0 containers, 0 points
16:38:02.293   0 dispatches, 0 proxies
16:38:02.293 [CE][LoadPrototype] :: last group name: PathD_7100...
16:38:02.622 [CE][LoadMap] "Group" :: loaded 5086 groups, largest group range: 26.9
16:38:02.622 [CE][LoadMap] "Dirt" :: loaded 0 groups, largest group range: 26.9
16:38:02.715 [CE][Links] found 354 total links between groups, of 5086
16:38:02.715 [CE][LoadClusters] "Cluster" :: Loading files...
16:38:02.918 [CE][LoadClusters] :: file: "mapgroupcluster.xml", 4 types, 50000 instances
16:38:03.137 [CE][LoadClusters] :: file: "mapgroupcluster01", 4 types, 50000 instances
16:38:03.340 [CE][LoadClusters] :: file: "mapgroupcluster02", 4 types, 50000 instances
16:38:03.559 [CE][LoadClusters] :: file: "mapgroupcluster03", 4 types, 50000 instances
16:38:03.653 [CE][LoadClusters] :: file: "mapgroupcluster04", 4 types, 21297 instances
16:38:03.653 [CE][Storage] ver:0 stamp:0, valid:NO, name:"mpmissions\TheCommunity.enoch\storage_666\data\types.bin"
16:38:03.653 [CE][Storage] ver:0 stamp:0, valid:NO, name:"mpmissions\TheCommunity.enoch\storage_666\data\types.001"
16:38:03.653 [CE][Storage] ver:0 stamp:0, valid:NO, name:"mpmissions\TheCommunity.enoch\storage_666\data\types.002"
16:38:03.668 [CE][offlineDB] :: Loaded 32 dynamic events 211 total types 0 total positions.
16:38:03.684 [CE][Storage] ver:0 stamp:0, valid:NO, name:"mpmissions\TheCommunity.enoch\storage_666\data\events.bin"
16:38:03.684 [CE][Storage] ver:0 stamp:0, valid:NO, name:"mpmissions\TheCommunity.enoch\storage_666\data\events.001"
16:38:03.684 [CE][Storage] ver:0 stamp:0, valid:NO, name:"mpmissions\TheCommunity.enoch\storage_666\data\events.002"
16:38:03.684 [CE][Storage] ver:0 stamp:0, valid:NO, name:"mpmissions\TheCommunity.enoch\storage_666\data\vehicles.bin"
16:38:03.684 [CE][Storage] ver:0 stamp:0, valid:NO, name:"mpmissions\TheCommunity.enoch\storage_666\data\vehicles.001"
16:38:03.684 [CE][Storage] ver:0 stamp:0, valid:NO, name:"mpmissions\TheCommunity.enoch\storage_666\data\vehicles.002"
16:38:03.684 [CE][Storage] ver:0 stamp:0, valid:NO, name:"mpmissions\TheCommunity.enoch\storage_666\data\dynamic_000.bin"
16:38:03.684 [CE][Storage] ver:0 stamp:0, valid:NO, name:"mpmissions\TheCommunity.enoch\storage_666\data\dynamic_000.001"
16:38:03.684 [CE][Storage] ver:0 stamp:0, valid:NO, name:"mpmissions\TheCommunity.enoch\storage_666\data\dynamic_000.002"
16:38:03.684 [CE][Storage] ver:0 stamp:0, valid:NO, name:"mpmissions\TheCommunity.enoch\storage_666\data\dynamic_001.bin"
16:38:03.684 [CE][Storage] ver:0 stamp:0, valid:NO, name:"mpmissions\TheCommunity.enoch\storage_666\data\dynamic_001.001"
16:38:03.684 [CE][Storage] ver:0 stamp:0, valid:NO, name:"mpmissions\TheCommunity.enoch\storage_666\data\dynamic_001.002"
16:38:03.684 [CE][Storage] ver:0 stamp:0, valid:NO, name:"mpmissions\TheCommunity.enoch\storage_666\data\dynamic_002.bin"
16:38:03.684 [CE][Storage] ver:0 stamp:0, valid:NO, name:"mpmissions\TheCommunity.enoch\storage_666\data\dynamic_002.001"
16:38:03.684 [CE][Storage] ver:0 stamp:0, valid:NO, name:"mpmissions\TheCommunity.enoch\storage_666\data\dynamic_002.002"
16:38:03.684 [CE][Storage] ver:0 stamp:0, valid:NO, name:"mpmissions\TheCommunity.enoch\storage_666\data\dynamic_003.bin"
16:38:03.684 [CE][Storage] ver:0 stamp:0, valid:NO, name:"mpmissions\TheCommunity.enoch\storage_666\data\dynamic_003.001"
16:38:03.684 [CE][Storage] ver:0 stamp:0, valid:NO, name:"mpmissions\TheCommunity.enoch\storage_666\data\dynamic_003.002"
16:38:03.684 [CE][Storage] ver:0 stamp:0, valid:NO, name:"mpmissions\TheCommunity.enoch\storage_666\data\dynamic_004.bin"
16:38:03.684 [CE][Storage] ver:0 stamp:0, valid:NO, name:"mpmissions\TheCommunity.enoch\storage_666\data\dynamic_004.001"
16:38:03.684 [CE][Storage] ver:0 stamp:0, valid:NO, name:"mpmissions\TheCommunity.enoch\storage_666\data\dynamic_004.002"
16:38:03.684 [CE][Storage] ver:0 stamp:0, valid:NO, name:"mpmissions\TheCommunity.enoch\storage_666\data\dynamic_005.bin"
16:38:03.684 [CE][Storage] ver:0 stamp:0, valid:NO, name:"mpmissions\TheCommunity.enoch\storage_666\data\dynamic_005.001"
16:38:03.684 [CE][Storage] ver:0 stamp:0, valid:NO, name:"mpmissions\TheCommunity.enoch\storage_666\data\dynamic_005.002"
16:38:03.684 [CE][Storage] ver:0 stamp:0, valid:NO, name:"mpmissions\TheCommunity.enoch\storage_666\data\dynamic_006.bin"
16:38:03.684 [CE][Storage] ver:0 stamp:0, valid:NO, name:"mpmissions\TheCommunity.enoch\storage_666\data\dynamic_006.001"
16:38:03.684 [CE][Storage] ver:0 stamp:0, valid:NO, name:"mpmissions\TheCommunity.enoch\storage_666\data\dynamic_006.002"
16:38:03.684 [CE][Storage] ver:0 stamp:0, valid:NO, name:"mpmissions\TheCommunity.enoch\storage_666\data\dynamic_007.bin"
16:38:03.684 [CE][Storage] ver:0 stamp:0, valid:NO, name:"mpmissions\TheCommunity.enoch\storage_666\data\dynamic_007.001"
16:38:03.684 [CE][Storage] ver:0 stamp:0, valid:NO, name:"mpmissions\TheCommunity.enoch\storage_666\data\dynamic_007.002"
16:38:03.684 [CE][Storage] ver:0 stamp:0, valid:NO, name:"mpmissions\TheCommunity.enoch\storage_666\data\dynamic_008.bin"
16:38:03.684 [CE][Storage] ver:0 stamp:0, valid:NO, name:"mpmissions\TheCommunity.enoch\storage_666\data\dynamic_008.001"
16:38:03.684 [CE][Storage] ver:0 stamp:0, valid:NO, name:"mpmissions\TheCommunity.enoch\storage_666\data\dynamic_008.002"
16:38:03.684 [CE][Storage] ver:0 stamp:0, valid:NO, name:"mpmissions\TheCommunity.enoch\storage_666\data\dynamic_009.bin"
16:38:03.684 [CE][Storage] ver:0 stamp:0, valid:NO, name:"mpmissions\TheCommunity.enoch\storage_666\data\dynamic_009.001"
16:38:03.684 [CE][Storage] ver:0 stamp:0, valid:NO, name:"mpmissions\TheCommunity.enoch\storage_666\data\dynamic_009.002"
16:38:03.684 [CE][Storage] ver:0 stamp:0, valid:NO, name:"mpmissions\TheCommunity.enoch\storage_666\data\dynamic_010.bin"
16:38:03.684 [CE][Storage] ver:0 stamp:0, valid:NO, name:"mpmissions\TheCommunity.enoch\storage_666\data\dynamic_010.001"
16:38:03.684 [CE][Storage] ver:0 stamp:0, valid:NO, name:"mpmissions\TheCommunity.enoch\storage_666\data\dynamic_010.002"
16:38:03.684 [CE][Storage] ver:0 stamp:0, valid:NO, name:"mpmissions\TheCommunity.enoch\storage_666\data\dynamic_011.bin"
16:38:03.684 [CE][Storage] ver:0 stamp:0, valid:NO, name:"mpmissions\TheCommunity.enoch\storage_666\data\dynamic_011.001"
16:38:03.684 [CE][Storage] ver:0 stamp:0, valid:NO, name:"mpmissions\TheCommunity.enoch\storage_666\data\dynamic_011.002"
16:38:03.684 [CE][Hive] :: Empty storage folder, reinitializing ... 
16:38:03.684 [CE][Hive] :: Initializing ... 
16:38:03.684 [CE][InitializeMap] :: initialized: 0
16:38:03.684 [CE][Hive] :: Initializing spawners ... 
16:38:05.325 [CE][LootRespawner] (PRIDummy) :: Item [0] causing search overtime: "HatchbackHood_WhiteRust"
16:38:05.325 [CE][LootRespawner] (PRIDummy) :: Item [1] causing search overtime: "HatchbackHood_WhiteRust"
16:38:05.325 [CE][LootRespawner] (PRIDummy) :: Item [2] causing search overtime: "HatchbackHood_WhiteRust"
16:38:05.325 [CE][LootRespawner] (PRIDummy) :: Item [3] causing search overtime: "HatchbackHood_WhiteRust"
16:38:05.325 [CE][LootRespawner] (PRIDummy) :: Item [4] causing search overtime: "HatchbackHood_WhiteRust"
16:38:05.325 [CE][LootRespawner] (PRIDummy) :: Item [5] causing search overtime: "HatchbackHood_WhiteRust"
16:38:05.325 [CE][LootRespawner] (PRIDummy) :: Item [6] causing search overtime: "HatchbackHood_WhiteRust"
16:38:05.325 [CE][LootRespawner] (PRIDummy) :: Item [7] causing search overtime: "HatchbackHood_WhiteRust"
16:38:05.325 [CE][LootRespawner] (PRIDummy) :: Item [8] causing search overtime: "HatchbackHood_WhiteRust"
16:38:05.325 [CE][LootRespawner] (PRIDummy) :: Item [9] causing search overtime: "HatchbackHood_WhiteRust"
16:38:05.325 [CE][LootRespawner] (PRIDummy) :: Item [10] causing search overtime: "HatchbackHood_WhiteRust"
16:38:05.325 [CE][LootRespawner] (PRIDummy) :: Item [11] causing search overtime: "HatchbackHood_WhiteRust"
16:38:05.325 [CE][LootRespawner] (PRIDummy) :: Item [12] causing search overtime: "HatchbackHood_WhiteRust"
16:38:05.325 [CE][LootRespawner] (PRIDummy) :: Item [13] causing search overtime: "HatchbackHood_WhiteRust"
16:38:05.325 [CE][LootRespawner] (PRIDummy) :: Item [14] causing search overtime: "HatchbackHood_WhiteRust"
16:38:05.325 [CE][LootRespawner] (PRIDummy) :: Item [15] causing search overtime: "HatchbackHood_WhiteRust"
16:38:05.325 [CE][LootRespawner] (PRIDummy) :: Item [16] causing search overtime: "HatchbackHood_WhiteRust"
16:38:05.325 [CE][LootRespawner] (PRIDummy) :: Item [17] causing search overtime: "HatchbackHood_WhiteRust"
16:38:05.325 [CE][LootRespawner] (PRIDummy) :: Item [18] causing search overtime: "HatchbackHood_WhiteRust"
16:38:05.340 [CE][LootRespawner] (PRIDummy) :: Item [19] causing search overtime: "CivSedanTrunk_WineRust"
16:38:05.981 !!! [CE][Point] Removing 11692.889648, 9677.417969 from Land_Shed_W1
16:38:06.497 [CE][LootRespawner] (PRIDummy) :: Item [0] is hard to place, performance drops: "PrisonerCap"
16:38:06.497 [CE][LootRespawner] (PRIDummy) :: Item [1] is hard to place, performance drops: "PrisonerCap"
16:38:06.497 [CE][LootRespawner] (PRIDummy) :: Item [2] is hard to place, performance drops: "PrisonerCap"
16:38:06.622 [CE][LootRespawner] (PRIDummy) :: Item [3] is hard to place, performance drops: "ParamedicPants_Green"
16:38:06.762 [CE][LootRespawner] (PRIDummy) :: Item [4] is hard to place, performance drops: "Mp133Shotgun"
16:38:06.825 [CE][LootRespawner] (PRIDummy) :: Item [5] is hard to place, performance drops: "PoliceJacket"
16:38:07.75 [CE][LootRespawner] (PRIDummy) :: Item [6] is hard to place, performance drops: "BloodBagEmpty"
16:38:07.403 [CE][LootRespawner] (PRIDummy) :: Item [7] is hard to place, performance drops: "MedicalScrubsShirt_Blue"
16:38:07.497 [CE][LootRespawner] (PRIDummy) :: Item [8] is hard to place, performance drops: "M65Jacket_Olive"
16:38:07.559 [CE][LootRespawner] (PRIDummy) :: Item [9] is hard to place, performance drops: "CZ527"
16:38:07.559 [CE][LootRespawner] (PRIDummy) :: Item [10] is hard to place, performance drops: "CZ527"
16:38:07.559 [CE][LootRespawner] (PRIDummy) :: Item [11] is hard to place, performance drops: "CZ527"
16:38:07.559 [CE][LootRespawner] (PRIDummy) :: Item [12] is hard to place, performance drops: "CZ527"
16:38:07.559 [CE][LootRespawner] (PRIDummy) :: Item [13] is hard to place, performance drops: "CZ527"
16:38:07.606 [CE][LootRespawner] (PRIDummy) :: Item [14] is hard to place, performance drops: "Fal_FoldingBttstck"
16:38:07.606 [CE][LootRespawner] (PRIDummy) :: Item [15] is hard to place, performance drops: "Fal_FoldingBttstck"
16:38:07.622 [CE][LootRespawner] (PRIDummy) :: Item [16] is hard to place, performance drops: "MP5K"
16:38:07.622 [CE][LootRespawner] (PRIDummy) :: Item [17] is hard to place, performance drops: "MP5K"
16:38:07.622 [CE][LootRespawner] (PRIDummy) :: Item [18] is hard to place, performance drops: "MP5K"
16:38:07.622 [CE][LootRespawner] (PRIDummy) :: Item [19] is hard to place, performance drops: "MP5K"
16:38:08.606 [CE][LootRespawner] (PRIDummy) :: Initially (re)spawned:11919, Nominal:12429, Total in Map: 10478 at 3 (sec)
16:38:08.606   tests:12025, repeats:34 fails:72, overtime:1942
16:38:08.622 [CE][Links] found 0 total links between groups, of 1
16:38:08.622 [CE][SpawnRandomLoot] (StaticHeliCrash) :: ChildType: Wreck_Mi8, lootmin: 10, lootmax: 20, wanted: 17
16:38:08.622 [CE][Links] found 0 total links between groups, of 2
16:38:08.622 [CE][SpawnRandomLoot] (StaticHeliCrash) :: ChildType: Wreck_Mi8, lootmin: 10, lootmax: 20, wanted: 13
16:38:08.622 [CE][Links] found 0 total links between groups, of 3
16:38:08.622 [CE][SpawnRandomLoot] (StaticHeliCrash) :: ChildType: Wreck_Mi8, lootmin: 10, lootmax: 20, wanted: 12
16:38:08.622 [CE][Links] found 0 total links between groups, of 4
16:38:08.622 [CE][SpawnRandomLoot] (StaticPoliceCar) :: ChildType: Land_Wreck_Volha_Police, lootmin: 3, lootmax: 5, wanted: 4
16:38:08.637 [CE][Links] found 0 total links between groups, of 5
16:38:08.637 [CE][SpawnRandomLoot] (StaticPoliceCar) :: ChildType: Land_Wreck_Volha_Police, lootmin: 3, lootmax: 5, wanted: 4
16:38:08.637 [CE][Links] found 0 total links between groups, of 6
16:38:08.637 [CE][SpawnRandomLoot] (StaticPoliceCar) :: ChildType: Land_Wreck_Volha_Police, lootmin: 3, lootmax: 5, wanted: 4
16:38:08.637 [CE][Links] found 0 total links between groups, of 7
16:38:08.637 [CE][SpawnRandomLoot] (StaticPoliceCar) :: ChildType: Land_Wreck_Volha_Police, lootmin: 3, lootmax: 5, wanted: 3
16:38:08.637 [CE][Links] found 0 total links between groups, of 8
16:38:08.637 [CE][SpawnRandomLoot] (StaticPoliceCar) :: ChildType: Land_Wreck_Volha_Police, lootmin: 3, lootmax: 5, wanted: 4
16:38:08.653 [CE][Links] found 0 total links between groups, of 9
16:38:08.653 [CE][SpawnRandomLoot] (StaticPoliceCar) :: ChildType: Land_Wreck_Volha_Police, lootmin: 3, lootmax: 5, wanted: 3
16:38:08.653 [CE][Links] found 0 total links between groups, of 10
16:38:08.653 [CE][SpawnRandomLoot] (StaticPoliceCar) :: ChildType: Land_Wreck_Volha_Police, lootmin: 3, lootmax: 5, wanted: 3
16:38:08.731 [CE][DynEvent] :: 32 types
16:38:08.731 [00] AmbientHen
16:38:08.731   Primary Spawner: "Ambient", active: yes, repeat: 1
16:38:08.731 [01] AnimalBear
16:38:08.731   Primary Spawner: "Animal", active: yes, repeat: 1
16:38:08.731 [02] AnimalCow
16:38:08.731   Primary Spawner: "Animal", active: yes, repeat: 1
16:38:08.731 [03] AnimalDeer
16:38:08.731   Primary Spawner: "Animal", active: yes, repeat: 1
16:38:08.731 [04] AnimalGoat
16:38:08.731   Primary Spawner: "Animal", active: yes, repeat: 1
16:38:08.731 [05] AnimalPig
16:38:08.731   Primary Spawner: "Animal", active: yes, repeat: 1
16:38:08.731 [06] AnimalRoeDeer
16:38:08.731   Primary Spawner: "Animal", active: yes, repeat: 1
16:38:08.731 [07] AnimalSheep
16:38:08.731   Primary Spawner: "Animal", active: yes, repeat: 1
16:38:08.731 [08] AnimalWildBoar
16:38:08.731   Primary Spawner: "Animal", active: yes, repeat: 1
16:38:08.731 [09] AnimalWolf
16:38:08.731   Primary Spawner: "Animal", active: yes, repeat: 1
16:38:08.731 [10] InfectedArmy
16:38:08.731   Primary Spawner: "Infected", active: yes, repeat: 1
16:38:08.731 [11] InfectedCity
16:38:08.731   Primary Spawner: "Infected", active: yes, repeat: 1
16:38:08.731 [12] InfectedFirefighter
16:38:08.731   Primary Spawner: "Infected", active: yes, repeat: 1
16:38:08.731 [13] InfectedIndustrial
16:38:08.731   Primary Spawner: "Infected", active: yes, repeat: 1
16:38:08.731 [14] InfectedMedic
16:38:08.731   Primary Spawner: "Infected", active: yes, repeat: 1
16:38:08.731 [15] InfectedPolice
16:38:08.731   Primary Spawner: "Infected", active: yes, repeat: 1
16:38:08.731 [16] InfectedPrisoner
16:38:08.731   Primary Spawner: "Infected", active: yes, repeat: 1
16:38:08.731 [17] InfectedReligious
16:38:08.731   Primary Spawner: "Infected", active: yes, repeat: 1
16:38:08.731 [18] InfectedSolitude
16:38:08.731   Primary Spawner: "Infected", active: yes, repeat: 1
16:38:08.731 [19] InfectedVillage
16:38:08.731   Primary Spawner: "Infected", active: yes, repeat: 1
16:38:08.731 [20] ItemPlanks
16:38:08.731   Primary Spawner: "Item", active: yes, repeat: 1
16:38:08.731 [21] Loot
16:38:08.731   Primary Spawner: "Loot", active: yes, repeat: 2
16:38:08.731 [22] StaticHeliCrash
16:38:08.731   Primary Spawner: "Vehicle", active: yes, repeat: 1
16:38:08.731   Secondary Spawner: "Infected", active: yes, repeat: 1
16:38:08.731 [23] StaticPoliceCar
16:38:08.731   Primary Spawner: "Vehicle", active: yes, repeat: 1
16:38:08.731 [24] TrajectoryConiferous
16:38:08.731   Primary Spawner: "Trajectory", active: yes, repeat: 1
16:38:08.731 [25] TrajectoryDeciduous
16:38:08.731   Primary Spawner: "Trajectory", active: yes, repeat: 1
16:38:08.731 [26] TrajectoryHumus
16:38:08.731   Primary Spawner: "Trajectory", active: yes, repeat: 1
16:38:08.731 [27] TrajectoryStones
16:38:08.731   Primary Spawner: "Trajectory", active: yes, repeat: 1
16:38:08.731 [28] VehicleCivilianSedan
16:38:08.731   Primary Spawner: "Vehicle", active: yes, repeat: 1
16:38:08.731 [29] VehicleHatchback02
16:38:08.731   Primary Spawner: "Vehicle", active: yes, repeat: 1
16:38:08.731 [30] VehicleOffroadHatchback
16:38:08.731   Primary Spawner: "Vehicle", active: yes, repeat: 1
16:38:08.731 [31] VehicleSedan02
16:38:08.731   Primary Spawner: "Vehicle", active: yes, repeat: 1
16:38:08.731 [CE][Hive] :: Initializing of spawners done.
16:38:08.731 [CE][Hive] :: Init sequence finished.
16:38:08.731 Player connect enabled
16:38:19.169 Average server FPS: 1898.07 (measured interval: 30 s)
16:38:19.169 Used memory: 1327767 KB
16:38:19.169 Players: 0 in total
16:38:49.171 Average server FPS: 8361.40 (measured interval: 30 s)
16:38:49.171 Used memory: 1336442 KB
16:38:49.171 Players: 0 in total
16:38:57.671 [CE][Links] found 0 total links between groups, of 11
16:38:57.671 [CE][SpawnRandomLoot] (StaticPoliceCar) :: ChildType: Land_Wreck_Volha_Police, lootmin: 3, lootmax: 5, wanted: 4
16:38:57.671 [CE][Links] found 0 total links between groups, of 12
16:38:57.671 [CE][SpawnRandomLoot] (StaticPoliceCar) :: ChildType: Land_Wreck_Volha_Police, lootmin: 3, lootmax: 5, wanted: 3
16:38:57.687 [CE][Links] found 0 total links between groups, of 13
16:38:57.687 [CE][SpawnRandomLoot] (StaticPoliceCar) :: ChildType: Land_Wreck_Volha_Police, lootmin: 3, lootmax: 5, wanted: 3
16:39:19.172 Average server FPS: 8246.30 (measured interval: 30 s)
16:39:19.172 Used memory: 1352574 KB
16:39:19.172 Players: 0 in total
16:39:49.173 Average server FPS: 8366.20 (measured interval: 30 s)
16:39:49.173 Used memory: 1367136 KB
16:39:49.173 Players: 0 in total
16:40:19.175 Average server FPS: 8349.77 (measured interval: 30 s)
16:40:19.175 Used memory: 1376895 KB
16:40:19.175 Players: 0 in total
16:40:49.176 Average server FPS: 8347.73 (measured interval: 30 s)
16:40:49.176 Used memory: 1383924 KB
16:40:49.176 Players: 0 in total
16:41:19.178 Average server FPS: 9157.50 (measured interval: 30 s)
16:41:19.178 Used memory: 1383928 KB
16:41:19.178 Players: 0 in total
16:41:49.179 Average server FPS: 9050.27 (measured interval: 30 s)
16:41:49.179 Used memory: 1383966 KB
16:41:49.179 Players: 0 in total
16:42:08.446  --- Termination successfully completed --- 


=====================================================================
== D:\DayZServers\TheCommunity_enoch\EnochServer_x64.exe
== "D:\DayZServers\TheCommunity_enoch\EnochServer_x64.exe"  -port=2402 "-mod=@CF;@Community-Online-Tools;@BuildAnywhere;@BaseBuildingLogs;@Trader;@BaseBuildingPlus;" -config=D:\DayZServers\TheCommunity_enoch\TheCommunityDZ.cfg -profiles=TheEnochServer -BEPath=D:\DayZServers\TheCommunity_enoch\battleye -filePatching -adminlog -netlog -freezecheck -scrAllowFileWrite
=====================================================================
Exe timestamp: 2020/03/14 00:03:02
Current time:  2020/03/23 16:42:58

Version 1.07.153006
16:42:58.292 [Inputs] Loading inputs default "bin/constants.xml"
16:42:58.292 [Inputs] Loading inputs default "bin/specific.xml"
16:42:58.292 !!! [Inputs] Invalid input name used "UAUIInspectItem" for context "ui" in "bin/specific.xml"
16:42:58.292 [Inputs] Loading inputs default "JM/COT/scripts/Data/Inputs.xml"
16:42:58.292 [Inputs] Loading inputs default "BaseBuildingPlus/Scripts/Data/Inputs.xml"
16:42:58.292 [Inputs] Loading inputs cfg "TheEnochServer\Users\Survivor\Server.core.xml"
16:42:58.292 [Inputs] Exporting inputs cfg "TheEnochServer\Users\Survivor\Server.core.xml"
16:43:11.42 [CE][Hive] :: Initializing OFFLINE
16:43:11.42 [CE][Hive] :: Loading core data ... 
16:43:11.42 [CE][CoreData] :: 7 root classes, 19 defaults, 0 updaters...
16:43:13.168 [CE] :: WARNING :: Preset map "optics" is EMPTY.
16:43:13.168 [CE][TypeSetup] :: 408 classes setuped...
16:43:13.277 [CE][RegisterBind] :: 0 classes binded...
16:43:13.277 [CE][RegisterConfig] :: 3115 config classes registered, 1 sub-counters...
16:43:13.277 [CE][Hive] :: Loading map data ... 
16:43:13.308 !!! [CE] :: Unknown category: 'vehicleparts'.
16:43:13.308 !!! [CE] :: Unknown category: 'vehicleparts'.
16:43:13.308 !!! [CE] :: Unknown category: 'vehicleparts'.
16:43:13.308 !!! [CE] :: Unknown category: 'vehicleparts'.
16:43:13.308 !!! [CE] :: Unknown category: 'vehicleparts'.
16:43:13.308 !!! [CE] :: Unknown category: 'vehicleparts'.
16:43:13.308 !!! [CE] :: Unknown category: 'vehicleparts'.
16:43:13.308 !!! [CE] :: Unknown category: 'vehicleparts'.
16:43:13.308 !!! [CE] :: Unknown category: 'vehicleparts'.
16:43:13.308 !!! [CE] :: Unknown category: 'vehicleparts'.
16:43:13.308 !!! [CE] :: Unknown category: 'vehicleparts'.
16:43:13.308 !!! [CE] :: Unknown category: 'vehicleparts'.
16:43:13.308 !!! [CE] :: Unknown category: 'vehicleparts'.
16:43:13.308 !!! [CE] :: Unknown category: 'vehicleparts'.
16:43:13.308 !!! [CE] :: Unknown category: 'vehicleparts'.
16:43:13.308 !!! [CE] :: Unknown category: 'vehicleparts'.
16:43:13.308 !!! [CE] :: Unknown category: 'vehicleparts'.
16:43:13.308 !!! [CE] :: Unknown category: 'vehicleparts'.
16:43:13.308 !!! [CE] :: Unknown category: 'vehicleparts'.
16:43:13.308 !!! [CE] :: Unknown category: 'vehicleparts'.
16:43:13.308 !!! [CE] :: Unknown category: 'vehicleparts'.
16:43:13.308 !!! [CE] :: Unknown category: 'vehicleparts'.
16:43:13.308 !!! [CE] :: Unknown category: 'vehicleparts'.
16:43:13.308 !!! [CE] :: Unknown category: 'vehicleparts'.
16:43:13.308 [CE][LoadPrototype] :: loaded 330 prototypes
16:43:13.308   702 containers, 9116 points
16:43:13.308   24 dispatches, 90 proxies
16:43:13.308 !!! [CE][LoadPrototype] 12 groups have no points...
16:43:13.308 !!![CE][LoadPrototype]  3 groups have wrong points...
16:43:13.308 [CE][LoadPrototype] :: last group name: Land_Lunapark_Autodrome...
16:43:13.324 [CE][LoadPrototype] :: loaded 0 prototypes
16:43:13.324   0 containers, 0 points
16:43:13.324   0 dispatches, 0 proxies
16:43:13.324 [CE][LoadPrototype] :: last group name: PathD_7100...
16:43:13.636 [CE][LoadMap] "Group" :: loaded 5086 groups, largest group range: 26.9
16:43:13.636 [CE][LoadMap] "Dirt" :: loaded 0 groups, largest group range: 26.9
16:43:13.730 [CE][Links] found 354 total links between groups, of 5086
16:43:13.730 [CE][LoadClusters] "Cluster" :: Loading files...
16:43:13.933 [CE][LoadClusters] :: file: "mapgroupcluster.xml", 4 types, 50000 instances
16:43:14.152 [CE][LoadClusters] :: file: "mapgroupcluster01", 4 types, 50000 instances
16:43:14.355 [CE][LoadClusters] :: file: "mapgroupcluster02", 4 types, 50000 instances
16:43:14.574 [CE][LoadClusters] :: file: "mapgroupcluster03", 4 types, 50000 instances
16:43:14.668 [CE][LoadClusters] :: file: "mapgroupcluster04", 4 types, 21297 instances
16:43:14.668 [CE][Storage] ver:21 stamp:9, valid:yes, name:"mpmissions\TheCommunity.enoch\storage_666\data\types.bin"
16:43:14.668 [CE][Storage] ver:21 stamp:7, valid:yes, name:"mpmissions\TheCommunity.enoch\storage_666\data\types.001"
16:43:14.668 [CE][Storage] ver:21 stamp:8, valid:yes, name:"mpmissions\TheCommunity.enoch\storage_666\data\types.002"
16:43:14.668 [CE][Storage] Restoring file "mpmissions\TheCommunity.enoch\storage_666\data\types.bin".
16:43:14.699 [CE][offlineDB] :: Loaded 32 dynamic events 211 total types 0 total positions.
16:43:14.714 [CE][Storage] ver:21 stamp:9, valid:yes, name:"mpmissions\TheCommunity.enoch\storage_666\data\events.bin"
16:43:14.714 [CE][Storage] ver:21 stamp:7, valid:yes, name:"mpmissions\TheCommunity.enoch\storage_666\data\events.001"
16:43:14.714 [CE][Storage] ver:21 stamp:8, valid:yes, name:"mpmissions\TheCommunity.enoch\storage_666\data\events.002"
16:43:14.714 [CE][Storage] Restoring file "mpmissions\TheCommunity.enoch\storage_666\data\events.bin".
16:43:14.714 [CE][DynamicEvent] Load  Events:[32] Primary spawners: 32 Secondary spawners: 1
16:43:14.714 [CE][Storage] ver:24 stamp:9, valid:yes, name:"mpmissions\TheCommunity.enoch\storage_666\data\vehicles.bin"
16:43:14.714 [CE][Storage] ver:24 stamp:7, valid:yes, name:"mpmissions\TheCommunity.enoch\storage_666\data\vehicles.001"
16:43:14.714 [CE][Storage] ver:24 stamp:8, valid:yes, name:"mpmissions\TheCommunity.enoch\storage_666\data\vehicles.002"
16:43:14.714 [CE][Storage] Restoring file "mpmissions\TheCommunity.enoch\storage_666\data\vehicles.bin" 106 items.
16:43:14.808   106 items loaded.
16:43:14.808 [CE][Storage] ver:0 stamp:0, valid:NO, name:"mpmissions\TheCommunity.enoch\storage_666\data\dynamic_000.bin"
16:43:14.808 [CE][Storage] ver:24 stamp:7, valid:yes, name:"mpmissions\TheCommunity.enoch\storage_666\data\dynamic_000.001"
16:43:14.808 [CE][Storage] ver:24 stamp:8, valid:yes, name:"mpmissions\TheCommunity.enoch\storage_666\data\dynamic_000.002"
16:43:14.808 [CE][Storage] Restoring file "mpmissions\TheCommunity.enoch\storage_666\data\dynamic_000.002" 309 items.
16:43:14.980   309 items loaded.
16:43:14.980 [CE][Storage] ver:0 stamp:0, valid:NO, name:"mpmissions\TheCommunity.enoch\storage_666\data\dynamic_001.bin"
16:43:14.980 [CE][Storage] ver:24 stamp:7, valid:yes, name:"mpmissions\TheCommunity.enoch\storage_666\data\dynamic_001.001"
16:43:14.996 [CE][Storage] ver:24 stamp:8, valid:yes, name:"mpmissions\TheCommunity.enoch\storage_666\data\dynamic_001.002"
16:43:14.996 [CE][Storage] Restoring file "mpmissions\TheCommunity.enoch\storage_666\data\dynamic_001.002" 1910 items.
16:43:15.433   1910 items loaded.
16:43:15.433 [CE][Storage] ver:0 stamp:0, valid:NO, name:"mpmissions\TheCommunity.enoch\storage_666\data\dynamic_002.bin"
16:43:15.433 [CE][Storage] ver:24 stamp:7, valid:yes, name:"mpmissions\TheCommunity.enoch\storage_666\data\dynamic_002.001"
16:43:15.433 [CE][Storage] ver:24 stamp:8, valid:yes, name:"mpmissions\TheCommunity.enoch\storage_666\data\dynamic_002.002"
16:43:15.433 [CE][Storage] Restoring file "mpmissions\TheCommunity.enoch\storage_666\data\dynamic_002.002" 506 items.
16:43:15.527   506 items loaded.
16:43:15.527 [CE][Storage] ver:0 stamp:0, valid:NO, name:"mpmissions\TheCommunity.enoch\storage_666\data\dynamic_003.bin"
16:43:15.527 [CE][Storage] ver:24 stamp:7, valid:yes, name:"mpmissions\TheCommunity.enoch\storage_666\data\dynamic_003.001"
16:43:15.527 [CE][Storage] ver:24 stamp:8, valid:yes, name:"mpmissions\TheCommunity.enoch\storage_666\data\dynamic_003.002"
16:43:15.527 [CE][Storage] Restoring file "mpmissions\TheCommunity.enoch\storage_666\data\dynamic_003.002" 995 items.
16:43:15.730   995 items loaded.
16:43:15.730 [CE][Storage] ver:0 stamp:0, valid:NO, name:"mpmissions\TheCommunity.enoch\storage_666\data\dynamic_004.bin"
16:43:15.730 [CE][Storage] ver:24 stamp:7, valid:yes, name:"mpmissions\TheCommunity.enoch\storage_666\data\dynamic_004.001"
16:43:15.730 [CE][Storage] ver:24 stamp:8, valid:yes, name:"mpmissions\TheCommunity.enoch\storage_666\data\dynamic_004.002"
16:43:15.730 [CE][Storage] Restoring file "mpmissions\TheCommunity.enoch\storage_666\data\dynamic_004.002" 1159 items.
16:43:16.11   1159 items loaded.
16:43:16.11 [CE][Storage] ver:0 stamp:0, valid:NO, name:"mpmissions\TheCommunity.enoch\storage_666\data\dynamic_005.bin"
16:43:16.11 [CE][Storage] ver:24 stamp:7, valid:yes, name:"mpmissions\TheCommunity.enoch\storage_666\data\dynamic_005.001"
16:43:16.11 [CE][Storage] ver:24 stamp:8, valid:yes, name:"mpmissions\TheCommunity.enoch\storage_666\data\dynamic_005.002"
16:43:16.11 [CE][Storage] Restoring file "mpmissions\TheCommunity.enoch\storage_666\data\dynamic_005.002" 1462 items.
16:43:16.340   1462 items loaded.
16:43:16.340 [CE][Storage] ver:0 stamp:0, valid:NO, name:"mpmissions\TheCommunity.enoch\storage_666\data\dynamic_006.bin"
16:43:16.340 [CE][Storage] ver:24 stamp:7, valid:yes, name:"mpmissions\TheCommunity.enoch\storage_666\data\dynamic_006.001"
16:43:16.340 [CE][Storage] ver:24 stamp:8, valid:yes, name:"mpmissions\TheCommunity.enoch\storage_666\data\dynamic_006.002"
16:43:16.340 [CE][Storage] Restoring file "mpmissions\TheCommunity.enoch\storage_666\data\dynamic_006.002" 791 items.
16:43:16.496   791 items loaded.
16:43:16.496 [CE][Storage] ver:0 stamp:0, valid:NO, name:"mpmissions\TheCommunity.enoch\storage_666\data\dynamic_007.bin"
16:43:16.511 [CE][Storage] ver:24 stamp:7, valid:yes, name:"mpmissions\TheCommunity.enoch\storage_666\data\dynamic_007.001"
16:43:16.511 [CE][Storage] ver:24 stamp:8, valid:yes, name:"mpmissions\TheCommunity.enoch\storage_666\data\dynamic_007.002"
16:43:16.511 [CE][Storage] Restoring file "mpmissions\TheCommunity.enoch\storage_666\data\dynamic_007.002" 946 items.
16:43:16.683   946 items loaded.
16:43:16.683 [CE][Storage] ver:0 stamp:0, valid:NO, name:"mpmissions\TheCommunity.enoch\storage_666\data\dynamic_008.bin"
16:43:16.683 [CE][Storage] ver:24 stamp:7, valid:yes, name:"mpmissions\TheCommunity.enoch\storage_666\data\dynamic_008.001"
16:43:16.683 [CE][Storage] ver:24 stamp:8, valid:yes, name:"mpmissions\TheCommunity.enoch\storage_666\data\dynamic_008.002"
16:43:16.683 [CE][Storage] Restoring file "mpmissions\TheCommunity.enoch\storage_666\data\dynamic_008.002" 837 items.
16:43:16.855   837 items loaded.
16:43:16.855 [CE][Storage] ver:0 stamp:0, valid:NO, name:"mpmissions\TheCommunity.enoch\storage_666\data\dynamic_009.bin"
16:43:16.855 [CE][Storage] ver:24 stamp:7, valid:yes, name:"mpmissions\TheCommunity.enoch\storage_666\data\dynamic_009.001"
16:43:16.855 [CE][Storage] ver:24 stamp:8, valid:yes, name:"mpmissions\TheCommunity.enoch\storage_666\data\dynamic_009.002"
16:43:16.855 [CE][Storage] Restoring file "mpmissions\TheCommunity.enoch\storage_666\data\dynamic_009.002" 745 items.
16:43:17.11   745 items loaded.
16:43:17.11 [CE][Storage] ver:0 stamp:0, valid:NO, name:"mpmissions\TheCommunity.enoch\storage_666\data\dynamic_010.bin"
16:43:17.11 [CE][Storage] ver:24 stamp:7, valid:yes, name:"mpmissions\TheCommunity.enoch\storage_666\data\dynamic_010.001"
16:43:17.11 [CE][Storage] ver:24 stamp:8, valid:yes, name:"mpmissions\TheCommunity.enoch\storage_666\data\dynamic_010.002"
16:43:17.11 [CE][Storage] Restoring file "mpmissions\TheCommunity.enoch\storage_666\data\dynamic_010.002" 2041 items.
16:43:17.433   2041 items loaded.
16:43:17.433 [CE][Storage] ver:0 stamp:0, valid:NO, name:"mpmissions\TheCommunity.enoch\storage_666\data\dynamic_011.bin"
16:43:17.433 [CE][Storage] ver:24 stamp:7, valid:yes, name:"mpmissions\TheCommunity.enoch\storage_666\data\dynamic_011.001"
16:43:17.433 [CE][Storage] ver:24 stamp:8, valid:yes, name:"mpmissions\TheCommunity.enoch\storage_666\data\dynamic_011.002"
16:43:17.433 [CE][Storage] Restoring file "mpmissions\TheCommunity.enoch\storage_666\data\dynamic_011.002" 279 items.
16:43:17.480   279 items loaded.
16:43:17.511 [CE][Hive] :: Storage load took:2.80 seconds, recovery stamp:9
16:43:17.511   entity: 12910, building: 0
16:43:17.511   no lifetime: 82
16:43:17.511 [CE][Hive] :: Initializing ... 
16:43:17.511 [CE][InitializeMap] :: initialized: 0
16:43:17.511 [CE][Hive] :: Initializing spawners ... 
16:43:18.980 [CE][LootRespawner] (PRIDummy) :: Item [0] causing search overtime: "CivSedanHood_Wine"
16:43:18.980 [CE][LootRespawner] (PRIDummy) :: Item [1] causing search overtime: "CivSedanHood_Wine"
16:43:18.980 [CE][LootRespawner] (PRIDummy) :: Item [2] causing search overtime: "CivSedanHood_Wine"
16:43:18.980 [CE][LootRespawner] (PRIDummy) :: Item [3] causing search overtime: "CivSedanHood_Wine"
16:43:18.980 [CE][LootRespawner] (PRIDummy) :: Item [4] causing search overtime: "CivSedanHood_Wine"
16:43:18.980 [CE][LootRespawner] (PRIDummy) :: Item [5] causing search overtime: "CivSedanHood_Wine"
16:43:18.980 [CE][LootRespawner] (PRIDummy) :: Item [6] causing search overtime: "CivSedanHood_Wine"
16:43:18.980 [CE][LootRespawner] (PRIDummy) :: Item [7] causing search overtime: "CivSedanHood_Wine"
16:43:18.980 [CE][LootRespawner] (PRIDummy) :: Item [8] causing search overtime: "CivSedanHood_Wine"
16:43:18.980 [CE][LootRespawner] (PRIDummy) :: Item [9] causing search overtime: "CivSedanHood_Wine"
16:43:18.980 [CE][LootRespawner] (PRIDummy) :: Item [10] causing search overtime: "Sedan_02_Trunk_Grey"
16:43:18.980 [CE][LootRespawner] (PRIDummy) :: Item [11] causing search overtime: "Sedan_02_Trunk_Grey"
16:43:18.980 [CE][LootRespawner] (PRIDummy) :: Item [12] causing search overtime: "Sedan_02_Trunk_Grey"
16:43:18.980 [CE][LootRespawner] (PRIDummy) :: Item [13] causing search overtime: "Sedan_02_Trunk_Grey"
16:43:18.980 [CE][LootRespawner] (PRIDummy) :: Item [14] causing search overtime: "Sedan_02_Trunk_Grey"
16:43:18.980 [CE][LootRespawner] (PRIDummy) :: Item [15] causing search overtime: "Sedan_02_Trunk_Grey"
16:43:18.980 [CE][LootRespawner] (PRIDummy) :: Item [16] causing search overtime: "Sedan_02_Trunk_Grey"
16:43:18.980 [CE][LootRespawner] (PRIDummy) :: Item [17] causing search overtime: "Sedan_02_Trunk_Grey"
16:43:18.980 [CE][LootRespawner] (PRIDummy) :: Item [18] causing search overtime: "Sedan_02_Trunk_Grey"
16:43:18.980 [CE][LootRespawner] (PRIDummy) :: Item [19] causing search overtime: "Sedan_02_Trunk_Grey"
16:43:19.58 [CE][LootRespawner] (PRIDummy) :: Initially (re)spawned:2, Nominal:12429, Total in Map: 12127 at 0 (sec)
16:43:19.58   tests:2, repeats:0 fails:0, overtime:498
16:43:19.58 [CE][DynEvent] :: 32 types
16:43:19.58 [00] AmbientHen
16:43:19.58   Primary Spawner: "Ambient", active: yes, repeat: 1
16:43:19.58 [01] AnimalBear
16:43:19.58   Primary Spawner: "Animal", active: yes, repeat: 1
16:43:19.58 [02] AnimalCow
16:43:19.58   Primary Spawner: "Animal", active: yes, repeat: 1
16:43:19.58 [03] AnimalDeer
16:43:19.58   Primary Spawner: "Animal", active: yes, repeat: 1
16:43:19.58 [04] AnimalGoat
16:43:19.58   Primary Spawner: "Animal", active: yes, repeat: 1
16:43:19.58 [05] AnimalPig
16:43:19.58   Primary Spawner: "Animal", active: yes, repeat: 1
16:43:19.58 [06] AnimalRoeDeer
16:43:19.58   Primary Spawner: "Animal", active: yes, repeat: 1
16:43:19.58 [07] AnimalSheep
16:43:19.58   Primary Spawner: "Animal", active: yes, repeat: 1
16:43:19.58 [08] AnimalWildBoar
16:43:19.58   Primary Spawner: "Animal", active: yes, repeat: 1
16:43:19.58 [09] AnimalWolf
16:43:19.58   Primary Spawner: "Animal", active: yes, repeat: 1
16:43:19.58 [10] InfectedArmy
16:43:19.58   Primary Spawner: "Infected", active: yes, repeat: 1
16:43:19.58 [11] InfectedCity
16:43:19.58   Primary Spawner: "Infected", active: yes, repeat: 1
16:43:19.58 [12] InfectedFirefighter
16:43:19.58   Primary Spawner: "Infected", active: yes, repeat: 1
16:43:19.58 [13] InfectedIndustrial
16:43:19.58   Primary Spawner: "Infected", active: yes, repeat: 1
16:43:19.58 [14] InfectedMedic
16:43:19.58   Primary Spawner: "Infected", active: yes, repeat: 1
16:43:19.58 [15] InfectedPolice
16:43:19.58   Primary Spawner: "Infected", active: yes, repeat: 1
16:43:19.58 [16] InfectedPrisoner
16:43:19.58   Primary Spawner: "Infected", active: yes, repeat: 1
16:43:19.58 [17] InfectedReligious
16:43:19.58   Primary Spawner: "Infected", active: yes, repeat: 1
16:43:19.58 [18] InfectedSolitude
16:43:19.58   Primary Spawner: "Infected", active: yes, repeat: 1
16:43:19.58 [19] InfectedVillage
16:43:19.58   Primary Spawner: "Infected", active: yes, repeat: 1
16:43:19.58 [20] ItemPlanks
16:43:19.58   Primary Spawner: "Item", active: yes, repeat: 1
16:43:19.58 [21] Loot
16:43:19.58   Primary Spawner: "Loot", active: yes, repeat: 2
16:43:19.58 [22] StaticHeliCrash
16:43:19.58   Primary Spawner: "Vehicle", active: yes, repeat: 1
16:43:19.58   Secondary Spawner: "Infected", active: yes, repeat: 1
16:43:19.58 [23] StaticPoliceCar
16:43:19.58   Primary Spawner: "Vehicle", active: yes, repeat: 1
16:43:19.58 [24] TrajectoryConiferous
16:43:19.58   Primary Spawner: "Trajectory", active: yes, repeat: 1
16:43:19.58 [25] TrajectoryDeciduous
16:43:19.58   Primary Spawner: "Trajectory", active: yes, repeat: 1
16:43:19.58 [26] TrajectoryHumus
16:43:19.58   Primary Spawner: "Trajectory", active: yes, repeat: 1
16:43:19.58 [27] TrajectoryStones
16:43:19.58   Primary Spawner: "Trajectory", active: yes, repeat: 1
16:43:19.58 [28] VehicleCivilianSedan
16:43:19.58   Primary Spawner: "Vehicle", active: yes, repeat: 1
16:43:19.58 [29] VehicleHatchback02
16:43:19.58   Primary Spawner: "Vehicle", active: yes, repeat: 1
16:43:19.58 [30] VehicleOffroadHatchback
16:43:19.58   Primary Spawner: "Vehicle", active: yes, repeat: 1
16:43:19.58 [31] VehicleSedan02
16:43:19.58   Primary Spawner: "Vehicle", active: yes, repeat: 1
16:43:19.58 [CE][Hive] :: Initializing of spawners done.
16:43:19.58 [CE][Hive] :: Init sequence finished.
16:43:19.58 Player connect enabled
16:43:30.496 Average server FPS: 2115.57 (measured interval: 30 s)
16:43:30.496 Used memory: 1295917 KB
16:43:30.496 Players: 0 in total
16:44:00.498 Average server FPS: 7980.10 (measured interval: 30 s)
16:44:00.498 Used memory: 1309863 KB
16:44:00.498 Players: 0 in total
16:44:30.484 Average server FPS: 7848.60 (measured interval: 30 s)
16:44:30.484 Used memory: 1325608 KB
16:44:30.484 Players: 0 in total
16:45:00.485 Average server FPS: 7744.43 (measured interval: 30 s)
16:45:00.485 Used memory: 1343288 KB
16:45:00.485 Players: 0 in total
16:45:30.487 Average server FPS: 7574.83 (measured interval: 30 s)
16:45:30.487 Used memory: 1357577 KB
16:45:30.487 Players: 0 in total
16:46:00.488 Average server FPS: 8166.53 (measured interval: 30 s)
16:46:00.488 Used memory: 1368426 KB
16:46:00.488 Players: 0 in total
16:46:30.489 Average server FPS: 8633.60 (measured interval: 30 s)
16:46:30.489 Used memory: 1369983 KB
16:46:30.489 Players: 0 in total
16:46:45.740  --- Termination successfully completed --- 


=====================================================================
== D:\DayZServers\TheCommunity_enoch\EnochServer_x64.exe
== "D:\DayZServers\TheCommunity_enoch\EnochServer_x64.exe"  -port=2402 "-mod=@CF;@Community-Online-Tools;@BuildAnywhere;@BaseBuildingLogs;@Trader;@BaseBuildingPlus;" -config=D:\DayZServers\TheCommunity_enoch\TheCommunityDZ.cfg -profiles=TheEnochServer -BEPath=D:\DayZServers\TheCommunity_enoch\battleye -filePatching -adminlog -netlog -freezecheck -scrAllowFileWrite
=====================================================================
Exe timestamp: 2020/03/14 00:03:02
Current time:  2020/03/23 16:47:40

Version 1.07.153006
16:47:40.383 [Inputs] Loading inputs default "bin/constants.xml"
16:47:40.383 [Inputs] Loading inputs default "bin/specific.xml"
16:47:40.383 !!! [Inputs] Invalid input name used "UAUIInspectItem" for context "ui" in "bin/specific.xml"
16:47:40.383 [Inputs] Loading inputs default "JM/COT/scripts/Data/Inputs.xml"
16:47:40.383 [Inputs] Loading inputs default "BaseBuildingPlus/Scripts/Data/Inputs.xml"
16:47:40.383 [Inputs] Loading inputs cfg "TheEnochServer\Users\Survivor\Server.core.xml"
16:47:40.399 [Inputs] Exporting inputs cfg "TheEnochServer\Users\Survivor\Server.core.xml"
16:47:53.196 [CE][Hive] :: Initializing OFFLINE
16:47:53.196 [CE][Hive] :: Loading core data ... 
16:47:53.196 [CE][CoreData] :: 7 root classes, 19 defaults, 0 updaters...
16:47:55.306 [CE] :: WARNING :: Preset map "optics" is EMPTY.
16:47:55.306 [CE][TypeSetup] :: 408 classes setuped...
16:47:55.415 [CE][RegisterBind] :: 0 classes binded...
16:47:55.415 [CE][RegisterConfig] :: 3115 config classes registered, 1 sub-counters...
16:47:55.415 [CE][Hive] :: Loading map data ... 
16:47:55.447 !!! [CE] :: Unknown category: 'vehicleparts'.
16:47:55.447 !!! [CE] :: Unknown category: 'vehicleparts'.
16:47:55.447 !!! [CE] :: Unknown category: 'vehicleparts'.
16:47:55.447 !!! [CE] :: Unknown category: 'vehicleparts'.
16:47:55.447 !!! [CE] :: Unknown category: 'vehicleparts'.
16:47:55.447 !!! [CE] :: Unknown category: 'vehicleparts'.
16:47:55.447 !!! [CE] :: Unknown category: 'vehicleparts'.
16:47:55.447 !!! [CE] :: Unknown category: 'vehicleparts'.
16:47:55.447 !!! [CE] :: Unknown category: 'vehicleparts'.
16:47:55.447 !!! [CE] :: Unknown category: 'vehicleparts'.
16:47:55.447 !!! [CE] :: Unknown category: 'vehicleparts'.
16:47:55.447 !!! [CE] :: Unknown category: 'vehicleparts'.
16:47:55.447 !!! [CE] :: Unknown category: 'vehicleparts'.
16:47:55.447 !!! [CE] :: Unknown category: 'vehicleparts'.
16:47:55.447 !!! [CE] :: Unknown category: 'vehicleparts'.
16:47:55.447 !!! [CE] :: Unknown category: 'vehicleparts'.
16:47:55.447 !!! [CE] :: Unknown category: 'vehicleparts'.
16:47:55.447 !!! [CE] :: Unknown category: 'vehicleparts'.
16:47:55.447 !!! [CE] :: Unknown category: 'vehicleparts'.
16:47:55.447 !!! [CE] :: Unknown category: 'vehicleparts'.
16:47:55.447 !!! [CE] :: Unknown category: 'vehicleparts'.
16:47:55.447 !!! [CE] :: Unknown category: 'vehicleparts'.
16:47:55.447 !!! [CE] :: Unknown category: 'vehicleparts'.
16:47:55.447 !!! [CE] :: Unknown category: 'vehicleparts'.
16:47:55.447 [CE][LoadPrototype] :: loaded 330 prototypes
16:47:55.447   702 containers, 9116 points
16:47:55.447   24 dispatches, 90 proxies
16:47:55.447 !!! [CE][LoadPrototype] 12 groups have no points...
16:47:55.447 !!![CE][LoadPrototype]  3 groups have wrong points...
16:47:55.447 [CE][LoadPrototype] :: last group name: Land_Lunapark_Autodrome...
16:47:55.462 [CE][LoadPrototype] :: loaded 0 prototypes
16:47:55.462   0 containers, 0 points
16:47:55.462   0 dispatches, 0 proxies
16:47:55.462 [CE][LoadPrototype] :: last group name: PathD_7100...
16:47:55.790 [CE][LoadMap] "Group" :: loaded 5086 groups, largest group range: 26.9
16:47:55.790 [CE][LoadMap] "Dirt" :: loaded 0 groups, largest group range: 26.9
16:47:55.884 [CE][Links] found 354 total links between groups, of 5086
16:47:55.884 [CE][LoadClusters] "Cluster" :: Loading files...
16:47:56.87 [CE][LoadClusters] :: file: "mapgroupcluster.xml", 4 types, 50000 instances
16:47:56.306 [CE][LoadClusters] :: file: "mapgroupcluster01", 4 types, 50000 instances
16:47:56.509 [CE][LoadClusters] :: file: "mapgroupcluster02", 4 types, 50000 instances
16:47:56.712 [CE][LoadClusters] :: file: "mapgroupcluster03", 4 types, 50000 instances
16:47:56.822 [CE][LoadClusters] :: file: "mapgroupcluster04", 4 types, 21297 instances
16:47:56.822 [CE][Storage] ver:21 stamp:17, valid:yes, name:"mpmissions\TheCommunity.enoch\storage_666\data\types.bin"
16:47:56.822 [CE][Storage] ver:21 stamp:16, valid:yes, name:"mpmissions\TheCommunity.enoch\storage_666\data\types.001"
16:47:56.822 [CE][Storage] ver:21 stamp:14, valid:yes, name:"mpmissions\TheCommunity.enoch\storage_666\data\types.002"
16:47:56.822 [CE][Storage] Restoring file "mpmissions\TheCommunity.enoch\storage_666\data\types.bin".
16:47:56.853 [CE][offlineDB] :: Loaded 32 dynamic events 211 total types 0 total positions.
16:47:56.869 [CE][Storage] ver:21 stamp:17, valid:yes, name:"mpmissions\TheCommunity.enoch\storage_666\data\events.bin"
16:47:56.869 [CE][Storage] ver:21 stamp:16, valid:yes, name:"mpmissions\TheCommunity.enoch\storage_666\data\events.001"
16:47:56.869 [CE][Storage] ver:21 stamp:14, valid:yes, name:"mpmissions\TheCommunity.enoch\storage_666\data\events.002"
16:47:56.869 [CE][Storage] Restoring file "mpmissions\TheCommunity.enoch\storage_666\data\events.bin".
16:47:56.869 [CE][DynamicEvent] Load  Events:[32] Primary spawners: 32 Secondary spawners: 1
16:47:56.869 [CE][Storage] ver:24 stamp:17, valid:yes, name:"mpmissions\TheCommunity.enoch\storage_666\data\vehicles.bin"
16:47:56.869 [CE][Storage] ver:24 stamp:16, valid:yes, name:"mpmissions\TheCommunity.enoch\storage_666\data\vehicles.001"
16:47:56.869 [CE][Storage] ver:24 stamp:14, valid:yes, name:"mpmissions\TheCommunity.enoch\storage_666\data\vehicles.002"
16:47:56.869 [CE][Storage] Restoring file "mpmissions\TheCommunity.enoch\storage_666\data\vehicles.bin" 106 items.
16:47:56.962   106 items loaded.
16:47:56.962 [CE][Storage] ver:0 stamp:0, valid:NO, name:"mpmissions\TheCommunity.enoch\storage_666\data\dynamic_000.bin"
16:47:56.962 [CE][Storage] ver:24 stamp:16, valid:yes, name:"mpmissions\TheCommunity.enoch\storage_666\data\dynamic_000.001"
16:47:56.962 [CE][Storage] ver:24 stamp:14, valid:yes, name:"mpmissions\TheCommunity.enoch\storage_666\data\dynamic_000.002"
16:47:56.962 [CE][Storage] Restoring file "mpmissions\TheCommunity.enoch\storage_666\data\dynamic_000.001" 309 items.
16:47:57.134   309 items loaded.
16:47:57.134 [CE][Storage] ver:0 stamp:0, valid:NO, name:"mpmissions\TheCommunity.enoch\storage_666\data\dynamic_001.bin"
16:47:57.134 [CE][Storage] ver:24 stamp:16, valid:yes, name:"mpmissions\TheCommunity.enoch\storage_666\data\dynamic_001.001"
16:47:57.134 [CE][Storage] ver:24 stamp:14, valid:yes, name:"mpmissions\TheCommunity.enoch\storage_666\data\dynamic_001.002"
16:47:57.134 [CE][Storage] Restoring file "mpmissions\TheCommunity.enoch\storage_666\data\dynamic_001.001" 1908 items.
16:47:57.587   1908 items loaded.
16:47:57.587 [CE][Storage] ver:0 stamp:0, valid:NO, name:"mpmissions\TheCommunity.enoch\storage_666\data\dynamic_002.bin"
16:47:57.587 [CE][Storage] ver:24 stamp:16, valid:yes, name:"mpmissions\TheCommunity.enoch\storage_666\data\dynamic_002.001"
16:47:57.587 [CE][Storage] ver:24 stamp:14, valid:yes, name:"mpmissions\TheCommunity.enoch\storage_666\data\dynamic_002.002"
16:47:57.587 [CE][Storage] Restoring file "mpmissions\TheCommunity.enoch\storage_666\data\dynamic_002.001" 507 items.
16:47:57.681   507 items loaded.
16:47:57.681 [CE][Storage] ver:0 stamp:0, valid:NO, name:"mpmissions\TheCommunity.enoch\storage_666\data\dynamic_003.bin"
16:47:57.697 [CE][Storage] ver:24 stamp:16, valid:yes, name:"mpmissions\TheCommunity.enoch\storage_666\data\dynamic_003.001"
16:47:57.697 !!! [CE][Storage] Failed to read [Storage] data file "mpmissions\TheCommunity.enoch\storage_666\data\dynamic_003.002".
16:47:57.697   File not closed...
16:47:57.697 [CE][Storage] ver:24 stamp:17, valid:NO, name:"mpmissions\TheCommunity.enoch\storage_666\data\dynamic_003.002"
16:47:57.697 [CE][Storage] Restoring file "mpmissions\TheCommunity.enoch\storage_666\data\dynamic_003.001" 993 items.
16:47:57.900   993 items loaded.
16:47:57.900 [CE][Storage] ver:0 stamp:0, valid:NO, name:"mpmissions\TheCommunity.enoch\storage_666\data\dynamic_004.bin"
16:47:57.900 [CE][Storage] ver:24 stamp:16, valid:yes, name:"mpmissions\TheCommunity.enoch\storage_666\data\dynamic_004.001"
16:47:57.900 [CE][Storage] ver:24 stamp:17, valid:yes, name:"mpmissions\TheCommunity.enoch\storage_666\data\dynamic_004.002"
16:47:57.900 [CE][Storage] Restoring file "mpmissions\TheCommunity.enoch\storage_666\data\dynamic_004.002" 1159 items.
16:47:58.181   1159 items loaded.
16:47:58.181 [CE][Storage] ver:0 stamp:0, valid:NO, name:"mpmissions\TheCommunity.enoch\storage_666\data\dynamic_005.bin"
16:47:58.181 [CE][Storage] ver:24 stamp:16, valid:yes, name:"mpmissions\TheCommunity.enoch\storage_666\data\dynamic_005.001"
16:47:58.181 [CE][Storage] ver:24 stamp:17, valid:yes, name:"mpmissions\TheCommunity.enoch\storage_666\data\dynamic_005.002"
16:47:58.181 [CE][Storage] Restoring file "mpmissions\TheCommunity.enoch\storage_666\data\dynamic_005.002" 1461 items.
16:47:58.494   1461 items loaded.
16:47:58.494 [CE][Storage] ver:0 stamp:0, valid:NO, name:"mpmissions\TheCommunity.enoch\storage_666\data\dynamic_006.bin"
16:47:58.494 [CE][Storage] ver:24 stamp:16, valid:yes, name:"mpmissions\TheCommunity.enoch\storage_666\data\dynamic_006.001"
16:47:58.494 [CE][Storage] ver:24 stamp:17, valid:yes, name:"mpmissions\TheCommunity.enoch\storage_666\data\dynamic_006.002"
16:47:58.494 [CE][Storage] Restoring file "mpmissions\TheCommunity.enoch\storage_666\data\dynamic_006.002" 791 items.
16:47:58.650   791 items loaded.
16:47:58.650 [CE][Storage] ver:0 stamp:0, valid:NO, name:"mpmissions\TheCommunity.enoch\storage_666\data\dynamic_007.bin"
16:47:58.650 [CE][Storage] ver:24 stamp:16, valid:yes, name:"mpmissions\TheCommunity.enoch\storage_666\data\dynamic_007.001"
16:47:58.665 [CE][Storage] ver:24 stamp:17, valid:yes, name:"mpmissions\TheCommunity.enoch\storage_666\data\dynamic_007.002"
16:47:58.665 [CE][Storage] Restoring file "mpmissions\TheCommunity.enoch\storage_666\data\dynamic_007.002" 947 items.
16:47:58.837   947 items loaded.
16:47:58.837 [CE][Storage] ver:0 stamp:0, valid:NO, name:"mpmissions\TheCommunity.enoch\storage_666\data\dynamic_008.bin"
16:47:58.837 [CE][Storage] ver:24 stamp:16, valid:yes, name:"mpmissions\TheCommunity.enoch\storage_666\data\dynamic_008.001"
16:47:58.837 [CE][Storage] ver:24 stamp:17, valid:yes, name:"mpmissions\TheCommunity.enoch\storage_666\data\dynamic_008.002"
16:47:58.837 [CE][Storage] Restoring file "mpmissions\TheCommunity.enoch\storage_666\data\dynamic_008.002" 837 items.
16:47:59.09   837 items loaded.
16:47:59.09 [CE][Storage] ver:0 stamp:0, valid:NO, name:"mpmissions\TheCommunity.enoch\storage_666\data\dynamic_009.bin"
16:47:59.09 [CE][Storage] ver:24 stamp:16, valid:yes, name:"mpmissions\TheCommunity.enoch\storage_666\data\dynamic_009.001"
16:47:59.09 [CE][Storage] ver:24 stamp:17, valid:yes, name:"mpmissions\TheCommunity.enoch\storage_666\data\dynamic_009.002"
16:47:59.09 [CE][Storage] Restoring file "mpmissions\TheCommunity.enoch\storage_666\data\dynamic_009.002" 745 items.
16:47:59.166   745 items loaded.
16:47:59.166 [CE][Storage] ver:0 stamp:0, valid:NO, name:"mpmissions\TheCommunity.enoch\storage_666\data\dynamic_010.bin"
16:47:59.166 [CE][Storage] ver:24 stamp:16, valid:yes, name:"mpmissions\TheCommunity.enoch\storage_666\data\dynamic_010.001"
16:47:59.166 [CE][Storage] ver:24 stamp:17, valid:yes, name:"mpmissions\TheCommunity.enoch\storage_666\data\dynamic_010.002"
16:47:59.166 [CE][Storage] Restoring file "mpmissions\TheCommunity.enoch\storage_666\data\dynamic_010.002" 2040 items.
16:47:59.572   2040 items loaded.
16:47:59.572 [CE][Storage] ver:0 stamp:0, valid:NO, name:"mpmissions\TheCommunity.enoch\storage_666\data\dynamic_011.bin"
16:47:59.572 [CE][Storage] ver:24 stamp:16, valid:yes, name:"mpmissions\TheCommunity.enoch\storage_666\data\dynamic_011.001"
16:47:59.572 [CE][Storage] ver:24 stamp:17, valid:yes, name:"mpmissions\TheCommunity.enoch\storage_666\data\dynamic_011.002"
16:47:59.572 [CE][Storage] Restoring file "mpmissions\TheCommunity.enoch\storage_666\data\dynamic_011.002" 279 items.
16:47:59.634   279 items loaded.
16:47:59.650 [CE][Hive] :: Storage load took:2.78 seconds, recovery stamp:17
16:47:59.650   entity: 12907, building: 0
16:47:59.650   no lifetime: 39
16:47:59.650 [CE][Hive] :: Initializing ... 
16:47:59.666 [CE][InitializeMap] :: initialized: 0
16:47:59.666 [CE][Hive] :: Initializing spawners ... 
16:48:00.994 [CE][LootRespawner] (PRIDummy) :: Item [0] causing search overtime: "CivSedanHood_Wine"
16:48:00.994 [CE][LootRespawner] (PRIDummy) :: Item [1] causing search overtime: "CivSedanHood_Wine"
16:48:00.994 [CE][LootRespawner] (PRIDummy) :: Item [2] causing search overtime: "CivSedanHood_Wine"
16:48:00.994 [CE][LootRespawner] (PRIDummy) :: Item [3] causing search overtime: "CivSedanHood_Wine"
16:48:00.994 [CE][LootRespawner] (PRIDummy) :: Item [4] causing search overtime: "CivSedanHood_Wine"
16:48:00.994 [CE][LootRespawner] (PRIDummy) :: Item [5] causing search overtime: "CivSedanHood_Wine"
16:48:00.994 [CE][LootRespawner] (PRIDummy) :: Item [6] causing search overtime: "CivSedanHood_Wine"
16:48:00.994 [CE][LootRespawner] (PRIDummy) :: Item [7] causing search overtime: "CivSedanHood_Wine"
16:48:00.994 [CE][LootRespawner] (PRIDummy) :: Item [8] causing search overtime: "CivSedanHood_Wine"
16:48:00.994 [CE][LootRespawner] (PRIDummy) :: Item [9] causing search overtime: "CivSedanHood_Wine"
16:48:00.994 [CE][LootRespawner] (PRIDummy) :: Item [10] causing search overtime: "Sedan_02_Trunk_Grey"
16:48:00.994 [CE][LootRespawner] (PRIDummy) :: Item [11] causing search overtime: "Sedan_02_Trunk_Grey"
16:48:00.994 [CE][LootRespawner] (PRIDummy) :: Item [12] causing search overtime: "Sedan_02_Trunk_Grey"
16:48:00.994 [CE][LootRespawner] (PRIDummy) :: Item [13] causing search overtime: "Sedan_02_Trunk_Grey"
16:48:00.994 [CE][LootRespawner] (PRIDummy) :: Item [14] causing search overtime: "Sedan_02_Trunk_Grey"
16:48:00.994 [CE][LootRespawner] (PRIDummy) :: Item [15] causing search overtime: "Sedan_02_Trunk_Grey"
16:48:00.994 [CE][LootRespawner] (PRIDummy) :: Item [16] causing search overtime: "Sedan_02_Trunk_Grey"
16:48:00.994 [CE][LootRespawner] (PRIDummy) :: Item [17] causing search overtime: "Sedan_02_Trunk_Grey"
16:48:00.994 [CE][LootRespawner] (PRIDummy) :: Item [18] causing search overtime: "Sedan_02_Trunk_Grey"
16:48:00.994 [CE][LootRespawner] (PRIDummy) :: Item [19] causing search overtime: "Sedan_02_Trunk_Grey"
16:48:01.56 [CE][LootRespawner] (PRIDummy) :: Initially (re)spawned:2, Nominal:12429, Total in Map: 12123 at 0 (sec)
16:48:01.56   tests:2, repeats:0 fails:0, overtime:496
16:48:01.56 [CE][DynEvent] :: 32 types
16:48:01.56 [00] AmbientHen
16:48:01.56   Primary Spawner: "Ambient", active: yes, repeat: 1
16:48:01.56 [01] AnimalBear
16:48:01.56   Primary Spawner: "Animal", active: yes, repeat: 1
16:48:01.56 [02] AnimalCow
16:48:01.56   Primary Spawner: "Animal", active: yes, repeat: 1
16:48:01.56 [03] AnimalDeer
16:48:01.56   Primary Spawner: "Animal", active: yes, repeat: 1
16:48:01.56 [04] AnimalGoat
16:48:01.56   Primary Spawner: "Animal", active: yes, repeat: 1
16:48:01.56 [05] AnimalPig
16:48:01.56   Primary Spawner: "Animal", active: yes, repeat: 1
16:48:01.56 [06] AnimalRoeDeer
16:48:01.56   Primary Spawner: "Animal", active: yes, repeat: 1
16:48:01.56 [07] AnimalSheep
16:48:01.56   Primary Spawner: "Animal", active: yes, repeat: 1
16:48:01.56 [08] AnimalWildBoar
16:48:01.56   Primary Spawner: "Animal", active: yes, repeat: 1
16:48:01.56 [09] AnimalWolf
16:48:01.56   Primary Spawner: "Animal", active: yes, repeat: 1
16:48:01.56 [10] InfectedArmy
16:48:01.56   Primary Spawner: "Infected", active: yes, repeat: 1
16:48:01.56 [11] InfectedCity
16:48:01.56   Primary Spawner: "Infected", active: yes, repeat: 1
16:48:01.56 [12] InfectedFirefighter
16:48:01.56   Primary Spawner: "Infected", active: yes, repeat: 1
16:48:01.56 [13] InfectedIndustrial
16:48:01.56   Primary Spawner: "Infected", active: yes, repeat: 1
16:48:01.56 [14] InfectedMedic
16:48:01.56   Primary Spawner: "Infected", active: yes, repeat: 1
16:48:01.56 [15] InfectedPolice
16:48:01.56   Primary Spawner: "Infected", active: yes, repeat: 1
16:48:01.56 [16] InfectedPrisoner
16:48:01.56   Primary Spawner: "Infected", active: yes, repeat: 1
16:48:01.56 [17] InfectedReligious
16:48:01.56   Primary Spawner: "Infected", active: yes, repeat: 1
16:48:01.56 [18] InfectedSolitude
16:48:01.56   Primary Spawner: "Infected", active: yes, repeat: 1
16:48:01.56 [19] InfectedVillage
16:48:01.56   Primary Spawner: "Infected", active: yes, repeat: 1
16:48:01.56 [20] ItemPlanks
16:48:01.56   Primary Spawner: "Item", active: yes, repeat: 1
16:48:01.56 [21] Loot
16:48:01.56   Primary Spawner: "Loot", active: yes, repeat: 2
16:48:01.56 [22] StaticHeliCrash
16:48:01.56   Primary Spawner: "Vehicle", active: yes, repeat: 1
16:48:01.56   Secondary Spawner: "Infected", active: yes, repeat: 1
16:48:01.56 [23] StaticPoliceCar
16:48:01.56   Primary Spawner: "Vehicle", active: yes, repeat: 1
16:48:01.56 [24] TrajectoryConiferous
16:48:01.56   Primary Spawner: "Trajectory", active: yes, repeat: 1
16:48:01.56 [25] TrajectoryDeciduous
16:48:01.56   Primary Spawner: "Trajectory", active: yes, repeat: 1
16:48:01.56 [26] TrajectoryHumus
16:48:01.56   Primary Spawner: "Trajectory", active: yes, repeat: 1
16:48:01.56 [27] TrajectoryStones
16:48:01.56   Primary Spawner: "Trajectory", active: yes, repeat: 1
16:48:01.56 [28] VehicleCivilianSedan
16:48:01.56   Primary Spawner: "Vehicle", active: yes, repeat: 1
16:48:01.56 [29] VehicleHatchback02
16:48:01.56   Primary Spawner: "Vehicle", active: yes, repeat: 1
16:48:01.56 [30] VehicleOffroadHatchback
16:48:01.56   Primary Spawner: "Vehicle", active: yes, repeat: 1
16:48:01.56 [31] VehicleSedan02
16:48:01.56   Primary Spawner: "Vehicle", active: yes, repeat: 1
16:48:01.56 [CE][Hive] :: Initializing of spawners done.
16:48:01.72 [CE][Hive] :: Init sequence finished.
16:48:01.72 Player connect enabled
16:48:12.588 Average server FPS: 2145.20 (measured interval: 30 s)
16:48:12.588 Used memory: 1301107 KB
16:48:12.588 Players: 0 in total
16:48:42.589 Average server FPS: 7638.40 (measured interval: 30 s)
16:48:42.589 Used memory: 1317770 KB
16:48:42.589 Players: 0 in total
16:49:12.591 Average server FPS: 7596.90 (measured interval: 30 s)
16:49:12.591 Used memory: 1330886 KB
16:49:12.591 Players: 0 in total
16:49:20.201  --- Termination successfully completed --- 
