20:24:38 BattlEye Server: Initialized (v1.217)
20:24:38 SUCCESS: SteamGameServer_Init(0,8766,2442,28056,3,1.07.153006)
20:24:38 Roles assigned.
20:24:38 Reading mission ...
20:25:23 [CE][Hive] :: Initializing OFFLINE
20:25:23 [CE][Hive] :: Loading core data ... 
20:25:23 [CE][CoreData] :: 7 root classes, 19 defaults, 0 updaters...
20:25:28 [CE][RegisterBind] :: 0 classes binded...
20:25:28 [CE][RegisterConfig] :: 7377 config classes registered, 0 sub-counters...
20:25:28 [CE][Hive] :: Loading map data ... 
20:25:28 !!! [CE] :: Unknown category: 'vehicleparts'.
20:25:28 !!! [CE] :: Unknown category: 'vehicleparts'.
20:25:28 !!! [CE] :: Unknown category: 'vehicleparts'.
20:25:28 !!! [CE] :: Unknown category: 'vehicleparts'.
20:25:28 !!! [CE] :: Unknown category: 'vehicleparts'.
20:25:28 !!! [CE] :: Unknown category: 'vehicleparts'.
20:25:28 !!! [CE] :: Unknown category: 'vehicleparts'.
20:25:28 !!! [CE] :: Unknown category: 'vehicleparts'.
20:25:28 !!! [CE] :: Unknown category: 'vehicleparts'.
20:25:28 !!! [CE] :: Unknown category: 'vehicleparts'.
20:25:28 !!! [CE] :: Unknown category: 'vehicleparts'.
20:25:28 !!! [CE] :: Unknown category: 'vehicleparts'.
20:25:28 !!! [CE] :: Unknown category: 'vehicleparts'.
20:25:28 !!! [CE] :: Unknown category: 'vehicleparts'.
20:25:28 !!! [CE] :: Unknown category: 'vehicleparts'.
20:25:28 !!! [CE] :: Unknown category: 'vehicleparts'.
20:25:28 !!! [CE] :: Unknown category: 'vehicleparts'.
20:25:28 !!! [CE] :: Unknown category: 'vehicleparts'.
20:25:28 !!! [CE] :: Unknown category: 'vehicleparts'.
20:25:28 !!! [CE] :: Unknown category: 'vehicleparts'.
20:25:28 !!! [CE] :: Unknown category: 'vehicleparts'.
20:25:28 !!! [CE] :: Unknown category: 'vehicleparts'.
20:25:28 !!! [CE] :: Unknown category: 'vehicleparts'.
20:25:28 !!! [CE] :: Unknown category: 'vehicleparts'.
20:25:28 [CE][LoadPrototype] :: loaded 330 prototypes
20:25:28   702 containers, 9116 points
20:25:28   24 dispatches, 90 proxies
20:25:28 !!! [CE][LoadPrototype] 12 groups have no points...
20:25:28 !!![CE][LoadPrototype]  3 groups have wrong points...
20:25:28 [CE][LoadPrototype] :: last group name: Land_Lunapark_Autodrome...
20:25:28 [CE][LoadPrototype] :: loaded 0 prototypes
20:25:28   0 containers, 0 points
20:25:28   0 dispatches, 0 proxies
20:25:28 [CE][LoadPrototype] :: last group name: PathD_7100...
20:25:29 [CE][LoadMap] "Group" :: loaded 5086 groups, largest group range: 26.9
20:25:29 [CE][LoadMap] "Dirt" :: loaded 0 groups, largest group range: 26.9
20:25:29 [CE][LoadClusters] "Cluster" :: Loading files...
20:25:29 [CE][LoadClusters] :: file: "mapgroupcluster.xml", 4 types, 50000 instances
20:25:29 [CE][LoadClusters] :: file: "mapgroupcluster01", 4 types, 50000 instances
20:25:29 [CE][LoadClusters] :: file: "mapgroupcluster02", 4 types, 50000 instances
20:25:29 [CE][LoadClusters] :: file: "mapgroupcluster03", 4 types, 50000 instances
20:25:30 [CE][LoadClusters] :: file: "mapgroupcluster04", 4 types, 21297 instances
20:25:30 [CE][Storage] ver:21 stamp:29052, valid:yes, name:"mpmissions\TheCommunity.enoch\storage_666\data\types.bin"
20:25:30 [CE][Storage] ver:21 stamp:29050, valid:yes, name:"mpmissions\TheCommunity.enoch\storage_666\data\types.001"
20:25:30 [CE][Storage] ver:21 stamp:29051, valid:yes, name:"mpmissions\TheCommunity.enoch\storage_666\data\types.002"
20:25:30 [CE][Storage] Restoring file "mpmissions\TheCommunity.enoch\storage_666\data\types.bin".
20:25:30 [CE][offlineDB] :: Loaded 33 dynamic events 215 total types 0 total positions.
20:25:30 !!! [CE][offlineDB] :: Failed to read 'db/types.xml' file.
20:25:30 [CE][Storage] ver:21 stamp:29052, valid:yes, name:"mpmissions\TheCommunity.enoch\storage_666\data\events.bin"
20:25:30 [CE][Storage] ver:21 stamp:29050, valid:yes, name:"mpmissions\TheCommunity.enoch\storage_666\data\events.001"
20:25:30 [CE][Storage] ver:21 stamp:29051, valid:yes, name:"mpmissions\TheCommunity.enoch\storage_666\data\events.002"
20:25:30 [CE][Storage] Restoring file "mpmissions\TheCommunity.enoch\storage_666\data\events.bin".
20:25:30 [CE][DynamicEvent] Load  Events:[33] Primary spawners: 33 Secondary spawners: 1
20:25:30 [CE][Storage] ver:24 stamp:29052, valid:yes, name:"mpmissions\TheCommunity.enoch\storage_666\data\vehicles.bin"
20:25:30 [CE][Storage] ver:24 stamp:29050, valid:yes, name:"mpmissions\TheCommunity.enoch\storage_666\data\vehicles.001"
20:25:30 [CE][Storage] ver:24 stamp:29051, valid:yes, name:"mpmissions\TheCommunity.enoch\storage_666\data\vehicles.002"
20:25:30 [CE][Storage] Restoring file "mpmissions\TheCommunity.enoch\storage_666\data\vehicles.bin" 27 items.
20:25:30   27 items loaded.
20:25:30 [CE][Storage] ver:0 stamp:0, valid:NO, name:"mpmissions\TheCommunity.enoch\storage_666\data\dynamic_000.bin"
20:25:30 [CE][Storage] ver:24 stamp:29050, valid:yes, name:"mpmissions\TheCommunity.enoch\storage_666\data\dynamic_000.001"
20:25:30 [CE][Storage] ver:24 stamp:29051, valid:yes, name:"mpmissions\TheCommunity.enoch\storage_666\data\dynamic_000.002"
20:25:30 [CE][Storage] Restoring file "mpmissions\TheCommunity.enoch\storage_666\data\dynamic_000.002" 10 items.
20:25:30   10 items loaded.
20:25:30 [CE][Storage] ver:0 stamp:0, valid:NO, name:"mpmissions\TheCommunity.enoch\storage_666\data\dynamic_001.bin"
20:25:30 [CE][Storage] ver:24 stamp:29050, valid:yes, name:"mpmissions\TheCommunity.enoch\storage_666\data\dynamic_001.001"
20:25:30 [CE][Storage] ver:24 stamp:29051, valid:yes, name:"mpmissions\TheCommunity.enoch\storage_666\data\dynamic_001.002"
20:25:30 [CE][Storage] Restoring file "mpmissions\TheCommunity.enoch\storage_666\data\dynamic_001.002" 94 items.
20:25:30   94 items loaded.
20:25:30 [CE][Storage] ver:0 stamp:0, valid:NO, name:"mpmissions\TheCommunity.enoch\storage_666\data\dynamic_002.bin"
20:25:30 [CE][Storage] ver:24 stamp:29050, valid:yes, name:"mpmissions\TheCommunity.enoch\storage_666\data\dynamic_002.001"
20:25:30 [CE][Storage] ver:24 stamp:29051, valid:yes, name:"mpmissions\TheCommunity.enoch\storage_666\data\dynamic_002.002"
20:25:30 [CE][Storage] Restoring file "mpmissions\TheCommunity.enoch\storage_666\data\dynamic_002.002" 24 items.
20:25:30   24 items loaded.
20:25:30 [CE][Storage] ver:0 stamp:0, valid:NO, name:"mpmissions\TheCommunity.enoch\storage_666\data\dynamic_003.bin"
20:25:30 [CE][Storage] ver:24 stamp:29050, valid:yes, name:"mpmissions\TheCommunity.enoch\storage_666\data\dynamic_003.001"
20:25:30 [CE][Storage] ver:24 stamp:29051, valid:yes, name:"mpmissions\TheCommunity.enoch\storage_666\data\dynamic_003.002"
20:25:30 [CE][Storage] Restoring file "mpmissions\TheCommunity.enoch\storage_666\data\dynamic_003.002" 56 items.
20:25:30   56 items loaded.
20:25:30 [CE][Storage] ver:0 stamp:0, valid:NO, name:"mpmissions\TheCommunity.enoch\storage_666\data\dynamic_004.bin"
20:25:30 [CE][Storage] ver:24 stamp:29050, valid:yes, name:"mpmissions\TheCommunity.enoch\storage_666\data\dynamic_004.001"
20:25:30 [CE][Storage] ver:24 stamp:29051, valid:yes, name:"mpmissions\TheCommunity.enoch\storage_666\data\dynamic_004.002"
20:25:30 [CE][Storage] Restoring file "mpmissions\TheCommunity.enoch\storage_666\data\dynamic_004.002" 51 items.
20:25:30   51 items loaded.
20:25:30 [CE][Storage] ver:0 stamp:0, valid:NO, name:"mpmissions\TheCommunity.enoch\storage_666\data\dynamic_005.bin"
20:25:30 [CE][Storage] ver:24 stamp:29050, valid:yes, name:"mpmissions\TheCommunity.enoch\storage_666\data\dynamic_005.001"
20:25:30 [CE][Storage] ver:24 stamp:29051, valid:yes, name:"mpmissions\TheCommunity.enoch\storage_666\data\dynamic_005.002"
20:25:30 [CE][Storage] Restoring file "mpmissions\TheCommunity.enoch\storage_666\data\dynamic_005.002" 62 items.
20:25:30   62 items loaded.
20:25:30 [CE][Storage] ver:0 stamp:0, valid:NO, name:"mpmissions\TheCommunity.enoch\storage_666\data\dynamic_006.bin"
20:25:30 [CE][Storage] ver:24 stamp:29050, valid:yes, name:"mpmissions\TheCommunity.enoch\storage_666\data\dynamic_006.001"
20:25:30 [CE][Storage] ver:24 stamp:29051, valid:yes, name:"mpmissions\TheCommunity.enoch\storage_666\data\dynamic_006.002"
20:25:30 [CE][Storage] Restoring file "mpmissions\TheCommunity.enoch\storage_666\data\dynamic_006.002" 52 items.
20:25:30   52 items loaded.
20:25:30 [CE][Storage] ver:0 stamp:0, valid:NO, name:"mpmissions\TheCommunity.enoch\storage_666\data\dynamic_007.bin"
20:25:30 [CE][Storage] ver:24 stamp:29050, valid:yes, name:"mpmissions\TheCommunity.enoch\storage_666\data\dynamic_007.001"
20:25:30 [CE][Storage] ver:24 stamp:29051, valid:yes, name:"mpmissions\TheCommunity.enoch\storage_666\data\dynamic_007.002"
20:25:30 [CE][Storage] Restoring file "mpmissions\TheCommunity.enoch\storage_666\data\dynamic_007.002" 36 items.
20:25:30   36 items loaded.
20:25:30 [CE][Storage] ver:0 stamp:0, valid:NO, name:"mpmissions\TheCommunity.enoch\storage_666\data\dynamic_008.bin"
20:25:30 [CE][Storage] ver:24 stamp:29050, valid:yes, name:"mpmissions\TheCommunity.enoch\storage_666\data\dynamic_008.001"
20:25:30 [CE][Storage] ver:24 stamp:29051, valid:yes, name:"mpmissions\TheCommunity.enoch\storage_666\data\dynamic_008.002"
20:25:30 [CE][Storage] Restoring file "mpmissions\TheCommunity.enoch\storage_666\data\dynamic_008.002" 31 items.
20:25:30   31 items loaded.
20:25:30 [CE][Storage] ver:0 stamp:0, valid:NO, name:"mpmissions\TheCommunity.enoch\storage_666\data\dynamic_009.bin"
20:25:30 [CE][Storage] ver:24 stamp:29050, valid:yes, name:"mpmissions\TheCommunity.enoch\storage_666\data\dynamic_009.001"
20:25:30 [CE][Storage] ver:24 stamp:29051, valid:yes, name:"mpmissions\TheCommunity.enoch\storage_666\data\dynamic_009.002"
20:25:30 [CE][Storage] Restoring file "mpmissions\TheCommunity.enoch\storage_666\data\dynamic_009.002" 22 items.
20:25:30   22 items loaded.
20:25:30 [CE][Storage] ver:0 stamp:0, valid:NO, name:"mpmissions\TheCommunity.enoch\storage_666\data\dynamic_010.bin"
20:25:30 [CE][Storage] ver:24 stamp:29050, valid:yes, name:"mpmissions\TheCommunity.enoch\storage_666\data\dynamic_010.001"
20:25:30 [CE][Storage] ver:24 stamp:29051, valid:yes, name:"mpmissions\TheCommunity.enoch\storage_666\data\dynamic_010.002"
20:25:30 [CE][Storage] Restoring file "mpmissions\TheCommunity.enoch\storage_666\data\dynamic_010.002" 121 items.
20:25:30   121 items loaded.
20:25:30 [CE][Storage] ver:0 stamp:0, valid:NO, name:"mpmissions\TheCommunity.enoch\storage_666\data\dynamic_011.bin"
20:25:30 [CE][Storage] ver:24 stamp:29050, valid:yes, name:"mpmissions\TheCommunity.enoch\storage_666\data\dynamic_011.001"
20:25:30 [CE][Storage] ver:24 stamp:29051, valid:yes, name:"mpmissions\TheCommunity.enoch\storage_666\data\dynamic_011.002"
20:25:30 [CE][Storage] Restoring file "mpmissions\TheCommunity.enoch\storage_666\data\dynamic_011.002" 18 items.
20:25:30   18 items loaded.
20:25:30 [CE][Hive] :: Storage load took:0.30 seconds, recovery stamp:29052
20:25:30   entity: 807, building: 0
20:25:30   no lifetime: 27
20:25:30 [CE][Hive] :: Initializing ... 
20:25:30 [CE][InitializeMap] :: initialized: 0
20:25:30 [CE][Hive] :: Initializing spawners ... 
20:25:30 [CE][DynEvent] :: 33 types
20:25:30 [00] AmbientHen
20:25:30   Primary Spawner: "Ambient", active: yes, repeat: 1
20:25:30 [01] AnimalBear
20:25:30   Primary Spawner: "Animal", active: yes, repeat: 1
20:25:30 [02] AnimalCow
20:25:30   Primary Spawner: "Animal", active: yes, repeat: 1
20:25:30 [03] AnimalDeer
20:25:30   Primary Spawner: "Animal", active: yes, repeat: 1
20:25:30 [04] AnimalGoat
20:25:30   Primary Spawner: "Animal", active: yes, repeat: 1
20:25:30 [05] AnimalPig
20:25:30   Primary Spawner: "Animal", active: yes, repeat: 1
20:25:30 [06] AnimalRoeDeer
20:25:30   Primary Spawner: "Animal", active: yes, repeat: 1
20:25:30 [07] AnimalSheep
20:25:30   Primary Spawner: "Animal", active: yes, repeat: 1
20:25:30 [08] AnimalWildBoar
20:25:30   Primary Spawner: "Animal", active: yes, repeat: 1
20:25:30 [09] AnimalWolf
20:25:30   Primary Spawner: "Animal", active: yes, repeat: 1
20:25:30 [10] InfectedArmy
20:25:30   Primary Spawner: "Infected", active: yes, repeat: 1
20:25:30 [11] InfectedCity
20:25:30   Primary Spawner: "Infected", active: yes, repeat: 1
20:25:30 [12] InfectedFirefighter
20:25:30   Primary Spawner: "Infected", active: yes, repeat: 1
20:25:30 [13] InfectedIndustrial
20:25:30   Primary Spawner: "Infected", active: yes, repeat: 1
20:25:30 [14] I