19:19:05 BattlEye Server: Initialized (v1.217)
19:19:05 SUCCESS: SteamGameServer_Init(0,8766,2442,28056,3,1.07.153006)
19:19:05 Roles assigned.
19:19:05 Reading mission ...
19:19:40 [CE][Hive] :: Initializing OFFLINE
19:19:40 [CE][Hive] :: Loading core data ... 
19:19:40 [CE][CoreData] :: 7 root classes, 19 defaults, 0 updaters...
19:19:40 [CE][offlineDB] :: Conversion of characters started.
19:19:40 [CE][offlineDB] :: Processing 0 players.
19:19:40 [CE][offlineDB] :: Conversion of characters successfully completed.
19:19:44 [CE][TypeSetup] :: 408 classes setuped...
19:19:44 [CE][RegisterBind] :: 0 classes binded...
19:19:44 [CE][RegisterConfig] :: 3115 config classes registered, 1 sub-counters...
19:19:44 [CE][Hive] :: Loading map data ... 
19:19:44 !!! [CE] :: Unknown category: 'vehicleparts'.
19:19:44 !!! [CE] :: Unknown category: 'vehicleparts'.
19:19:44 !!! [CE] :: Unknown category: 'vehicleparts'.
19:19:44 !!! [CE] :: Unknown category: 'vehicleparts'.
19:19:44 !!! [CE] :: Unknown category: 'vehicleparts'.
19:19:44 !!! [CE] :: Unknown category: 'vehicleparts'.
19:19:44 !!! [CE] :: Unknown category: 'vehicleparts'.
19:19:44 !!! [CE] :: Unknown category: 'vehicleparts'.
19:19:44 !!! [CE] :: Unknown category: 'vehicleparts'.
19:19:44 !!! [CE] :: Unknown category: 'vehicleparts'.
19:19:44 !!! [CE] :: Unknown category: 'vehicleparts'.
19:19:44 !!! [CE] :: Unknown category: 'vehicleparts'.
19:19:44 !!! [CE] :: Unknown category: 'vehicleparts'.
19:19:44 !!! [CE] :: Unknown category: 'vehicleparts'.
19:19:44 !!! [CE] :: Unknown category: 'vehicleparts'.
19:19:44 !!! [CE] :: Unknown category: 'vehicleparts'.
19:19:44 !!! [CE] :: Unknown category: 'vehicleparts'.
19:19:44 !!! [CE] :: Unknown category: 'vehicleparts'.
19:19:44 !!! [CE] :: Unknown category: 'vehicleparts'.
19:19:44 !!! [CE] :: Unknown category: 'vehicleparts'.
19:19:44 !!! [CE] :: Unknown category: 'vehicleparts'.
19:19:44 !!! [CE] :: Unknown category: 'vehicleparts'.
19:19:44 !!! [CE] :: Unknown category: 'vehicleparts'.
19:19:44 !!! [CE] :: Unknown category: 'vehicleparts'.
19:19:44 [CE][LoadPrototype] :: loaded 330 prototypes
19:19:44   702 containers, 9116 points
19:19:44   24 dispatches, 90 proxies
19:19:44 !!! [CE][LoadPrototype] 12 groups have no points...
19:19:44 !!![CE][LoadPrototype]  3 groups have wrong points...
19:19:44 [CE][LoadPrototype] :: last group name: Land_Lunapark_Autodrome...
19:19:44 [CE][LoadPrototype] :: loaded 0 prototypes
19:19:44   0 containers, 0 points
19:19:44   0 dispatches, 0 proxies
19:19:44 [CE][LoadPrototype] :: last group name: PathD_7100...
19:19:44 [CE][LoadMap] "Group" :: loaded 5086 groups, largest group range: 26.9
19:19:44 [CE][LoadMap] "Dirt" :: loaded 0 groups, largest group range: 26.9
19:19:45 [CE][LoadClusters] "Cluster" :: Loading files...
19:19:45 [CE][LoadClusters] :: file: "mapgroupcluster.xml", 4 types, 50000 instances
19:19:45 [CE][LoadClusters] :: file: "mapgroupcluster01", 4 types, 50000 instances
19:19:45 [CE][LoadClusters] :: file: "mapgroupcluster02", 4 types, 50000 instances
19:19:45 [CE][LoadClusters] :: file: "mapgroupcluster03", 4 types, 50000 instances
19:19:46 [CE][LoadClusters] :: file: "mapgroupcluster04", 4 types, 21297 instances
19:19:46 [CE][Storage] ver:0 stamp:0, valid:NO, name:"mpmissions\TheCommunity.enoch\storage_666\data\types.bin"
19:19:46 [CE][Storage] ver:0 stamp:0, valid:NO, name:"mpmissions\TheCommunity.enoch\storage_666\data\types.001"
19:19:46 [CE][Storage] ver:0 stamp:0, valid:NO, name:"mpmissions\TheCommunity.enoch\storage_666\data\types.002"
19:19:46 [CE][offlineDB] :: Loaded 32 dynamic events 211 total types 0 total positions.
19:19:46 [CE][Storage] ver:0 stamp:0, valid:NO, name:"mpmissions\TheCommunity.enoch\storage_666\data\events.bin"
19:19:46 [CE][Storage] ver:0 stamp:0, valid:NO, name:"mpmissions\TheCommunity.enoch\storage_666\data\events.001"
19:19:46 [CE][Storage] ver:0 stamp:0, valid:NO, name:"mpmissions\TheCommunity.enoch\storage_666\data\events.002"
19:19:46 [CE][Storage] ver:0 stamp:0, valid:NO, name:"mpmissions\TheCommunity.enoch\storage_666\data\vehicles.bin"
19:19:46 [CE][Storage] ver:0 stamp:0, valid:NO, name:"mpmissions\TheCommunity.enoch\storage_666\data\vehicles.001"
19:19:46 [CE][Storage] ver:0 stamp:0, valid:NO, name:"mpmissions\TheCommunity.enoch\storage_666\data\vehicles.002"
19:19:46 [CE][Storage] ver:0 stamp:0, valid:NO, name:"mpmissions\TheCommunity.enoch\storage_666\data\dynamic_000.bin"
19:19:46 [CE][Storage] ver:0 stamp:0, valid:NO, name:"mpmissions\TheCommunity.enoch\storage_666\data\dynamic_000.001"
19:19:46 [CE][Storage] ver:0 stamp:0, valid:NO, name:"mpmissions\TheCommunity.enoch\storage_666\data\dynamic_000.002"
19:19:46 [CE][Storage] ver:0 stamp:0, valid:NO, name:"mpmissions\TheCommunity.enoch\storage_666\data\dynamic_001.bin"
19:19:46 [CE][Storage] ver:0 stamp:0, valid:NO, name:"mpmissions\TheCommunity.enoch\storage_666\data\dynamic_001.001"
19:19:46 [CE][Storage] ver:0 stamp:0, valid:NO, name:"mpmissions\TheCommunity.enoch\storage_666\data\dynamic_001.002"
19:19:46 [CE][Storage] ver:0 stamp:0, valid:NO, name:"mpmissions\TheCommunity.enoch\storage_666\data\dynamic_002.bin"
19:19:46 [CE][Storage] ver:0 stamp:0, valid:NO, name:"mpmissions\TheCommunity.enoch\storage_666\data\dynamic_002.001"
19:19:46 [CE][Storage] ver:0 stamp:0, valid:NO, name:"mpmissions\TheCommunity.enoch\storage_666\data\dynamic_002.002"
19:19:46 [CE][Storage] ver:0 stamp:0, valid:NO, name:"mpmissions\TheCommunity.enoch\storage_666\data\dynamic_003.bin"
19:19:46 [CE][Storage] ver:0 stamp:0, valid:NO, name:"mpmissions\TheCommunity.enoch\storage_666\data\dynamic_003.001"
19:19:46 [CE][Storage] ver:0 stamp:0, valid:NO, name:"mpmissions\TheCommunity.enoch\storage_666\data\dynamic_003.002"
19:19:46 [CE][Storage] ver:0 stamp:0, valid:NO, name:"mpmissions\TheCommunity.enoch\storage_666\data\dynamic_004.bin"
19:19:46 [CE][Storage] ver:0 stamp:0, valid:NO, name:"mpmissions\TheCommunity.enoch\storage_666\data\dynamic_004.001"
19:19:46 [CE][Storage] ver:0 stamp:0, valid:NO, name:"mpmissions\TheCommunity.enoch\storage_666\data\dynamic_004.002"
19:19:46 [CE][Storage] ver:0 stamp:0, valid:NO, name:"mpmissions\TheCommunity.enoch\storage_666\data\dynamic_005.bin"
19:19:46 [CE][Storage] ver:0 stamp:0, valid:NO, name:"mpmissions\TheCommunity.enoch\storage_666\data\dynamic_005.001"
19:19:46 [CE][Storage] ver:0 stamp:0, valid:NO, name:"mpmissions\TheCommunity.enoch\storage_666\data\dynamic_005.002"
19:19:46 [CE][Storage] ver:0 stamp:0, valid:NO, name:"mpmissions\TheCommunity.enoch\storage_666\data\dynamic_006.bin"
19:19:46 [CE][Storage] ver:0 stamp:0, valid:NO, name:"mpmissions\TheCommunity.enoch\storage_666\data\dynamic_006.001"
19:19:46 [CE][Storage] ver:0 stamp:0, valid:NO, name:"mpmissions\TheCommunity.enoch\storage_666\data\dynamic_006.002"
19:19:46 [CE][Storage] ver:0 stamp:0, valid:NO, name:"mpmissions\TheCommunity.enoch\storage_666\data\dynamic_007.bin"
19:19:46 [CE][Storage] ver:0 stamp:0, valid:NO, name:"mpmissions\TheCommunity.enoch\storage_666\data\dynamic_007.001"
19:19:46 [CE][Storage] ver:0 stamp:0, valid:NO, name:"mpmissions\TheCommunity.enoch\storage_666\data\dynamic_007.002"
19:19:46 [CE][Storage] ver:0 stamp:0, valid:NO, name:"mpmissions\TheCommunity.enoch\storage_666\data\dynamic_008.bin"
19:19:46 [CE][Storage] ver:0 stamp:0, valid:NO, name:"mpmissions\TheCommunity.enoch\storage_666\data\dynamic_008.001"
19:19:46 [CE][Storage] ver:0 stamp:0, valid:NO, name:"mpmissions\TheCommunity.enoch\storage_666\data\dynamic_008.002"
19:19:46 [CE][Storage] ver:0 stamp:0, valid:NO, name:"mpmissions\TheCommunity.enoch\storage_666\data\dynamic_009.bin"
19:19:46 [CE][Storage] ver:0 stamp:0, valid:NO, name:"mpmissions\TheCommunity.enoch\storage_666\data\dynamic_009.001"
19:19:46 [CE][Storage] ver:0 stamp:0, valid:NO, name:"mpmissions\TheCommunity.enoch\storage_666\data\dynamic_009.002"
19:19:46 [CE][Storage] ver:0 stamp:0, valid:NO, name:"mpmissions\TheCommunity.enoch\storage_666\data\dynamic_010.bin"
19:19:46 [CE][Storage] ver:0 stamp:0, valid:NO, name:"mpmissions\TheCommunity.enoch\storage_666\data\dynamic_010.001"
19:19:46 [CE][Storage] ver:0 stamp:0, valid:NO, name:"mpmissions\TheCommunity.enoch\storage_666\data\dynamic_010.002"
19:19:46 [CE][Storage] ver:0 stamp:0, valid:NO, name:"mpmissions\TheCommunity.enoch\storage_666\data\dynamic_011.bin"
19:19:46 [CE][Storage] ver:0 stamp:0, valid:NO, name:"mpmissions\TheCommunity.enoch\storage_666\data\dynamic_011.001"
19:19:46 [CE][Storage] ver:0 stamp:0, valid:NO, name:"mpmissions\TheCommunity.enoch\storage_666\data\dynamic_011.002"
19:19:46 [CE][Hive] :: Empty storage folder, reinitializing ... 
19:19:46 [CE][Hive] :: Initializing ... 
19:19:46 [CE][InitializeMap] :: initialized: 0
19:19:46 [CE][Hive] :: Initializing spawners ... 
19:19:48 [CE][LootRespawner] (PRIDummy) :: Item [0] causing search overtime: "HatchbackHood_WhiteRust"
19:19:48 [CE][LootRespawner] (PRIDummy) :: Item [1] causing search overtime: "HatchbackHood_WhiteRust"
19:19:48 [CE][LootRespawner] (PRIDummy) :: Item [2] causing search overtime: "HatchbackHood_WhiteRust"
19:19:48 [CE][LootRespawner] (PRIDummy) :: Item [3] causing search overtime: "HatchbackHood_WhiteRust"
19:19:48 [CE][LootRespawner] (PRIDummy) :: Item [4] causing search overtime: "HatchbackHood_WhiteRust"
19:19:48 [CE][LootRespawner] (PRIDummy) :: Item [5] causing search overtime: "HatchbackHood_WhiteRust"
19:19:48 [CE][LootRespawner] (PRIDummy) :: Item [6] causing search overtime: "HatchbackHood_WhiteRust"
19:19:48 [CE][LootRespawner] (PRIDummy) :: Item [7] causing search overtime: "HatchbackHood_WhiteRust"
19:19:48 [CE][LootRespawner] (PRIDummy) :: Item [8] causing search overtime: "HatchbackHood_WhiteRust"
19:19:48 [CE][LootRespawner] (PRIDummy) :: Item [9] causing search overtime: "HatchbackHood_WhiteRust"
19:19:48 [CE][LootRespawner] (PRIDummy) :: Item [10] causing search overtime: "HatchbackHood_WhiteRust"
19:19:48 [CE][LootRespawner] (PRIDummy) :: Item [11] causing search overtime: "HatchbackHood_WhiteRust"
19:19:48 [CE][LootRespawner] (PRIDummy) :: Item [12] causing search overtime: "HatchbackHood_WhiteRust"
19:19:48 [CE][LootRespawner] (PRIDummy) :: Item [13] causing search overtime: "HatchbackHood_WhiteRust"
19:19:48 [CE][LootRespawner] (PRIDummy) :: Item [14] causing search overtime: "HatchbackHood_WhiteRust"
19:19:48 [CE][LootRespawner] (PRIDummy) :: Item [15] causing search overtime: "HatchbackHood_WhiteRust"
19:19:48 [CE][LootRespawner] (PRIDummy) :: Item [16] causing search overtime: "HatchbackHood_WhiteRust"
19:19:48 [CE][LootRespawner] (PRIDummy) :: Item [17] causing search overtime: "HatchbackHood_WhiteRust"
19:19:48 [CE][LootRespawner] (PRIDummy) :: Item [18] causing search overtime: "HatchbackHood_WhiteRust"
19:19:48 [CE][LootRespawner] (PRIDummy) :: Item [19] causing search overtime: "CivSedanTrunk_WineRust"
19:19:49 [CE][LootRespawner] (PRIDummy) :: Item [0] is hard to place, performance drops: "SalineBag"
19:19:49 [CE][LootRespawner] (PRIDummy) :: Item [1] is hard to place, performance drops: "SalineBag"
19:19:50 [CE][LootRespawner] (PRIDummy) :: Item [2] is hard to place, performance drops: "KazuarOptic"
19:19:50 [CE][LootRespawner] (PRIDummy) :: Item [3] is hard to place, performance drops: "MedicalScrubsShirt_Green"
19:19:50 [CE][LootRespawner] (PRIDummy) :: Item [4] is hard to place, performance drops: "ParamedicJacket_Green"
19:19:50 [CE][LootRespawner] (PRIDummy) :: Item [5] is hard to place, performance drops: "ParamedicJacket_Green"
19:19:50 [CE][LootRespawner] (PRIDummy) :: Item [6] is hard to place, performance drops: "ParamedicJacket_Green"
19:19:50 [CE][LootRespawner] (PRIDummy) :: Item [7] is hard to place, performance drops: "ParamedicJacket_Green"
19:19:50 [CE][LootRespawner] (PRIDummy) :: Item [8] is hard to place, performance drops: "CargoPants_Grey"
19:19:50 [CE][LootRespawner] (PRIDummy) :: Item [9] is hard to place, performance drops: "CargoPants_Grey"
19:19:50 [CE][LootRespawner] (PRIDummy) :: Item [10] is hard to place, performance drops: "CargoPants_Grey"
19:19:50 [CE][LootRespawner] (PRIDummy) :: Item [11] is hard to place, performance drops: "CZ527"
19:19:50 [CE][LootRespawner] (PRIDummy) :: Item [12] is hard to place, performance drops: "CZ527"
19:19:50 [CE][LootRespawner] (PRIDummy) :: Item [13] is hard to place, performance drops: "CZ527"
19:19:50 [CE][LootRespawner] (PRIDummy) :: Item [14] is hard to place, performance drops: "CZ527"
19:19:50 [CE][LootRespawner] (PRIDummy) :: Item [15] is hard to place, performance drops: "CZ527"
19:19:50 [CE][LootRespawner] (PRIDummy) :: Item [16] is hard to place, performance drops: "CZ527"
19:19:50 [CE][LootRespawner] (PRIDummy) :: Item [17] is hard to place, performance drops: "CZ527"
19:19:50 [CE][LootRespawner] (PRIDummy) :: Item [18] is hard to place, performance drops: "MP5K"
19:19:50 [CE][LootRespawner] (PRIDummy) :: Item [19] is hard to place, performance drops: "MP5K"
19:19:51 [CE][LootRespawner] (PRIDummy) :: Initially (re)spawned:11922, Nominal:12429, Total in Map: 10481 at 3 (sec)
19:19:51   tests:12061, repeats:40 fails:99, overtime:1941
19:19:51 [CE][SpawnRandomLoot] (StaticHeliCrash) :: ChildType: Wreck_Mi8, lootmin: 10, lootmax: 20, wanted: 15
19:19:51 [CE][SpawnRandomLoot] (StaticHeliCrash) :: ChildType: Wreck_Mi8, lootmin: 10, lootmax: 20, wanted: 17
19:19:51 [CE][SpawnRandomLoot] (StaticPoliceCar) :: ChildType: Land_Wreck_Volha_Police, lootmin: 3, lootmax: 5, wanted: 3
19:19:51 [CE][SpawnRandomLoot] (StaticPoliceCar) :: ChildType: Land_Wreck_Volha_Police, lootmin: 3, lootmax: 5, wanted: 3
19:19:51 [CE][SpawnRandomLoot] (StaticPoliceCar) :: ChildType: Land_Wreck_Volha_Police, lootmin: 3, lootmax: 5, wanted: 4
19:19:51 [CE][SpawnRandomLoot] (StaticPoliceCar) :: ChildType: Land_Wreck_Volha_Police, lootmin: 3, lootmax: 5, wanted: 3
19:19:51 [CE][SpawnRandomLoot] (StaticPoliceCar) :: ChildType: Land_Wreck_Volha_Police, lootmin: 3, lootmax: 5, wanted: 4
19:19:51 [CE][SpawnRandomLoot] (StaticPoliceCar) :: ChildType: Land_Wreck_Volha_Police, lootmin: 3, lootmax: 5, wanted: 3
19:19:51 [CE][SpawnRandomLoot] (StaticPoliceCar) :: ChildType: Land_Wreck_Volha_Police, lootmin: 3, lootmax: 5, wanted: 3
19:19:51 [CE][DynEvent] :: 32 types
19:19:51 [00] AmbientHen
19:19:51   Primary Spawner: "Ambient", active: yes, repeat: 1
19:19:51 [01] AnimalBear
19:19:51   Primary Spawner: "Animal", active: yes, repeat: 1
19:19:51 [02] AnimalCow
19:19:51   Primary Spawner: "Animal", active: yes, repeat: 1
19:19:51 [03] AnimalDeer
19:19:51   Primary Spawner: "Animal", active: yes, repeat: 1
19:19:51 [04] AnimalGoat
19:19:51   Primary Spawner: "Animal", active: yes, repeat: 1
19:19:51 [05] AnimalPig
19:19:51   Primary Spawner: "Animal", active: yes, repeat: 1
19:19:51 [06] AnimalRoeDeer
19:19:51   Primary Spawner: "Animal", active: yes, repeat: 1
19:19:51 [07] AnimalSheep
19:19:51   Primary Spawner: "Animal", active: yes, repeat: 1
19:19:51 [08] AnimalWildBoar
19:19:51   Primary Spawner: "Animal", active: yes, repeat: 1
19:19:51 [09] AnimalWolf
19:19:51   Primary Spawner: "Animal", active: yes, repeat: 1
19:19:51 [10] InfectedArmy
19:19:51   Primary Spawner: "Infected", active: yes, repeat: 1
19:19:51 [11] InfectedCity
19:19:51   Primary Spawner: "Infected", active: yes, repeat: 1
19:19:51 [12] InfectedFirefighter
19:19:51   Primary Spawner: "Infected", active: yes, repeat: 1
19:19:51 [13] InfectedIndustrial
19:19:51   Primary Spawner: "Infected", active: yes, repeat: 1
19:19:51 [14] InfectedMedic
19:19:51   Primary Spawner: "Infected", active: yes, repeat: 1
19:19:51 [15] InfectedPolice
19:19:51   Primary Spawner: "Infected", active: yes, repeat: 1
19:19:51 [16] InfectedPrisoner
19:19:51   Primary Spawner: "Infected", active: yes, repeat: 1
19:19:51 [17] InfectedReligious
19:19:51   Primary Spawner: "Infected", active: yes, repeat: 1
19:19:51 [18] InfectedSolitude
19:19:51   Primary Spawner: "Infected", active: yes, repeat: 1
19:19:51 [19] InfectedVillage
19:19:51   Primary Spawner: "Infected", active: yes, repeat: 1
19:19:51 [20] ItemPlanks
19:19:51   Primary Spawner: "Item", active: yes, repeat: 1
19:19:51 [21] Loot
19:19:51   Primary Spawner: "Loot", active: yes, repeat: 2
19:19:51 [22] StaticHeliCrash
19:19:51   Primary Spawner: "Vehicle", active: yes, repeat: 1
19:19:51   Secondary Spawner: "Infected", active: yes, repeat: 1
19:19:51 [23] StaticPoliceCar
19:19:51   Primary Spawner: "Vehicle", active: yes, repeat: 1
19:19:51 [24] TrajectoryConiferous
19:19:51   Primary Spawner: "Trajectory", active: yes, repeat: 1
19:19:51 [25] TrajectoryDeciduous
19:19:51   Primary Spawner: "Trajectory", active: yes, repeat: 1
19:19:51 [26] TrajectoryHumus
19:19:51   Primary Spawner: "Trajectory", active: yes, repeat: 1
19:19:51 [27] TrajectoryStones
19:19:51   Primary Spawner: "Trajectory", active: yes, repeat: 1
19:19:51 [28] VehicleCivilianSedan
19:19:51   Primary Spawner: "Vehicle", active: yes, repeat: 1
19:19:51 [29] VehicleHatchback02
19:19:51   Primary Spawner: "Vehicle", active: yes, repeat: 1
19:19:51 [30] VehicleOffroadHatchback
19:19:51   Primary Spawner: "Vehicle", active: yes, repeat: 1
19:19:51 [31] VehicleSedan02
19:19:51   Primary Spawner: "Vehicle", active: yes, repeat: 1
19:19:51 [CE][Hive] :: Initializing of spawners done.
19:19:51 [CE][Hive] :: Init sequence finished.
19:20:22 Average server FPS: 5318.90 (measured interval: 30 s)
19:20:22 Used memory: 1321314 KB
19:20:22 Players: 0 in total
19:20:22 BattlEye Server: RCon admin #0 (127.0.0.1:60594) logged in
19:20:45 [CE][SpawnRandomLoot] (StaticHeliCrash) :: ChildType: Wreck_UH1Y, lootmin: 10, lootmax: 20, wanted: 18
19:20:45 [CE][SpawnRandomLoot] (StaticPoliceCar) :: ChildType: Land_Wreck_Volha_Police, lootmin: 3, lootmax: 5, wanted: 4
19:20:45 [CE][SpawnRandomLoot] (StaticPoliceCar) :: ChildType: Land_Wreck_Volha_Police, lootmin: 3, lootmax: 5, wanted: 3
19:20:45 [CE][SpawnRandomLoot] (StaticPoliceCar) :: ChildType: Land_Wreck_Volha_Police, lootmin: 3, lootmax: 5, wanted: 3
19:20:52 Average server FPS: 7943.14 (measured interval: 30 s)
19:20:52 Used memory: 1337576 KB
19:20:52 Players: 0 in total
19:21:22 Average server FPS: 7627.97 (measured interval: 30 s)
19:21:22 Used memory: 1348454 KB
19:21:22 Players: 0 in total
19:21:22 BattlEye Server: RCon admin #0: (Global) Welcome to The Community Test Server! This server restarts every 30 Minutes
19:21:27 BattlEye Server: RCon admin #0: (Global) Discord at https://discord.me/eXpoch -- I Still have TS3.donkeypunch.info
19:21:37 BattlEye Server: RCon admin #0: (Global) Interesting new message here, inquire within battleye-BEC!
19:21:52 Average server FPS: 8177.90 (measured interval: 30 s)
19:21:52 Used memory: 1356486 KB
19:21:52 Players: 0 in total
19:22:22 Average server FPS: 7334.80 (measured interval: 30 s)
19:22:22 Used memory: 1366706 KB
19:22:22 Players: 0 in total
19:22:52 Average server FPS: 8186.27 (measured interval: 30 s)
19:22:52 Used memory: 1373694 KB
19:22:52 Players: 0 in total
19:23:22 Average server FPS: 9348.53 (measured interval: 30 s)
19:23:22 Used memory: 1373733 KB
19:23:22 Players: 0 in total
19:23:52 Average server FPS: 9314.43 (measured interval: 30 s)
19:23:52 Used memory: 1373738 KB
19:23:52 Players: 0 in total
19:24:22 Average server FPS: 8887.87 (measured interval: 30 s)
19:24:22 Used memory: 1374522 KB
19:24:22 Players: 0 in total
19:24:52 Average server FPS: 9210.53 (measured interval: 30 s)
19:24:52 Used memory: 1374525 KB
19:24:52 Players: 0 in total
19:25:22 Average server FPS: 9069.37 (measured interval: 30 s)
19:25:22 Used memory: 1374527 KB
19:25:22 Players: 0 in total
19:25:22 BattlEye Server: RCon admin #0: (Global) The Community TEST SERVER will reboot in 25 minutes.
19:25:52 Average server FPS: 9408.27 (measured interval: 30 s)
19:25:52 Used memory: 1374531 KB
19:25:52 Players: 0 in total
19:26:22 Average server FPS: 9327.87 (measured interval: 30 s)
19:26:22 Used memory: 1373948 KB
19:26:22 Players: 0 in total
19:26:52 Average server FPS: 8931.37 (measured interval: 30 s)
19:26:52 Used memory: 1373644 KB
19:26:52 Players: 0 in total
19:27:22 Average server FPS: 9177.40 (measured interval: 30 s)
19:27:22 Used memory: 1373599 KB
19:27:22 Players: 0 in total
19:27:52 Average server FPS: 7659.67 (measured interval: 30 s)
19:27:52 Used memory: 1374070 KB
19:27:52 Players: 0 in total
19:28:22 Average server FPS: 9193.80 (measured interval: 30 s)
19:28:22 Used memory: 1374039 KB
19:28:22 Players: 0 in total
19:28:52 Average server FPS: 9343.90 (measured interval: 30 s)
19:28:52 Used memory: 1374018 KB
19:28:52 Players: 0 in total
19:29:22 Average server FPS: 9237.33 (measured interval: 30 s)
19:29:22 Used memory: 1373981 KB
19:29:22 Players: 0 in total
19:29:52 Average server FPS: 9092.03 (measured interval: 30 s)
19:29:52 Used memory: 1373933 KB
19:29:52 Players: 0 in total
19:30:22 Average server FPS: 9191.97 (measured interval: 30 s)
19:30:22 Used memory: 1373885 KB
19:30:22 Players: 0 in total
19:30:52 Average server FPS: 8963.50 (measured interval: 30 s)
19:30:52 Used memory: 1373812 KB
19:30:52 Players: 0 in total
19:31:22 Average server FPS: 9154.33 (measured interval: 30 s)
19:31:22 Used memory: 1373771 KB
19:31:22 Players: 0 in total
19:31:22 BattlEye Server: RCon admin #0: (Global) Welcome to The Community Test Server! This server restarts every 30 Minutes
19:31:27 BattlEye Server: RCon admin #0: (Global) Discord at https://discord.me/eXpoch -- I Still have TS3.donkeypunch.info
19:31:37 BattlEye Server: RCon admin #0: (Global) Interesting new message here, inquire within battleye-BEC!
19:31:52 Average server FPS: 9067.90 (measured interval: 30 s)
19:31:52 Used memory: 1373757 KB
19:31:52 Players: 0 in total
19:32:22 Average server FPS: 9253.53 (measured interval: 30 s)
19:32:22 Used memory: 1373753 KB
19:32:22 Players: 0 in total
19:32:52 Average server FPS: 7876.47 (measured interval: 30 s)
19:32:52 Used memory: 1373766 KB
19:32:52 Players: 0 in total
19:33:22 Average server FPS: 9400.07 (measured interval: 30 s)
19:33:22 Used memory: 1373794 KB
19:33:22 Players: 0 in total
19:33:52 Average server FPS: 9372.70 (measured interval: 30 s)
19:33:52 Used memory: 1373814 KB
19:33:52 Players: 0 in total
19:34:22 Average server FPS: 9156.97 (measured interval: 30 s)
19:34:22 Used memory: 1373901 KB
19:34:22 Players: 0 in total
19:34:52 Average server FPS: 9205.60 (measured interval: 30 s)
19:34:52 Used memory: 1373909 KB
19:34:52 Players: 0 in total
19:35:22 Average server FPS: 9214.30 (measured interval: 30 s)
19:35:22 Used memory: 1373937 KB
19:35:22 Players: 0 in total
19:35:22 BattlEye Server: RCon admin #0: (Global) The Community TEST SERVER will reboot in 15 minutes.
19:35:52 Average server FPS: 9348.13 (measured interval: 30 s)
19:35:52 Used memory: 1373943 KB
19:35:52 Players: 0 in total
19:36:22 Average server FPS: 9328.87 (measured interval: 30 s)
19:36:22 Used memory: 1373954 KB
19:36:22 Players: 0 in total
19:36:52 Average server FPS: 9061.97 (measured interval: 30 s)
19:36:52 Used memory: 1373954 KB
19:36:52 Players: 0 in total
19:37:22 Average server FPS: 9154.87 (measured interval: 30 s)
19:37:22 Used memory: 1373975 KB
19:37:22 Players: 0 in total
19:37:52 Average server FPS: 7847.17 (measured interval: 30 s)
19:37:52 Used memory: 1373973 KB
19:37:52 Players: 0 in total
19:38:22 Average server FPS: 8957.87 (measured interval: 30 s)
19:38:22 Used memory: 1373994 KB
19:38:22 Players: 0 in total
19:38:52 Average server FPS: 9240.50 (measured interval: 30 s)
19:38:52 Used memory: 1374011 KB
19:38:52 Players: 0 in total
19:39:22 Average server FPS: 9264.50 (measured interval: 30 s)
19:39:22 Used memory: 1374017 KB
19:39:22 Players: 0 in total
19:39:52 Average server FPS: 9221.97 (measured interval: 30 s)
19:39:52 Used memory: 1374027 KB
19:39:52 Players: 0 in total
19:40:22 Average server FPS: 9345.90 (measured interval: 30 s)
19:40:22 Used memory: 1374032 KB
19:40:22 Players: 0 in total
19:40:52 Average server FPS: 9302.20 (measured interval: 30 s)
19:40:52 Used memory: 1374042 KB
19:40:52 Players: 0 in total
19:41:22 Average server FPS: 9405.63 (measured interval: 30 s)
19:41:22 Used memory: 1374040 KB
19:41:22 Players: 0 in total
19:41:22 BattlEye Server: RCon admin #0: (Global) Welcome to The Community Test Server! This server restarts every 30 Minutes
19:41:27 BattlEye Server: RCon admin #0: (Global) Discord at https://discord.me/eXpoch -- I Still have TS3.donkeypunch.info
19:41:37 BattlEye Server: RCon admin #0: (Global) Interesting new message here, inquire within battleye-BEC!
19:41:52 Average server FPS: 9095.03 (measured interval: 30 s)
19:41:52 Used memory: 1374049 KB
19:41:52 Players: 0 in total
19:42:22 Average server FPS: 9379.63 (measured interval: 30 s)
19:42:22 Used memory: 1374050 KB
19:42:22 Players: 0 in total
19:42:52 Average server FPS: 8088.63 (measured interval: 30 s)
19:42:52 Used memory: 1374071 KB
19:42:52 Players: 0 in total
19:43:22 Average server FPS: 9214.03 (measured interval: 30 s)
19:43:22 Used memory: 1374085 KB
19:43:22 Players: 0 in total
19:43:52 Average server FPS: 9310.50 (measured interval: 30 s)
19:43:52 Used memory: 1374074 KB
19:43:52 Players: 0 in total
19:44:22 Average server FPS: 9213.57 (measured interval: 30 s)
19:44:22 Used memory: 1374065 KB
19:44:22 Players: 0 in total
19:44:52 Average server FPS: 9382.80 (measured interval: 30 s)
19:44:52 Used memory: 1374072 KB
19:44:52 Players: 0 in total
19:45:22 Average server FPS: 9135.23 (measured interval: 30 s)
19:45:22 Used memory: 1374088 KB
19:45:22 Players: 0 in total
19:45:22 BattlEye Server: RCon admin #0: (Global) The Community TEST SERVER will reboot in 5 minutes. Wrap it up, getting close
19:45:52 Average server FPS: 9319.13 (measured interval: 30 s)
19:45:52 Used memory: 1374089 KB
19:45:52 Players: 0 in total
19:46:22 Average server FPS: 9204.87 (measured interval: 30 s)
19:46:22 Used memory: 1374106 KB
19:46:22 Players: 0 in total
19:46:52 Average server FPS: 9111.47 (measured interval: 30 s)
19:46:52 Used memory: 1374103 KB
19:46:52 Players: 0 in total
19:47:22 Average server FPS: 9091.39 (measured interval: 30 s)
19:47:22 Used memory: 1374123 KB
19:47:22 Players: 0 in total
19:47:52 Average server FPS: 8332.07 (measured interval: 30 s)
19:47:52 Used memory: 1374132 KB
19:47:52 Players: 0 in total
19:47:55 BattlEye Server: RCon admin #1 (73.211.141.243:58612) logged in
19:48:22 Average server FPS: 9184.30 (measured interval: 30 s)
19:48:22 Used memory: 1374087 KB
19:48:22 Players: 0 in total
19:48:22 BattlEye Server: RCon admin #0: (Global) The Community TEST SERVER will reboot in 2 minutes. LOG OUT NOW!
