21:49:11 BattlEye Server: Initialized (v1.217)
21:49:11 SUCCESS: SteamGameServer_Init(0,8766,2442,28056,3,1.07.153006)
21:49:12 Roles assigned.
21:49:12 Reading mission ...
21:49:53 [CE][Hive] :: Initializing OFFLINE
21:49:53 [CE][Hive] :: Loading core data ... 
21:49:53 [CE][CoreData] :: 7 root classes, 19 defaults, 0 updaters...
21:49:57 [CE][TypeSetup] :: 408 classes setuped...
21:49:57 [CE][RegisterBind] :: 0 classes binded...
21:49:57 [CE][RegisterConfig] :: 3115 config classes registered, 1 sub-counters...
21:49:57 [CE][Hive] :: Loading map data ... 
21:49:57 !!! [CE] :: Unknown category: 'vehicleparts'.
21:49:57 !!! [CE] :: Unknown category: 'vehicleparts'.
21:49:57 !!! [CE] :: Unknown category: 'vehicleparts'.
21:49:57 !!! [CE] :: Unknown category: 'vehicleparts'.
21:49:57 !!! [CE] :: Unknown category: 'vehicleparts'.
21:49:57 !!! [CE] :: Unknown category: 'vehicleparts'.
21:49:57 !!! [CE] :: Unknown category: 'vehicleparts'.
21:49:57 !!! [CE] :: Unknown category: 'vehicleparts'.
21:49:57 !!! [CE] :: Unknown category: 'vehicleparts'.
21:49:57 !!! [CE] :: Unknown category: 'vehicleparts'.
21:49:57 !!! [CE] :: Unknown category: 'vehicleparts'.
21:49:57 !!! [CE] :: Unknown category: 'vehicleparts'.
21:49:57 !!! [CE] :: Unknown category: 'vehicleparts'.
21:49:57 !!! [CE] :: Unknown category: 'vehicleparts'.
21:49:57 !!! [CE] :: Unknown category: 'vehicleparts'.
21:49:57 !!! [CE] :: Unknown category: 'vehicleparts'.
21:49:57 !!! [CE] :: Unknown category: 'vehicleparts'.
21:49:57 !!! [CE] :: Unknown category: 'vehicleparts'.
21:49:57 !!! [CE] :: Unknown category: 'vehicleparts'.
21:49:57 !!! [CE] :: Unknown category: 'vehicleparts'.
21:49:57 !!! [CE] :: Unknown category: 'vehicleparts'.
21:49:57 !!! [CE] :: Unknown category: 'vehicleparts'.
21:49:57 !!! [CE] :: Unknown category: 'vehicleparts'.
21:49:57 !!! [CE] :: Unknown category: 'vehicleparts'.
21:49:57 [CE][LoadPrototype] :: loaded 330 prototypes
21:49:57   702 containers, 9116 points
21:49:57   24 dispatches, 90 proxies
21:49:57 !!! [CE][LoadPrototype] 12 groups have no points...
21:49:57 !!![CE][LoadPrototype]  3 groups have wrong points...
21:49:57 [CE][LoadPrototype] :: last group name: Land_Lunapark_Autodrome...
21:49:57 [CE][LoadPrototype] :: loaded 0 prototypes
21:49:57   0 containers, 0 points
21:49:57   0 dispatches, 0 proxies
21:49:57 [CE][LoadPrototype] :: last group name: PathD_7100...
21:49:58 [CE][LoadMap] "Group" :: loaded 5086 groups, largest group range: 26.9
21:49:58 [CE][LoadMap] "Dirt" :: loaded 0 groups, largest group range: 26.9
21:49:58 [CE][LoadClusters] "Cluster" :: Loading files...
21:49:58 [CE][LoadClusters] :: file: "mapgroupcluster.xml", 4 types, 50000 instances
21:49:59 [CE][LoadClusters] :: file: "mapgroupcluster01", 4 types, 50000 instances
21:49:59 [CE][LoadClusters] :: file: "mapgroupcluster02", 4 types, 50000 instances
21:49:59 [CE][LoadClusters] :: file: "mapgroupcluster03", 4 types, 50000 instances
21:49:59 [CE][LoadClusters] :: file: "mapgroupcluster04", 4 types, 21297 instances
21:49:59 [CE][Storage] ver:21 stamp:153, valid:yes, name:"mpmissions\TheCommunity.enoch\storage_666\data\types.bin"
21:49:59 [CE][Storage] ver:21 stamp:151, valid:yes, name:"mpmissions\TheCommunity.enoch\storage_666\data\types.001"
21:49:59 [CE][Storage] ver:21 stamp:152, valid:yes, name:"mpmissions\TheCommunity.enoch\storage_666\data\types.002"
21:49:59 [CE][Storage] Restoring file "mpmissions\TheCommunity.enoch\storage_666\data\types.bin".
21:49:59 [CE][offlineDB] :: Loaded 32 dynamic events 211 total types 0 total positions.
21:49:59 [CE][Storage] ver:21 stamp:153, valid:yes, name:"mpmissions\TheCommunity.enoch\storage_666\data\events.bin"
21:49:59 [CE][Storage] ver:21 stamp:151, valid:yes, name:"mpmissions\TheCommunity.enoch\storage_666\data\events.001"
21:49:59 [CE][Storage] ver:21 stamp:152, valid:yes, name:"mpmissions\TheCommunity.enoch\storage_666\data\events.002"
21:49:59 [CE][Storage] Restoring file "mpmissions\TheCommunity.enoch\storage_666\data\events.bin".
21:49:59 [CE][DynamicEvent] Load  Events:[32] Primary spawners: 32 Secondary spawners: 1
21:49:59 [CE][Storage] ver:24 stamp:153, valid:yes, name:"mpmissions\TheCommunity.enoch\storage_666\data\vehicles.bin"
21:49:59 [CE][Storage] ver:24 stamp:151, valid:yes, name:"mpmissions\TheCommunity.enoch\storage_666\data\vehicles.001"
21:49:59 [CE][Storage] ver:24 stamp:152, valid:yes, name:"mpmissions\TheCommunity.enoch\storage_666\data\vehicles.002"
21:49:59 [CE][Storage] Restoring file "mpmissions\TheCommunity.enoch\storage_666\data\vehicles.bin" 104 items.
21:49:59   104 items loaded.
21:49:59 [CE][Storage] ver:0 stamp:0, valid:NO, name:"mpmissions\TheCommunity.enoch\storage_666\data\dynamic_000.bin"
21:49:59 [CE][Storage] ver:24 stamp:151, valid:yes, name:"mpmissions\TheCommunity.enoch\storage_666\data\dynamic_000.001"
21:49:59 [CE][Storage] ver:24 stamp:152, valid:yes, name:"mpmissions\TheCommunity.enoch\storage_666\data\dynamic_000.002"
21:49:59 [CE][Storage] Restoring file "mpmissions\TheCommunity.enoch\storage_666\data\dynamic_000.002" 300 items.
21:50:00   300 items loaded.
21:50:00 [CE][Storage] ver:0 stamp:0, valid:NO, name:"mpmissions\TheCommunity.enoch\storage_666\data\dynamic_001.bin"
21:50:00 [CE][Storage] ver:24 stamp:151, valid:yes, name:"mpmissions\TheCommunity.enoch\storage_666\data\dynamic_001.001"
21:50:00 [CE][Storage] ver:24 stamp:152, valid:yes, name:"mpmissions\TheCommunity.enoch\storage_666\data\dynamic_001.002"
21:50:00 [CE][Storage] Restoring file "mpmissions\TheCommunity.enoch\storage_666\data\dynamic_001.002" 1858 items.
21:50:00   1858 items loaded.
21:50:00 [CE][Storage] ver:0 stamp:0, valid:NO, name:"mpmissions\TheCommunity.enoch\storage_666\data\dynamic_002.bin"
21:50:00 [CE][Storage] ver:24 stamp:151, valid:yes, name:"mpmissions\TheCommunity.enoch\storage_666\data\dynamic_002.001"
21:50:00 [CE][Storage] ver:24 stamp:152, valid:yes, name:"mpmissions\TheCommunity.enoch\storage_666\data\dynamic_002.002"
21:50:00 [CE][Storage] Restoring file "mpmissions\TheCommunity.enoch\storage_666\data\dynamic_002.002" 497 items.
21:50:00   497 items loaded.
21:50:00 [CE][Storage] ver:0 stamp:0, valid:NO, name:"mpmissions\TheCommunity.enoch\storage_666\data\dynamic_003.bin"
21:50:00 [CE][Storage] ver:24 stamp:151, valid:yes, name:"mpmissions\TheCommunity.enoch\storage_666\data\dynamic_003.001"
21:50:00 [CE][Storage] ver:24 stamp:152, valid:yes, name:"mpmissions\TheCommunity.enoch\storage_666\data\dynamic_003.002"
21:50:00 [CE][Storage] Restoring file "mpmissions\TheCommunity.enoch\storage_666\data\dynamic_003.002" 964 items.
21:50:00   964 items loaded.
21:50:00 [CE][Storage] ver:0 stamp:0, valid:NO, name:"mpmissions\TheCommunity.enoch\storage_666\data\dynamic_004.bin"
21:50:00 [CE][Storage] ver:24 stamp:151, valid:yes, name:"mpmissions\TheCommunity.enoch\storage_666\data\dynamic_004.001"
21:50:00 [CE][Storage] ver:24 stamp:152, valid:yes, name:"mpmissions\TheCommunity.enoch\storage_666\data\dynamic_004.002"
21:50:00 [CE][Storage] Restoring file "mpmissions\TheCommunity.enoch\storage_666\data\dynamic_004.002" 1142 items.
21:50:01   1142 items loaded.
21:50:01 [CE][Storage] ver:0 stamp:0, valid:NO, name:"mpmissions\TheCommunity.enoch\storage_666\data\dynamic_005.bin"
21:50:01 [CE][Storage] ver:24 stamp:151, valid:yes, name:"mpmissions\TheCommunity.enoch\storage_666\data\dynamic_005.001"
21:50:01 [CE][Storage] ver:24 stamp:152, valid:yes, name:"mpmissions\TheCommunity.enoch\storage_666\data\dynamic_005.002"
21:50:01 [CE][Storage] Restoring file "mpmissions\TheCommunity.enoch\storage_666\data\dynamic_005.002" 1430 items.
21:50:01   1430 items loaded.
21:50:01 [CE][Storage] ver:0 stamp:0, valid:NO, name:"mpmissions\TheCommunity.enoch\storage_666\data\dynamic_006.bin"
21:50:01 [CE][Storage] ver:24 stamp:151, valid:yes, name:"mpmissions\TheCommunity.enoch\storage_666\data\dynamic_006.001"
21:50:01 [CE][Storage] ver:24 stamp:152, valid:yes, name:"mpmissions\TheCommunity.enoch\storage_666\data\dynamic_006.002"
21:50:01 [CE][Storage] Restoring file "mpmissions\TheCommunity.enoch\storage_666\data\dynamic_006.002" 799 items.
21:50:01   799 items loaded.
21:50:01 [CE][Storage] ver:0 stamp:0, valid:NO, name:"mpmissions\TheCommunity.enoch\storage_666\data\dynamic_007.bin"
21:50:01 [CE][Storage] ver:24 stamp:151, valid:yes, name:"mpmissions\TheCommunity.enoch\storage_666\data\dynamic_007.001"
21:50:01 [CE][Storage] ver:24 stamp:152, valid:yes, name:"mpmissions\TheCommunity.enoch\storage_666\data\dynamic_007.002"
21:50:01 [CE][Storage] Restoring file "mpmissions\TheCommunity.enoch\storage_666\data\dynamic_007.002" 900 items.
21:50:01   900 items loaded.
21:50:01 [CE][Storage] ver:0 stamp:0, valid:NO, name:"mpmissions\TheCommunity.enoch\storage_666\data\dynamic_008.bin"
21:50:01 [CE][Storage] ver:24 stamp:151, valid:yes, name:"mpmissions\TheCommunity.enoch\storage_666\data\dynamic_008.001"
21:50:01 [CE][Storage] ver:24 stamp:152, valid:yes, name:"mpmissions\TheCommunity.enoch\storage_666\data\dynamic_008.002"
21:50:01 [CE][Storage] Restoring file "mpmissions\TheCommunity.enoch\storage_666\data\dynamic_008.002" 819 items.
21:50:02   819 items loaded.
21:50:02 [CE][Storage] ver:0 stamp:0, valid:NO, name:"mpmissions\TheCommunity.enoch\storage_666\data\dynamic_009.bin"
21:50:02 [CE][Storage] ver:24 stamp:151, valid:yes, name:"mpmissions\TheCommunity.enoch\storage_666\data\dynamic_009.001"
21:50:02 [CE][Storage] ver:24 stamp:152, valid:yes, name:"mpmissions\TheCommunity.enoch\storage_666\data\dynamic_009.002"
21:50:02 [CE][Storage] Restoring file "mpmissions\TheCommunity.enoch\storage_666\data\dynamic_009.002" 748 items.
21:50:02   748 items loaded.
21:50:02 [CE][Storage] ver:0 stamp:0, valid:NO, name:"mpmissions\TheCommunity.enoch\storage_666\data\dynamic_010.bin"
21:50:02 [CE][Storage] ver:24 stamp:151, valid:yes, name:"mpmissions\TheCommunity.enoch\storage_666\data\dynamic_010.001"
21:50:02 [CE][Storage] ver:24 stamp:152, valid:yes, name:"mpmissions\TheCommunity.enoch\storage_666\data\dynamic_010.002"
21:50:02 [CE][Storage] Restoring file "mpmissions\TheCommunity.enoch\storage_666\data\dynamic_010.002" 2002 items.
21:50:02   2002 items loaded.
21:50:02 [CE][Storage] ver:0 stamp:0, valid:NO, name:"mpmissions\TheCommunity.enoch\storage_666\data\dynamic_011.bin"
21:50:02 [CE][Storage] ver:24 stamp:151, valid:yes, name:"mpmissions\TheCommunity.enoch\storage_666\data\dynamic_011.001"
21:50:02 [CE][Storage] ver:24 stamp:152, valid:yes, name:"mpmissions\TheCommunity.enoch\storage_666\data\dynamic_011.002"
21:50:02 [CE][Storage] Restoring file "mpmissions\TheCommunity.enoch\storage_666\data\dynamic_011.002" 266 items.
21:50:02   266 items loaded.
21:50:02 [CE][Hive] :: Storage load took:2.97 seconds, recovery stamp:153
21:50:02   entity: 12667, building: 0
21:50:02   no lifetime: 40
21:50:02 [CE][Hive] :: Initializing ... 
21:50:02 [CE][InitializeMap] :: initialized: 0
21:50:02 [CE][Hive] :: Initializing spawners ... 
21:50:04 [CE][LootRespawner] (PRIDummy) :: Item [0] causing search overtime: "CivSedanHood_Wine"
21:50:04 [CE][LootRespawner] (PRIDummy) :: Item [1] causing search overtime: "CivSedanHood_Wine"
21:50:04 [CE][LootRespawner] (PRIDummy) :: Item [2] causing search overtime: "CivSedanHood_Wine"
21:50:04 [CE][LootRespawner] (PRIDummy) :: Item [3] causing search overtime: "CivSedanHood_Wine"
21:50:04 [CE][LootRespawner] (PRIDummy) :: Item [4] causing search overtime: "CivSedanHood_Wine"
21:50:04 [CE][LootRespawner] (PRIDummy) :: Item [5] causing search overtime: "CivSedanHood_Wine"
21:50:04 [CE][LootRespawner] (PRIDummy) :: Item [6] causing search overtime: "CivSedanHood_Wine"
21:50:04 [CE][LootRespawner] (PRIDummy) :: Item [7] causing search overtime: "CivSedanHood_Wine"
21:50:04 [CE][LootRespawner] (PRIDummy) :: Item [8] causing search overtime: "CivSedanHood_Wine"
21:50:04 [CE][LootRespawner] (PRIDummy) :: Item [9] causing search overtime: "CivSedanHood_Wine"
21:50:04 [CE][LootRespawner] (PRIDummy) :: Item [10] causing search overtime: "Sedan_02_Trunk_Grey"
21:50:04 [CE][LootRespawner] (PRIDummy) :: Item [11] causing search overtime: "Sedan_02_Trunk_Grey"
21:50:04 [CE][LootRespawner] (PRIDummy) :: Item [12] causing search overtime: "Sedan_02_Trunk_Grey"
21:50:04 [CE][LootRespawner] (PRIDummy) :: Item [13] causing search overtime: "Sedan_02_Trunk_Grey"
21:50:04 [CE][LootRespawner] (PRIDummy) :: Item [14] causing search overtime: "Sedan_02_Trunk_Grey"
21:50:04 [CE][LootRespawner] (PRIDummy) :: Item [15] causing search overtime: "Sedan_02_Trunk_Grey"
21:50:04 [CE][LootRespawner] (PRIDummy) :: Item [16] causing search overtime: "Sedan_02_Trunk_Grey"
21:50:04 [CE][LootRespawner] (PRIDummy) :: Item [17] causing search overtime: "Sedan_02_Trunk_Grey"
21:50:04 [CE][LootRespawner] (PRIDummy) :: Item [18] causing search overtime: "Sedan_02_Trunk_Grey"
21:50:04 [CE][LootRespawner] (PRIDummy) :: Item [19] causing search overtime: "Sedan_02_Trunk_Grey"
21:50:04 [CE][LootRespawner] (PRIDummy) :: Initially (re)spawned:16, Nominal:12429, Total in Map: 11884 at 0 (sec)
21:50:04   tests:16, repeats:0 fails:0, overtime:492
21:50:04 [CE][DynEvent] :: 32 types
21:50:04 [00] AmbientHen
21:50:04   Primary Spawner: "Ambient", active: yes, repeat: 1
21:50:04 [01] AnimalBear
21:50:04   Primary Spawner: "Animal", active: yes, repeat: 1
21:50:04 [02] AnimalCow
21:50:04   Primary Spawner: "Animal", active: yes, repeat: 1
21:50:04 [03] AnimalDeer
21:50:04   Primary Spawner: "Animal", active: yes, repeat: 1
21:50:04 [04] AnimalGoat
21:50:04   Primary Spawner: "Animal", active: yes, repeat: 1
21:50:04 [05] AnimalPig
21:50:04   Primary Spawner: "Animal", active: yes, repeat: 1
21:50:04 [06] AnimalRoeDeer
21:50:04   Primary Spawner: "Animal", active: yes, repeat: 1
21:50:04 [07] AnimalSheep
21:50:04   Primary Spawner: "Animal", active: yes, repeat: 1
21:50:04 [08] AnimalWildBoar
21:50:04   Primary Spawner: "Animal", active: yes, repeat: 1
21:50:04 [09] AnimalWolf
21:50:04   Primary Spawner: "Animal", active: yes, repeat: 1
21:50:04 [10] InfectedArmy
21:50:04   Primary Spawner: "Infected", active: yes, repeat: 1
21:50:04 [11] InfectedCity
21:50:04   Primary Spawner: "Infected", active: yes, repeat: 1
21:50:04 [12] InfectedFirefighter
21:50:04   Primary Spawner: "Infected", active: yes, repeat: 1
21:50:04 [13] InfectedIndustrial
21:50:04   Primary Spawner: "Infected", active: yes, repeat: 1
21:50:04 [14] InfectedMedic
21:50:04   Primary Spawner: "Infected", active: yes, repeat: 1
21:50:04 [15] InfectedPolice
21:50:04   Primary Spawner: "Infected", active: yes, repeat: 1
21:50:04 [16] InfectedPrisoner
21:50:04   Primary Spawner: "Infected", active: yes, repeat: 1
21:50:04 [17] InfectedReligious
21:50:04   Primary Spawner: "Infected", active: yes, repeat: 1
21:50:04 [18] InfectedSolitude
21:50:04   Primary Spawner: "Infected", active: yes, repeat: 1
21:50:04 [19] InfectedVillage
21:50:04   Primary Spawner: "Infected", active: yes, repeat: 1
21:50:04 [20] ItemPlanks
21:50:04   Primary Spawner: "Item", active: yes, repeat: 1
21:50:04 [21] Loot
21:50:04   Primary Spawner: "Loot", active: yes, repeat: 2
21:50:04 [22] StaticHeliCrash
21:50:04   Primary Spawner: "Vehicle", active: yes, repeat: 1
21:50:04   Secondary Spawner: "Infected", active: yes, repeat: 1
21:50:04 [23] StaticPoliceCar
21:50:04   Primary Spawner: "Vehicle", active: yes, repeat: 1
21:50:04 [24] TrajectoryConiferous
21:50:04   Primary Spawner: "Trajectory", active: yes, repeat: 1
21:50:04 [25] TrajectoryDeciduous
21:50:04   Primary Spawner: "Trajectory", active: yes, repeat: 1
21:50:04 [26] TrajectoryHumus
21:50:04   Primary Spawner: "Trajectory", active: yes, repeat: 1
21:50:04 [27] TrajectoryStones
21:50:04   Primary Spawner: "Trajectory", active: yes, repeat: 1
21:50:04 [28] VehicleCivilianSedan
21:50:04   Primary Spawner: "Vehicle", active: yes, repeat: 1
21:50:04 [29] VehicleHatchback02
21:50:04   Primary Spawner: "Vehicle", active: yes, repeat: 1
21:50:04 [30] VehicleOffroadHatchback
21:50:04   Primary Spawner: "Vehicle", active: yes, repeat: 1
21:50:04 [31] VehicleSedan02
21:50:04   Primary Spawner: "Vehicle", active: yes, repeat: 1
21:50:04 [CE][Hive] :: Initializing of spawners done.
21:50:04 [CE][Hive] :: Init sequence finished.
21:50:29 BattlEye Server: RCon admin #0 (127.0.0.1:51366) logged in
21:50:35 Average server FPS: 6346.70 (measured interval: 30 s)
21:50:35 Used memory: 1285244 KB
21:50:35 Players: 0 in total
21:51:05 Average server FPS: 6847.57 (measured interval: 30 s)
21:51:05 Used memory: 1300231 KB
21:51:05 Players: 0 in total
21:51:29 BattlEye Server: RCon admin #0: (Global) Welcome to The Community Test Server! This server restarts every 30 Minutes
21:51:34 BattlEye Server: RCon admin #0: (Global) Discord at https://discord.me/eXpoch -- I Still have TS3.donkeypunch.info
21:51:35 Average server FPS: 7341.67 (measured interval: 30 s)
21:51:35 Used memory: 1317192 KB
21:51:35 Players: 0 in total
21:51:44 BattlEye Server: RCon admin #0: (Global) Interesting new message here, inquire within battleye-BEC!
21:52:05 Average server FPS: 7816.60 (measured interval: 30 s)
21:52:05 Used memory: 1334180 KB
21:52:05 Players: 0 in total
21:52:35 Average server FPS: 8038.97 (measured interval: 30 s)
21:52:35 Used memory: 1349614 KB
21:52:35 Players: 0 in total
21:52:47 [CE][LootRespawner] (PRIDummy) :: Item [0] is hard to place, performance drops: "Bear_Dark"
21:53:05 Average server FPS: 8800.17 (measured interval: 30 s)
21:53:05 Used memory: 1353295 KB
21:53:05 Players: 0 in total
21:53:35 Average server FPS: 9101.83 (measured interval: 30 s)
21:53:35 Used memory: 1353363 KB
21:53:35 Players: 0 in total
21:54:05 Average server FPS: 9156.00 (measured interval: 30 s)
21:54:05 Used memory: 1353523 KB
21:54:05 Players: 0 in total
21:54:35 Average server FPS: 9153.97 (measured interval: 30 s)
21:54:35 Used memory: 1353573 KB
21:54:35 Players: 0 in total
21:55:05 Average server FPS: 8895.03 (measured interval: 30 s)
21:55:05 Used memory: 1353718 KB
21:55:05 Players: 0 in total
21:55:29 BattlEye Server: RCon admin #0: (Global) The Community TEST SERVER will reboot in 25 minutes.
21:55:35 Average server FPS: 9201.53 (measured interval: 30 s)
21:55:35 Used memory: 1353816 KB
21:55:35 Players: 0 in total
21:56:05 Average server FPS: 9203.57 (measured interval: 30 s)
21:56:05 Used memory: 1353597 KB
21:56:05 Players: 0 in total
21:56:35 Average server FPS: 9203.63 (measured interval: 30 s)
21:56:35 Used memory: 1353635 KB
21:56:35 Players: 0 in total
21:57:05 Average server FPS: 9205.77 (measured interval: 30 s)
21:57:05 Used memory: 1353697 KB
21:57:05 Players: 0 in total
21:57:35 Average server FPS: 9197.97 (measured interval: 30 s)
21:57:35 Used memory: 1353701 KB
21:57:35 Players: 0 in total
21:58:05 Average server FPS: 9078.83 (measured interval: 30 s)
21:58:05 Used memory: 1353536 KB
21:58:05 Players: 0 in total
21:58:35 Average server FPS: 9078.07 (measured interval: 30 s)
21:58:35 Used memory: 1353478 KB
21:58:35 Players: 0 in total
21:59:05 Average server FPS: 9153.13 (measured interval: 30 s)
21:59:05 Used memory: 1353550 KB
21:59:05 Players: 0 in total
21:59:35 Average server FPS: 8867.33 (measured interval: 30 s)
21:59:35 Used memory: 1353486 KB
21:59:35 Players: 0 in total
22:00:05 Average server FPS: 8727.33 (measured interval: 30 s)
22:00:05 Used memory: 1353500 KB
22:00:05 Players: 0 in total
22:00:35 Average server FPS: 9175.27 (measured interval: 30 s)
22:00:35 Used memory: 1353411 KB
22:00:35 Players: 0 in total
22:00:52 [CE][LootRespawner] (PRIDummy) :: Item [1] is hard to place, performance drops: "PlateCarrierVest"
22:01:05 Average server FPS: 9110.03 (measured interval: 30 s)
22:01:05 Used memory: 1353576 KB
22:01:05 Players: 0 in total
22:01:29 BattlEye Server: RCon admin #0: (Global) Welcome to The Community Test Server! This server restarts every 30 Minutes
22:01:34 BattlEye Server: RCon admin #0: (Global) Discord at https://discord.me/eXpoch -- I Still have TS3.donkeypunch.info
22:01:35 Average server FPS: 9077.50 (measured interval: 30 s)
22:01:35 Used memory: 1353553 KB
22:01:35 Players: 0 in total
22:01:44 BattlEye Server: RCon admin #0: (Global) Interesting new message here, inquire within battleye-BEC!
22:02:05 Average server FPS: 8982.23 (measured interval: 30 s)
22:02:05 Used memory: 1353470 KB
22:02:05 Players: 0 in total
22:02:35 Average server FPS: 8989.97 (measured interval: 30 s)
22:02:35 Used memory: 1353629 KB
22:02:35 Players: 0 in total
22:03:05 Average server FPS: 9020.40 (measured interval: 30 s)
22:03:05 Used memory: 1353759 KB
22:03:05 Players: 0 in total
22:03:35 Average server FPS: 8811.83 (measured interval: 30 s)
22:03:35 Used memory: 1353653 KB
22:03:35 Players: 0 in total
22:04:05 Average server FPS: 9064.73 (measured interval: 30 s)
22:04:05 Used memory: 1353621 KB
22:04:05 Players: 0 in total
22:04:35 Average server FPS: 8924.23 (measured interval: 30 s)
22:04:35 Used memory: 1353757 KB
22:04:35 Players: 0 in total
22:05:05 Average server FPS: 8984.80 (measured interval: 30 s)
22:05:05 Used memory: 1353640 KB
22:05:05 Players: 0 in total
22:05:29 BattlEye Server: RCon admin #0: (Global) The Community TEST SERVER will reboot in 15 minutes.
22:05:35 Average server FPS: 8956.17 (measured interval: 30 s)
22:05:35 Used memory: 1353751 KB
22:05:35 Players: 0 in total
22:06:05 Average server FPS: 9085.30 (measured interval: 30 s)
22:06:05 Used memory: 1353935 KB
22:06:05 Players: 0 in total
22:06:35 Average server FPS: 9197.17 (measured interval: 30 s)
22:06:35 Used memory: 1353883 KB
22:06:35 Players: 0 in total
22:07:05 Average server FPS: 9214.73 (measured interval: 30 s)
22:07:05 Used memory: 1353735 KB
22:07:05 Players: 0 in total
22:07:35 Average server FPS: 9025.13 (measured interval: 30 s)
22:07:35 Used memory: 1353671 KB
22:07:35 Players: 0 in total
22:08:05 Average server FPS: 9118.57 (measured interval: 30 s)
22:08:05 Used memory: 1353712 KB
22:08:05 Players: 0 in total
22:08:35 Average server FPS: 9130.13 (measured interval: 30 s)
22:08:35 Used memory: 1353718 KB
22:08:35 Players: 0 in total
22:09:05 Average server FPS: 9118.43 (measured interval: 30 s)
22:09:05 Used memory: 1353747 KB
22:09:05 Players: 0 in total
22:09:35 Average server FPS: 8904.70 (measured interval: 30 s)
22:09:35 Used memory: 1353719 KB
22:09:35 Players: 0 in total
22:10:05 Average server FPS: 8951.03 (measured interval: 30 s)
22:10:05 Used memory: 1353246 KB
22:10:05 Players: 0 in total
22:10:35 Average server FPS: 9107.10 (measured interval: 30 s)
22:10:35 Used memory: 1353294 KB
22:10:35 Players: 0 in total
22:10:45 [CE][SpawnRandomLoot] (StaticHeliCrash) :: ChildType: Wreck_Mi8, lootmin: 10, lootmax: 20, wanted: 18
22:10:45 [CE][SpawnRandomLoot] (StaticHeliCrash) :: ChildType: Wreck_Mi8, lootmin: 10, lootmax: 20, wanted: 15
22:10:45 [CE][SpawnRandomLoot] (StaticPoliceCar) :: ChildType: Land_Wreck_Volha_Police, lootmin: 3, lootmax: 5, wanted: 3
22:10:45 [CE][SpawnRandomLoot] (StaticPoliceCar) :: ChildType: Land_Wreck_Volha_Police, lootmin: 3, lootmax: 5, wanted: 4
22:10:45 [CE][SpawnRandomLoot] (StaticPoliceCar) :: ChildType: Land_Wreck_Volha_Police, lootmin: 3, lootmax: 5, wanted: 3
22:10:45 [CE][SpawnRandomLoot] (StaticPoliceCar) :: ChildType: Land_Wreck_Volha_Police, lootmin: 3, lootmax: 5, wanted: 3
22:10:45 [CE][SpawnRandomLoot] (StaticPoliceCar) :: ChildType: Land_Wreck_Volha_Police, lootmin: 3, lootmax: 5, wanted: 3
22:10:45 [CE][SpawnRandomLoot] (StaticPoliceCar) :: ChildType: Land_Wreck_Volha_Police, lootmin: 3, lootmax: 5, wanted: 4
22:10:45 [CE][SpawnRandomLoot] (StaticPoliceCar) :: ChildType: Land_Wreck_Volha_Police, lootmin: 3, lootmax: 5, wanted: 4
22:10:45 [CE][SpawnRandomLoot] (StaticPoliceCar) :: ChildType: Land_Wreck_Volha_Police, lootmin: 3, lootmax: 5, wanted: 3
22:10:45 [CE][SpawnRandomLoot] (StaticPoliceCar) :: ChildType: Land_Wreck_Volha_Police, lootmin: 3, lootmax: 5, wanted: 3
22:11:05 Average server FPS: 8568.03 (measured interval: 30 s)
22:11:05 Used memory: 1355994 KB
22:11:05 Players: 0 in total
22:11:29 BattlEye Server: RCon admin #0: (Global) Welcome to The Community Test Server! This server restarts every 30 Minutes
22:11:34 BattlEye Server: RCon admin #0: (Global) Discord at https://discord.me/eXpoch -- I Still have TS3.donkeypunch.info
22:11:35 Average server FPS: 9025.60 (measured interval: 30 s)
22:11:35 Used memory: 1356211 KB
22:11:35 Players: 0 in total
22:11:39 [CE][SpawnRandomLoot] (StaticHeliCrash) :: ChildType: Wreck_UH1Y, lootmin: 10, lootmax: 20, wanted: 19
22:11:39 [CE][SpawnRandomLoot] (StaticPoliceCar) :: ChildType: Land_Wreck_Volha_Police, lootmin: 3, lootmax: 5, wanted: 4
22:11:44 BattlEye Server: RCon admin #0: (Global) Interesting new message here, inquire within battleye-BEC!
22:12:05 Average server FPS: 8806.70 (measured interval: 30 s)
22:12:05 Used memory: 1356393 KB
22:12:05 Players: 0 in total
22:12:35 Average server FPS: 9076.70 (measured interval: 30 s)
22:12:35 Used memory: 1356372 KB
22:12:35 Players: 0 in total
22:13:05 Average server FPS: 9025.17 (measured interval: 30 s)
22:13:05 Used memory: 1356760 KB
22:13:05 Players: 0 in total
22:13:35 Average server FPS: 9091.00 (measured interval: 30 s)
22:13:35 Used memory: 1356756 KB
22:13:35 Players: 0 in total
22:14:05 Average server FPS: 8945.63 (measured interval: 30 s)
22:14:05 Used memory: 1356395 KB
22:14:05 Players: 0 in total
22:14:35 Average server FPS: 9037.47 (measured interval: 30 s)
22:14:35 Used memory: 1356444 KB
22:14:35 Players: 0 in total
22:15:05 Average server FPS: 8853.73 (measured interval: 30 s)
22:15:05 Used memory: 1356398 KB
22:15:05 Players: 0 in total
22:15:29 BattlEye Server: RCon admin #0: (Global) The Community TEST SERVER will reboot in 5 minutes. Wrap it up, getting close
22:15:35 Average server FPS: 8828.77 (measured interval: 30 s)
22:15:35 Used memory: 1356190 KB
22:15:35 Players: 0 in total
22:16:05 Average server FPS: 8990.07 (measured interval: 30 s)
22:16:05 Used memory: 1356418 KB
22:16:05 Players: 0 in total
22:16:35 Average server FPS: 8820.53 (measured interval: 30 s)
22:16:35 Used memory: 1356374 KB
22:16:35 Players: 0 in total
22:17:05 Average server FPS: 9097.87 (measured interval: 30 s)
22:17:05 Used memory: 1356436 KB
22:17:05 Players: 0 in total
22:17:35 Average server FPS: 8489.23 (measured interval: 30 s)
22:17:35 Used memory: 1356198 KB
22:17:35 Players: 0 in total
22:18:05 Average server FPS: 9016.90 (measured interval: 30 s)
22:18:05 Used memory: 1356403 KB
22:18:05 Players: 0 in total
22:18:29 BattlEye Server: RCon admin #0: (Global) The Community TEST SERVER will reboot in 2 minutes. LOG OUT NOW!
22:18:35 Average server FPS: 8667.80 (measured interval: 30 s)
22:18:35 Used memory: 1356273 KB
22:18:35 Players: 0 in total
22:19:05 Average server FPS: 8670.57 (measured interval: 30 s)
22:19:05 Used memory: 1356243 KB
22:19:05 Players: 0 in total
