 7:12:16 BattlEye Server: Initialized (v1.217)
 7:12:16 SUCCESS: SteamGameServer_Init(0,8766,2442,28056,3,1.07.153006)
 7:12:16 Roles assigned.
 7:12:16 Reading mission ...
 7:12:33 [CE][Hive] :: Initializing OFFLINE
 7:12:33 [CE][Hive] :: Loading core data ... 
 7:12:33 [CE][CoreData] :: 7 root classes, 19 defaults, 0 updaters...
 7:12:33 [CE][offlineDB] :: Conversion of characters started.
 7:12:33 [CE][offlineDB] :: Processing 0 players.
 7:12:33 [CE][offlineDB] :: Conversion of characters successfully completed.
 7:12:35 [CE][TypeSetup] :: 408 classes setuped...
 7:12:35 [CE][RegisterBind] :: 0 classes binded...
 7:12:35 [CE][RegisterConfig] :: 3115 config classes registered, 1 sub-counters...
 7:12:35 [CE][Hive] :: Loading map data ... 
 7:12:35 !!! [CE] :: Unknown category: 'vehicleparts'.
 7:12:35 !!! [CE] :: Unknown category: 'vehicleparts'.
 7:12:35 !!! [CE] :: Unknown category: 'vehicleparts'.
 7:12:35 !!! [CE] :: Unknown category: 'vehicleparts'.
 7:12:35 !!! [CE] :: Unknown category: 'vehicleparts'.
 7:12:35 !!! [CE] :: Unknown category: 'vehicleparts'.
 7:12:35 !!! [CE] :: Unknown category: 'vehicleparts'.
 7:12:35 !!! [CE] :: Unknown category: 'vehicleparts'.
 7:12:35 !!! [CE] :: Unknown category: 'vehicleparts'.
 7:12:35 !!! [CE] :: Unknown category: 'vehicleparts'.
 7:12:35 !!! [CE] :: Unknown category: 'vehicleparts'.
 7:12:35 !!! [CE] :: Unknown category: 'vehicleparts'.
 7:12:35 !!! [CE] :: Unknown category: 'vehicleparts'.
 7:12:35 !!! [CE] :: Unknown category: 'vehicleparts'.
 7:12:35 !!! [CE] :: Unknown category: 'vehicleparts'.
 7:12:35 !!! [CE] :: Unknown category: 'vehicleparts'.
 7:12:35 !!! [CE] :: Unknown category: 'vehicleparts'.
 7:12:35 !!! [CE] :: Unknown category: 'vehicleparts'.
 7:12:35 !!! [CE] :: Unknown category: 'vehicleparts'.
 7:12:35 !!! [CE] :: Unknown category: 'vehicleparts'.
 7:12:35 !!! [CE] :: Unknown category: 'vehicleparts'.
 7:12:35 !!! [CE] :: Unknown category: 'vehicleparts'.
 7:12:35 !!! [CE] :: Unknown category: 'vehicleparts'.
 7:12:35 !!! [CE] :: Unknown category: 'vehicleparts'.
 7:12:35 [CE][LoadPrototype] :: loaded 330 prototypes
 7:12:35   702 containers, 9116 points
 7:12:35   24 dispatches, 90 proxies
 7:12:35 !!! [CE][LoadPrototype] 12 groups have no points...
 7:12:35 !!![CE][LoadPrototype]  3 groups have wrong points...
 7:12:35 [CE][LoadPrototype] :: last group name: Land_Lunapark_Autodrome...
 7:12:35 [CE][LoadPrototype] :: loaded 0 prototypes
 7:12:35   0 containers, 0 points
 7:12:35   0 dispatches, 0 proxies
 7:12:35 [CE][LoadPrototype] :: last group name: PathD_7100...
 7:12:36 [CE][LoadMap] "Group" :: loaded 5086 groups, largest group range: 26.9
 7:12:36 [CE][LoadMap] "Dirt" :: loaded 0 groups, largest group range: 26.9
 7:12:36 [CE][LoadClusters] "Cluster" :: Loading files...
 7:12:36 [CE][LoadClusters] :: file: "mapgroupcluster.xml", 4 types, 50000 instances
 7:12:37 [CE][LoadClusters] :: file: "mapgroupcluster01", 4 types, 50000 instances
 7:12:37 [CE][LoadClusters] :: file: "mapgroupcluster02", 4 types, 50000 instances
 7:12:37 [CE][LoadClusters] :: file: "mapgroupcluster03", 4 types, 50000 instances
 7:12:37 [CE][LoadClusters] :: file: "mapgroupcluster04", 4 types, 21297 instances
 7:12:37 [CE][Storage] ver:0 stamp:0, valid:NO, name:"mpmissions\TheCommunity.enoch\storage_666\data\types.bin"
 7:12:37 [CE][Storage] ver:0 stamp:0, valid:NO, name:"mpmissions\TheCommunity.enoch\storage_666\data\types.001"
 7:12:37 [CE][Storage] ver:0 stamp:0, valid:NO, name:"mpmissions\TheCommunity.enoch\storage_666\data\types.002"
 7:12:37 [CE][offlineDB] :: Loaded 32 dynamic events 211 total types 0 total positions.
 7:12:37 [CE][Storage] ver:0 stamp:0, valid:NO, name:"mpmissions\TheCommunity.enoch\storage_666\data\events.bin"
 7:12:37 [CE][Storage] ver:0 stamp:0, valid:NO, name:"mpmissions\TheCommunity.enoch\storage_666\data\events.001"
 7:12:37 [CE][Storage] ver:0 stamp:0, valid:NO, name:"mpmissions\TheCommunity.enoch\storage_666\data\events.002"
 7:12:37 [CE][Storage] ver:0 stamp:0, valid:NO, name:"mpmissions\TheCommunity.enoch\storage_666\data\vehicles.bin"
 7:12:37 [CE][Storage] ver:0 stamp:0, valid:NO, name:"mpmissions\TheCommunity.enoch\storage_666\data\vehicles.001"
 7:12:37 [CE][Storage] ver:0 stamp:0, valid:NO, name:"mpmissions\TheCommunity.enoch\storage_666\data\vehicles.002"
 7:12:37 [CE][Storage] ver:0 stamp:0, valid:NO, name:"mpmissions\TheCommunity.enoch\storage_666\data\dynamic_000.bin"
 7:12:37 [CE][Storage] ver:0 stamp:0, valid:NO, name:"mpmissions\TheCommunity.enoch\storage_666\data\dynamic_000.001"
 7:12:37 [CE][Storage] ver:0 stamp:0, valid:NO, name:"mpmissions\TheCommunity.enoch\storage_666\data\dynamic_000.002"
 7:12:37 [CE][Storage] ver:0 stamp:0, valid:NO, name:"mpmissions\TheCommunity.enoch\storage_666\data\dynamic_001.bin"
 7:12:37 [CE][Storage] ver:0 stamp:0, valid:NO, name:"mpmissions\TheCommunity.enoch\storage_666\data\dynamic_001.001"
 7:12:37 [CE][Storage] ver:0 stamp:0, valid:NO, name:"mpmissions\TheCommunity.enoch\storage_666\data\dynamic_001.002"
 7:12:37 [CE][Storage] ver:0 stamp:0, valid:NO, name:"mpmissions\TheCommunity.enoch\storage_666\data\dynamic_002.bin"
 7:12:37 [CE][Storage] ver:0 stamp:0, valid:NO, name:"mpmissions\TheCommunity.enoch\storage_666\data\dynamic_002.001"
 7:12:37 [CE][Storage] ver:0 stamp:0, valid:NO, name:"mpmissions\TheCommunity.enoch\storage_666\data\dynamic_002.002"
 7:12:37 [CE][Storage] ver:0 stamp:0, valid:NO, name:"mpmissions\TheCommunity.enoch\storage_666\data\dynamic_003.bin"
 7:12:37 [CE][Storage] ver:0 stamp:0, valid:NO, name:"mpmissions\TheCommunity.enoch\storage_666\data\dynamic_003.001"
 7:12:37 [CE][Storage] ver:0 stamp:0, valid:NO, name:"mpmissions\TheCommunity.enoch\storage_666\data\dynamic_003.002"
 7:12:37 [CE][Storage] ver:0 stamp:0, valid:NO, name:"mpmissions\TheCommunity.enoch\storage_666\data\dynamic_004.bin"
 7:12:37 [CE][Storage] ver:0 stamp:0, valid:NO, name:"mpmissions\TheCommunity.enoch\storage_666\data\dynamic_004.001"
 7:12:37 [CE][Storage] ver:0 stamp:0, valid:NO, name:"mpmissions\TheCommunity.enoch\storage_666\data\dynamic_004.002"
 7:12:37 [CE][Storage] ver:0 stamp:0, valid:NO, name:"mpmissions\TheCommunity.enoch\storage_666\data\dynamic_005.bin"
 7:12:37 [CE][Storage] ver:0 stamp:0, valid:NO, name:"mpmissions\TheCommunity.enoch\storage_666\data\dynamic_005.001"
 7:12:37 [CE][Storage] ver:0 stamp:0, valid:NO, name:"mpmissions\TheCommunity.enoch\storage_666\data\dynamic_005.002"
 7:12:37 [CE][Storage] ver:0 stamp:0, valid:NO, name:"mpmissions\TheCommunity.enoch\storage_666\data\dynamic_006.bin"
 7:12:37 [CE][Storage] ver:0 stamp:0, valid:NO, name:"mpmissions\TheCommunity.enoch\storage_666\data\dynamic_006.001"
 7:12:37 [CE][Storage] ver:0 stamp:0, valid:NO, name:"mpmissions\TheCommunity.enoch\storage_666\data\dynamic_006.002"
 7:12:37 [CE][Storage] ver:0 stamp:0, valid:NO, name:"mpmissions\TheCommunity.enoch\storage_666\data\dynamic_007.bin"
 7:12:37 [CE][Storage] ver:0 stamp:0, valid:NO, name:"mpmissions\TheCommunity.enoch\storage_666\data\dynamic_007.001"
 7:12:37 [CE][Storage] ver:0 stamp:0, valid:NO, name:"mpmissions\TheCommunity.enoch\storage_666\data\dynamic_007.002"
 7:12:37 [CE][Storage] ver:0 stamp:0, valid:NO, name:"mpmissions\TheCommunity.enoch\storage_666\data\dynamic_008.bin"
 7:12:37 [CE][Storage] ver:0 stamp:0, valid:NO, name:"mpmissions\TheCommunity.enoch\storage_666\data\dynamic_008.001"
 7:12:37 [CE][Storage] ver:0 stamp:0, valid:NO, name:"mpmissions\TheCommunity.enoch\storage_666\data\dynamic_008.002"
 7:12:37 [CE][Storage] ver:0 stamp:0, valid:NO, name:"mpmissions\TheCommunity.enoch\storage_666\data\dynamic_009.bin"
 7:12:37 [CE][Storage] ver:0 stamp:0, valid:NO, name:"mpmissions\TheCommunity.enoch\storage_666\data\dynamic_009.001"
 7:12:37 [CE][Storage] ver:0 stamp:0, valid:NO, name:"mpmissions\TheCommunity.enoch\storage_666\data\dynamic_009.002"
 7:12:37 [CE][Storage] ver:0 stamp:0, valid:NO, name:"mpmissions\TheCommunity.enoch\storage_666\data\dynamic_010.bin"
 7:12:37 [CE][Storage] ver:0 stamp:0, valid:NO, name:"mpmissions\TheCommunity.enoch\storage_666\data\dynamic_010.001"
 7:12:37 [CE][Storage] ver:0 stamp:0, valid:NO, name:"mpmissions\TheCommunity.enoch\storage_666\data\dynamic_010.002"
 7:12:37 [CE][Storage] ver:0 stamp:0, valid:NO, name:"mpmissions\TheCommunity.enoch\storage_666\data\dynamic_011.bin"
 7:12:37 [CE][Storage] ver:0 stamp:0, valid:NO, name:"mpmissions\TheCommunity.enoch\storage_666\data\dynamic_011.001"
 7:12:37 [CE][Storage] ver:0 stamp:0, valid:NO, name:"mpmissions\TheCommunity.enoch\storage_666\data\dynamic_011.002"
 7:12:37 [CE][Hive] :: Empty storage folder, reinitializing ... 
 7:12:37 [CE][Hive] :: Initializing ... 
 7:12:37 [CE][InitializeMap] :: initialized: 0
 7:12:37 [CE][Hive] :: Initializing spawners ... 
 7:12:39 [CE][LootRespawner] (PRIDummy) :: Item [0] causing search overtime: "HatchbackHood_WhiteRust"
 7:12:39 [CE][LootRespawner] (PRIDummy) :: Item [1] causing search overtime: "HatchbackHood_WhiteRust"
 7:12:39 [CE][LootRespawner] (PRIDummy) :: Item [2] causing search overtime: "HatchbackHood_WhiteRust"
 7:12:39 [CE][LootRespawner] (PRIDummy) :: Item [3] causing search overtime: "HatchbackHood_WhiteRust"
 7:12:39 [CE][LootRespawner] (PRIDummy) :: Item [4] causing search overtime: "HatchbackHood_WhiteRust"
 7:12:39 [CE][LootRespawner] (PRIDummy) :: Item [5] causing search overtime: "HatchbackHood_WhiteRust"
 7:12:39 [CE][LootRespawner] (PRIDummy) :: Item [6] causing search overtime: "HatchbackHood_WhiteRust"
 7:12:39 [CE][LootRespawner] (PRIDummy) :: Item [7] causing search overtime: "HatchbackHood_WhiteRust"
 7:12:39 [CE][LootRespawner] (PRIDummy) :: Item [8] causing search overtime: "HatchbackHood_WhiteRust"
 7:12:39 [CE][LootRespawner] (PRIDummy) :: Item [9] causing search overtime: "HatchbackHood_WhiteRust"
 7:12:39 [CE][LootRespawner] (PRIDummy) :: Item [10] causing search overtime: "HatchbackHood_WhiteRust"
 7:12:39 [CE][LootRespawner] (PRIDummy) :: Item [11] causing search overtime: "HatchbackHood_WhiteRust"
 7:12:39 [CE][LootRespawner] (PRIDummy) :: Item [12] causing search overtime: "HatchbackHood_WhiteRust"
 7:12:39 [CE][LootRespawner] (PRIDummy) :: Item [13] causing search overtime: "HatchbackHood_WhiteRust"
 7:12:39 [CE][LootRespawner] (PRIDummy) :: Item [14] causing search overtime: "HatchbackHood_WhiteRust"
 7:12:39 [CE][LootRespawner] (PRIDummy) :: Item [15] causing search overtime: "HatchbackHood_WhiteRust"
 7:12:39 [CE][LootRespawner] (PRIDummy) :: Item [16] causing search overtime: "HatchbackHood_WhiteRust"
 7:12:39 [CE][LootRespawner] (PRIDummy) :: Item [17] causing search overtime: "HatchbackHood_WhiteRust"
 7:12:39 [CE][LootRespawner] (PRIDummy) :: Item [18] causing search overtime: "HatchbackHood_WhiteRust"
 7:12:39 [CE][LootRespawner] (PRIDummy) :: Item [19] causing search overtime: "CivSedanTrunk_WineRust"
 7:12:40 !!! [CE][Point] Removing 6021.780762, 3976.353027 from Land_Boat_Small2
 7:12:41 [CE][LootRespawner] (PRIDummy) :: Item [0] is hard to place, performance drops: "PrisonerCap"
 7:12:43 [CE][LootRespawner] (PRIDummy) :: Item [1] is hard to place, performance drops: "ParamedicJacket_Green"
 7:12:43 [CE][LootRespawner] (PRIDummy) :: Item [2] is hard to place, performance drops: "ParamedicJacket_Green"
 7:12:43 [CE][LootRespawner] (PRIDummy) :: Item [3] is hard to place, performance drops: "CZ527"
 7:12:43 [CE][LootRespawner] (PRIDummy) :: Item [4] is hard to place, performance drops: "CZ527"
 7:12:43 [CE][LootRespawner] (PRIDummy) :: Item [5] is hard to place, performance drops: "CZ527"
 7:12:43 [CE][LootRespawner] (PRIDummy) :: Item [6] is hard to place, performance drops: "MP5K"
 7:12:43 [CE][LootRespawner] (PRIDummy) :: Item [7] is hard to place, performance drops: "MP5K"
 7:12:43 [CE][LootRespawner] (PRIDummy) :: Item [8] is hard to place, performance drops: "MP5K"
 7:12:43 [CE][LootRespawner] (PRIDummy) :: Item [9] is hard to place, performance drops: "MP5K"
 7:12:43 [CE][LootRespawner] (PRIDummy) :: Item [10] is hard to place, performance drops: "ParamedicPants_Crimson"
 7:12:43 [CE][LootRespawner] (PRIDummy) :: Item [11] is hard to place, performance drops: "ParamedicPants_Crimson"
 7:12:43 [CE][LootRespawner] (PRIDummy) :: Item [12] is hard to place, performance drops: "CargoPants_Green"
 7:12:43 [CE][LootRespawner] (PRIDummy) :: Item [13] is hard to place, performance drops: "BearTrap"
 7:12:43 [CE][LootRespawner] (PRIDummy) :: Item [14] is hard to place, performance drops: "ParamedicPants_Blue"
 7:12:43 [CE][LootRespawner] (PRIDummy) :: Item [15] is hard to place, performance drops: "ParamedicPants_Blue"
 7:12:43 [CE][LootRespawner] (PRIDummy) :: Item [16] is hard to place, performance drops: "HunterPants_Winter"
 7:12:43 [CE][LootRespawner] (PRIDummy) :: Item [17] is hard to place, performance drops: "FirefightersPants_Beige"
 7:12:44 [CE][LootRespawner] (PRIDummy) :: Item [18] is hard to place, performance drops: "WomanSuit_Black"
 7:12:44 [CE][LootRespawner] (PRIDummy) :: Item [19] is hard to place, performance drops: "WomanSuit_Black"
 7:12:44 [CE][LootRespawner] (PRIDummy) :: Initially (re)spawned:11919, Nominal:12429, Total in Map: 10478 at 5 (sec)
 7:12:44   tests:12021, repeats:34 fails:68, overtime:1943
 7:12:44 [CE][SpawnRandomLoot] (StaticHeliCrash) :: ChildType: Wreck_UH1Y, lootmin: 10, lootmax: 20, wanted: 12
 7:12:44 [CE][SpawnRandomLoot] (StaticHeliCrash) :: ChildType: Wreck_UH1Y, lootmin: 10, lootmax: 20, wanted: 11
 7:12:44 [CE][SpawnRandomLoot] (StaticHeliCrash) :: ChildType: Wreck_UH1Y, lootmin: 10, lootmax: 20, wanted: 12
 7:12:44 [CE][SpawnRandomLoot] (StaticPoliceCar) :: ChildType: Land_Wreck_Volha_Police, lootmin: 3, lootmax: 5, wanted: 4
 7:12:44 [CE][SpawnRandomLoot] (StaticPoliceCar) :: ChildType: Land_Wreck_Volha_Police, lootmin: 3, lootmax: 5, wanted: 3
 7:12:44 [CE][SpawnRandomLoot] (StaticPoliceCar) :: ChildType: Land_Wreck_Volha_Police, lootmin: 3, lootmax: 5, wanted: 4
 7:12:44 [CE][SpawnRandomLoot] (StaticPoliceCar) :: ChildType: Land_Wreck_Volha_Police, lootmin: 3, lootmax: 5, wanted: 4
 7:12:44 [CE][SpawnRandomLoot] (StaticPoliceCar) :: ChildType: Land_Wreck_Volha_Police, lootmin: 3, lootmax: 5, wanted: 3
 7:12:44 [CE][SpawnRandomLoot] (StaticPoliceCar) :: ChildType: Land_Wreck_Volha_Police, lootmin: 3, lootmax: 5, wanted: 4
 7:12:45 [CE][SpawnRandomLoot] (StaticPoliceCar) :: ChildType: Land_Wreck_Volha_Police, lootmin: 3, lootmax: 5, wanted: 3
 7:12:45 [CE][DynEvent] :: 32 types
 7:12:45 [00] AmbientHen
 7:12:45   Primary Spawner: "Ambient", active: yes, repeat: 1
 7:12:45 [01] AnimalBear
 7:12:45   Primary Spawner: "Animal", active: yes, repeat: 1
 7:12:45 [02] AnimalCow
 7:12:45   Primary Spawner: "Animal", active: yes, repeat: 1
 7:12:45 [03] AnimalDeer
 7:12:45   Primary Spawner: "Animal", active: yes, repeat: 1
 7:12:45 [04] AnimalGoat
 7:12:45   Primary Spawner: "Animal", active: yes, repeat: 1
 7:12:45 [05] AnimalPig
 7:12:45   Primary Spawner: "Animal", active: yes, repeat: 1
 7:12:45 [06] AnimalRoeDeer
 7:12:45   Primary Spawner: "Animal", active: yes, repeat: 1
 7:12:45 [07] AnimalSheep
 7:12:45   Primary Spawner: "Animal", active: yes, repeat: 1
 7:12:45 [08] AnimalWildBoar
 7:12:45   Primary Spawner: "Animal", active: yes, repeat: 1
 7:12:45 [09] AnimalWolf
 7:12:45   Primary Spawner: "Animal", active: yes, repeat: 1
 7:12:45 [10] InfectedArmy
 7:12:45   Primary Spawner: "Infected", active: yes, repeat: 1
 7:12:45 [11] InfectedCity
 7:12:45   Primary Spawner: "Infected", active: yes, repeat: 1
 7:12:45 [12] InfectedFirefighter
 7:12:45   Primary Spawner: "Infected", active: yes, repeat: 1
 7:12:45 [13] InfectedIndustrial
 7:12:45   Primary Spawner: "Infected", active: yes, repeat: 1
 7:12:45 [14] InfectedMedic
 7:12:45   Primary Spawner: "Infected", active: yes, repeat: 1
 7:12:45 [15] InfectedPolice
 7:12:45   Primary Spawner: "Infected", active: yes, repeat: 1
 7:12:45 [16] InfectedPrisoner
 7:12:45   Primary Spawner: "Infected", active: yes, repeat: 1
 7:12:45 [17] InfectedReligious
 7:12:45   Primary Spawner: "Infected", active: yes, repeat: 1
 7:12:45 [18] InfectedSolitude
 7:12:45   Primary Spawner: "Infected", active: yes, repeat: 1
 7:12:45 [19] InfectedVillage
 7:12:45   Primary Spawner: "Infected", active: yes, repeat: 1
 7:12:45 [20] ItemPlanks
 7:12:45   Primary Spawner: "Item", active: yes, repeat: 1
 7:12:45 [21] Loot
 7:12:45   Primary Spawner: "Loot", active: yes, repeat: 2
 7:12:45 [22] StaticHeliCrash
 7:12:45   Primary Spawner: "Vehicle", active: yes, repeat: 1
 7:12:45   Secondary Spawner: "Infected", active: yes, repeat: 1
 7:12:45 [23] StaticPoliceCar
 7:12:45   Primary Spawner: "Vehicle", active: yes, repeat: 1
 7:12:45 [24] TrajectoryConiferous
 7:12:45   Primary Spawner: "Trajectory", active: yes, repeat: 1
 7:12:45 [25] TrajectoryDeciduous
 7:12:45   Primary Spawner: "Trajectory", active: yes, repeat: 1
 7:12:45 [26] TrajectoryHumus
 7:12:45   Primary Spawner: "Trajectory", active: yes, repeat: 1
 7:12:45 [27] TrajectoryStones
 7:12:45   Primary Spawner: "Trajectory", active: yes, repeat: 1
 7:12:45 [28] VehicleCivilianSedan
 7:12:45   Primary Spawner: "Vehicle", active: yes, repeat: 1
 7:12:45 [29] VehicleHatchback02
 7:12:45   Primary Spawner: "Vehicle", active: yes, repeat: 1
 7:12:45 [30] VehicleOffroadHatchback
 7:12:45   Primary Spawner: "Vehicle", active: yes, repeat: 1
 7:12:45 [31] VehicleSedan02
 7:12:45   Primary Spawner: "Vehicle", active: yes, repeat: 1
 7:12:45 [CE][Hive] :: Initializing of spawners done.
 7:12:45 [CE][Hive] :: Init sequence finished.
 7:12:46 Average server FPS: 0.77 (measured interval: 30 s)
 7:12:46 Used memory: 1316086 KB
 7:12:46 Players: 0 in total
 7:13:16 Average server FPS: 7400.10 (measured interval: 30 s)
 7:13:16 Used memory: 1327492 KB
 7:13:16 Players: 0 in total
 7:13:34 BattlEye Server: RCon admin #0 (127.0.0.1:62125) logged in
 7:13:34 [CE][SpawnRandomLoot] (StaticPoliceCar) :: ChildType: Land_Wreck_Volha_Police, lootmin: 3, lootmax: 5, wanted: 3
 7:13:34 [CE][SpawnRandomLoot] (StaticPoliceCar) :: ChildType: Land_Wreck_Volha_Police, lootmin: 3, lootmax: 5, wanted: 4
 7:13:34 [CE][SpawnRandomLoot] (StaticPoliceCar) :: ChildType: Land_Wreck_Volha_Police, lootmin: 3, lootmax: 5, wanted: 3
 7:13:46 Average server FPS: 8172.30 (measured interval: 30 s)
 7:13:46 Used memory: 1341051 KB
 7:13:46 Players: 0 in total
 7:14:16 Average server FPS: 8261.23 (measured interval: 30 s)
 7:14:16 Used memory: 1352943 KB
 7:14:16 Players: 0 in total
 7:14:34 BattlEye Server: RCon admin #0: (Global) Welcome to The Community Live Server! This server restarts every 4 hours
 7:14:39 BattlEye Server: RCon admin #0: (Global) Discord at https://discord.me/eXpoch -- If you need help join the discord and chime an admin
 7:14:44 BattlEye Server: RCon admin #0: (Global) Glitching/Cheating/Hacking/Abusing/Exploiting are all BANNABLE offenses
 7:14:46 Average server FPS: 8139.90 (measured interval: 30 s)
 7:14:46 Used memory: 1362869 KB
 7:14:46 Players: 0 in total
 7:14:49 BattlEye Server: RCon admin #0: (Global) FREE FREE FREE FREE FREE FREE FREE
 7:15:16 Average server FPS: 8225.10 (measured interval: 30 s)
 7:15:16 Used memory: 1372144 KB
 7:15:16 Players: 0 in total
 7:15:46 Average server FPS: 7841.03 (measured interval: 30 s)
 7:15:46 Used memory: 1372799 KB
 7:15:46 Players: 0 in total
 7:16:16 Average server FPS: 6928.07 (measured interval: 30 s)
 7:16:16 Used memory: 1372805 KB
 7:16:16 Players: 0 in total
 7:16:46 Average server FPS: 7562.13 (measured interval: 30 s)
 7:16:46 Used memory: 1372838 KB
 7:16:46 Players: 0 in total
 7:17:16 Average server FPS: 7136.73 (measured interval: 30 s)
 7:17:16 Used memory: 1372836 KB
 7:17:16 Players: 0 in total
 7:17:46 Average server FPS: 8454.57 (measured interval: 30 s)
 7:17:46 Used memory: 1372840 KB
 7:17:46 Players: 0 in total
 7:18:16 Average server FPS: 7502.43 (measured interval: 30 s)
 7:18:16 Used memory: 1372844 KB
 7:18:16 Players: 0 in total
 7:18:46 Average server FPS: 7813.97 (measured interval: 30 s)
 7:18:46 Used memory: 1372832 KB
 7:18:46 Players: 0 in total
 7:19:16 Average server FPS: 7627.13 (measured interval: 30 s)
 7:19:16 Used memory: 1372795 KB
 7:19:16 Players: 0 in total
 7:19:46 Average server FPS: 7745.30 (measured interval: 30 s)
 7:19:46 Used memory: 1372764 KB
 7:19:46 Players: 0 in total
 7:20:16 Average server FPS: 8015.33 (measured interval: 30 s)
 7:20:16 Used memory: 1372727 KB
 7:20:16 Players: 0 in total
 7:20:46 Average server FPS: 7630.13 (measured interval: 30 s)
 7:20:46 Used memory: 1372663 KB
 7:20:46 Players: 0 in total
 7:21:16 Average server FPS: 7395.87 (measured interval: 30 s)
 7:21:16 Used memory: 1372638 KB
 7:21:16 Players: 0 in total
 7:21:46 Average server FPS: 7308.70 (measured interval: 30 s)
 7:21:46 Used memory: 1372598 KB
 7:21:46 Players: 0 in total
 7:22:16 Average server FPS: 7254.60 (measured interval: 30 s)
 7:22:16 Used memory: 1372518 KB
 7:22:16 Players: 0 in total
 7:22:46 Average server FPS: 7284.13 (measured interval: 30 s)
 7:22:46 Used memory: 1372480 KB
 7:22:46 Players: 0 in total
 7:23:16 Average server FPS: 7651.20 (measured interval: 30 s)
 7:23:16 Used memory: 1372428 KB
 7:23:16 Players: 0 in total
 7:23:46 Average server FPS: 7984.63 (measured interval: 30 s)
 7:23:46 Used memory: 1372360 KB
 7:23:46 Players: 0 in total
 7:24:16 Average server FPS: 7127.70 (measured interval: 30 s)
 7:24:16 Used memory: 1372349 KB
 7:24:16 Players: 0 in total
 7:24:46 Average server FPS: 8400.77 (measured interval: 30 s)
 7:24:46 Used memory: 1372346 KB
 7:24:46 Players: 0 in total
 7:25:16 Average server FPS: 7289.23 (measured interval: 30 s)
 7:25:16 Used memory: 1372354 KB
 7:25:16 Players: 0 in total
 7:25:46 Average server FPS: 7595.40 (measured interval: 30 s)
 7:25:46 Used memory: 1372427 KB
 7:25:46 Players: 0 in total
 7:26:16 Average server FPS: 8029.00 (measured interval: 30 s)
 7:26:16 Used memory: 1372442 KB
 7:26:16 Players: 0 in total
 7:26:46 Average server FPS: 7638.47 (measured interval: 30 s)
 7:26:46 Used memory: 1372457 KB
 7:26:46 Players: 0 in total
 7:27:16 Average server FPS: 7643.43 (measured interval: 30 s)
 7:27:16 Used memory: 1372477 KB
 7:27:16 Players: 0 in total
 7:27:46 Average server FPS: 7895.10 (measured interval: 30 s)
 7:27:46 Used memory: 1372486 KB
 7:27:46 Players: 0 in total
 7:28:16 Average server FPS: 7533.90 (measured interval: 30 s)
 7:28:16 Used memory: 1372507 KB
 7:28:16 Players: 0 in total
 7:28:46 Average server FPS: 7549.40 (measured interval: 30 s)
 7:28:46 Used memory: 1372511 KB
 7:28:46 Players: 0 in total
 7:29:16 Average server FPS: 7243.93 (measured interval: 30 s)
 7:29:16 Used memory: 1372540 KB
 7:29:16 Players: 0 in total
 7:29:46 Average server FPS: 7841.10 (measured interval: 30 s)
 7:29:46 Used memory: 1372550 KB
 7:29:46 Players: 0 in total
 7:30:16 Average server FPS: 7826.20 (measured interval: 30 s)
 7:30:16 Used memory: 1372555 KB
 7:30:16 Players: 0 in total
 7:30:46 Average server FPS: 7849.50 (measured interval: 30 s)
 7:30:46 Used memory: 1372571 KB
 7:30:46 Players: 0 in total
 7:31:16 Average server FPS: 7318.27 (measured interval: 30 s)
 7:31:16 Used memory: 1372577 KB
 7:31:16 Players: 0 in total
 7:31:46 Average server FPS: 7990.63 (measured interval: 30 s)
 7:31:46 Used memory: 1372591 KB
 7:31:46 Players: 0 in total
 7:32:16 Average server FPS: 7976.33 (measured interval: 30 s)
 7:32:16 Used memory: 1372590 KB
 7:32:16 Players: 0 in total
 7:32:46 Average server FPS: 7740.00 (measured interval: 30 s)
 7:32:46 Used memory: 1372603 KB
 7:32:46 Players: 0 in total
 7:33:16 Average server FPS: 7565.50 (measured interval: 30 s)
 7:33:16 Used memory: 1372598 KB
 7:33:16 Players: 0 in total
 7:33:46 Average server FPS: 7894.73 (measured interval: 30 s)
 7:33:46 Used memory: 1372600 KB
 7:33:46 Players: 0 in total
 7:34:16 Average server FPS: 6831.10 (measured interval: 30 s)
 7:34:16 Used memory: 1372878 KB
 7:34:16 Players: 0 in total
