23:24:32 BattlEye Server: Initialized (v1.217)
23:24:32 SUCCESS: SteamGameServer_Init(0,8766,2442,28056,3,1.07.153006)
23:24:32 Roles assigned.
23:24:32 Reading mission ...
23:25:11 [CE][Hive] :: Initializing OFFLINE
23:25:11 [CE][Hive] :: Loading core data ... 
23:25:11 [CE][CoreData] :: 7 root classes, 19 defaults, 0 updaters...
23:25:15 [CE][TypeSetup] :: 408 classes setuped...
23:25:15 [CE][RegisterBind] :: 0 classes binded...
23:25:15 [CE][RegisterConfig] :: 3115 config classes registered, 1 sub-counters...
23:25:15 [CE][Hive] :: Loading map data ... 
23:25:15 !!! [CE] :: Unknown category: 'vehicleparts'.
23:25:15 !!! [CE] :: Unknown category: 'vehicleparts'.
23:25:15 !!! [CE] :: Unknown category: 'vehicleparts'.
23:25:15 !!! [CE] :: Unknown category: 'vehicleparts'.
23:25:15 !!! [CE] :: Unknown category: 'vehicleparts'.
23:25:15 !!! [CE] :: Unknown category: 'vehicleparts'.
23:25:15 !!! [CE] :: Unknown category: 'vehicleparts'.
23:25:15 !!! [CE] :: Unknown category: 'vehicleparts'.
23:25:15 !!! [CE] :: Unknown category: 'vehicleparts'.
23:25:15 !!! [CE] :: Unknown category: 'vehicleparts'.
23:25:15 !!! [CE] :: Unknown category: 'vehicleparts'.
23:25:15 !!! [CE] :: Unknown category: 'vehicleparts'.
23:25:15 !!! [CE] :: Unknown category: 'vehicleparts'.
23:25:15 !!! [CE] :: Unknown category: 'vehicleparts'.
23:25:15 !!! [CE] :: Unknown category: 'vehicleparts'.
23:25:15 !!! [CE] :: Unknown category: 'vehicleparts'.
23:25:15 !!! [CE] :: Unknown category: 'vehicleparts'.
23:25:15 !!! [CE] :: Unknown category: 'vehicleparts'.
23:25:15 !!! [CE] :: Unknown category: 'vehicleparts'.
23:25:15 !!! [CE] :: Unknown category: 'vehicleparts'.
23:25:15 !!! [CE] :: Unknown category: 'vehicleparts'.
23:25:15 !!! [CE] :: Unknown category: 'vehicleparts'.
23:25:15 !!! [CE] :: Unknown category: 'vehicleparts'.
23:25:15 !!! [CE] :: Unknown category: 'vehicleparts'.
23:25:15 [CE][LoadPrototype] :: loaded 330 prototypes
23:25:15   702 containers, 9116 points
23:25:15   24 dispatches, 90 proxies
23:25:15 !!! [CE][LoadPrototype] 12 groups have no points...
23:25:15 !!![CE][LoadPrototype]  3 groups have wrong points...
23:25:15 [CE][LoadPrototype] :: last group name: Land_Lunapark_Autodrome...
23:25:15 [CE][LoadPrototype] :: loaded 0 prototypes
23:25:15   0 containers, 0 points
23:25:15   0 dispatches, 0 proxies
23:25:15 [CE][LoadPrototype] :: last group name: PathD_7100...
23:25:16 [CE][LoadMap] "Group" :: loaded 5086 groups, largest group range: 26.9
23:25:16 [CE][LoadMap] "Dirt" :: loaded 0 groups, largest group range: 26.9
23:25:16 [CE][LoadClusters] "Cluster" :: Loading files...
23:25:16 [CE][LoadClusters] :: file: "mapgroupcluster.xml", 4 types, 50000 instances
23:25:16 [CE][LoadClusters] :: file: "mapgroupcluster01", 4 types, 50000 instances
23:25:17 [CE][LoadClusters] :: file: "mapgroupcluster02", 4 types, 50000 instances
23:25:17 [CE][LoadClusters] :: file: "mapgroupcluster03", 4 types, 50000 instances
23:25:17 [CE][LoadClusters] :: file: "mapgroupcluster04", 4 types, 21297 instances
23:25:17 [CE][Storage] ver:21 stamp:351, valid:yes, name:"mpmissions\TheCommunity.enoch\storage_666\data\types.bin"
23:25:17 [CE][Storage] ver:21 stamp:349, valid:yes, name:"mpmissions\TheCommunity.enoch\storage_666\data\types.001"
23:25:17 [CE][Storage] ver:21 stamp:350, valid:yes, name:"mpmissions\TheCommunity.enoch\storage_666\data\types.002"
23:25:17 [CE][Storage] Restoring file "mpmissions\TheCommunity.enoch\storage_666\data\types.bin".
23:25:17 [CE][offlineDB] :: Loaded 32 dynamic events 211 total types 0 total positions.
23:25:17 [CE][Storage] ver:21 stamp:351, valid:yes, name:"mpmissions\TheCommunity.enoch\storage_666\data\events.bin"
23:25:17 [CE][Storage] ver:21 stamp:349, valid:yes, name:"mpmissions\TheCommunity.enoch\storage_666\data\events.001"
23:25:17 [CE][Storage] ver:21 stamp:350, valid:yes, name:"mpmissions\TheCommunity.enoch\storage_666\data\events.002"
23:25:17 [CE][Storage] Restoring file "mpmissions\TheCommunity.enoch\storage_666\data\events.bin".
23:25:17 [CE][DynamicEvent] Load  Events:[32] Primary spawners: 32 Secondary spawners: 1
23:25:17 [CE][Storage] ver:24 stamp:351, valid:yes, name:"mpmissions\TheCommunity.enoch\storage_666\data\vehicles.bin"
23:25:17 [CE][Storage] ver:24 stamp:349, valid:yes, name:"mpmissions\TheCommunity.enoch\storage_666\data\vehicles.001"
23:25:17 [CE][Storage] ver:24 stamp:350, valid:yes, name:"mpmissions\TheCommunity.enoch\storage_666\data\vehicles.002"
23:25:17 [CE][Storage] Restoring file "mpmissions\TheCommunity.enoch\storage_666\data\vehicles.bin" 87 items.
23:25:17   87 items loaded.
23:25:17 [CE][Storage] ver:0 stamp:0, valid:NO, name:"mpmissions\TheCommunity.enoch\storage_666\data\dynamic_000.bin"
23:25:17 [CE][Storage] ver:24 stamp:349, valid:yes, name:"mpmissions\TheCommunity.enoch\storage_666\data\dynamic_000.001"
23:25:17 [CE][Storage] ver:24 stamp:350, valid:yes, name:"mpmissions\TheCommunity.enoch\storage_666\data\dynamic_000.002"
23:25:17 [CE][Storage] Restoring file "mpmissions\TheCommunity.enoch\storage_666\data\dynamic_000.002" 260 items.
23:25:18   260 items loaded.
23:25:18 [CE][Storage] ver:0 stamp:0, valid:NO, name:"mpmissions\TheCommunity.enoch\storage_666\data\dynamic_001.bin"
23:25:18 [CE][Storage] ver:24 stamp:349, valid:yes, name:"mpmissions\TheCommunity.enoch\storage_666\data\dynamic_001.001"
23:25:18 [CE][Storage] ver:24 stamp:350, valid:yes, name:"mpmissions\TheCommunity.enoch\storage_666\data\dynamic_001.002"
23:25:18 [CE][Storage] Restoring file "mpmissions\TheCommunity.enoch\storage_666\data\dynamic_001.002" 1638 items.
23:25:18   1638 items loaded.
23:25:18 [CE][Storage] ver:0 stamp:0, valid:NO, name:"mpmissions\TheCommunity.enoch\storage_666\data\dynamic_002.bin"
23:25:18 [CE][Storage] ver:24 stamp:349, valid:yes, name:"mpmissions\TheCommunity.enoch\storage_666\data\dynamic_002.001"
23:25:18 [CE][Storage] ver:24 stamp:350, valid:yes, name:"mpmissions\TheCommunity.enoch\storage_666\data\dynamic_002.002"
23:25:18 [CE][Storage] Restoring file "mpmissions\TheCommunity.enoch\storage_666\data\dynamic_002.002" 441 items.
23:25:18   441 items loaded.
23:25:18 [CE][Storage] ver:0 stamp:0, valid:NO, name:"mpmissions\TheCommunity.enoch\storage_666\data\dynamic_003.bin"
23:25:18 [CE][Storage] ver:24 stamp:349, valid:yes, name:"mpmissions\TheCommunity.enoch\storage_666\data\dynamic_003.001"
23:25:18 [CE][Storage] ver:24 stamp:350, valid:yes, name:"mpmissions\TheCommunity.enoch\storage_666\data\dynamic_003.002"
23:25:18 [CE][Storage] Restoring file "mpmissions\TheCommunity.enoch\storage_666\data\dynamic_003.002" 829 items.
23:25:19   829 items loaded.
23:25:19 [CE][Storage] ver:0 stamp:0, valid:NO, name:"mpmissions\TheCommunity.enoch\storage_666\data\dynamic_004.bin"
23:25:19 [CE][Storage] ver:24 stamp:349, valid:yes, name:"mpmissions\TheCommunity.enoch\storage_666\data\dynamic_004.001"
23:25:19 [CE][Storage] ver:24 stamp:350, valid:yes, name:"mpmissions\TheCommunity.enoch\storage_666\data\dynamic_004.002"
23:25:19 [CE][Storage] Restoring file "mpmissions\TheCommunity.enoch\storage_666\data\dynamic_004.002" 1027 items.
23:25:19   1027 items loaded.
23:25:19 [CE][Storage] ver:0 stamp:0, valid:NO, name:"mpmissions\TheCommunity.enoch\storage_666\data\dynamic_005.bin"
23:25:19 [CE][Storage] ver:24 stamp:349, valid:yes, name:"mpmissions\TheCommunity.enoch\storage_666\data\dynamic_005.001"
23:25:19 [CE][Storage] ver:24 stamp:350, valid:yes, name:"mpmissions\TheCommunity.enoch\storage_666\data\dynamic_005.002"
23:25:19 [CE][Storage] Restoring file "mpmissions\TheCommunity.enoch\storage_666\data\dynamic_005.002" 1247 items.
23:25:19   1247 items loaded.
23:25:19 [CE][Storage] ver:0 stamp:0, valid:NO, name:"mpmissions\TheCommunity.enoch\storage_666\data\dynamic_006.bin"
23:25:19 [CE][Storage] ver:24 stamp:349, valid:yes, name:"mpmissions\TheCommunity.enoch\storage_666\data\dynamic_006.001"
23:25:19 [CE][Storage] ver:24 stamp:350, valid:yes, name:"mpmissions\TheCommunity.enoch\storage_666\data\dynamic_006.002"
23:25:19 [CE][Storage] Restoring file "mpmissions\TheCommunity.enoch\storage_666\data\dynamic_006.002" 730 items.
23:25:19   730 items loaded.
23:25:19 [CE][Storage] ver:0 stamp:0, valid:NO, name:"mpmissions\TheCommunity.enoch\storage_666\data\dynamic_007.bin"
23:25:19 [CE][Storage] ver:24 stamp:349, valid:yes, name:"mpmissions\TheCommunity.enoch\storage_666\data\dynamic_007.001"
23:25:19 [CE][Storage] ver:24 stamp:350, valid:yes, name:"mpmissions\TheCommunity.enoch\storage_666\data\dynamic_007.002"
23:25:19 [CE][Storage] Restoring file "mpmissions\TheCommunity.enoch\storage_666\data\dynamic_007.002" 798 items.
23:25:20   798 items loaded.
23:25:20 [CE][Storage] ver:0 stamp:0, valid:NO, name:"mpmissions\TheCommunity.enoch\storage_666\data\dynamic_008.bin"
23:25:20 [CE][Storage] ver:24 stamp:349, valid:yes, name:"mpmissions\TheCommunity.enoch\storage_666\data\dynamic_008.001"
23:25:20 [CE][Storage] ver:24 stamp:350, valid:yes, name:"mpmissions\TheCommunity.enoch\storage_666\data\dynamic_008.002"
23:25:20 [CE][Storage] Restoring file "mpmissions\TheCommunity.enoch\storage_666\data\dynamic_008.002" 735 items.
23:25:20   735 items loaded.
23:25:20 [CE][Storage] ver:0 stamp:0, valid:NO, name:"mpmissions\TheCommunity.enoch\storage_666\data\dynamic_009.bin"
23:25:20 [CE][Storage] ver:24 stamp:349, valid:yes, name:"mpmissions\TheCommunity.enoch\storage_666\data\dynamic_009.001"
23:25:20 [CE][Storage] ver:24 stamp:350, valid:yes, name:"mpmissions\TheCommunity.enoch\storage_666\data\dynamic_009.002"
23:25:20 [CE][Storage] Restoring file "mpmissions\TheCommunity.enoch\storage_666\data\dynamic_009.002" 659 items.
23:25:20   659 items loaded.
23:25:20 [CE][Storage] ver:0 stamp:0, valid:NO, name:"mpmissions\TheCommunity.enoch\storage_666\data\dynamic_010.bin"
23:25:20 [CE][Storage] ver:24 stamp:349, valid:yes, name:"mpmissions\TheCommunity.enoch\storage_666\data\dynamic_010.001"
23:25:20 [CE][Storage] ver:24 stamp:350, valid:yes, name:"mpmissions\TheCommunity.enoch\storage_666\data\dynamic_010.002"
23:25:20 [CE][Storage] Restoring file "mpmissions\TheCommunity.enoch\storage_666\data\dynamic_010.002" 1824 items.
23:25:20   1824 items loaded.
23:25:20 [CE][Storage] ver:0 stamp:0, valid:NO, name:"mpmissions\TheCommunity.enoch\storage_666\data\dynamic_011.bin"
23:25:20 [CE][Storage] ver:24 stamp:349, valid:yes, name:"mpmissions\TheCommunity.enoch\storage_666\data\dynamic_011.001"
23:25:20 [CE][Storage] ver:24 stamp:350, valid:yes, name:"mpmissions\TheCommunity.enoch\storage_666\data\dynamic_011.002"
23:25:20 [CE][Storage] Restoring file "mpmissions\TheCommunity.enoch\storage_666\data\dynamic_011.002" 251 items.
23:25:20   251 items loaded.
23:25:20 [CE][Hive] :: Storage load took:2.97 seconds, recovery stamp:351
23:25:20   entity: 11318, building: 0
23:25:20   no lifetime: 40
23:25:20 [CE][Hive] :: Initializing ... 
23:25:20 [CE][InitializeMap] :: initialized: 0
23:25:20 [CE][Hive] :: Initializing spawners ... 
23:25:22 [CE][LootRespawner] (PRIDummy) :: Item [0] causing search overtime: "CivSedanHood_Wine"
23:25:22 [CE][LootRespawner] (PRIDummy) :: Item [1] causing search overtime: "CivSedanHood_Wine"
23:25:22 [CE][LootRespawner] (PRIDummy) :: Item [2] causing search overtime: "CivSedanHood_Wine"
23:25:22 [CE][LootRespawner] (PRIDummy) :: Item [3] causing search overtime: "CivSedanHood_Wine"
23:25:22 [CE][LootRespawner] (PRIDummy) :: Item [4] causing search overtime: "CivSedanHood_Wine"
23:25:22 [CE][LootRespawner] (PRIDummy) :: Item [5] causing search overtime: "CivSedanHood_Wine"
23:25:22 [CE][LootRespawner] (PRIDummy) :: Item [6] causing search overtime: "CivSedanHood_Wine"
23:25:22 [CE][LootRespawner] (PRIDummy) :: Item [7] causing search overtime: "CivSedanHood_Wine"
23:25:22 [CE][LootRespawner] (PRIDummy) :: Item [8] causing search overtime: "CivSedanHood_Wine"
23:25:22 [CE][LootRespawner] (PRIDummy) :: Item [9] causing search overtime: "CivSedanHood_Wine"
23:25:22 [CE][LootRespawner] (PRIDummy) :: Item [10] causing search overtime: "Sedan_02_Trunk_Grey"
23:25:22 [CE][LootRespawner] (PRIDummy) :: Item [11] causing search overtime: "Sedan_02_Trunk_Grey"
23:25:22 [CE][LootRespawner] (PRIDummy) :: Item [12] causing search overtime: "Sedan_02_Trunk_Grey"
23:25:22 [CE][LootRespawner] (PRIDummy) :: Item [13] causing search overtime: "Sedan_02_Trunk_Grey"
23:25:22 [CE][LootRespawner] (PRIDummy) :: Item [14] causing search overtime: "Sedan_02_Trunk_Grey"
23:25:22 [CE][LootRespawner] (PRIDummy) :: Item [15] causing search overtime: "Sedan_02_Trunk_Grey"
23:25:22 [CE][LootRespawner] (PRIDummy) :: Item [16] causing search overtime: "Sedan_02_Trunk_Grey"
23:25:22 [CE][LootRespawner] (PRIDummy) :: Item [17] causing search overtime: "Sedan_02_Trunk_Grey"
23:25:22 [CE][LootRespawner] (PRIDummy) :: Item [18] causing search overtime: "Sedan_02_Trunk_Grey"
23:25:22 [CE][LootRespawner] (PRIDummy) :: Item [19] causing search overtime: "Sedan_02_Trunk_Grey"
23:25:22 [CE][LootRespawner] (PRIDummy) :: Initially (re)spawned:68, Nominal:12429, Total in Map: 10623 at 0 (sec)
23:25:22   tests:69, repeats:1 fails:0, overtime:489
23:25:22 [CE][DynEvent] :: 32 types
23:25:22 [00] AmbientHen
23:25:22   Primary Spawner: "Ambient", active: yes, repeat: 1
23:25:22 [01] AnimalBear
23:25:22   Primary Spawner: "Animal", active: yes, repeat: 1
23:25:22 [02] AnimalCow
23:25:22   Primary Spawner: "Animal", active: yes, repeat: 1
23:25:22 [03] AnimalDeer
23:25:22   Primary Spawner: "Animal", active: yes, repeat: 1
23:25:22 [04] AnimalGoat
23:25:22   Primary Spawner: "Animal", active: yes, repeat: 1
23:25:22 [05] AnimalPig
23:25:22   Primary Spawner: "Animal", active: yes, repeat: 1
23:25:22 [06] AnimalRoeDeer
23:25:22   Primary Spawner: "Animal", active: yes, repeat: 1
23:25:22 [07] AnimalSheep
23:25:22   Primary Spawner: "Animal", active: yes, repeat: 1
23:25:22 [08] AnimalWildBoar
23:25:22   Primary Spawner: "Animal", active: yes, repeat: 1
23:25:22 [09] AnimalWolf
23:25:22   Primary Spawner: "Animal", active: yes, repeat: 1
23:25:22 [10] InfectedArmy
23:25:22   Primary Spawner: "Infected", active: yes, repeat: 1
23:25:22 [11] InfectedCity
23:25:22   Primary Spawner: "Infected", active: yes, repeat: 1
23:25:22 [12] InfectedFirefighter
23:25:22   Primary Spawner: "Infected", active: yes, repeat: 1
23:25:22 [13] InfectedIndustrial
23:25:22   Primary Spawner: "Infected", active: yes, repeat: 1
23:25:22 [14] InfectedMedic
23:25:22   Primary Spawner: "Infected", active: yes, repeat: 1
23:25:22 [15] InfectedPolice
23:25:22   Primary Spawner: "Infected", active: yes, repeat: 1
23:25:22 [16] InfectedPrisoner
23:25:22   Primary Spawner: "Infected", active: yes, repeat: 1
23:25:22 [17] InfectedReligious
23:25:22   Primary Spawner: "Infected", active: yes, repeat: 1
23:25:22 [18] InfectedSolitude
23:25:22   Primary Spawner: "Infected", active: yes, repeat: 1
23:25:22 [19] InfectedVillage
23:25:22   Primary Spawner: "Infected", active: yes, repeat: 1
23:25:22 [20] ItemPlanks
23:25:22   Primary Spawner: "Item", active: yes, repeat: 1
23:25:22 [21] Loot
23:25:22   Primary Spawner: "Loot", active: yes, repeat: 2
23:25:22 [22] StaticHeliCrash
23:25:22   Primary Spawner: "Vehicle", active: yes, repeat: 1
23:25:22   Secondary Spawner: "Infected", active: yes, repeat: 1
23:25:22 [23] StaticPoliceCar
23:25:22   Primary Spawner: "Vehicle", active: yes, repeat: 1
23:25:22 [24] TrajectoryConiferous
23:25:22   Primary Spawner: "Trajectory", active: yes, repeat: 1
23:25:22 [25] TrajectoryDeciduous
23:25:22   Primary Spawner: "Trajectory", active: yes, repeat: 1
23:25:22 [26] TrajectoryHumus
23:25:22   Primary Spawner: "Trajectory", active: yes, repeat: 1
23:25:22 [27] TrajectoryStones
23:25:22   Primary Spawner: "Trajectory", active: yes, repeat: 1
23:25:22 [28] VehicleCivilianSedan
23:25:22   Primary Spawner: "Vehicle", active: yes, repeat: 1
23:25:22 [29] VehicleHatchback02
23:25:22   Primary Spawner: "Vehicle", active: yes, repeat: 1
23:25:22 [30] VehicleOffroadHatchback
23:25:22   Primary Spawner: "Vehicle", active: yes, repeat: 1
23:25:22 [31] VehicleSedan02
23:25:22   Primary Spawner: "Vehicle", active: yes, repeat: 1
23:25:22 [CE][Hive] :: Initializing of spawners done.
23:25:22 [CE][Hive] :: Init sequence finished.
23:25:50 BattlEye Server: RCon admin #0 (127.0.0.1:60727) logged in
23:25:53 Average server FPS: 5933.23 (measured interval: 30 s)
23:25:53 Used memory: 1277705 KB
23:25:53 Players: 0 in total
23:26:23 Average server FPS: 7887.19 (measured interval: 30 s)
23:26:23 Used memory: 1293263 KB
23:26:23 Players: 0 in total
23:26:50 BattlEye Server: RCon admin #0: (Global) Welcome to The Community Test Server! This server restarts every 30 Minutes
23:26:53 Average server FPS: 8250.93 (measured interval: 30 s)
23:26:53 Used memory: 1310712 KB
23:26:53 Players: 0 in total
23:26:55 BattlEye Server: RCon admin #0: (Global) Discord at https://discord.me/eXpoch -- I Still have TS3.donkeypunch.info
23:27:05 BattlEye Server: RCon admin #0: (Global) Interesting new message here, inquire within battleye-BEC!
23:27:23 Average server FPS: 6841.87 (measured interval: 30 s)
23:27:23 Used memory: 1324288 KB
23:27:23 Players: 0 in total
23:27:53 Average server FPS: 7740.03 (measured interval: 30 s)
23:27:53 Used memory: 1339077 KB
23:27:53 Players: 0 in total
23:28:23 Average server FPS: 7951.43 (measured interval: 30 s)
23:28:23 Used memory: 1344084 KB
23:28:23 Players: 0 in total
23:28:53 Average server FPS: 9278.00 (measured interval: 30 s)
23:28:53 Used memory: 1344072 KB
23:28:53 Players: 0 in total
23:29:23 Average server FPS: 9367.77 (measured interval: 30 s)
23:29:23 Used memory: 1344059 KB
23:29:23 Players: 0 in total
23:29:53 Average server FPS: 9357.33 (measured interval: 30 s)
23:29:53 Used memory: 1343942 KB
23:29:53 Players: 0 in total
23:30:23 Average server FPS: 9074.00 (measured interval: 30 s)
23:30:23 Used memory: 1344073 KB
23:30:23 Players: 0 in total
23:30:50 BattlEye Server: RCon admin #0: (Global) The Community TEST SERVER will reboot in 25 minutes.
23:30:53 Average server FPS: 9269.70 (measured interval: 30 s)
23:30:53 Used memory: 1344006 KB
23:30:53 Players: 0 in total
23:31:23 Average server FPS: 8892.40 (measured interval: 30 s)
23:31:23 Used memory: 1343962 KB
23:31:23 Players: 0 in total
23:31:53 Average server FPS: 9324.17 (measured interval: 30 s)
23:31:53 Used memory: 1343689 KB
23:31:53 Players: 0 in total
23:32:23 Average server FPS: 9189.97 (measured interval: 30 s)
23:32:23 Used memory: 1343499 KB
23:32:23 Players: 0 in total
23:32:53 Average server FPS: 8972.37 (measured interval: 30 s)
23:32:53 Used memory: 1343380 KB
23:32:53 Players: 0 in total
23:33:23 Average server FPS: 8846.53 (measured interval: 30 s)
23:33:23 Used memory: 1343539 KB
23:33:23 Players: 0 in total
23:33:53 Average server FPS: 9335.93 (measured interval: 30 s)
23:33:53 Used memory: 1343356 KB
23:33:53 Players: 0 in total
23:34:23 Average server FPS: 9341.67 (measured interval: 30 s)
23:34:23 Used memory: 1343181 KB
23:34:23 Players: 0 in total
23:34:51 [CE][LootRespawner] (PRIDummy) :: Item [0] is hard to place, performance drops: "PressVest_Blue"
23:34:51 [CE][LootRespawner] (PRIDummy) :: Item [1] is hard to place, performance drops: "PressVest_Blue"
23:34:53 Average server FPS: 9251.73 (measured interval: 30 s)
23:34:53 Used memory: 1343631 KB
23:34:53 Players: 0 in total
23:35:23 Average server FPS: 9289.07 (measured interval: 30 s)
23:35:23 Used memory: 1343431 KB
23:35:23 Players: 0 in total
23:35:53 Average server FPS: 9356.17 (measured interval: 30 s)
23:35:53 Used memory: 1343267 KB
23:35:53 Players: 0 in total
23:36:23 Average server FPS: 9341.57 (measured interval: 30 s)
23:36:23 Used memory: 1343235 KB
23:36:23 Players: 0 in total
23:36:50 BattlEye Server: RCon admin #0: (Global) Welcome to The Community Test Server! This server restarts every 30 Minutes
23:36:53 Average server FPS: 8966.37 (measured interval: 30 s)
23:36:53 Used memory: 1343085 KB
23:36:53 Players: 0 in total
23:36:55 BattlEye Server: RCon admin #0: (Global) Discord at https://discord.me/eXpoch -- I Still have TS3.donkeypunch.info
23:37:05 BattlEye Server: RCon admin #0: (Global) Interesting new message here, inquire within battleye-BEC!
23:37:23 Average server FPS: 9306.13 (measured interval: 30 s)
23:37:23 Used memory: 1342967 KB
23:37:23 Players: 0 in total
23:37:53 Average server FPS: 9202.80 (measured interval: 30 s)
23:37:53 Used memory: 1343176 KB
23:37:53 Players: 0 in total
23:38:23 Average server FPS: 9257.20 (measured interval: 30 s)
23:38:23 Used memory: 1342945 KB
23:38:23 Players: 0 in total
23:38:53 Average server FPS: 8690.90 (measured interval: 30 s)
23:38:53 Used memory: 1342838 KB
23:38:53 Players: 0 in total
23:39:23 Average server FPS: 9339.17 (measured interval: 30 s)
23:39:23 Used memory: 1343311 KB
23:39:23 Players: 0 in total
23:39:53 Average server FPS: 9248.23 (measured interval: 30 s)
23:39:53 Used memory: 1343203 KB
23:39:53 Players: 0 in total
23:40:23 Average server FPS: 9270.70 (measured interval: 30 s)
23:40:23 Used memory: 1343092 KB
23:40:23 Players: 0 in total
23:40:50 BattlEye Server: RCon admin #0: (Global) The Community TEST SERVER will reboot in 15 minutes.
23:40:53 Average server FPS: 9252.00 (measured interval: 30 s)
23:40:53 Used memory: 1342884 KB
23:40:53 Players: 0 in total
23:41:08 [CE][LootRespawner] (PRIDummy) :: Item [2] is hard to place, performance drops: "Saiga"
23:41:08 [CE][LootRespawner] (PRIDummy) :: Item [3] is hard to place, performance drops: "Saiga"
23:41:23 Average server FPS: 9316.40 (measured interval: 30 s)
23:41:23 Used memory: 1343875 KB
23:41:23 Players: 0 in total
23:41:53 Average server FPS: 9192.60 (measured interval: 30 s)
23:41:53 Used memory: 1343777 KB
23:41:53 Players: 0 in total
23:42:23 Average server FPS: 9282.47 (measured interval: 30 s)
23:42:23 Used memory: 1343566 KB
23:42:23 Players: 0 in total
23:42:53 Average server FPS: 9043.17 (measured interval: 30 s)
23:42:53 Used memory: 1343538 KB
23:42:53 Players: 0 in total
23:43:23 Average server FPS: 9252.27 (measured interval: 30 s)
23:43:23 Used memory: 1343043 KB
23:43:23 Players: 0 in total
23:43:24 [CE][SpawnRandomLoot] (StaticPoliceCar) :: ChildType: Land_Wreck_Volha_Police, lootmin: 3, lootmax: 5, wanted: 4
23:43:24 [CE][SpawnRandomLoot] (StaticPoliceCar) :: ChildType: Land_Wreck_Volha_Police, lootmin: 3, lootmax: 5, wanted: 4
23:43:24 [CE][SpawnRandomLoot] (StaticPoliceCar) :: ChildType: Land_Wreck_Volha_Police, lootmin: 3, lootmax: 5, wanted: 4
23:43:24 [CE][SpawnRandomLoot] (StaticPoliceCar) :: ChildType: Land_Wreck_Volha_Police, lootmin: 3, lootmax: 5, wanted: 3
23:43:24 [CE][SpawnRandomLoot] (StaticPoliceCar) :: ChildType: Land_Wreck_Volha_Police, lootmin: 3, lootmax: 5, wanted: 4
23:43:24 [CE][SpawnRandomLoot] (StaticPoliceCar) :: ChildType: Land_Wreck_Volha_Police, lootmin: 3, lootmax: 5, wanted: 3
23:43:24 [CE][SpawnRandomLoot] (StaticPoliceCar) :: ChildType: Land_Wreck_Volha_Police, lootmin: 3, lootmax: 5, wanted: 3
23:43:24 [CE][SpawnRandomLoot] (StaticPoliceCar) :: ChildType: Land_Wreck_Volha_Police, lootmin: 3, lootmax: 5, wanted: 3
23:43:24 [CE][SpawnRandomLoot] (StaticPoliceCar) :: ChildType: Land_Wreck_Volha_Police, lootmin: 3, lootmax: 5, wanted: 4
23:43:53 Average server FPS: 8754.40 (measured interval: 30 s)
23:43:53 Used memory: 1343836 KB
23:43:53 Players: 0 in total
23:44:18 [CE][LootRespawner] (PRIDummy) :: Item [4] is hard to place, performance drops: "MedicalScrubsShirt_White"
23:44:19 [CE][SpawnRandomLoot] (StaticHeliCrash) :: ChildType: Wreck_UH1Y, lootmin: 10, lootmax: 20, wanted: 19
23:44:19 [CE][SpawnRandomLoot] (StaticHeliCrash) :: ChildType: Wreck_UH1Y, lootmin: 10, lootmax: 20, wanted: 19
23:44:19 [CE][SpawnRandomLoot] (StaticHeliCrash) :: ChildType: Wreck_Mi8, lootmin: 10, lootmax: 20, wanted: 14
23:44:20 [CE][SpawnRandomLoot] (StaticPoliceCar) :: ChildType: Land_Wreck_Volha_Police, lootmin: 3, lootmax: 5, wanted: 4
23:44:23 Average server FPS: 9215.77 (measured interval: 30 s)
23:44:23 Used memory: 1344489 KB
23:44:23 Players: 0 in total
23:44:53 Average server FPS: 9440.97 (measured interval: 30 s)
23:44:53 Used memory: 1344299 KB
23:44:53 Players: 0 in total
23:45:23 Average server FPS: 9223.57 (measured interval: 30 s)
23:45:23 Used memory: 1343976 KB
23:45:23 Players: 0 in total
23:45:53 Average server FPS: 9348.93 (measured interval: 30 s)
23:45:53 Used memory: 1344132 KB
23:45:53 Players: 0 in total
23:46:23 Average server FPS: 9370.73 (measured interval: 30 s)
23:46:23 Used memory: 1344175 KB
23:46:23 Players: 0 in total
23:46:50 BattlEye Server: RCon admin #0: (Global) Welcome to The Community Test Server! This server restarts every 30 Minutes
23:46:53 Average server FPS: 9121.03 (measured interval: 30 s)
23:46:53 Used memory: 1343949 KB
23:46:53 Players: 0 in total
23:46:55 BattlEye Server: RCon admin #0: (Global) Discord at https://discord.me/eXpoch -- I Still have TS3.donkeypunch.info
23:47:05 BattlEye Server: RCon admin #0: (Global) Interesting new message here, inquire within battleye-BEC!
23:47:23 Average server FPS: 9327.10 (measured interval: 30 s)
23:47:23 Used memory: 1343893 KB
23:47:23 Players: 0 in total
23:47:53 Average server FPS: 9183.67 (measured interval: 30 s)
23:47:53 Used memory: 1344170 KB
23:47:53 Players: 0 in total
23:48:23 Average server FPS: 9276.00 (measured interval: 30 s)
23:48:23 Used memory: 1343988 KB
23:48:23 Players: 0 in total
23:48:53 Average server FPS: 9122.23 (measured interval: 30 s)
23:48:53 Used memory: 1344009 KB
23:48:53 Players: 0 in total
23:49:23 Average server FPS: 9389.37 (measured interval: 30 s)
23:49:23 Used memory: 1343629 KB
23:49:23 Players: 0 in total
23:49:53 Average server FPS: 9206.10 (measured interval: 30 s)
23:49:53 Used memory: 1343498 KB
23:49:53 Players: 0 in total
23:50:23 Average server FPS: 9045.93 (measured interval: 30 s)
23:50:23 Used memory: 1343783 KB
23:50:23 Players: 0 in total
23:50:34 [CE][LootRespawner] (PRIDummy) :: Item [5] is hard to place, performance drops: "FirefightersPants_Black"
23:50:50 BattlEye Server: RCon admin #0: (Global) The Community TEST SERVER will reboot in 5 minutes. Wrap it up, getting close
23:50:53 Average server FPS: 9303.23 (measured interval: 30 s)
23:50:53 Used memory: 1343873 KB
23:50:53 Players: 0 in total
23:51:23 Average server FPS: 9377.03 (measured interval: 30 s)
23:51:23 Used memory: 1343839 KB
23:51:23 Players: 0 in total
23:51:53 Average server FPS: 9295.23 (measured interval: 30 s)
23:51:53 Used memory: 1343833 KB
23:51:53 Players: 0 in total
23:52:23 Average server FPS: 9115.10 (measured interval: 30 s)
23:52:23 Used memory: 1344190 KB
23:52:23 Players: 0 in total
23:52:53 Average server FPS: 9109.77 (measured interval: 30 s)
23:52:53 Used memory: 1344283 KB
23:52:53 Players: 0 in total
23:53:23 Average server FPS: 9299.17 (measured interval: 30 s)
23:53:23 Used memory: 1344271 KB
23:53:23 Players: 0 in total
23:53:50 BattlEye Server: RCon admin #0: (Global) The Community TEST SERVER will reboot in 2 minutes. LOG OUT NOW!
23:53:53 Average server FPS: 9103.20 (measured interval: 30 s)
23:53:53 Used memory: 1344118 KB
23:53:53 Players: 0 in total
23:54:23 Average server FPS: 8982.23 (measured interval: 30 s)
23:54:23 Used memory: 1343939 KB
23:54:23 Players: 0 in total
