20:54:37 BattlEye Server: Initialized (v1.217)
20:54:37 SUCCESS: SteamGameServer_Init(0,8766,2442,28056,3,1.07.153006)
20:54:37 Roles assigned.
20:54:37 Reading mission ...
20:55:23 [CE][Hive] :: Initializing OFFLINE
20:55:23 [CE][Hive] :: Loading core data ... 
20:55:23 [CE][CoreData] :: 7 root classes, 19 defaults, 0 updaters...
20:55:26 [CE][TypeSetup] :: 408 classes setuped...
20:55:26 [CE][RegisterBind] :: 0 classes binded...
20:55:26 [CE][RegisterConfig] :: 3115 config classes registered, 1 sub-counters...
20:55:26 [CE][Hive] :: Loading map data ... 
20:55:26 !!! [CE] :: Unknown category: 'vehicleparts'.
20:55:26 !!! [CE] :: Unknown category: 'vehicleparts'.
20:55:26 !!! [CE] :: Unknown category: 'vehicleparts'.
20:55:26 !!! [CE] :: Unknown category: 'vehicleparts'.
20:55:26 !!! [CE] :: Unknown category: 'vehicleparts'.
20:55:26 !!! [CE] :: Unknown category: 'vehicleparts'.
20:55:26 !!! [CE] :: Unknown category: 'vehicleparts'.
20:55:26 !!! [CE] :: Unknown category: 'vehicleparts'.
20:55:26 !!! [CE] :: Unknown category: 'vehicleparts'.
20:55:26 !!! [CE] :: Unknown category: 'vehicleparts'.
20:55:26 !!! [CE] :: Unknown category: 'vehicleparts'.
20:55:26 !!! [CE] :: Unknown category: 'vehicleparts'.
20:55:26 !!! [CE] :: Unknown category: 'vehicleparts'.
20:55:26 !!! [CE] :: Unknown category: 'vehicleparts'.
20:55:26 !!! [CE] :: Unknown category: 'vehicleparts'.
20:55:26 !!! [CE] :: Unknown category: 'vehicleparts'.
20:55:26 !!! [CE] :: Unknown category: 'vehicleparts'.
20:55:26 !!! [CE] :: Unknown category: 'vehicleparts'.
20:55:26 !!! [CE] :: Unknown category: 'vehicleparts'.
20:55:26 !!! [CE] :: Unknown category: 'vehicleparts'.
20:55:26 !!! [CE] :: Unknown category: 'vehicleparts'.
20:55:26 !!! [CE] :: Unknown category: 'vehicleparts'.
20:55:26 !!! [CE] :: Unknown category: 'vehicleparts'.
20:55:26 !!! [CE] :: Unknown category: 'vehicleparts'.
20:55:26 [CE][LoadPrototype] :: loaded 330 prototypes
20:55:26   702 containers, 9116 points
20:55:26   24 dispatches, 90 proxies
20:55:26 !!! [CE][LoadPrototype] 12 groups have no points...
20:55:26 !!![CE][LoadPrototype]  3 groups have wrong points...
20:55:26 [CE][LoadPrototype] :: last group name: Land_Lunapark_Autodrome...
20:55:26 [CE][LoadPrototype] :: loaded 0 prototypes
20:55:26   0 containers, 0 points
20:55:26   0 dispatches, 0 proxies
20:55:26 [CE][LoadPrototype] :: last group name: PathD_7100...
20:55:26 [CE][LoadMap] "Group" :: loaded 5086 groups, largest group range: 26.9
20:55:26 [CE][LoadMap] "Dirt" :: loaded 0 groups, largest group range: 26.9
20:55:26 [CE][LoadClusters] "Cluster" :: Loading files...
20:55:27 [CE][LoadClusters] :: file: "mapgroupcluster.xml", 4 types, 50000 instances
20:55:27 [CE][LoadClusters] :: file: "mapgroupcluster01", 4 types, 50000 instances
20:55:27 [CE][LoadClusters] :: file: "mapgroupcluster02", 4 types, 50000 instances
20:55:27 [CE][LoadClusters] :: file: "mapgroupcluster03", 4 types, 50000 instances
20:55:27 [CE][LoadClusters] :: file: "mapgroupcluster04", 4 types, 21297 instances
20:55:27 [CE][Storage] ver:21 stamp:63, valid:yes, name:"mpmissions\TheCommunity.enoch\storage_666\data\types.bin"
20:55:27 [CE][Storage] ver:21 stamp:61, valid:yes, name:"mpmissions\TheCommunity.enoch\storage_666\data\types.001"
20:55:27 [CE][Storage] ver:21 stamp:62, valid:yes, name:"mpmissions\TheCommunity.enoch\storage_666\data\types.002"
20:55:27 [CE][Storage] Restoring file "mpmissions\TheCommunity.enoch\storage_666\data\types.bin".
20:55:27 [CE][offlineDB] :: Loaded 32 dynamic events 211 total types 0 total positions.
20:55:27 [CE][Storage] ver:21 stamp:63, valid:yes, name:"mpmissions\TheCommunity.enoch\storage_666\data\events.bin"
20:55:27 [CE][Storage] ver:21 stamp:61, valid:yes, name:"mpmissions\TheCommunity.enoch\storage_666\data\events.001"
20:55:27 [CE][Storage] ver:21 stamp:62, valid:yes, name:"mpmissions\TheCommunity.enoch\storage_666\data\events.002"
20:55:27 [CE][Storage] Restoring file "mpmissions\TheCommunity.enoch\storage_666\data\events.bin".
20:55:27 [CE][DynamicEvent] Load  Events:[32] Primary spawners: 32 Secondary spawners: 1
20:55:27 [CE][Storage] ver:24 stamp:63, valid:yes, name:"mpmissions\TheCommunity.enoch\storage_666\data\vehicles.bin"
20:55:27 [CE][Storage] ver:24 stamp:61, valid:yes, name:"mpmissions\TheCommunity.enoch\storage_666\data\vehicles.001"
20:55:27 [CE][Storage] ver:24 stamp:62, valid:yes, name:"mpmissions\TheCommunity.enoch\storage_666\data\vehicles.002"
20:55:27 [CE][Storage] Restoring file "mpmissions\TheCommunity.enoch\storage_666\data\vehicles.bin" 105 items.
20:55:27   105 items loaded.
20:55:27 [CE][Storage] ver:0 stamp:0, valid:NO, name:"mpmissions\TheCommunity.enoch\storage_666\data\dynamic_000.bin"
20:55:27 [CE][Storage] ver:24 stamp:61, valid:yes, name:"mpmissions\TheCommunity.enoch\storage_666\data\dynamic_000.001"
20:55:27 [CE][Storage] ver:24 stamp:62, valid:yes, name:"mpmissions\TheCommunity.enoch\storage_666\data\dynamic_000.002"
20:55:27 [CE][Storage] Restoring file "mpmissions\TheCommunity.enoch\storage_666\data\dynamic_000.002" 307 items.
20:55:28   307 items loaded.
20:55:28 [CE][Storage] ver:0 stamp:0, valid:NO, name:"mpmissions\TheCommunity.enoch\storage_666\data\dynamic_001.bin"
20:55:28 [CE][Storage] ver:24 stamp:61, valid:yes, name:"mpmissions\TheCommunity.enoch\storage_666\data\dynamic_001.001"
20:55:28 [CE][Storage] ver:24 stamp:62, valid:yes, name:"mpmissions\TheCommunity.enoch\storage_666\data\dynamic_001.002"
20:55:28 [CE][Storage] Restoring file "mpmissions\TheCommunity.enoch\storage_666\data\dynamic_001.002" 1914 items.
20:55:28   1914 items loaded.
20:55:28 [CE][Storage] ver:0 stamp:0, valid:NO, name:"mpmissions\TheCommunity.enoch\storage_666\data\dynamic_002.bin"
20:55:28 [CE][Storage] ver:24 stamp:61, valid:yes, name:"mpmissions\TheCommunity.enoch\storage_666\data\dynamic_002.001"
20:55:28 [CE][Storage] ver:24 stamp:62, valid:yes, name:"mpmissions\TheCommunity.enoch\storage_666\data\dynamic_002.002"
20:55:28 [CE][Storage] Restoring file "mpmissions\TheCommunity.enoch\storage_666\data\dynamic_002.002" 513 items.
20:55:28   513 items loaded.
20:55:28 [CE][Storage] ver:0 stamp:0, valid:NO, name:"mpmissions\TheCommunity.enoch\storage_666\data\dynamic_003.bin"
20:55:28 [CE][Storage] ver:24 stamp:61, valid:yes, name:"mpmissions\TheCommunity.enoch\storage_666\data\dynamic_003.001"
20:55:28 [CE][Storage] ver:24 stamp:62, valid:yes, name:"mpmissions\TheCommunity.enoch\storage_666\data\dynamic_003.002"
20:55:28 [CE][Storage] Restoring file "mpmissions\TheCommunity.enoch\storage_666\data\dynamic_003.002" 967 items.
20:55:28   967 items loaded.
20:55:28 [CE][Storage] ver:0 stamp:0, valid:NO, name:"mpmissions\TheCommunity.enoch\storage_666\data\dynamic_004.bin"
20:55:28 [CE][Storage] ver:24 stamp:61, valid:yes, name:"mpmissions\TheCommunity.enoch\storage_666\data\dynamic_004.001"
20:55:28 [CE][Storage] ver:24 stamp:62, valid:yes, name:"mpmissions\TheCommunity.enoch\storage_666\data\dynamic_004.002"
20:55:28 [CE][Storage] Restoring file "mpmissions\TheCommunity.enoch\storage_666\data\dynamic_004.002" 1151 items.
20:55:29   1151 items loaded.
20:55:29 [CE][Storage] ver:0 stamp:0, valid:NO, name:"mpmissions\TheCommunity.enoch\storage_666\data\dynamic_005.bin"
20:55:29 [CE][Storage] ver:24 stamp:61, valid:yes, name:"mpmissions\TheCommunity.enoch\storage_666\data\dynamic_005.001"
20:55:29 [CE][Storage] ver:24 stamp:62, valid:yes, name:"mpmissions\TheCommunity.enoch\storage_666\data\dynamic_005.002"
20:55:29 [CE][Storage] Restoring file "mpmissions\TheCommunity.enoch\storage_666\data\dynamic_005.002" 1458 items.
20:55:29   1458 items loaded.
20:55:29 [CE][Storage] ver:0 stamp:0, valid:NO, name:"mpmissions\TheCommunity.enoch\storage_666\data\dynamic_006.bin"
20:55:29 [CE][Storage] ver:24 stamp:61, valid:yes, name:"mpmissions\TheCommunity.enoch\storage_666\data\dynamic_006.001"
20:55:29 [CE][Storage] ver:24 stamp:62, valid:yes, name:"mpmissions\TheCommunity.enoch\storage_666\data\dynamic_006.002"
20:55:29 [CE][Storage] Restoring file "mpmissions\TheCommunity.enoch\storage_666\data\dynamic_006.002" 807 items.
20:55:29   807 items loaded.
20:55:29 [CE][Storage] ver:0 stamp:0, valid:NO, name:"mpmissions\TheCommunity.enoch\storage_666\data\dynamic_007.bin"
20:55:29 [CE][Storage] ver:24 stamp:61, valid:yes, name:"mpmissions\TheCommunity.enoch\storage_666\data\dynamic_007.001"
20:55:29 [CE][Storage] ver:24 stamp:62, valid:yes, name:"mpmissions\TheCommunity.enoch\storage_666\data\dynamic_007.002"
20:55:29 [CE][Storage] Restoring file "mpmissions\TheCommunity.enoch\storage_666\data\dynamic_007.002" 918 items.
20:55:29   918 items loaded.
20:55:29 [CE][Storage] ver:0 stamp:0, valid:NO, name:"mpmissions\TheCommunity.enoch\storage_666\data\dynamic_008.bin"
20:55:29 [CE][Storage] ver:24 stamp:61, valid:yes, name:"mpmissions\TheCommunity.enoch\storage_666\data\dynamic_008.001"
20:55:29 [CE][Storage] ver:24 stamp:62, valid:yes, name:"mpmissions\TheCommunity.enoch\storage_666\data\dynamic_008.002"
20:55:29 [CE][Storage] Restoring file "mpmissions\TheCommunity.enoch\storage_666\data\dynamic_008.002" 824 items.
20:55:29   824 items loaded.
20:55:29 [CE][Storage] ver:0 stamp:0, valid:NO, name:"mpmissions\TheCommunity.enoch\storage_666\data\dynamic_009.bin"
20:55:29 [CE][Storage] ver:24 stamp:61, valid:yes, name:"mpmissions\TheCommunity.enoch\storage_666\data\dynamic_009.001"
20:55:29 [CE][Storage] ver:24 stamp:62, valid:yes, name:"mpmissions\TheCommunity.enoch\storage_666\data\dynamic_009.002"
20:55:29 [CE][Storage] Restoring file "mpmissions\TheCommunity.enoch\storage_666\data\dynamic_009.002" 752 items.
20:55:30   752 items loaded.
20:55:30 [CE][Storage] ver:0 stamp:0, valid:NO, name:"mpmissions\TheCommunity.enoch\storage_666\data\dynamic_010.bin"
20:55:30 [CE][Storage] ver:24 stamp:61, valid:yes, name:"mpmissions\TheCommunity.enoch\storage_666\data\dynamic_010.001"
20:55:30 [CE][Storage] ver:24 stamp:62, valid:yes, name:"mpmissions\TheCommunity.enoch\storage_666\data\dynamic_010.002"
20:55:30 [CE][Storage] Restoring file "mpmissions\TheCommunity.enoch\storage_666\data\dynamic_010.002" 2027 items.
20:55:30   2027 items loaded.
20:55:30 [CE][Storage] ver:0 stamp:0, valid:NO, name:"mpmissions\TheCommunity.enoch\storage_666\data\dynamic_011.bin"
20:55:30 [CE][Storage] ver:24 stamp:61, valid:yes, name:"mpmissions\TheCommunity.enoch\storage_666\data\dynamic_011.001"
20:55:30 [CE][Storage] ver:24 stamp:62, valid:yes, name:"mpmissions\TheCommunity.enoch\storage_666\data\dynamic_011.002"
20:55:30 [CE][Storage] Restoring file "mpmissions\TheCommunity.enoch\storage_666\data\dynamic_011.002" 273 items.
20:55:30   273 items loaded.
20:55:30 [CE][Hive] :: Storage load took:2.69 seconds, recovery stamp:63
20:55:30   entity: 12854, building: 0
20:55:30   no lifetime: 85
20:55:30 [CE][Hive] :: Initializing ... 
20:55:30 [CE][InitializeMap] :: initialized: 0
20:55:30 [CE][Hive] :: Initializing spawners ... 
20:55:32 [CE][LootRespawner] (PRIDummy) :: Item [0] causing search overtime: "CivSedanHood_Wine"
20:55:32 [CE][LootRespawner] (PRIDummy) :: Item [1] causing search overtime: "CivSedanHood_Wine"
20:55:32 [CE][LootRespawner] (PRIDummy) :: Item [2] causing search overtime: "CivSedanHood_Wine"
20:55:32 [CE][LootRespawner] (PRIDummy) :: Item [3] causing search overtime: "CivSedanHood_Wine"
20:55:32 [CE][LootRespawner] (PRIDummy) :: Item [4] causing search overtime: "CivSedanHood_Wine"
20:55:32 [CE][LootRespawner] (PRIDummy) :: Item [5] causing search overtime: "CivSedanHood_Wine"
20:55:32 [CE][LootRespawner] (PRIDummy) :: Item [6] causing search overtime: "CivSedanHood_Wine"
20:55:32 [CE][LootRespawner] (PRIDummy) :: Item [7] causing search overtime: "CivSedanHood_Wine"
20:55:32 [CE][LootRespawner] (PRIDummy) :: Item [8] causing search overtime: "CivSedanHood_Wine"
20:55:32 [CE][LootRespawner] (PRIDummy) :: Item [9] causing search overtime: "CivSedanHood_Wine"
20:55:32 [CE][LootRespawner] (PRIDummy) :: Item [10] causing search overtime: "Sedan_02_Trunk_Grey"
20:55:32 [CE][LootRespawner] (PRIDummy) :: Item [11] causing search overtime: "Sedan_02_Trunk_Grey"
20:55:32 [CE][LootRespawner] (PRIDummy) :: Item [12] causing search overtime: "Sedan_02_Trunk_Grey"
20:55:32 [CE][LootRespawner] (PRIDummy) :: Item [13] causing search overtime: "Sedan_02_Trunk_Grey"
20:55:32 [CE][LootRespawner] (PRIDummy) :: Item [14] causing search overtime: "Sedan_02_Trunk_Grey"
20:55:32 [CE][LootRespawner] (PRIDummy) :: Item [15] causing search overtime: "Sedan_02_Trunk_Grey"
20:55:32 [CE][LootRespawner] (PRIDummy) :: Item [16] causing search overtime: "Sedan_02_Trunk_Grey"
20:55:32 [CE][LootRespawner] (PRIDummy) :: Item [17] causing search overtime: "Sedan_02_Trunk_Grey"
20:55:32 [CE][LootRespawner] (PRIDummy) :: Item [18] causing search overtime: "Sedan_02_Trunk_Grey"
20:55:32 [CE][LootRespawner] (PRIDummy) :: Item [19] causing search overtime: "Sedan_02_Trunk_Grey"
20:55:32 [CE][LootRespawner] (PRIDummy) :: Initially (re)spawned:2, Nominal:12429, Total in Map: 12057 at 0 (sec)
20:55:32   tests:2, repeats:0 fails:0, overtime:500
20:55:32 [CE][DynEvent] :: 32 types
20:55:32 [00] AmbientHen
20:55:32   Primary Spawner: "Ambient", active: yes, repeat: 1
20:55:32 [01] AnimalBear
20:55:32   Primary Spawner: "Animal", active: yes, repeat: 1
20:55:32 [02] AnimalCow
20:55:32   Primary Spawner: "Animal", active: yes, repeat: 1
20:55:32 [03] AnimalDeer
20:55:32   Primary Spawner: "Animal", active: yes, repeat: 1
20:55:32 [04] AnimalGoat
20:55:32   Primary Spawner: "Animal", active: yes, repeat: 1
20:55:32 [05] AnimalPig
20:55:32   Primary Spawner: "Animal", active: yes, repeat: 1
20:55:32 [06] AnimalRoeDeer
20:55:32   Primary Spawner: "Animal", active: yes, repeat: 1
20:55:32 [07] AnimalSheep
20:55:32   Primary Spawner: "Animal", active: yes, repeat: 1
20:55:32 [08] AnimalWildBoar
20:55:32   Primary Spawner: "Animal", active: yes, repeat: 1
20:55:32 [09] AnimalWolf
20:55:32   Primary Spawner: "Animal", active: yes, repeat: 1
20:55:32 [10] InfectedArmy
20:55:32   Primary Spawner: "Infected", active: yes, repeat: 1
20:55:32 [11] InfectedCity
20:55:32   Primary Spawner: "Infected", active: yes, repeat: 1
20:55:32 [12] InfectedFirefighter
20:55:32   Primary Spawner: "Infected", active: yes, repeat: 1
20:55:32 [13] InfectedIndustrial
20:55:32   Primary Spawner: "Infected", active: yes, repeat: 1
20:55:32 [14] InfectedMedic
20:55:32   Primary Spawner: "Infected", active: yes, repeat: 1
20:55:32 [15] InfectedPolice
20:55:32   Primary Spawner: "Infected", active: yes, repeat: 1
20:55:32 [16] InfectedPrisoner
20:55:32   Primary Spawner: "Infected", active: yes, repeat: 1
20:55:32 [17] InfectedReligious
20:55:32   Primary Spawner: "Infected", active: yes, repeat: 1
20:55:32 [18] InfectedSolitude
20:55:32   Primary Spawner: "Infected", active: yes, repeat: 1
20:55:32 [19] InfectedVillage
20:55:32   Primary Spawner: "Infected", active: yes, repeat: 1
20:55:32 [20] ItemPlanks
20:55:32   Primary Spawner: "Item", active: yes, repeat: 1
20:55:32 [21] Loot
20:55:32   Primary Spawner: "Loot", active: yes, repeat: 2
20:55:32 [22] StaticHeliCrash
20:55:32   Primary Spawner: "Vehicle", active: yes, repeat: 1
20:55:32   Secondary Spawner: "Infected", active: yes, repeat: 1
20:55:32 [23] StaticPoliceCar
20:55:32   Primary Spawner: "Vehicle", active: yes, repeat: 1
20:55:32 [24] TrajectoryConiferous
20:55:32   Primary Spawner: "Trajectory", active: yes, repeat: 1
20:55:32 [25] TrajectoryDeciduous
20:55:32   Primary Spawner: "Trajectory", active: yes, repeat: 1
20:55:32 [26] TrajectoryHumus
20:55:32   Primary Spawner: "Trajectory", active: yes, repeat: 1
20:55:32 [27] TrajectoryStones
20:55:32   Primary Spawner: "Trajectory", active: yes, repeat: 1
20:55:32 [28] VehicleCivilianSedan
20:55:32   Primary Spawner: "Vehicle", active: yes, repeat: 1
20:55:32 [29] VehicleHatchback02
20:55:32   Primary Spawner: "Vehicle", active: yes, repeat: 1
20:55:32 [30] VehicleOffroadHatchback
20:55:32   Primary Spawner: "Vehicle", active: yes, repeat: 1
20:55:32 [31] VehicleSedan02
20:55:32   Primary Spawner: "Vehicle", active: yes, repeat: 1
20:55:32 [CE][Hive] :: Initializing of spawners done.
20:55:32 [CE][Hive] :: Init sequence finished.
20:55:55 BattlEye Server: RCon admin #0 (127.0.0.1:65298) logged in
20:56:03 Average server FPS: 2633.43 (measured interval: 30 s)
20:56:03 Used memory: 1272944 KB
20:56:03 Players: 0 in total
20:56:03 [CE][LootRespawner] (PRIDummy) :: Item [0] is hard to place, performance drops: "Sweater_Red"
20:56:33 Average server FPS: 3145.56 (measured interval: 30 s)
20:56:33 Used memory: 1280781 KB
20:56:33 Players: 0 in total
20:56:55 BattlEye Server: RCon admin #0: (Global) Welcome to The Community Test Server! This server restarts every 30 Minutes
20:57:00 BattlEye Server: RCon admin #0: (Global) Discord at https://discord.me/eXpoch -- I Still have TS3.donkeypunch.info
20:57:03 Average server FPS: 3044.70 (measured interval: 30 s)
20:57:03 Used memory: 1291364 KB
20:57:03 Players: 0 in total
20:57:10 BattlEye Server: RCon admin #0: (Global) Interesting new message here, inquire within battleye-BEC!
20:57:33 Average server FPS: 3240.13 (measured interval: 30 s)
20:57:33 Used memory: 1297669 KB
20:57:33 Players: 0 in total
20:58:03 Average server FPS: 2987.77 (measured interval: 30 s)
20:58:03 Used memory: 1310716 KB
20:58:03 Players: 0 in total
20:58:33 Average server FPS: 3122.77 (measured interval: 30 s)
20:58:33 Used memory: 1318048 KB
20:58:33 Players: 0 in total
20:59:03 Average server FPS: 3063.09 (measured interval: 30 s)
20:59:03 Used memory: 1328518 KB
20:59:03 Players: 0 in total
20:59:33 Average server FPS: 3103.12 (measured interval: 30 s)
20:59:33 Used memory: 1333450 KB
20:59:33 Players: 0 in total
21:00:03 Average server FPS: 3273.03 (measured interval: 30 s)
21:00:03 Used memory: 1341467 KB
21:00:03 Players: 0 in total
21:00:33 Average server FPS: 3321.23 (measured interval: 30 s)
21:00:33 Used memory: 1347513 KB
21:00:33 Players: 0 in total
