14:20:23 BattlEye Server: Initialized (v1.217)
14:20:23 SUCCESS: SteamGameServer_Init(0,8766,2442,28056,3,1.07.153006)
14:20:23 Roles assigned.
14:20:23 Reading mission ...
14:21:09 [CE][Hive] :: Initializing OFFLINE
14:21:09 [CE][Hive] :: Loading core data ... 
14:21:09 [CE][CoreData] :: 7 root classes, 19 defaults, 0 updaters...
14:21:14 [CE][RegisterBind] :: 0 classes binded...
14:21:14 [CE][RegisterConfig] :: 7390 config classes registered, 0 sub-counters...
14:21:14 [CE][Hive] :: Loading map data ... 
14:21:14 !!! [CE] :: Unknown category: 'vehicleparts'.
14:21:14 !!! [CE] :: Unknown category: 'vehicleparts'.
14:21:14 !!! [CE] :: Unknown category: 'vehicleparts'.
14:21:14 !!! [CE] :: Unknown category: 'vehicleparts'.
14:21:14 !!! [CE] :: Unknown category: 'vehicleparts'.
14:21:14 !!! [CE] :: Unknown category: 'vehicleparts'.
14:21:14 !!! [CE] :: Unknown category: 'vehicleparts'.
14:21:14 !!! [CE] :: Unknown category: 'vehicleparts'.
14:21:14 !!! [CE] :: Unknown category: 'vehicleparts'.
14:21:14 !!! [CE] :: Unknown category: 'vehicleparts'.
14:21:14 !!! [CE] :: Unknown category: 'vehicleparts'.
14:21:14 !!! [CE] :: Unknown category: 'vehicleparts'.
14:21:14 !!! [CE] :: Unknown category: 'vehicleparts'.
14:21:14 !!! [CE] :: Unknown category: 'vehicleparts'.
14:21:14 !!! [CE] :: Unknown category: 'vehicleparts'.
14:21:14 !!! [CE] :: Unknown category: 'vehicleparts'.
14:21:14 !!! [CE] :: Unknown category: 'vehicleparts'.
14:21:14 !!! [CE] :: Unknown category: 'vehicleparts'.
14:21:14 !!! [CE] :: Unknown category: 'vehicleparts'.
14:21:14 !!! [CE] :: Unknown category: 'vehicleparts'.
14:21:14 !!! [CE] :: Unknown category: 'vehicleparts'.
14:21:14 !!! [CE] :: Unknown category: 'vehicleparts'.
14:21:14 !!! [CE] :: Unknown category: 'vehicleparts'.
14:21:14 !!! [CE] :: Unknown category: 'vehicleparts'.
14:21:14 [CE][LoadPrototype] :: loaded 330 prototypes
14:21:14   702 containers, 9116 points
14:21:14   24 dispatches, 90 proxies
14:21:14 !!! [CE][LoadPrototype] 12 groups have no points...
14:21:14 !!![CE][LoadPrototype]  3 groups have wrong points...
14:21:14 [CE][LoadPrototype] :: last group name: Land_Lunapark_Autodrome...
14:21:14 [CE][LoadPrototype] :: loaded 0 prototypes
14:21:14   0 containers, 0 points
14:21:14   0 dispatches, 0 proxies
14:21:14 [CE][LoadPrototype] :: last group name: PathD_7100...
14:21:14 [CE][LoadMap] "Group" :: loaded 5086 groups, largest group range: 26.9
14:21:14 [CE][LoadMap] "Dirt" :: loaded 0 groups, largest group range: 26.9
14:21:14 [CE][LoadClusters] "Cluster" :: Loading files...
14:21:15 [CE][LoadClusters] :: file: "mapgroupcluster.xml", 4 types, 50000 instances
14:21:15 [CE][LoadClusters] :: file: "mapgroupcluster01", 4 types, 50000 instances
14:21:15 [CE][LoadClusters] :: file: "mapgroupcluster02", 4 types, 50000 instances
14:21:15 [CE][LoadClusters] :: file: "mapgroupcluster03", 4 types, 50000 instances
14:21:16 [CE][LoadClusters] :: file: "mapgroupcluster04", 4 types, 21297 instances
14:21:16 [CE][Storage] ver:21 stamp:30986, valid:yes, name:"mpmissions\TheCommunity.enoch\storage_666\data\types.bin"
14:21:16 [CE][Storage] ver:21 stamp:30984, valid:yes, name:"mpmissions\TheCommunity.enoch\storage_666\data\types.001"
14:21:16 [CE][Storage] ver:21 stamp:30985, valid:yes, name:"mpmissions\TheCommunity.enoch\storage_666\data\types.002"
14:21:16 [CE][Storage] Restoring file "mpmissions\TheCommunity.enoch\storage_666\data\types.bin".
14:21:16 [CE][offlineDB] :: Loaded 33 dynamic events 215 total types 0 total positions.
14:21:16 !!! [CE][offlineDB] :: Failed to read 'db/types.xml' file.
14:21:16 [CE][Storage] ver:21 stamp:30986, valid:yes, name:"mpmissions\TheCommunity.enoch\storage_666\data\events.bin"
14:21:16 [CE][Storage] ver:21 stamp:30984, valid:yes, name:"mpmissions\TheCommunity.enoch\storage_666\data\events.001"
14:21:16 [CE][Storage] ver:21 stamp:30985, valid:yes, name:"mpmissions\TheCommunity.enoch\storage_666\data\events.002"
14:21:16 [CE][Storage] Restoring file "mpmissions\TheCommunity.enoch\storage_666\data\events.bin".
14:21:16 [CE][DynamicEvent] Load  Events:[33] Primary spawners: 33 Secondary spawners: 1
14:21:16 [CE][Storage] ver:24 stamp:30986, valid:yes, name:"mpmissions\TheCommunity.enoch\storage_666\data\vehicles.bin"
14:21:16 [CE][Storage] ver:24 stamp:30984, valid:yes, name:"mpmissions\TheCommunity.enoch\storage_666\data\vehicles.001"
14:21:16 [CE][Storage] ver:24 stamp:30985, valid:yes, name:"mpmissions\TheCommunity.enoch\storage_666\data\vehicles.002"
14:21:16 [CE][Storage] Restoring file "mpmissions\TheCommunity.enoch\storage_666\data\vehicles.bin" 26 items.
14:21:16   26 items loaded.
14:21:16 [CE][Storage] ver:0 stamp:0, valid:NO, name:"mpmissions\TheCommunity.enoch\storage_666\data\dynamic_000.bin"
14:21:16 [CE][Storage] ver:24 stamp:30984, valid:yes, name:"mpmissions\TheCommunity.enoch\storage_666\data\dynamic_000.001"
14:21:16 [CE][Storage] ver:24 stamp:30985, valid:yes, name:"mpmissions\TheCommunity.enoch\storage_666\data\dynamic_000.002"
14:21:16 [CE][Storage] Restoring file "mpmissions\TheCommunity.enoch\storage_666\data\dynamic_000.002" 10 items.
14:21:16   10 items loaded.
14:21:16 [CE][Storage] ver:0 stamp:0, valid:NO, name:"mpmissions\TheCommunity.enoch\storage_666\data\dynamic_001.bin"
14:21:16 [CE][Storage] ver:24 stamp:30984, valid:yes, name:"mpmissions\TheCommunity.enoch\storage_666\data\dynamic_001.001"
14:21:16 [CE][Storage] ver:24 stamp:30985, valid:yes, name:"mpmissions\TheCommunity.enoch\storage_666\data\dynamic_001.002"
14:21:16 [CE][Storage] Restoring file "mpmissions\TheCommunity.enoch\storage_666\data\dynamic_001.002" 90 items.
14:21:16   90 items loaded.
14:21:16 [CE][Storage] ver:0 stamp:0, valid:NO, name:"mpmissions\TheCommunity.enoch\storage_666\data\dynamic_002.bin"
14:21:16 [CE][Storage] ver:24 stamp:30984, valid:yes, name:"mpmissions\TheCommunity.enoch\storage_666\data\dynamic_002.001"
14:21:16 [CE][Storage] ver:24 stamp:30985, valid:yes, name:"mpmissions\TheCommunity.enoch\storage_666\data\dynamic_002.002"
14:21:16 [CE][Storage] Restoring file "mpmissions\TheCommunity.enoch\storage_666\data\dynamic_002.002" 24 items.
14:21:16   24 items loaded.
14:21:16 [CE][Storage] ver:0 stamp:0, valid:NO, name:"mpmissions\TheCommunity.enoch\storage_666\data\dynamic_003.bin"
14:21:16 [CE][Storage] ver:24 stamp:30984, valid:yes, name:"mpmissions\TheCommunity.enoch\storage_666\data\dynamic_003.001"
14:21:16 [CE][Storage] ver:24 stamp:30985, valid:yes, name:"mpmissions\TheCommunity.enoch\storage_666\data\dynamic_003.002"
14:21:16 [CE][Storage] Restoring file "mpmissions\TheCommunity.enoch\storage_666\data\dynamic_003.002" 54 items.
14:21:16   54 items loaded.
14:21:16 [CE][Storage] ver:0 stamp:0, valid:NO, name:"mpmissions\TheCommunity.enoch\storage_666\data\dynamic_004.bin"
14:21:16 [CE][Storage] ver:24 stamp:30984, valid:yes, name:"mpmissions\TheCommunity.enoch\storage_666\data\dynamic_004.001"
14:21:16 [CE][Storage] ver:24 stamp:30985, valid:yes, name:"mpmissions\TheCommunity.enoch\storage_666\data\dynamic_004.002"
14:21:16 [CE][Storage] Restoring file "mpmissions\TheCommunity.enoch\storage_666\data\dynamic_004.002" 47 items.
14:21:16   47 items loaded.
14:21:16 [CE][Storage] ver:0 stamp:0, valid:NO, name:"mpmissions\TheCommunity.enoch\storage_666\data\dynamic_005.bin"
14:21:16 [CE][Storage] ver:24 stamp:30984, valid:yes, name:"mpmissions\TheCommunity.enoch\storage_666\data\dynamic_005.001"
14:21:16 [CE][Storage] ver:24 stamp:30985, valid:yes, name:"mpmissions\TheCommunity.enoch\storage_666\data\dynamic_005.002"
14:21:16 [CE][Storage] Restoring file "mpmissions\TheCommunity.enoch\storage_666\data\dynamic_005.002" 61 items.
14:21:16   61 items loaded.
14:21:16 [CE][Storage] ver:0 stamp:0, valid:NO, name:"mpmissions\TheCommunity.enoch\storage_666\data\dynamic_006.bin"
14:21:16 [CE][Storage] ver:24 stamp:30984, valid:yes, name:"mpmissions\TheCommunity.enoch\storage_666\data\dynamic_006.001"
14:21:16 [CE][Storage] ver:24 stamp:30985, valid:yes, name:"mpmissions\TheCommunity.enoch\storage_666\data\dynamic_006.002"
14:21:16 [CE][Storage] Restoring file "mpmissions\TheCommunity.enoch\storage_666\data\dynamic_006.002" 51 items.
14:21:16   51 items loaded.
14:21:16 [CE][Storage] ver:0 stamp:0, valid:NO, name:"mpmissions\TheCommunity.enoch\storage_666\data\dynamic_007.bin"
14:21:16 [CE][Storage] ver:24 stamp:30984, valid:yes, name:"mpmissions\TheCommunity.enoch\storage_666\data\dynamic_007.001"
14:21:16 [CE][Storage] ver:24 stamp:30985, valid:yes, name:"mpmissions\TheCommunity.enoch\storage_666\data\dynamic_007.002"
14:21:16 [CE][Storage] Restoring file "mpmissions\TheCommunity.enoch\storage_666\data\dynamic_007.002" 34 items.
14:21:16   34 items loaded.
14:21:16 [CE][Storage] ver:0 stamp:0, valid:NO, name:"mpmissions\TheCommunity.enoch\storage_666\data\dynamic_008.bin"
14:21:16 [CE][Storage] ver:24 stamp:30984, valid:yes, name:"mpmissions\TheCommunity.enoch\storage_666\data\dynamic_008.001"
14:21:16 [CE][Storage] ver:24 stamp:30985, valid:yes, name:"mpmissions\TheCommunity.enoch\storage_666\data\dynamic_008.002"
14:21:16 [CE][Storage] Restoring file "mpmissions\TheCommunity.enoch\storage_666\data\dynamic_008.002" 30 items.
14:21:16   30 items loaded.
14:21:16 [CE][Storage] ver:0 stamp:0, valid:NO, name:"mpmissions\TheCommunity.enoch\storage_666\data\dynamic_009.bin"
14:21:16 [CE][Storage] ver:24 stamp:30984, valid:yes, name:"mpmissions\TheCommunity.enoch\storage_666\data\dynamic_009.001"
14:21:16 [CE][Storage] ver:24 stamp:30985, valid:yes, name:"mpmissions\TheCommunity.enoch\storage_666\data\dynamic_009.002"
14:21:16 [CE][Storage] Restoring file "mpmissions\TheCommunity.enoch\storage_666\data\dynamic_009.002" 20 items.
14:21:16   20 items loaded.
14:21:16 [CE][Storage] ver:0 stamp:0, valid:NO, name:"mpmissions\TheCommunity.enoch\storage_666\data\dynamic_010.bin"
14:21:16 [CE][Storage] ver:24 stamp:30984, valid:yes, name:"mpmissions\TheCommunity.enoch\storage_666\data\dynamic_010.001"
14:21:16 [CE][Storage] ver:24 stamp:30985, valid:yes, name:"mpmissions\TheCommunity.enoch\storage_666\data\dynamic_010.002"
14:21:16 [CE][Storage] Restoring file "mpmissions\TheCommunity.enoch\storage_666\data\dynamic_010.002" 116 items.
14:21:16   116 items loaded.
14:21:16 [CE][Storage] ver:0 stamp:0, valid:NO, name:"mpmissions\TheCommunity.enoch\storage_666\data\dynamic_011.bin"
14:21:16 [CE][Storage] ver:24 stamp:30984, valid:yes, name:"mpmissions\TheCommunity.enoch\storage_666\data\dynamic_011.001"
14:21:16 [CE][Storage] ver:24 stamp:30985, valid:yes, name:"mpmissions\TheCommunity.enoch\storage_666\data\dynamic_011.002"
14:21:16 [CE][Storage] Restoring file "mpmissions\TheCommunity.enoch\storage_666\data\dynamic_011.002" 18 items.
14:21:16   18 items loaded.
14:21:16 [CE][Hive] :: Storage load took:0.30 seconds, recovery stamp:30986
14:21:16   entity: 776, building: 0
14:21:16   no lifetime: 26
14:21:16 [CE][Hive] :: Initializing ... 
14:21:16 [CE][InitializeMap] :: initialized: 0
14:21:16 [CE][Hive] :: Initializing spawners ... 
14:21:16 [CE][DynEvent] :: 33 types
14:21:16 [00] AmbientHen
14:21:16   Primary Spawner: "Ambient", active: yes, repeat: 1
14:21:16 [01] AnimalBear
14:21:16   Primary Spawner: "Animal", active: yes, repeat: 1
14:21:16 [02] AnimalCow
14:21:16   Primary Spawner: "Animal", active: yes, repeat: 1
14:21:16 [03] AnimalDeer
14:21:16   Primary Spawner: "Animal", active: yes, repeat: 1
14:21:16 [04] AnimalGoat
14:21:16   Primary Spawner: "Animal", active: yes, repeat: 1
14:21:16 [05] AnimalPig
14:21:16   Primary Spawner: "Animal", active: yes, repeat: 1
14:21:16 [06] AnimalRoeDeer
14:21:16   Primary Spawner: "Animal", active: yes, repeat: 1
14:21:16 [07] AnimalSheep
14:21:16   Primary Spawner: "Animal", active: yes, repeat: 1
14:21:16 [08] AnimalWildBoar
14:21:16   Primary Spawner: "Animal", active: yes, repeat: 1
14:21:16 [09] AnimalWolf
14:21:16   Primary Spawner: "Animal", active: yes, repeat: 1
14:21:16 [10] InfectedArmy
14:21:16   Primary Spawner: "Infected", active: yes, repeat: 1
14:21:16 [11] InfectedCity
14:21:16   Primary Spawner: "Infected", active: yes, repeat: 1
14:21:16 [12] InfectedFirefighter
14:21:16   Primary Spawner: "Infected", active: yes, repeat: 1
14:21:16 [13] InfectedIndustrial
14:21:16   Primary Spawner: "Infected", active: yes, repeat: 1
14:21:16 [14] I