19:56:09 BattlEye Server: Initialized (v1.217)
19:56:09 SUCCESS: SteamGameServer_Init(0,8766,2442,28056,3,1.07.153006)
19:56:09 Roles assigned.
19:56:09 Reading mission ...
19:56:56 [CE][Hive] :: Initializing OFFLINE
19:56:56 [CE][Hive] :: Loading core data ... 
19:56:56 [CE][CoreData] :: 7 root classes, 19 defaults, 0 updaters...
19:56:59 [CE][TypeSetup] :: 408 classes setuped...
19:57:00 [CE][RegisterBind] :: 0 classes binded...
19:57:00 [CE][RegisterConfig] :: 3115 config classes registered, 1 sub-counters...
19:57:00 [CE][Hive] :: Loading map data ... 
19:57:00 !!! [CE] :: Unknown category: 'vehicleparts'.
19:57:00 !!! [CE] :: Unknown category: 'vehicleparts'.
19:57:00 !!! [CE] :: Unknown category: 'vehicleparts'.
19:57:00 !!! [CE] :: Unknown category: 'vehicleparts'.
19:57:00 !!! [CE] :: Unknown category: 'vehicleparts'.
19:57:00 !!! [CE] :: Unknown category: 'vehicleparts'.
19:57:00 !!! [CE] :: Unknown category: 'vehicleparts'.
19:57:00 !!! [CE] :: Unknown category: 'vehicleparts'.
19:57:00 !!! [CE] :: Unknown category: 'vehicleparts'.
19:57:00 !!! [CE] :: Unknown category: 'vehicleparts'.
19:57:00 !!! [CE] :: Unknown category: 'vehicleparts'.
19:57:00 !!! [CE] :: Unknown category: 'vehicleparts'.
19:57:00 !!! [CE] :: Unknown category: 'vehicleparts'.
19:57:00 !!! [CE] :: Unknown category: 'vehicleparts'.
19:57:00 !!! [CE] :: Unknown category: 'vehicleparts'.
19:57:00 !!! [CE] :: Unknown category: 'vehicleparts'.
19:57:00 !!! [CE] :: Unknown category: 'vehicleparts'.
19:57:00 !!! [CE] :: Unknown category: 'vehicleparts'.
19:57:00 !!! [CE] :: Unknown category: 'vehicleparts'.
19:57:00 !!! [CE] :: Unknown category: 'vehicleparts'.
19:57:00 !!! [CE] :: Unknown category: 'vehicleparts'.
19:57:00 !!! [CE] :: Unknown category: 'vehicleparts'.
19:57:00 !!! [CE] :: Unknown category: 'vehicleparts'.
19:57:00 !!! [CE] :: Unknown category: 'vehicleparts'.
19:57:00 [CE][LoadPrototype] :: loaded 330 prototypes
19:57:00   702 containers, 9116 points
19:57:00   24 dispatches, 90 proxies
19:57:00 !!! [CE][LoadPrototype] 12 groups have no points...
19:57:00 !!![CE][LoadPrototype]  3 groups have wrong points...
19:57:00 [CE][LoadPrototype] :: last group name: Land_Lunapark_Autodrome...
19:57:00 [CE][LoadPrototype] :: loaded 0 prototypes
19:57:00   0 containers, 0 points
19:57:00   0 dispatches, 0 proxies
19:57:00 [CE][LoadPrototype] :: last group name: PathD_7100...
19:57:00 [CE][LoadMap] "Group" :: loaded 5086 groups, largest group range: 26.9
19:57:00 [CE][LoadMap] "Dirt" :: loaded 0 groups, largest group range: 26.9
19:57:00 [CE][LoadClusters] "Cluster" :: Loading files...
19:57:01 [CE][LoadClusters] :: file: "mapgroupcluster.xml", 4 types, 50000 instances
19:57:01 [CE][LoadClusters] :: file: "mapgroupcluster01", 4 types, 50000 instances
19:57:01 [CE][LoadClusters] :: file: "mapgroupcluster02", 4 types, 50000 instances
19:57:01 [CE][LoadClusters] :: file: "mapgroupcluster03", 4 types, 50000 instances
19:57:01 [CE][LoadClusters] :: file: "mapgroupcluster04", 4 types, 21297 instances
19:57:01 [CE][Storage] ver:21 stamp:2975, valid:yes, name:"mpmissions\TheCommunity.enoch\storage_666\data\types.bin"
19:57:01 [CE][Storage] ver:21 stamp:2973, valid:yes, name:"mpmissions\TheCommunity.enoch\storage_666\data\types.001"
19:57:01 [CE][Storage] ver:21 stamp:2974, valid:yes, name:"mpmissions\TheCommunity.enoch\storage_666\data\types.002"
19:57:01 [CE][Storage] Restoring file "mpmissions\TheCommunity.enoch\storage_666\data\types.bin".
19:57:01 [CE][offlineDB] :: Loaded 32 dynamic events 211 total types 0 total positions.
19:57:01 [CE][Storage] ver:21 stamp:2975, valid:yes, name:"mpmissions\TheCommunity.enoch\storage_666\data\events.bin"
19:57:01 [CE][Storage] ver:21 stamp:2973, valid:yes, name:"mpmissions\TheCommunity.enoch\storage_666\data\events.001"
19:57:01 [CE][Storage] ver:21 stamp:2974, valid:yes, name:"mpmissions\TheCommunity.enoch\storage_666\data\events.002"
19:57:01 [CE][Storage] Restoring file "mpmissions\TheCommunity.enoch\storage_666\data\events.bin".
19:57:01 [CE][DynamicEvent] Load  Events:[32] Primary spawners: 32 Secondary spawners: 1
19:57:01 [CE][Storage] ver:24 stamp:2975, valid:yes, name:"mpmissions\TheCommunity.enoch\storage_666\data\vehicles.bin"
19:57:01 [CE][Storage] ver:24 stamp:2973, valid:yes, name:"mpmissions\TheCommunity.enoch\storage_666\data\vehicles.001"
19:57:01 [CE][Storage] ver:24 stamp:2974, valid:yes, name:"mpmissions\TheCommunity.enoch\storage_666\data\vehicles.002"
19:57:01 [CE][Storage] Restoring file "mpmissions\TheCommunity.enoch\storage_666\data\vehicles.bin" 87 items.
19:57:01   87 items loaded.
19:57:01 [CE][Storage] ver:0 stamp:0, valid:NO, name:"mpmissions\TheCommunity.enoch\storage_666\data\dynamic_000.bin"
19:57:01 [CE][Storage] ver:24 stamp:2973, valid:yes, name:"mpmissions\TheCommunity.enoch\storage_666\data\dynamic_000.001"
19:57:01 [CE][Storage] ver:24 stamp:2974, valid:yes, name:"mpmissions\TheCommunity.enoch\storage_666\data\dynamic_000.002"
19:57:01 [CE][Storage] Restoring file "mpmissions\TheCommunity.enoch\storage_666\data\dynamic_000.002" 254 items.
19:57:02   254 items loaded.
19:57:02 [CE][Storage] ver:0 stamp:0, valid:NO, name:"mpmissions\TheCommunity.enoch\storage_666\data\dynamic_001.bin"
19:57:02 [CE][Storage] ver:24 stamp:2973, valid:yes, name:"mpmissions\TheCommunity.enoch\storage_666\data\dynamic_001.001"
19:57:02 [CE][Storage] ver:24 stamp:2974, valid:yes, name:"mpmissions\TheCommunity.enoch\storage_666\data\dynamic_001.002"
19:57:02 [CE][Storage] Restoring file "mpmissions\TheCommunity.enoch\storage_666\data\dynamic_001.002" 1527 items.
19:57:02   1527 items loaded.
19:57:02 [CE][Storage] ver:0 stamp:0, valid:NO, name:"mpmissions\TheCommunity.enoch\storage_666\data\dynamic_002.bin"
19:57:02 [CE][Storage] ver:24 stamp:2973, valid:yes, name:"mpmissions\TheCommunity.enoch\storage_666\data\dynamic_002.001"
19:57:02 [CE][Storage] ver:24 stamp:2974, valid:yes, name:"mpmissions\TheCommunity.enoch\storage_666\data\dynamic_002.002"
19:57:02 [CE][Storage] Restoring file "mpmissions\TheCommunity.enoch\storage_666\data\dynamic_002.002" 404 items.
19:57:02   404 items loaded.
19:57:02 [CE][Storage] ver:0 stamp:0, valid:NO, name:"mpmissions\TheCommunity.enoch\storage_666\data\dynamic_003.bin"
19:57:02 [CE][Storage] ver:24 stamp:2973, valid:yes, name:"mpmissions\TheCommunity.enoch\storage_666\data\dynamic_003.001"
19:57:02 [CE][Storage] ver:24 stamp:2974, valid:yes, name:"mpmissions\TheCommunity.enoch\storage_666\data\dynamic_003.002"
19:57:02 [CE][Storage] Restoring file "mpmissions\TheCommunity.enoch\storage_666\data\dynamic_003.002" 809 items.
19:57:02   809 items loaded.
19:57:02 [CE][Storage] ver:0 stamp:0, valid:NO, name:"mpmissions\TheCommunity.enoch\storage_666\data\dynamic_004.bin"
19:57:02 [CE][Storage] ver:24 stamp:2973, valid:yes, name:"mpmissions\TheCommunity.enoch\storage_666\data\dynamic_004.001"
19:57:02 [CE][Storage] ver:24 stamp:2974, valid:yes, name:"mpmissions\TheCommunity.enoch\storage_666\data\dynamic_004.002"
19:57:02 [CE][Storage] Restoring file "mpmissions\TheCommunity.enoch\storage_666\data\dynamic_004.002" 934 items.
19:57:03   934 items loaded.
19:57:03 [CE][Storage] ver:0 stamp:0, valid:NO, name:"mpmissions\TheCommunity.enoch\storage_666\data\dynamic_005.bin"
19:57:03 [CE][Storage] ver:24 stamp:2973, valid:yes, name:"mpmissions\TheCommunity.enoch\storage_666\data\dynamic_005.001"
19:57:03 [CE][Storage] ver:24 stamp:2974, valid:yes, name:"mpmissions\TheCommunity.enoch\storage_666\data\dynamic_005.002"
19:57:03 [CE][Storage] Restoring file "mpmissions\TheCommunity.enoch\storage_666\data\dynamic_005.002" 1189 items.
19:57:03   1189 items loaded.
19:57:03 [CE][Storage] ver:0 stamp:0, valid:NO, name:"mpmissions\TheCommunity.enoch\storage_666\data\dynamic_006.bin"
19:57:03 [CE][Storage] ver:24 stamp:2973, valid:yes, name:"mpmissions\TheCommunity.enoch\storage_666\data\dynamic_006.001"
19:57:03 [CE][Storage] ver:24 stamp:2974, valid:yes, name:"mpmissions\TheCommunity.enoch\storage_666\data\dynamic_006.002"
19:57:03 [CE][Storage] Restoring file "mpmissions\TheCommunity.enoch\storage_666\data\dynamic_006.002" 633 items.
19:57:03   633 items loaded.
19:57:03 [CE][Storage] ver:0 stamp:0, valid:NO, name:"mpmissions\TheCommunity.enoch\storage_666\data\dynamic_007.bin"
19:57:03 [CE][Storage] ver:24 stamp:2973, valid:yes, name:"mpmissions\TheCommunity.enoch\storage_666\data\dynamic_007.001"
19:57:03 [CE][Storage] ver:24 stamp:2974, valid:yes, name:"mpmissions\TheCommunity.enoch\storage_666\data\dynamic_007.002"
19:57:03 [CE][Storage] Restoring file "mpmissions\TheCommunity.enoch\storage_666\data\dynamic_007.002" 709 items.
19:57:03   709 items loaded.
19:57:03 [CE][Storage] ver:0 stamp:0, valid:NO, name:"mpmissions\TheCommunity.enoch\storage_666\data\dynamic_008.bin"
19:57:03 [CE][Storage] ver:24 stamp:2973, valid:yes, name:"mpmissions\TheCommunity.enoch\storage_666\data\dynamic_008.001"
19:57:03 [CE][Storage] ver:24 stamp:2974, valid:yes, name:"mpmissions\TheCommunity.enoch\storage_666\data\dynamic_008.002"
19:57:03 [CE][Storage] Restoring file "mpmissions\TheCommunity.enoch\storage_666\data\dynamic_008.002" 655 items.
19:57:03   655 items loaded.
19:57:03 [CE][Storage] ver:0 stamp:0, valid:NO, name:"mpmissions\TheCommunity.enoch\storage_666\data\dynamic_009.bin"
19:57:03 [CE][Storage] ver:24 stamp:2973, valid:yes, name:"mpmissions\TheCommunity.enoch\storage_666\data\dynamic_009.001"
19:57:03 [CE][Storage] ver:24 stamp:2974, valid:yes, name:"mpmissions\TheCommunity.enoch\storage_666\data\dynamic_009.002"
19:57:03 [CE][Storage] Restoring file "mpmissions\TheCommunity.enoch\storage_666\data\dynamic_009.002" 578 items.
19:57:03   578 items loaded.
19:57:03 [CE][Storage] ver:0 stamp:0, valid:NO, name:"mpmissions\TheCommunity.enoch\storage_666\data\dynamic_010.bin"
19:57:03 [CE][Storage] ver:24 stamp:2973, valid:yes, name:"mpmissions\TheCommunity.enoch\storage_666\data\dynamic_010.001"
19:57:03 [CE][Storage] ver:24 stamp:2974, valid:yes, name:"mpmissions\TheCommunity.enoch\storage_666\data\dynamic_010.002"
19:57:03 [CE][Storage] Restoring file "mpmissions\TheCommunity.enoch\storage_666\data\dynamic_010.002" 1697 items.
19:57:04   1697 items loaded.
19:57:04 [CE][Storage] ver:0 stamp:0, valid:NO, name:"mpmissions\TheCommunity.enoch\storage_666\data\dynamic_011.bin"
19:57:04 [CE][Storage] ver:24 stamp:2973, valid:yes, name:"mpmissions\TheCommunity.enoch\storage_666\data\dynamic_011.001"
19:57:04 [CE][Storage] ver:24 stamp:2974, valid:yes, name:"mpmissions\TheCommunity.enoch\storage_666\data\dynamic_011.002"
19:57:04 [CE][Storage] Restoring file "mpmissions\TheCommunity.enoch\storage_666\data\dynamic_011.002" 218 items.
19:57:04   218 items loaded.
19:57:04 [CE][Hive] :: Storage load took:2.45 seconds, recovery stamp:2975
19:57:04   entity: 10428, building: 0
19:57:04   no lifetime: 40
19:57:04 [CE][Hive] :: Initializing ... 
19:57:04 [CE][InitializeMap] :: initialized: 0
19:57:04 [CE][Hive] :: Initializing spawners ... 
19:57:06 [CE][LootRespawner] (PRIDummy) :: Item [0] causing search overtime: "CivSedanHood_Wine"
19:57:06 [CE][LootRespawner] (PRIDummy) :: Item [1] causing search overtime: "CivSedanHood_Wine"
19:57:06 [CE][LootRespawner] (PRIDummy) :: Item [2] causing search overtime: "CivSedanHood_Wine"
19:57:06 [CE][LootRespawner] (PRIDummy) :: Item [3] causing search overtime: "CivSedanHood_Wine"
19:57:06 [CE][LootRespawner] (PRIDummy) :: Item [4] causing search overtime: "CivSedanHood_Wine"
19:57:06 [CE][LootRespawner] (PRIDummy) :: Item [5] causing search overtime: "CivSedanHood_Wine"
19:57:06 [CE][LootRespawner] (PRIDummy) :: Item [6] causing search overtime: "CivSedanHood_Wine"
19:57:06 [CE][LootRespawner] (PRIDummy) :: Item [7] causing search overtime: "CivSedanHood_Wine"
19:57:06 [CE][LootRespawner] (PRIDummy) :: Item [8] causing search overtime: "CivSedanHood_Wine"
19:57:06 [CE][LootRespawner] (PRIDummy) :: Item [9] causing search overtime: "CivSedanHood_Wine"
19:57:06 [CE][LootRespawner] (PRIDummy) :: Item [10] causing search overtime: "Sedan_02_Trunk_Grey"
19:57:06 [CE][LootRespawner] (PRIDummy) :: Item [11] causing search overtime: "Sedan_02_Trunk_Grey"
19:57:06 [CE][LootRespawner] (PRIDummy) :: Item [12] causing search overtime: "Sedan_02_Trunk_Grey"
19:57:06 [CE][LootRespawner] (PRIDummy) :: Item [13] causing search overtime: "Sedan_02_Trunk_Grey"
19:57:06 [CE][LootRespawner] (PRIDummy) :: Item [14] causing search overtime: "Sedan_02_Trunk_Grey"
19:57:06 [CE][LootRespawner] (PRIDummy) :: Item [15] causing search overtime: "Sedan_02_Trunk_Grey"
19:57:06 [CE][LootRespawner] (PRIDummy) :: Item [16] causing search overtime: "Sedan_02_Trunk_Grey"
19:57:06 [CE][LootRespawner] (PRIDummy) :: Item [17] causing search overtime: "Sedan_02_Trunk_Grey"
19:57:06 [CE][LootRespawner] (PRIDummy) :: Item [18] causing search overtime: "Sedan_02_Trunk_Grey"
19:57:06 [CE][LootRespawner] (PRIDummy) :: Item [19] causing search overtime: "Sedan_02_Trunk_Grey"
19:57:06 [CE][LootRespawner] (PRIDummy) :: Initially (re)spawned:31, Nominal:12429, Total in Map: 9764 at 0 (sec)
19:57:06   tests:31, repeats:0 fails:0, overtime:480
19:57:06 [CE][DynEvent] :: 32 types
19:57:06 [00] AmbientHen
19:57:06   Primary Spawner: "Ambient", active: yes, repeat: 1
19:57:06 [01] AnimalBear
19:57:06   Primary Spawner: "Animal", active: yes, repeat: 1
19:57:06 [02] AnimalCow
19:57:06   Primary Spawner: "Animal", active: yes, repeat: 1
19:57:06 [03] AnimalDeer
19:57:06   Primary Spawner: "Animal", active: yes, repeat: 1
19:57:06 [04] AnimalGoat
19:57:06   Primary Spawner: "Animal", active: yes, repeat: 1
19:57:06 [05] AnimalPig
19:57:06   Primary Spawner: "Animal", active: yes, repeat: 1
19:57:06 [06] AnimalRoeDeer
19:57:06   Primary Spawner: "Animal", active: yes, repeat: 1
19:57:06 [07] AnimalSheep
19:57:06   Primary Spawner: "Animal", active: yes, repeat: 1
19:57:06 [08] AnimalWildBoar
19:57:06   Primary Spawner: "Animal", active: yes, repeat: 1
19:57:06 [09] AnimalWolf
19:57:06   Primary Spawner: "Animal", active: yes, repeat: 1
19:57:06 [10] InfectedArmy
19:57:06   Primary Spawner: "Infected", active: yes, repeat: 1
19:57:06 [11] InfectedCity
19:57:06   Primary Spawner: "Infected", active: yes, repeat: 1
19:57:06 [12] InfectedFirefighter
19:57:06   Primary Spawner: "Infected", active: yes, repeat: 1
19:57:06 [13] InfectedIndustrial
19:57:06   Primary Spawner: "Infected", active: yes, repeat: 1
19:57:06 [14] InfectedMedic
19:57:06   Primary Spawner: "Infected", active: yes, repeat: 1
19:57:06 [15] InfectedPolice
19:57:06   Primary Spawner: "Infected", active: yes, repeat: 1
19:57:06 [16] InfectedPrisoner
19:57:06   Primary Spawner: "Infected", active: yes, repeat: 1
19:57:06 [17] InfectedReligious
19:57:06   Primary Spawner: "Infected", active: yes, repeat: 1
19:57:06 [18] InfectedSolitude
19:57:06   Primary Spawner: "Infected", active: yes, repeat: 1
19:57:06 [19] InfectedVillage
19:57:06   Primary Spawner: "Infected", active: yes, repeat: 1
19:57:06 [20] ItemPlanks
19:57:06   Primary Spawner: "Item", active: yes, repeat: 1
19:57:06 [21] Loot
19:57:06   Primary Spawner: "Loot", active: yes, repeat: 2
19:57:06 [22] StaticHeliCrash
19:57:06   Primary Spawner: "Vehicle", active: yes, repeat: 1
19:57:06   Secondary Spawner: "Infected", active: yes, repeat: 1
19:57:06 [23] StaticPoliceCar
19:57:06   Primary Spawner: "Vehicle", active: yes, repeat: 1
19:57:06 [24] TrajectoryConiferous
19:57:06   Primary Spawner: "Trajectory", active: yes, repeat: 1
19:57:06 [25] TrajectoryDeciduous
19:57:06   Primary Spawner: "Trajectory", active: yes, repeat: 1
19:57:06 [26] TrajectoryHumus
19:57:06   Primary Spawner: "Trajectory", active: yes, repeat: 1
19:57:06 [27] TrajectoryStones
19:57:06   Primary Spawner: "Trajectory", active: yes, repeat: 1
19:57:06 [28] VehicleCivilianSedan
19:57:06   Primary Spawner: "Vehicle", active: yes, repeat: 1
19:57:06 [29] VehicleHatchback02
19:57:06   Primary Spawner: "Vehicle", active: yes, repeat: 1
19:57:06 [30] VehicleOffroadHatchback
19:57:06   Primary Spawner: "Vehicle", active: yes, repeat: 1
19:57:06 [31] VehicleSedan02
19:57:06   Primary Spawner: "Vehicle", active: yes, repeat: 1
19:57:06 [CE][Hive] :: Initializing of spawners done.
19:57:06 [CE][Hive] :: Init sequence finished.
19:57:28 BattlEye Server: RCon admin #0 (127.0.0.1:62555) logged in
19:57:36 Average server FPS: 2283.73 (measured interval: 30 s)
19:57:36 Used memory: 1278755 KB
19:57:36 Players: 0 in total
