22:20:57 BattlEye Server: Initialized (v1.217)
22:20:57 SUCCESS: SteamGameServer_Init(0,8766,2442,28056,3,1.07.153006)
22:20:57 Roles assigned.
22:20:57 Reading mission ...
22:21:22 [CE][Hive] :: Initializing OFFLINE
22:21:22 [CE][Hive] :: Loading core data ... 
22:21:22 [CE][CoreData] :: 7 root classes, 19 defaults, 0 updaters...
22:21:26 [CE][TypeSetup] :: 408 classes setuped...
22:21:27 [CE][RegisterBind] :: 0 classes binded...
22:21:27 [CE][RegisterConfig] :: 3115 config classes registered, 1 sub-counters...
22:21:27 [CE][Hive] :: Loading map data ... 
22:21:27 !!! [CE] :: Unknown category: 'vehicleparts'.
22:21:27 !!! [CE] :: Unknown category: 'vehicleparts'.
22:21:27 !!! [CE] :: Unknown category: 'vehicleparts'.
22:21:27 !!! [CE] :: Unknown category: 'vehicleparts'.
22:21:27 !!! [CE] :: Unknown category: 'vehicleparts'.
22:21:27 !!! [CE] :: Unknown category: 'vehicleparts'.
22:21:27 !!! [CE] :: Unknown category: 'vehicleparts'.
22:21:27 !!! [CE] :: Unknown category: 'vehicleparts'.
22:21:27 !!! [CE] :: Unknown category: 'vehicleparts'.
22:21:27 !!! [CE] :: Unknown category: 'vehicleparts'.
22:21:27 !!! [CE] :: Unknown category: 'vehicleparts'.
22:21:27 !!! [CE] :: Unknown category: 'vehicleparts'.
22:21:27 !!! [CE] :: Unknown category: 'vehicleparts'.
22:21:27 !!! [CE] :: Unknown category: 'vehicleparts'.
22:21:27 !!! [CE] :: Unknown category: 'vehicleparts'.
22:21:27 !!! [CE] :: Unknown category: 'vehicleparts'.
22:21:27 !!! [CE] :: Unknown category: 'vehicleparts'.
22:21:27 !!! [CE] :: Unknown category: 'vehicleparts'.
22:21:27 !!! [CE] :: Unknown category: 'vehicleparts'.
22:21:27 !!! [CE] :: Unknown category: 'vehicleparts'.
22:21:27 !!! [CE] :: Unknown category: 'vehicleparts'.
22:21:27 !!! [CE] :: Unknown category: 'vehicleparts'.
22:21:27 !!! [CE] :: Unknown category: 'vehicleparts'.
22:21:27 !!! [CE] :: Unknown category: 'vehicleparts'.
22:21:27 [CE][LoadPrototype] :: loaded 330 prototypes
22:21:27   702 containers, 9116 points
22:21:27   24 dispatches, 90 proxies
22:21:27 !!! [CE][LoadPrototype] 12 groups have no points...
22:21:27 !!![CE][LoadPrototype]  3 groups have wrong points...
22:21:27 [CE][LoadPrototype] :: last group name: Land_Lunapark_Autodrome...
22:21:27 [CE][LoadPrototype] :: loaded 0 prototypes
22:21:27   0 containers, 0 points
22:21:27   0 dispatches, 0 proxies
22:21:27 [CE][LoadPrototype] :: last group name: PathD_7100...
22:21:27 [CE][LoadMap] "Group" :: loaded 5086 groups, largest group range: 26.9
22:21:27 [CE][LoadMap] "Dirt" :: loaded 0 groups, largest group range: 26.9
22:21:27 [CE][LoadClusters] "Cluster" :: Loading files...
22:21:28 [CE][LoadClusters] :: file: "mapgroupcluster.xml", 4 types, 50000 instances
22:21:28 [CE][LoadClusters] :: file: "mapgroupcluster01", 4 types, 50000 instances
22:21:28 [CE][LoadClusters] :: file: "mapgroupcluster02", 4 types, 50000 instances
22:21:28 [CE][LoadClusters] :: file: "mapgroupcluster03", 4 types, 50000 instances
22:21:28 [CE][LoadClusters] :: file: "mapgroupcluster04", 4 types, 21297 instances
22:21:28 [CE][Storage] ver:21 stamp:219, valid:yes, name:"mpmissions\TheCommunity.enoch\storage_666\data\types.bin"
22:21:28 [CE][Storage] ver:21 stamp:217, valid:yes, name:"mpmissions\TheCommunity.enoch\storage_666\data\types.001"
22:21:28 [CE][Storage] ver:21 stamp:218, valid:yes, name:"mpmissions\TheCommunity.enoch\storage_666\data\types.002"
22:21:28 [CE][Storage] Restoring file "mpmissions\TheCommunity.enoch\storage_666\data\types.bin".
22:21:29 [CE][offlineDB] :: Loaded 32 dynamic events 211 total types 0 total positions.
22:21:29 [CE][Storage] ver:21 stamp:219, valid:yes, name:"mpmissions\TheCommunity.enoch\storage_666\data\events.bin"
22:21:29 [CE][Storage] ver:21 stamp:217, valid:yes, name:"mpmissions\TheCommunity.enoch\storage_666\data\events.001"
22:21:29 [CE][Storage] ver:21 stamp:218, valid:yes, name:"mpmissions\TheCommunity.enoch\storage_666\data\events.002"
22:21:29 [CE][Storage] Restoring file "mpmissions\TheCommunity.enoch\storage_666\data\events.bin".
22:21:29 [CE][DynamicEvent] Load  Events:[32] Primary spawners: 32 Secondary spawners: 1
22:21:29 [CE][Storage] ver:24 stamp:219, valid:yes, name:"mpmissions\TheCommunity.enoch\storage_666\data\vehicles.bin"
22:21:29 [CE][Storage] ver:24 stamp:217, valid:yes, name:"mpmissions\TheCommunity.enoch\storage_666\data\vehicles.001"
22:21:29 [CE][Storage] ver:24 stamp:218, valid:yes, name:"mpmissions\TheCommunity.enoch\storage_666\data\vehicles.002"
22:21:29 [CE][Storage] Restoring file "mpmissions\TheCommunity.enoch\storage_666\data\vehicles.bin" 104 items.
22:21:29   104 items loaded.
22:21:29 [CE][Storage] ver:0 stamp:0, valid:NO, name:"mpmissions\TheCommunity.enoch\storage_666\data\dynamic_000.bin"
22:21:29 [CE][Storage] ver:24 stamp:217, valid:yes, name:"mpmissions\TheCommunity.enoch\storage_666\data\dynamic_000.001"
22:21:29 [CE][Storage] ver:24 stamp:218, valid:yes, name:"mpmissions\TheCommunity.enoch\storage_666\data\dynamic_000.002"
22:21:29 [CE][Storage] Restoring file "mpmissions\TheCommunity.enoch\storage_666\data\dynamic_000.002" 294 items.
22:21:29   294 items loaded.
22:21:29 [CE][Storage] ver:0 stamp:0, valid:NO, name:"mpmissions\TheCommunity.enoch\storage_666\data\dynamic_001.bin"
22:21:29 [CE][Storage] ver:24 stamp:217, valid:yes, name:"mpmissions\TheCommunity.enoch\storage_666\data\dynamic_001.001"
22:21:29 [CE][Storage] ver:24 stamp:218, valid:yes, name:"mpmissions\TheCommunity.enoch\storage_666\data\dynamic_001.002"
22:21:29 [CE][Storage] Restoring file "mpmissions\TheCommunity.enoch\storage_666\data\dynamic_001.002" 1838 items.
22:21:29   1838 items loaded.
22:21:29 [CE][Storage] ver:0 stamp:0, valid:NO, name:"mpmissions\TheCommunity.enoch\storage_666\data\dynamic_002.bin"
22:21:30 [CE][Storage] ver:24 stamp:217, valid:yes, name:"mpmissions\TheCommunity.enoch\storage_666\data\dynamic_002.001"
22:21:30 [CE][Storage] ver:24 stamp:218, valid:yes, name:"mpmissions\TheCommunity.enoch\storage_666\data\dynamic_002.002"
22:21:30 [CE][Storage] Restoring file "mpmissions\TheCommunity.enoch\storage_666\data\dynamic_002.002" 489 items.
22:21:30   489 items loaded.
22:21:30 [CE][Storage] ver:0 stamp:0, valid:NO, name:"mpmissions\TheCommunity.enoch\storage_666\data\dynamic_003.bin"
22:21:30 [CE][Storage] ver:24 stamp:217, valid:yes, name:"mpmissions\TheCommunity.enoch\storage_666\data\dynamic_003.001"
22:21:30 [CE][Storage] ver:24 stamp:218, valid:yes, name:"mpmissions\TheCommunity.enoch\storage_666\data\dynamic_003.002"
22:21:30 [CE][Storage] Restoring file "mpmissions\TheCommunity.enoch\storage_666\data\dynamic_003.002" 953 items.
22:21:30   953 items loaded.
22:21:30 [CE][Storage] ver:0 stamp:0, valid:NO, name:"mpmissions\TheCommunity.enoch\storage_666\data\dynamic_004.bin"
22:21:30 [CE][Storage] ver:24 stamp:217, valid:yes, name:"mpmissions\TheCommunity.enoch\storage_666\data\dynamic_004.001"
22:21:30 [CE][Storage] ver:24 stamp:218, valid:yes, name:"mpmissions\TheCommunity.enoch\storage_666\data\dynamic_004.002"
22:21:30 [CE][Storage] Restoring file "mpmissions\TheCommunity.enoch\storage_666\data\dynamic_004.002" 1133 items.
22:21:30   1133 items loaded.
22:21:30 [CE][Storage] ver:0 stamp:0, valid:NO, name:"mpmissions\TheCommunity.enoch\storage_666\data\dynamic_005.bin"
22:21:30 [CE][Storage] ver:24 stamp:217, valid:yes, name:"mpmissions\TheCommunity.enoch\storage_666\data\dynamic_005.001"
22:21:30 [CE][Storage] ver:24 stamp:218, valid:yes, name:"mpmissions\TheCommunity.enoch\storage_666\data\dynamic_005.002"
22:21:30 [CE][Storage] Restoring file "mpmissions\TheCommunity.enoch\storage_666\data\dynamic_005.002" 1437 items.
22:21:30   1437 items loaded.
22:21:30 [CE][Storage] ver:0 stamp:0, valid:NO, name:"mpmissions\TheCommunity.enoch\storage_666\data\dynamic_006.bin"
22:21:30 [CE][Storage] ver:24 stamp:217, valid:yes, name:"mpmissions\TheCommunity.enoch\storage_666\data\dynamic_006.001"
22:21:30 [CE][Storage] ver:24 stamp:218, valid:yes, name:"mpmissions\TheCommunity.enoch\storage_666\data\dynamic_006.002"
22:21:30 [CE][Storage] Restoring file "mpmissions\TheCommunity.enoch\storage_666\data\dynamic_006.002" 798 items.
22:21:31   798 items loaded.
22:21:31 [CE][Storage] ver:0 stamp:0, valid:NO, name:"mpmissions\TheCommunity.enoch\storage_666\data\dynamic_007.bin"
22:21:31 [CE][Storage] ver:24 stamp:217, valid:yes, name:"mpmissions\TheCommunity.enoch\storage_666\data\dynamic_007.001"
22:21:31 [CE][Storage] ver:24 stamp:218, valid:yes, name:"mpmissions\TheCommunity.enoch\storage_666\data\dynamic_007.002"
22:21:31 [CE][Storage] Restoring file "mpmissions\TheCommunity.enoch\storage_666\data\dynamic_007.002" 891 items.
22:21:31   891 items loaded.
22:21:31 [CE][Storage] ver:0 stamp:0, valid:NO, name:"mpmissions\TheCommunity.enoch\storage_666\data\dynamic_008.bin"
22:21:31 [CE][Storage] ver:24 stamp:217, valid:yes, name:"mpmissions\TheCommunity.enoch\storage_666\data\dynamic_008.001"
22:21:31 [CE][Storage] ver:24 stamp:218, valid:yes, name:"mpmissions\TheCommunity.enoch\storage_666\data\dynamic_008.002"
22:21:31 [CE][Storage] Restoring file "mpmissions\TheCommunity.enoch\storage_666\data\dynamic_008.002" 820 items.
22:21:31   820 items loaded.
22:21:31 [CE][Storage] ver:0 stamp:0, valid:NO, name:"mpmissions\TheCommunity.enoch\storage_666\data\dynamic_009.bin"
22:21:31 [CE][Storage] ver:24 stamp:217, valid:yes, name:"mpmissions\TheCommunity.enoch\storage_666\data\dynamic_009.001"
22:21:31 [CE][Storage] ver:24 stamp:218, valid:yes, name:"mpmissions\TheCommunity.enoch\storage_666\data\dynamic_009.002"
22:21:31 [CE][Storage] Restoring file "mpmissions\TheCommunity.enoch\storage_666\data\dynamic_009.002" 727 items.
22:21:31   727 items loaded.
22:21:31 [CE][Storage] ver:0 stamp:0, valid:NO, name:"mpmissions\TheCommunity.enoch\storage_666\data\dynamic_010.bin"
22:21:31 [CE][Storage] ver:24 stamp:217, valid:yes, name:"mpmissions\TheCommunity.enoch\storage_666\data\dynamic_010.001"
22:21:31 [CE][Storage] ver:24 stamp:218, valid:yes, name:"mpmissions\TheCommunity.enoch\storage_666\data\dynamic_010.002"
22:21:31 [CE][Storage] Restoring file "mpmissions\TheCommunity.enoch\storage_666\data\dynamic_010.002" 1980 items.
22:21:32   1980 items loaded.
22:21:32 [CE][Storage] ver:0 stamp:0, valid:NO, name:"mpmissions\TheCommunity.enoch\storage_666\data\dynamic_011.bin"
22:21:32 [CE][Storage] ver:24 stamp:217, valid:yes, name:"mpmissions\TheCommunity.enoch\storage_666\data\dynamic_011.001"
22:21:32 [CE][Storage] ver:24 stamp:218, valid:yes, name:"mpmissions\TheCommunity.enoch\storage_666\data\dynamic_011.002"
22:21:32 [CE][Storage] Restoring file "mpmissions\TheCommunity.enoch\storage_666\data\dynamic_011.002" 281 items.
22:21:32   281 items loaded.
22:21:32 [CE][Hive] :: Storage load took:3.28 seconds, recovery stamp:219
22:21:32   entity: 12582, building: 0
22:21:32   no lifetime: 40
22:21:32 [CE][Hive] :: Initializing ... 
22:21:32 [CE][InitializeMap] :: initialized: 0
22:21:32 [CE][Hive] :: Initializing spawners ... 
22:21:34 [CE][LootRespawner] (PRIDummy) :: Item [0] causing search overtime: "CivSedanHood_Wine"
22:21:34 [CE][LootRespawner] (PRIDummy) :: Item [1] causing search overtime: "CivSedanHood_Wine"
22:21:34 [CE][LootRespawner] (PRIDummy) :: Item [2] causing search overtime: "CivSedanHood_Wine"
22:21:34 [CE][LootRespawner] (PRIDummy) :: Item [3] causing search overtime: "CivSedanHood_Wine"
22:21:34 [CE][LootRespawner] (PRIDummy) :: Item [4] causing search overtime: "CivSedanHood_Wine"
22:21:34 [CE][LootRespawner] (PRIDummy) :: Item [5] causing search overtime: "CivSedanHood_Wine"
22:21:34 [CE][LootRespawner] (PRIDummy) :: Item [6] causing search overtime: "CivSedanHood_Wine"
22:21:34 [CE][LootRespawner] (PRIDummy) :: Item [7] causing search overtime: "CivSedanHood_Wine"
22:21:34 [CE][LootRespawner] (PRIDummy) :: Item [8] causing search overtime: "CivSedanHood_Wine"
22:21:34 [CE][LootRespawner] (PRIDummy) :: Item [9] causing search overtime: "CivSedanHood_Wine"
22:21:34 [CE][LootRespawner] (PRIDummy) :: Item [10] causing search overtime: "Sedan_02_Trunk_Grey"
22:21:34 [CE][LootRespawner] (PRIDummy) :: Item [11] causing search overtime: "Sedan_02_Trunk_Grey"
22:21:34 [CE][LootRespawner] (PRIDummy) :: Item [12] causing search overtime: "Sedan_02_Trunk_Grey"
22:21:34 [CE][LootRespawner] (PRIDummy) :: Item [13] causing search overtime: "Sedan_02_Trunk_Grey"
22:21:34 [CE][LootRespawner] (PRIDummy) :: Item [14] causing search overtime: "Sedan_02_Trunk_Grey"
22:21:34 [CE][LootRespawner] (PRIDummy) :: Item [15] causing search overtime: "Sedan_02_Trunk_Grey"
22:21:34 [CE][LootRespawner] (PRIDummy) :: Item [16] causing search overtime: "Sedan_02_Trunk_Grey"
22:21:34 [CE][LootRespawner] (PRIDummy) :: Item [17] causing search overtime: "Sedan_02_Trunk_Grey"
22:21:34 [CE][LootRespawner] (PRIDummy) :: Item [18] causing search overtime: "Sedan_02_Trunk_Grey"
22:21:34 [CE][LootRespawner] (PRIDummy) :: Item [19] causing search overtime: "Sedan_02_Trunk_Grey"
22:21:34 [CE][LootRespawner] (PRIDummy) :: Initially (re)spawned:46, Nominal:12429, Total in Map: 11830 at 0 (sec)
22:21:34   tests:46, repeats:0 fails:0, overtime:480
22:21:34 [CE][DynEvent] :: 32 types
22:21:34 [00] AmbientHen
22:21:34   Primary Spawner: "Ambient", active: yes, repeat: 1
22:21:34 [01] AnimalBear
22:21:34   Primary Spawner: "Animal", active: yes, repeat: 1
22:21:34 [02] AnimalCow
22:21:34   Primary Spawner: "Animal", active: yes, repeat: 1
22:21:34 [03] AnimalDeer
22:21:34   Primary Spawner: "Animal", active: yes, repeat: 1
22:21:34 [04] AnimalGoat
22:21:34   Primary Spawner: "Animal", active: yes, repeat: 1
22:21:34 [05] AnimalPig
22:21:34   Primary Spawner: "Animal", active: yes, repeat: 1
22:21:34 [06] AnimalRoeDeer
22:21:34   Primary Spawner: "Animal", active: yes, repeat: 1
22:21:34 [07] AnimalSheep
22:21:34   Primary Spawner: "Animal", active: yes, repeat: 1
22:21:34 [08] AnimalWildBoar
22:21:34   Primary Spawner: "Animal", active: yes, repeat: 1
22:21:34 [09] AnimalWolf
22:21:34   Primary Spawner: "Animal", active: yes, repeat: 1
22:21:34 [10] InfectedArmy
22:21:34   Primary Spawner: "Infected", active: yes, repeat: 1
22:21:34 [11] InfectedCity
22:21:34   Primary Spawner: "Infected", active: yes, repeat: 1
22:21:34 [12] InfectedFirefighter
22:21:34   Primary Spawner: "Infected", active: yes, repeat: 1
22:21:34 [13] InfectedIndustrial
22:21:34   Primary Spawner: "Infected", active: yes, repeat: 1
22:21:34 [14] InfectedMedic
22:21:34   Primary Spawner: "Infected", active: yes, repeat: 1
22:21:34 [15] InfectedPolice
22:21:34   Primary Spawner: "Infected", active: yes, repeat: 1
22:21:34 [16] InfectedPrisoner
22:21:34   Primary Spawner: "Infected", active: yes, repeat: 1
22:21:34 [17] InfectedReligious
22:21:34   Primary Spawner: "Infected", active: yes, repeat: 1
22:21:34 [18] InfectedSolitude
22:21:34   Primary Spawner: "Infected", active: yes, repeat: 1
22:21:34 [19] InfectedVillage
22:21:34   Primary Spawner: "Infected", active: yes, repeat: 1
22:21:34 [20] ItemPlanks
22:21:34   Primary Spawner: "Item", active: yes, repeat: 1
22:21:34 [21] Loot
22:21:34   Primary Spawner: "Loot", active: yes, repeat: 2
22:21:34 [22] StaticHeliCrash
22:21:34   Primary Spawner: "Vehicle", active: yes, repeat: 1
22:21:34   Secondary Spawner: "Infected", active: yes, repeat: 1
22:21:34 [23] StaticPoliceCar
22:21:34   Primary Spawner: "Vehicle", active: yes, repeat: 1
22:21:34 [24] TrajectoryConiferous
22:21:34   Primary Spawner: "Trajectory", active: yes, repeat: 1
22:21:34 [25] TrajectoryDeciduous
22:21:34   Primary Spawner: "Trajectory", active: yes, repeat: 1
22:21:34 [26] TrajectoryHumus
22:21:34   Primary Spawner: "Trajectory", active: yes, repeat: 1
22:21:34 [27] TrajectoryStones
22:21:34   Primary Spawner: "Trajectory", active: yes, repeat: 1
22:21:34 [28] VehicleCivilianSedan
22:21:34   Primary Spawner: "Vehicle", active: yes, repeat: 1
22:21:34 [29] VehicleHatchback02
22:21:34   Primary Spawner: "Vehicle", active: yes, repeat: 1
22:21:34 [30] VehicleOffroadHatchback
22:21:34   Primary Spawner: "Vehicle", active: yes, repeat: 1
22:21:34 [31] VehicleSedan02
22:21:34   Primary Spawner: "Vehicle", active: yes, repeat: 1
22:21:34 [CE][Hive] :: Initializing of spawners done.
22:21:34 [CE][Hive] :: Init sequence finished.
22:22:04 Average server FPS: 6147.10 (measured interval: 30 s)
22:22:04 Used memory: 1283339 KB
22:22:04 Players: 0 in total
22:22:15 BattlEye Server: RCon admin #0 (127.0.0.1:57199) logged in
22:22:34 Average server FPS: 7343.87 (measured interval: 30 s)
22:22:34 Used memory: 1298428 KB
22:22:34 Players: 0 in total
22:23:04 Average server FPS: 7282.50 (measured interval: 30 s)
22:23:04 Used memory: 1313772 KB
22:23:04 Players: 0 in total
22:23:15 BattlEye Server: RCon admin #0: (Global) Welcome to The Community Test Server! This server restarts every 30 Minutes
22:23:20 BattlEye Server: RCon admin #0: (Global) Discord at https://discord.me/eXpoch -- I Still have TS3.donkeypunch.info
22:23:30 BattlEye Server: RCon admin #0: (Global) Interesting new message here, inquire within battleye-BEC!
22:23:34 Average server FPS: 6330.43 (measured interval: 30 s)
22:23:34 Used memory: 1330212 KB
22:23:34 Players: 0 in total
22:24:04 Average server FPS: 8160.57 (measured interval: 30 s)
22:24:04 Used memory: 1344442 KB
22:24:04 Players: 0 in total
22:24:34 Average server FPS: 8650.13 (measured interval: 30 s)
22:24:34 Used memory: 1351953 KB
22:24:34 Players: 0 in total
22:25:04 Average server FPS: 8870.17 (measured interval: 30 s)
22:25:04 Used memory: 1351900 KB
22:25:04 Players: 0 in total
22:25:34 Average server FPS: 9274.47 (measured interval: 30 s)
22:25:34 Used memory: 1351905 KB
22:25:34 Players: 0 in total
22:26:04 Average server FPS: 8971.33 (measured interval: 30 s)
22:26:04 Used memory: 1351816 KB
22:26:04 Players: 0 in total
22:26:34 Average server FPS: 9511.00 (measured interval: 30 s)
22:26:34 Used memory: 1351881 KB
22:26:34 Players: 0 in total
22:27:04 Average server FPS: 9175.73 (measured interval: 30 s)
22:27:04 Used memory: 1351876 KB
22:27:04 Players: 0 in total
22:27:15 BattlEye Server: RCon admin #0: (Global) The Community TEST SERVER will reboot in 25 minutes.
22:27:34 Average server FPS: 9359.97 (measured interval: 30 s)
22:27:34 Used memory: 1352002 KB
22:27:34 Players: 0 in total
22:28:04 Average server FPS: 9063.00 (measured interval: 30 s)
22:28:04 Used memory: 1351928 KB
22:28:04 Players: 0 in total
22:28:34 Average server FPS: 9486.33 (measured interval: 30 s)
22:28:34 Used memory: 1351861 KB
22:28:34 Players: 0 in total
22:29:04 Average server FPS: 9373.43 (measured interval: 30 s)
22:29:04 Used memory: 1351864 KB
22:29:04 Players: 0 in total
22:29:34 Average server FPS: 9286.07 (measured interval: 30 s)
22:29:34 Used memory: 1351772 KB
22:29:34 Players: 0 in total
22:30:04 Average server FPS: 9432.77 (measured interval: 30 s)
22:30:04 Used memory: 1351783 KB
22:30:04 Players: 0 in total
22:30:34 Average server FPS: 9319.50 (measured interval: 30 s)
22:30:34 Used memory: 1351730 KB
22:30:34 Players: 0 in total
22:31:04 Average server FPS: 9081.20 (measured interval: 30 s)
22:31:04 Used memory: 1351779 KB
22:31:04 Players: 0 in total
22:31:34 Average server FPS: 8981.17 (measured interval: 30 s)
22:31:34 Used memory: 1351739 KB
22:31:34 Players: 0 in total
22:32:04 Average server FPS: 9103.57 (measured interval: 30 s)
22:32:04 Used memory: 1351738 KB
22:32:04 Players: 0 in total
22:32:34 Average server FPS: 9334.70 (measured interval: 30 s)
22:32:34 Used memory: 1351633 KB
22:32:34 Players: 0 in total
22:33:04 Average server FPS: 9023.40 (measured interval: 30 s)
22:33:04 Used memory: 1351614 KB
22:33:04 Players: 0 in total
22:33:15 BattlEye Server: RCon admin #0: (Global) Welcome to The Community Test Server! This server restarts every 30 Minutes
22:33:20 BattlEye Server: RCon admin #0: (Global) Discord at https://discord.me/eXpoch -- I Still have TS3.donkeypunch.info
22:33:30 BattlEye Server: RCon admin #0: (Global) Interesting new message here, inquire within battleye-BEC!
22:33:34 Average server FPS: 9317.60 (measured interval: 30 s)
22:33:34 Used memory: 1351765 KB
22:33:34 Players: 0 in total
22:33:44 [CE][LootRespawner] (PRIDummy) :: Item [0] is hard to place, performance drops: "RadarCap_Brown"
22:34:04 Average server FPS: 9278.93 (measured interval: 30 s)
22:34:04 Used memory: 1351756 KB
22:34:04 Players: 0 in total
22:34:34 Average server FPS: 9246.83 (measured interval: 30 s)
22:34:34 Used memory: 1351685 KB
22:34:34 Players: 0 in total
22:35:04 Average server FPS: 9341.03 (measured interval: 30 s)
22:35:04 Used memory: 1351683 KB
22:35:04 Players: 0 in total
22:35:34 Average server FPS: 9366.37 (measured interval: 30 s)
22:35:34 Used memory: 1351588 KB
22:35:34 Players: 0 in total
22:36:04 Average server FPS: 9230.37 (measured interval: 30 s)
22:36:04 Used memory: 1351578 KB
22:36:04 Players: 0 in total
22:36:34 Average server FPS: 9326.07 (measured interval: 30 s)
22:36:34 Used memory: 1351457 KB
22:36:34 Players: 0 in total
22:37:04 Average server FPS: 9185.63 (measured interval: 30 s)
22:37:04 Used memory: 1351513 KB
22:37:04 Players: 0 in total
22:37:15 BattlEye Server: RCon admin #0: (Global) The Community TEST SERVER will reboot in 15 minutes.
22:37:34 Average server FPS: 8758.73 (measured interval: 30 s)
22:37:34 Used memory: 1351469 KB
22:37:34 Players: 0 in total
22:38:04 Average server FPS: 8943.00 (measured interval: 30 s)
22:38:04 Used memory: 1351436 KB
22:38:04 Players: 0 in total
22:38:34 Average server FPS: 9184.37 (measured interval: 30 s)
22:38:34 Used memory: 1351391 KB
22:38:34 Players: 0 in total
22:39:04 Average server FPS: 9279.87 (measured interval: 30 s)
22:39:04 Used memory: 1351359 KB
22:39:04 Players: 0 in total
22:39:34 Average server FPS: 8977.70 (measured interval: 30 s)
22:39:34 Used memory: 1351335 KB
22:39:34 Players: 0 in total
22:40:04 Average server FPS: 9172.77 (measured interval: 30 s)
22:40:04 Used memory: 1351255 KB
22:40:04 Players: 0 in total
22:40:34 Average server FPS: 9325.75 (measured interval: 30 s)
22:40:34 Used memory: 1351237 KB
22:40:34 Players: 0 in total
22:41:04 Average server FPS: 9372.87 (measured interval: 30 s)
22:41:04 Used memory: 1351151 KB
22:41:04 Players: 0 in total
22:41:34 Average server FPS: 9468.66 (measured interval: 30 s)
22:41:34 Used memory: 1351044 KB
22:41:34 Players: 0 in total
22:42:04 Average server FPS: 9207.34 (measured interval: 30 s)
22:42:04 Used memory: 1351033 KB
22:42:04 Players: 0 in total
22:42:35 Average server FPS: 9407.92 (measured interval: 30 s)
22:42:35 Used memory: 1351084 KB
22:42:35 Players: 0 in total
22:43:05 Average server FPS: 9120.71 (measured interval: 30 s)
22:43:05 Used memory: 1350991 KB
22:43:05 Players: 0 in total
22:43:15 BattlEye Server: RCon admin #0: (Global) Welcome to The Community Test Server! This server restarts every 30 Minutes
22:43:20 BattlEye Server: RCon admin #0: (Global) Discord at https://discord.me/eXpoch -- I Still have TS3.donkeypunch.info
22:43:30 BattlEye Server: RCon admin #0: (Global) Interesting new message here, inquire within battleye-BEC!
22:43:35 Average server FPS: 9065.09 (measured interval: 30 s)
22:43:35 Used memory: 1350958 KB
22:43:35 Players: 0 in total
22:44:05 Average server FPS: 9379.34 (measured interval: 30 s)
22:44:05 Used memory: 1350963 KB
22:44:05 Players: 0 in total
22:44:35 Average server FPS: 8905.95 (measured interval: 30 s)
22:44:35 Used memory: 1350981 KB
22:44:35 Players: 0 in total
22:45:05 Average server FPS: 9378.87 (measured interval: 30 s)
22:45:05 Used memory: 1350920 KB
22:45:05 Players: 0 in total
22:45:35 Average server FPS: 9190.59 (measured interval: 30 s)
22:45:35 Used memory: 1350854 KB
22:45:35 Players: 0 in total
22:46:05 Average server FPS: 9118.83 (measured interval: 30 s)
22:46:05 Used memory: 1350726 KB
22:46:05 Players: 0 in total
22:46:35 Average server FPS: 9308.00 (measured interval: 30 s)
22:46:35 Used memory: 1350640 KB
22:46:35 Players: 0 in total
22:47:05 Average server FPS: 9155.73 (measured interval: 30 s)
22:47:05 Used memory: 1350575 KB
22:47:05 Players: 0 in total
22:47:15 BattlEye Server: RCon admin #0: (Global) The Community TEST SERVER will reboot in 5 minutes. Wrap it up, getting close
22:47:35 Average server FPS: 9251.95 (measured interval: 30 s)
22:47:35 Used memory: 1350517 KB
22:47:35 Players: 0 in total
22:48:05 Average server FPS: 9328.63 (measured interval: 30 s)
22:48:05 Used memory: 1350424 KB
22:48:05 Players: 0 in total
22:48:35 Average server FPS: 9410.48 (measured interval: 30 s)
22:48:35 Used memory: 1350389 KB
22:48:35 Players: 0 in total
22:49:05 Average server FPS: 9274.61 (measured interval: 30 s)
22:49:05 Used memory: 1350429 KB
22:49:05 Players: 0 in total
22:49:35 Average server FPS: 9197.90 (measured interval: 30 s)
22:49:35 Used memory: 1350383 KB
22:49:35 Players: 0 in total
22:50:05 Average server FPS: 8730.78 (measured interval: 30 s)
22:50:05 Used memory: 1350281 KB
22:50:05 Players: 0 in total
22:50:15 BattlEye Server: RCon admin #0: (Global) The Community TEST SERVER will reboot in 2 minutes. LOG OUT NOW!
22:50:35 Average server FPS: 8149.58 (measured interval: 30 s)
22:50:35 Used memory: 1350326 KB
22:50:35 Players: 0 in total
22:51:05 Average server FPS: 8597.38 (measured interval: 30 s)
22:51:05 Used memory: 1350197 KB
22:51:05 Players: 0 in total
