19:19:05 BattlEye Server: Initialized (v1.217)
19:19:05 SUCCESS: SteamGameServer_Init(0,8766,2442,28056,3,1.07.153006)
19:19:05 Roles assigned.
19:19:05 Reading mission ...
19:19:40 [CE][Hive] :: Initializing OFFLINE
19:19:40 [CE][Hive] :: Loading core data ... 
19:19:40 [CE][CoreData] :: 7 root classes, 19 defaults, 0 updaters...
19:19:40 [CE][offlineDB] :: Conversion of characters started.
19:19:40 [CE][offlineDB] :: Processing 0 players.
19:19:40 [CE][offlineDB] :: Conversion of characters successfully completed.
19:19:44 [CE][TypeSetup] :: 408 classes setuped...
19:19:44 [CE][RegisterBind] :: 0 classes binded...
19:19:44 [CE][RegisterConfig] :: 3115 config classes registered, 1 sub-counters...
19:19:44 [CE][Hive] :: Loading map data ... 
19:19:44 !!! [CE] :: Unknown category: 'vehicleparts'.
19:19:44 !!! [CE] :: Unknown category: 'vehicleparts'.
19:19:44 !!! [CE] :: Unknown category: 'vehicleparts'.
19:19:44 !!! [CE] :: Unknown category: 'vehicleparts'.
19:19:44 !!! [CE] :: Unknown category: 'vehicleparts'.
19:19:44 !!! [CE] :: Unknown category: 'vehicleparts'.
19:19:44 !!! [CE] :: Unknown category: 'vehicleparts'.
19:19:44 !!! [CE] :: Unknown category: 'vehicleparts'.
19:19:44 !!! [CE] :: Unknown category: 'vehicleparts'.
19:19:44 !!! [CE] :: Unknown category: 'vehicleparts'.
19:19:44 !!! [CE] :: Unknown category: 'vehicleparts'.
19:19:44 !!! [CE] :: Unknown category: 'vehicleparts'.
19:19:44 !!! [CE] :: Unknown category: 'vehicleparts'.
19:19:44 !!! [CE] :: Unknown category: 'vehicleparts'.
19:19:44 !!! [CE] :: Unknown category: 'vehicleparts'.
19:19:44 !!! [CE] :: Unknown category: 'vehicleparts'.
19:19:44 !!! [CE] :: Unknown category: 'vehicleparts'.
19:19:44 !!! [CE] :: Unknown category: 'vehicleparts'.
19:19:44 !!! [CE] :: Unknown category: 'vehicleparts'.
19:19:44 !!! [CE] :: Unknown category: 'vehicleparts'.
19:19:44 !!! [CE] :: Unknown category: 'vehicleparts'.
19:19:44 !!! [CE] :: Unknown category: 'vehicleparts'.
19:19:44 !!! [CE] :: Unknown category: 'vehicleparts'.
19:19:44 !!! [CE] :: Unknown category: 'vehicleparts'.
19:19:44 [CE][LoadPrototype] :: loaded 330 prototypes
19:19:44   702 containers, 9116 points
19:19:44   24 dispatches, 90 proxies
19:19:44 !!! [CE][LoadPrototype] 12 groups have no points...
19:19:44 !!![CE][LoadPrototype]  3 groups have wrong points...
19:19:44 [CE][LoadPrototype] :: last group name: Land_Lunapark_Autodrome...
19:19:44 [CE][LoadPrototype] :: loaded 0 prototypes
19:19:44   0 containers, 0 points
19:19:44   0 dispatches, 0 proxies
19:19:44 [CE][LoadPrototype] :: last group name: PathD_7100...
19:19:44 [CE][LoadMap] "Group" :: loaded 5086 groups, largest group range: 26.9
19:19:44 [CE][LoadMap] "Dirt" :: loaded 0 groups, largest group range: 26.9
19:19:45 [CE][LoadClusters] "Cluster" :: Loading files...
19:19:45 [CE][LoadClusters] :: file: "mapgroupcluster.xml", 4 types, 50000 instances
19:19:45 [CE][LoadClusters] :: file: "mapgroupcluster01", 4 types, 50000 instances
19:19:45 [CE][LoadClusters] :: file: "mapgroupcluster02", 4 types, 50000 instances
19:19:45 [CE][LoadClusters] :: file: "mapgroupcluster03", 4 types, 50000 instances
19:19:46 [CE][LoadClusters] :: file: "mapgroupcluster04", 4 types, 21297 instances
19:19:46 [CE][Storage] ver:0 stamp:0, valid:NO, name:"mpmissions\TheCommunity.enoch\storage_666\data\types.bin"
19:19:46 [CE][Storage] ver:0 stamp:0, valid:NO, name:"mpmissions\TheCommunity.enoch\storage_666\data\types.001"
19:19:46 [CE][Storage] ver:0 stamp:0, valid:NO, name:"mpmissions\TheCommunity.enoch\storage_666\data\types.002"
19:19:46 [CE][offlineDB] :: Loaded 32 dynamic events 211 total types 0 total positions.
19:19:46 [CE][Storage] ver:0 stamp:0, valid:NO, name:"mpmissions\TheCommunity.enoch\storage_666\data\events.bin"
19:19:46 [CE][Storage] ver:0 stamp:0, valid:NO, name:"mpmissions\TheCommunity.enoch\storage_666\data\events.001"
19:19:46 [CE][Storage] ver:0 stamp:0, valid:NO, name:"mpmissions\TheCommunity.enoch\storage_666\data\events.002"
19:19:46 [CE][Storage] ver:0 stamp:0, valid:NO, name:"mpmissions\TheCommunity.enoch\storage_666\data\vehicles.bin"
19:19:46 [CE][Storage] ver:0 stamp:0, valid:NO, name:"mpmissions\TheCommunity.enoch\storage_666\data\vehicles.001"
19:19:46 [CE][Storage] ver:0 stamp:0, valid:NO, name:"mpmissions\TheCommunity.enoch\storage_666\data\vehicles.002"
19:19:46 [CE][Storage] ver:0 stamp:0, valid:NO, name:"mpmissions\TheCommunity.enoch\storage_666\data\dynamic_000.bin"
19:19:46 [CE][Storage] ver:0 stamp:0, valid:NO, name:"mpmissions\TheCommunity.enoch\storage_666\data\dynamic_000.001"
19:19:46 [CE][Storage] ver:0 stamp:0, valid:NO, name:"mpmissions\TheCommunity.enoch\storage_666\data\dynamic_000.002"
19:19:46 [CE][Storage] ver:0 stamp:0, valid:NO, name:"mpmissions\TheCommunity.enoch\storage_666\data\dynamic_001.bin"
19:19:46 [CE][Storage] ver:0 stamp:0, valid:NO, name:"mpmissions\TheCommunity.enoch\storage_666\data\dynamic_001.001"
19:19:46 [CE][Storage] ver:0 stamp:0, valid:NO, name:"mpmissions\TheCommunity.enoch\storage_666\data\dynamic_001.002"
19:19:46 [CE][Storage] ver:0 stamp:0, valid:NO, name:"mpmissions\TheCommunity.enoch\storage_666\data\dynamic_002.bin"
19:19:46 [CE][Storage] ver:0 stamp:0, valid:NO, name:"mpmissions\TheCommunity.enoch\storage_666\data\dynamic_002.001"
19:19:46 [CE][Storage] ver:0 stamp:0, valid:NO, name:"mpmissions\TheCommunity.enoch\storage_666\data\dynamic_002.002"
19:19:46 [CE][Storage] ver:0 stamp:0, valid:NO, name:"mpmissions\TheCommunity.enoch\storage_666\data\dynamic_003.bin"
19:19:46 [CE][Storage] ver:0 stamp:0, valid:NO, name:"mpmissions\TheCommunity.enoch\storage_666\data\dynamic_003.001"
19:19:46 [CE][Storage] ver:0 stamp:0, valid:NO, name:"mpmissions\TheCommunity.enoch\storage_666\data\dynamic_003.002"
19:19:46 [CE][Storage] ver:0 stamp:0, valid:NO, name:"mpmissions\TheCommunity.enoch\storage_666\data\dynamic_004.bin"
19:19:46 [CE][Storage] ver:0 stamp:0, valid:NO, name:"mpmissions\TheCommunity.enoch\storage_666\data\dynamic_004.001"
19:19:46 [CE][Storage] ver:0 stamp:0, valid:NO, name:"mpmissions\TheCommunity.enoch\storage_666\data\dynamic_004.002"
19:19:46 [CE][Storage] ver:0 stamp:0, valid:NO, name:"mpmissions\TheCommunity.enoch\storage_666\data\dynamic_005.bin"
19:19:46 [CE][Storage] ver:0 stamp:0, valid:NO, name:"mpmissions\TheCommunity.enoch\storage_666\data\dynamic_005.001"
19:19:46 [CE][Storage] ver:0 stamp:0, valid:NO, name:"mpmissions\TheCommunity.enoch\storage_666\data\dynamic_005.002"
19:19:46 [CE][Storage] ver:0 stamp:0, valid:NO, name:"mpmissions\TheCommunity.enoch\storage_666\data\dynamic_006.bin"
19:19:46 [CE][Storage] ver:0 stamp:0, valid:NO, name:"mpmissions\TheCommunity.enoch\storage_666\data\dynamic_006.001"
19:19:46 [CE][Storage] ver:0 stamp:0, valid:NO, name:"mpmissions\TheCommunity.enoch\storage_666\data\dynamic_006.002"
19:19:46 [CE][Storage] ver:0 stamp:0, valid:NO, name:"mpmissions\TheCommunity.enoch\storage_666\data\dynamic_007.bin"
19:19:46 [CE][Storage] ver:0 stamp:0, valid:NO, name:"mpmissions\TheCommunity.enoch\storage_666\data\dynamic_007.001"
19:19:46 [CE][Storage] ver:0 stamp:0, valid:NO, name:"mpmissions\TheCommunity.enoch\storage_666\data\dynamic_007.002"
19:19:46 [CE][Storage] ver:0 stamp:0, valid:NO, name:"mpmissions\TheCommunity.enoch\storage_666\data\dynamic_008.bin"
19:19:46 [CE][Storage] ver:0 stamp:0, valid:NO, name:"mpmissions\TheCommunity.enoch\storage_666\data\dynamic_008.001"
19:19:46 [CE][Storage] ver:0 stamp:0, valid:NO, name:"mpmissions\TheCommunity.enoch\storage_666\data\dynamic_008.002"
19:19:46 [CE][Storage] ver:0 stamp:0, valid:NO, name:"mpmissions\TheCommunity.enoch\storage_666\data\dynamic_009.bin"
19:19:46 [CE][Storage] ver:0 stamp:0, valid:NO, name:"mpmissions\TheCommunity.enoch\storage_666\data\dynamic_009.001"
19:19:46 [CE][Storage] ver:0 stamp:0, valid:NO, name:"mpmissions\TheCommunity.enoch\storage_666\data\dynamic_009.002"
19:19:46 [CE][Storage] ver:0 stamp:0, valid:NO, name:"mpmissions\TheCommunity.enoch\storage_666\data\dynamic_010.bin"
19:19:46 [CE][Storage] ver:0 stamp:0, valid:NO, name:"mpmissions\TheCommunity.enoch\storage_666\data\dynamic_010.001"
19:19:46 [CE][Storage] ver:0 stamp:0, valid:NO, name:"mpmissions\TheCommunity.enoch\storage_666\data\dynamic_010.002"
19:19:46 [CE][Storage] ver:0 stamp:0, valid:NO, name:"mpmissions\TheCommunity.enoch\storage_666\data\dynamic_011.bin"
19:19:46 [CE][Storage] ver:0 stamp:0, valid:NO, name:"mpmissions\TheCommunity.enoch\storage_666\data\dynamic_011.001"
19:19:46 [CE][Storage] ver:0 stamp:0, valid:NO, name:"mpmissions\TheCommunity.enoch\storage_666\data\dynamic_011.002"
19:19:46 [CE][Hive] :: Empty storage folder, reinitializing ... 
19:19:46 [CE][Hive] :: Initializing ... 
19:19:46 [CE][InitializeMap] :: initialized: 0
19:19:46 [CE][Hive] :: Initializing spawners ... 
19:19:48 [CE][LootRespawner] (PRIDummy) :: Item [0] causing search overtime: "HatchbackHood_WhiteRust"
19:19:48 [CE][LootRespawner] (PRIDummy) :: Item [1] causing search overtime: "HatchbackHood_WhiteRust"
19:19:48 [CE][LootRespawner] (PRIDummy) :: Item [2] causing search overtime: "HatchbackHood_WhiteRust"
19:19:48 [CE][LootRespawner] (PRIDummy) :: Item [3] causing search overtime: "HatchbackHood_WhiteRust"
19:19:48 [CE][LootRespawner] (PRIDummy) :: Item [4] causing search overtime: "HatchbackHood_WhiteRust"
19:19:48 [CE][LootRespawner] (PRIDummy) :: Item [5] causing search overtime: "HatchbackHood_WhiteRust"
19:19:48 [CE][LootRespawner] (PRIDummy) :: Item [6] causing search overtime: "HatchbackHood_WhiteRust"
19:19:48 [CE][LootRespawner] (PRIDummy) :: Item [7] causing search overtime: "HatchbackHood_WhiteRust"
19:19:48 [CE][LootRespawner] (PRIDummy) :: Item [8] causing search overtime: "HatchbackHood_WhiteRust"
19:19:48 [CE][LootRespawner] (PRIDummy) :: Item [9] causing search overtime: "HatchbackHood_WhiteRust"
19:19:48 [CE][LootRespawner] (PRIDummy) :: Item [10] causing search overtime: "HatchbackHood_WhiteRust"
19:19:48 [CE][LootRespawner] (PRIDummy) :: Item [11] causing search overtime: "HatchbackHood_WhiteRust"
19:19:48 [CE][LootRespawner] (PRIDummy) :: Item [12] causing search overtime: "HatchbackHood_WhiteRust"
19:19:48 [CE][LootRespawner] (PRIDummy) :: Item [13] causing search overtime: "HatchbackHood_WhiteRust"
19:19:48 [CE][LootRespawner] (PRIDummy) :: Item [14] causing search overtime: "HatchbackHood_WhiteRust"
19:19:48 [CE][LootRespawner] (PRIDummy) :: Item [15] causing search overtime: "HatchbackHood_WhiteRust"
19:19:48 [CE][LootRespawner] (PRIDummy) :: Item [16] causing search overtime: "HatchbackHood_WhiteRust"
19:19:48 [CE][LootRespawner] (PRIDummy) :: Item [17] causing search overtime: "HatchbackHood_WhiteRust"
19:19:48 [CE][LootRespawner] (PRIDummy) :: Item [18] causing search overtime: "HatchbackHood_WhiteRust"
19:19:48 [CE][LootRespawner] (PRIDummy) :: Item [19] causing search overtime: "CivSedanTrunk_WineRust"
19:19:49 [CE][LootRespawner] (PRIDummy) :: Item [0] is hard to place, performance drops: "SalineBag"
19:19:49 [CE][LootRespawner] (PRIDummy) :: Item [1] is hard to place, performance drops: "SalineBag"
19:19:50 [CE][LootRespawner] (PRIDummy) :: Item [2] is hard to place, performance drops: "KazuarOptic"
19:19:50 [CE][LootRespawner] (PRIDummy) :: Item [3] is hard to place, performance drops: "MedicalScrubsShirt_Green"
19:19:50 [CE][LootRespawner] (PRIDummy) :: Item [4] is hard to place, performance drops: "ParamedicJacket_Green"
19:19:50 [CE][LootRespawner] (PRIDummy) :: Item [5] is hard to place, performance drops: "ParamedicJacket_Green"
19:19:50 [CE][LootRespawner] (PRIDummy) :: Item [6] is hard to place, performance drops: "ParamedicJacket_Green"
19:19:50 [CE][LootRespawner] (PRIDummy) :: Item [7] is hard to place, performance drops: "ParamedicJacket_Green"
19:19:50 [CE][LootRespawner] (PRIDummy) :: Item [8] is hard to place, performance drops: "CargoPants_Grey"
19:19:50 [CE][LootRespawner] (PRIDummy) :: Item [9] is hard to place, performance drops: "CargoPants_Grey"
19:19:50 [CE][LootRespawner] (PRIDummy) :: Item [10] is hard to place, performance drops: "CargoPants_Grey"
19:19:50 [CE][LootRespawner] (PRIDummy) :: Item [11] is hard to place, performance drops: "CZ527"
19:19:50 [CE][LootRespawner] (PRIDummy) :: Item [12] is hard to place, performance drops: "CZ527"
19:19:50 [CE][LootRespawner] (PRIDummy) :: Item [13] is hard to place, performance drops: "CZ527"
19:19:50 [CE][LootRespawner] (PRIDummy) :: Item [14] is hard to place, performance drops: "CZ527"
19:19:50 [CE][LootRespawner] (PRIDummy) :: Item [15] is hard to place, performance drops: "CZ527"
19:19:50 [CE][LootRespawner] (PRIDummy) :: Item [16] is hard to place, performance drops: "CZ527"
19:19:50 [CE][LootRespawner] (PRIDummy) :: Item [17] is hard to place, performance drops: "CZ527"
19:19:50 [CE][LootRespawner] (PRIDummy) :: Item [18] is hard to place, performance drops: "MP5K"
19:19:50 [CE][LootRespawner] (PRIDummy) :: Item [19] is hard to place, performance drops: "MP5K"
19:19:51 [CE][LootRespawner] (PRIDummy) :: Initially (re)spawned:11922, Nominal:12429, Total in Map: 10481 at 3 (sec)
19:19:51   tests:12061, repeats:40 fails:99, overtime:1941
19:19:51 [CE][SpawnRandomLoot] (StaticHeliCrash) :: ChildType: Wreck_Mi8, lootmin: 10, lootmax: 20, wanted: 15
19:19:51 [CE][SpawnRandomLoot] (StaticHeliCrash) :: ChildType: Wreck_Mi8, lootmin: 10, lootmax: 20, wanted: 17
19:19:51 [CE][SpawnRandomLoot] (StaticPoliceCar) :: ChildType: Land_Wreck_Volha_Police, lootmin: 3, lootmax: 5, wanted: 3
19:19:51 [CE][SpawnRandomLoot] (StaticPoliceCar) :: ChildType: Land_Wreck_Volha_Police, lootmin: 3, lootmax: 5, wanted: 3
19:19:51 [CE][SpawnRandomLoot] (StaticPoliceCar) :: ChildType: Land_Wreck_Volha_Police, lootmin: 3, lootmax: 5, wanted: 4
19:19:51 [CE][SpawnRandomLoot] (StaticPoliceCar) :: ChildType: Land_Wreck_Volha_Police, lootmin: 3, lootmax: 5, wanted: 3
19:19:51 [CE][SpawnRandomLoot] (StaticPoliceCar) :: ChildType: Land_Wreck_Volha_Police, lootmin: 3, lootmax: 5, wanted: 4
19:19:51 [CE][SpawnRandomLoot] (StaticPoliceCar) :: ChildType: Land_Wreck_Volha_Police, lootmin: 3, lootmax: 5, wanted: 3
19:19:51 [CE][SpawnRandomLoot] (StaticPoliceCar) :: ChildType: Land_Wreck_Volha_Police, lootmin: 3, lootmax: 5, wanted: 3
19:19:51 [CE][DynEvent] :: 32 types
19:19:51 [00] AmbientHen
19:19:51   Primary Spawner: "Ambient", active: yes, repeat: 1
19:19:51 [01] AnimalBear
19:19:51   Primary Spawner: "Animal", active: yes, repeat: 1
19:19:51 [02] AnimalCow
19:19:51   Primary Spawner: "Animal", active: yes, repeat: 1
19:19:51 [03] AnimalDeer
19:19:51   Primary Spawner: "Animal", active: yes, repeat: 1
19:19:51 [04] AnimalGoat
19:19:51   Primary Spawner: "Animal", active: yes, repeat: 1
19:19:51 [05] AnimalPig
19:19:51   Primary Spawner: "Animal", active: yes, repeat: 1
19:19:51 [06] AnimalRoeDeer
19:19:51   Primary Spawner: "Animal", active: yes, repeat: 1
19:19:51 [07] AnimalSheep
19:19:51   Primary Spawner: "Animal", active: yes, repeat: 1
19:19:51 [08] AnimalWildBoar
19:19:51   Primary Spawner: "Animal", active: yes, repeat: 1
19:19:51 [09] AnimalWolf
19:19:51   Primary Spawner: "Animal", active: yes, repeat: 1
19:19:51 [10] InfectedArmy
19:19:51   Primary Spawner: "Infected", active: yes, repeat: 1
19:19:51 [11] InfectedCity
19:19:51   Primary Spawner: "Infected", active: yes, repeat: 1
19:19:51 [12] InfectedFirefighter
19:19:51   Primary Spawner: "Infected", active: yes, repeat: 1
19:19:51 [13] InfectedIndustrial
19:19:51   Primary Spawner: "Infected", active: yes, repeat: 1
19:19:51 [14] InfectedMedic
19:19:51   Primary Spawner: "Infected", active: yes, repeat: 1
19:19:51 [15] InfectedPolice
19:19:51   Primary Spawner: "Infected", active: yes, repeat: 1
19:19:51 [16] InfectedPrisoner
19:19:51   Primary Spawner: "Infected", active: yes, repeat: 1
19:19:51 [17] InfectedReligious
19:19:51   Primary Spawner: "Infected", active: yes, repeat: 1
19:19:51 [18] InfectedSolitude
19:19:51   Primary Spawner: "Infected", active: yes, repeat: 1
19:19:51 [19] InfectedVillage
19:19:51   Primary Spawner: "Infected", active: yes, repeat: 1
19:19:51 [20] ItemPlanks
19:19:51   Primary Spawner: "Item", active: yes, repeat: 1
19:19:51 [21] Loot
19:19:51   Primary Spawner: "Loot", active: yes, repeat: 2
19:19:51 [22] StaticHeliCrash
19:19:51   Primary Spawner: "Vehicle", active: yes, repeat: 1
19:19:51   Secondary Spawner: "Infected", active: yes, repeat: 1
19:19:51 [23] StaticPoliceCar
19:19:51   Primary Spawn